{"numFailedTestSuites":15,"numFailedTests":67,"numPassedTestSuites":19,"numPassedTests":379,"numPendingTestSuites":0,"numPendingTests":3,"numRuntimeErrorTestSuites":3,"numTodoTests":0,"numTotalTestSuites":34,"numTotalTests":449,"openHandles":[],"snapshot":{"added":0,"didUpdate":false,"failure":false,"filesAdded":0,"filesRemoved":0,"filesRemovedList":[],"filesUnmatched":0,"filesUpdated":0,"matched":0,"total":0,"unchecked":0,"uncheckedKeysByFile":[],"unmatched":0,"updated":0},"startTime":1758320430289,"success":false,"testResults":[{"assertionResults":[{"ancestorTitles":["LocalEmbeddingProvider","Initialization"],"duration":49,"failureDetails":[],"failureMessages":[],"fullName":"LocalEmbeddingProvider Initialization should initialize with default model","invocations":1,"location":null,"numPassingAsserts":2,"retryReasons":[],"status":"passed","title":"should initialize with default model"},{"ancestorTitles":["LocalEmbeddingProvider","Initialization"],"duration":41,"failureDetails":[],"failureMessages":[],"fullName":"LocalEmbeddingProvider Initialization should initialize with all-MiniLM-L6-v2 model","invocations":1,"location":null,"numPassingAsserts":2,"retryReasons":[],"status":"passed","title":"should initialize with all-MiniLM-L6-v2 model"},{"ancestorTitles":["LocalEmbeddingProvider","Initialization"],"duration":1,"failureDetails":[],"failureMessages":[],"fullName":"LocalEmbeddingProvider Initialization should initialize with multilingual-e5-large model","invocations":1,"location":null,"numPassingAsserts":2,"retryReasons":[],"status":"passed","title":"should initialize with multilingual-e5-large model"},{"ancestorTitles":["LocalEmbeddingProvider","Initialization"],"duration":5,"failureDetails":[],"failureMessages":[],"fullName":"LocalEmbeddingProvider Initialization should initialize with advanced-neural-dense model","invocations":1,"location":null,"numPassingAsserts":2,"retryReasons":[],"status":"passed","title":"should initialize with advanced-neural-dense model"},{"ancestorTitles":["LocalEmbeddingProvider","Initialization"],"duration":2,"failureDetails":[],"failureMessages":[],"fullName":"LocalEmbeddingProvider Initialization should initialize with multilingual-e5-large-instruct model","invocations":1,"location":null,"numPassingAsserts":2,"retryReasons":[],"status":"passed","title":"should initialize with multilingual-e5-large-instruct model"},{"ancestorTitles":["LocalEmbeddingProvider","Initialization"],"duration":0,"failureDetails":[],"failureMessages":[],"fullName":"LocalEmbeddingProvider Initialization should initialize with all-mpnet-base-v2 model","invocations":1,"location":null,"numPassingAsserts":2,"retryReasons":[],"status":"passed","title":"should initialize with all-mpnet-base-v2 model"},{"ancestorTitles":["LocalEmbeddingProvider","Model Mapping"],"duration":1,"failureDetails":[],"failureMessages":[],"fullName":"LocalEmbeddingProvider Model Mapping should map advanced-neural-dense to all-mpnet-base-v2","invocations":1,"location":null,"numPassingAsserts":1,"retryReasons":[],"status":"passed","title":"should map advanced-neural-dense to all-mpnet-base-v2"},{"ancestorTitles":["LocalEmbeddingProvider","Environment Variable Support"],"duration":0,"failureDetails":[],"failureMessages":[],"fullName":"LocalEmbeddingProvider Environment Variable Support should use environment variable when no config provided","invocations":1,"location":null,"numPassingAsserts":2,"retryReasons":[],"status":"passed","title":"should use environment variable when no config provided"},{"ancestorTitles":["LocalEmbeddingProvider","Environment Variable Support"],"duration":1,"failureDetails":[],"failureMessages":[],"fullName":"LocalEmbeddingProvider Environment Variable Support should handle case-insensitive environment variable","invocations":1,"location":null,"numPassingAsserts":1,"retryReasons":[],"status":"passed","title":"should handle case-insensitive environment variable"},{"ancestorTitles":["LocalEmbeddingProvider","Environment Variable Support"],"duration":1,"failureDetails":[],"failureMessages":[],"fullName":"LocalEmbeddingProvider Environment Variable Support should fallback to default for unknown environment variable","invocations":1,"location":null,"numPassingAsserts":2,"retryReasons":[],"status":"passed","title":"should fallback to default for unknown environment variable"},{"ancestorTitles":["LocalEmbeddingProvider","Environment Variable Support"],"duration":21,"failureDetails":[],"failureMessages":[],"fullName":"LocalEmbeddingProvider Environment Variable Support should prioritize config over environment variable","invocations":1,"location":null,"numPassingAsserts":1,"retryReasons":[],"status":"passed","title":"should prioritize config over environment variable"},{"ancestorTitles":["LocalEmbeddingProvider","Embedding Generation"],"duration":1,"failureDetails":[],"failureMessages":[],"fullName":"LocalEmbeddingProvider Embedding Generation should generate embeddings for single text","invocations":1,"location":null,"numPassingAsserts":5,"retryReasons":[],"status":"passed","title":"should generate embeddings for single text"},{"ancestorTitles":["LocalEmbeddingProvider","Embedding Generation"],"duration":6,"failureDetails":[],"failureMessages":[],"fullName":"LocalEmbeddingProvider Embedding Generation should generate embeddings for multiple texts","invocations":1,"location":null,"numPassingAsserts":9,"retryReasons":[],"status":"passed","title":"should generate embeddings for multiple texts"},{"ancestorTitles":["LocalEmbeddingProvider","Embedding Generation"],"duration":1,"failureDetails":[],"failureMessages":[],"fullName":"LocalEmbeddingProvider Embedding Generation should handle empty text array","invocations":1,"location":null,"numPassingAsserts":1,"retryReasons":[],"status":"passed","title":"should handle empty text array"},{"ancestorTitles":["LocalEmbeddingProvider","Embedding Generation"],"duration":2,"failureDetails":[],"failureMessages":[],"fullName":"LocalEmbeddingProvider Embedding Generation should handle empty strings","invocations":1,"location":null,"numPassingAsserts":1,"retryReasons":[],"status":"passed","title":"should handle empty strings"},{"ancestorTitles":["LocalEmbeddingProvider","Embedding Generation"],"duration":1,"failureDetails":[],"failureMessages":[],"fullName":"LocalEmbeddingProvider Embedding Generation should handle non-string inputs","invocations":1,"location":null,"numPassingAsserts":3,"retryReasons":[],"status":"passed","title":"should handle non-string inputs"},{"ancestorTitles":["LocalEmbeddingProvider","Pipeline Management"],"duration":0,"failureDetails":[],"failureMessages":[],"fullName":"LocalEmbeddingProvider Pipeline Management should lazy load pipeline","invocations":1,"location":null,"numPassingAsserts":3,"retryReasons":[],"status":"passed","title":"should lazy load pipeline"},{"ancestorTitles":["LocalEmbeddingProvider","Pipeline Management"],"duration":1,"failureDetails":[],"failureMessages":[],"fullName":"LocalEmbeddingProvider Pipeline Management should dispose pipeline correctly","invocations":1,"location":null,"numPassingAsserts":1,"retryReasons":[],"status":"passed","title":"should dispose pipeline correctly"},{"ancestorTitles":["LocalEmbeddingProvider","Error Handling"],"duration":16,"failureDetails":[],"failureMessages":[],"fullName":"LocalEmbeddingProvider Error Handling should handle pipeline initialization failure","invocations":1,"location":null,"numPassingAsserts":1,"retryReasons":[],"status":"passed","title":"should handle pipeline initialization failure"},{"ancestorTitles":["LocalEmbeddingProvider","Error Handling"],"duration":1,"failureDetails":[],"failureMessages":[],"fullName":"LocalEmbeddingProvider Error Handling should handle embedding generation failure","invocations":1,"location":null,"numPassingAsserts":1,"retryReasons":[],"status":"passed","title":"should handle embedding generation failure"},{"ancestorTitles":["LocalEmbeddingProvider","Singleton Provider"],"duration":0,"failureDetails":[],"failureMessages":[],"fullName":"LocalEmbeddingProvider Singleton Provider should return same instance for multiple calls","invocations":1,"location":null,"numPassingAsserts":1,"retryReasons":[],"status":"passed","title":"should return same instance for multiple calls"},{"ancestorTitles":["LocalEmbeddingProvider","Singleton Provider"],"duration":0,"failureDetails":[],"failureMessages":[],"fullName":"LocalEmbeddingProvider Singleton Provider should dispose singleton correctly","invocations":1,"location":null,"numPassingAsserts":1,"retryReasons":[],"status":"passed","title":"should dispose singleton correctly"},{"ancestorTitles":["LocalEmbeddingProvider","Configuration Options"],"duration":0,"failureDetails":[],"failureMessages":[],"fullName":"LocalEmbeddingProvider Configuration Options should respect maxLength configuration","invocations":1,"location":null,"numPassingAsserts":1,"retryReasons":[],"status":"passed","title":"should respect maxLength configuration"},{"ancestorTitles":["LocalEmbeddingProvider","Configuration Options"],"duration":0,"failureDetails":[],"failureMessages":[],"fullName":"LocalEmbeddingProvider Configuration Options should respect normalize configuration","invocations":1,"location":null,"numPassingAsserts":1,"retryReasons":[],"status":"passed","title":"should respect normalize configuration"},{"ancestorTitles":["LocalEmbeddingProvider","Configuration Options"],"duration":0,"failureDetails":[],"failureMessages":[],"fullName":"LocalEmbeddingProvider Configuration Options should respect pooling configuration","invocations":1,"location":null,"numPassingAsserts":1,"retryReasons":[],"status":"passed","title":"should respect pooling configuration"}],"endTime":1758320437130,"message":"","name":"C:\\Dev\\ambiance-mcp\\src\\local\\__tests__\\localEmbeddingProvider.test.ts","startTime":1758320431247,"status":"passed","summary":""},{"assertionResults":[{"ancestorTitles":["Environment Variable Integration","LOCAL_EMBEDDING_MODEL Variable"],"duration":17,"failureDetails":[],"failureMessages":[],"fullName":"Environment Variable Integration LOCAL_EMBEDDING_MODEL Variable should initialize all-MiniLM-L6-v2 model from LOCAL_EMBEDDING_MODEL=all-MiniLM-L6-v2","invocations":1,"location":null,"numPassingAsserts":3,"retryReasons":[],"status":"passed","title":"should initialize all-MiniLM-L6-v2 model from LOCAL_EMBEDDING_MODEL=all-MiniLM-L6-v2"},{"ancestorTitles":["Environment Variable Integration","LOCAL_EMBEDDING_MODEL Variable"],"duration":21,"failureDetails":[],"failureMessages":[],"fullName":"Environment Variable Integration LOCAL_EMBEDDING_MODEL Variable should initialize all-minilm-l6-v2 model from LOCAL_EMBEDDING_MODEL=all-MiniLM-L6-v2","invocations":1,"location":null,"numPassingAsserts":3,"retryReasons":[],"status":"passed","title":"should initialize all-minilm-l6-v2 model from LOCAL_EMBEDDING_MODEL=all-MiniLM-L6-v2"},{"ancestorTitles":["Environment Variable Integration","LOCAL_EMBEDDING_MODEL Variable"],"duration":1,"failureDetails":[],"failureMessages":[],"fullName":"Environment Variable Integration LOCAL_EMBEDDING_MODEL Variable should initialize MULTILINGUAL-E5-LARGE model from LOCAL_EMBEDDING_MODEL=multilingual-e5-large","invocations":1,"location":null,"numPassingAsserts":3,"retryReasons":[],"status":"passed","title":"should initialize MULTILINGUAL-E5-LARGE model from LOCAL_EMBEDDING_MODEL=multilingual-e5-large"},{"ancestorTitles":["Environment Variable Integration","LOCAL_EMBEDDING_MODEL Variable"],"duration":2,"failureDetails":[],"failureMessages":[],"fullName":"Environment Variable Integration LOCAL_EMBEDDING_MODEL Variable should initialize all-mpnet-base-v2 model from LOCAL_EMBEDDING_MODEL=all-mpnet-base-v2","invocations":1,"location":null,"numPassingAsserts":3,"retryReasons":[],"status":"passed","title":"should initialize all-mpnet-base-v2 model from LOCAL_EMBEDDING_MODEL=all-mpnet-base-v2"},{"ancestorTitles":["Environment Variable Integration","LOCAL_EMBEDDING_MODEL Variable"],"duration":2,"failureDetails":[],"failureMessages":[],"fullName":"Environment Variable Integration LOCAL_EMBEDDING_MODEL Variable should initialize ADVANCED-NEURAL-DENSE model from LOCAL_EMBEDDING_MODEL=advanced-neural-dense","invocations":1,"location":null,"numPassingAsserts":3,"retryReasons":[],"status":"passed","title":"should initialize ADVANCED-NEURAL-DENSE model from LOCAL_EMBEDDING_MODEL=advanced-neural-dense"},{"ancestorTitles":["Environment Variable Integration","LOCAL_EMBEDDING_MODEL Variable"],"duration":1,"failureDetails":[],"failureMessages":[],"fullName":"Environment Variable Integration LOCAL_EMBEDDING_MODEL Variable should initialize multilingual-e5-large-instruct model from LOCAL_EMBEDDING_MODEL=multilingual-e5-large-instruct","invocations":1,"location":null,"numPassingAsserts":3,"retryReasons":[],"status":"passed","title":"should initialize multilingual-e5-large-instruct model from LOCAL_EMBEDDING_MODEL=multilingual-e5-large-instruct"},{"ancestorTitles":["Environment Variable Integration","LOCAL_EMBEDDING_MODEL Variable"],"duration":1,"failureDetails":[],"failureMessages":[],"fullName":"Environment Variable Integration LOCAL_EMBEDDING_MODEL Variable should fallback to all-MiniLM-L6-v2 for unknown model","invocations":1,"location":null,"numPassingAsserts":2,"retryReasons":[],"status":"passed","title":"should fallback to all-MiniLM-L6-v2 for unknown model"},{"ancestorTitles":["Environment Variable Integration","LOCAL_EMBEDDING_MODEL Variable"],"duration":1,"failureDetails":[],"failureMessages":[],"fullName":"Environment Variable Integration LOCAL_EMBEDDING_MODEL Variable should prioritize explicit config over environment variable","invocations":1,"location":null,"numPassingAsserts":1,"retryReasons":[],"status":"passed","title":"should prioritize explicit config over environment variable"},{"ancestorTitles":["Environment Variable Integration","LOCAL_EMBEDDING_MODEL Variable"],"duration":0,"failureDetails":[],"failureMessages":[],"fullName":"Environment Variable Integration LOCAL_EMBEDDING_MODEL Variable should use default model when no environment variable is set","invocations":1,"location":null,"numPassingAsserts":2,"retryReasons":[],"status":"passed","title":"should use default model when no environment variable is set"},{"ancestorTitles":["Environment Variable Integration","Embedding Generator with Environment Variables"],"duration":9,"failureDetails":[],"failureMessages":[],"fullName":"Environment Variable Integration Embedding Generator with Environment Variables should use environment-specified model in embedding generation","invocations":1,"location":null,"numPassingAsserts":1,"retryReasons":[],"status":"passed","title":"should use environment-specified model in embedding generation"},{"ancestorTitles":["Environment Variable Integration","Embedding Generator with Environment Variables"],"duration":6,"failureDetails":[],"failureMessages":[],"fullName":"Environment Variable Integration Embedding Generator with Environment Variables should handle Ambiance API with environment variable model","invocations":1,"location":null,"numPassingAsserts":1,"retryReasons":[],"status":"passed","title":"should handle Ambiance API with environment variable model"},{"ancestorTitles":["Environment Variable Integration","Model Switching"],"duration":1,"failureDetails":[],"failureMessages":[],"fullName":"Environment Variable Integration Model Switching should allow switching models by changing environment variable","invocations":1,"location":null,"numPassingAsserts":3,"retryReasons":[],"status":"passed","title":"should allow switching models by changing environment variable"},{"ancestorTitles":["Environment Variable Integration","Integration with All Supported Models"],"duration":3,"failureDetails":[],"failureMessages":[],"fullName":"Environment Variable Integration Integration with All Supported Models should properly integrate all-MiniLM-L6-v2 environment variable","invocations":1,"location":null,"numPassingAsserts":4,"retryReasons":[],"status":"passed","title":"should properly integrate all-MiniLM-L6-v2 environment variable"},{"ancestorTitles":["Environment Variable Integration","Integration with All Supported Models"],"duration":1,"failureDetails":[],"failureMessages":[],"fullName":"Environment Variable Integration Integration with All Supported Models should properly integrate multilingual-e5-large environment variable","invocations":1,"location":null,"numPassingAsserts":4,"retryReasons":[],"status":"passed","title":"should properly integrate multilingual-e5-large environment variable"},{"ancestorTitles":["Environment Variable Integration","Integration with All Supported Models"],"duration":0,"failureDetails":[],"failureMessages":[],"fullName":"Environment Variable Integration Integration with All Supported Models should properly integrate advanced-neural-dense environment variable","invocations":1,"location":null,"numPassingAsserts":4,"retryReasons":[],"status":"passed","title":"should properly integrate advanced-neural-dense environment variable"},{"ancestorTitles":["Environment Variable Integration","Integration with All Supported Models"],"duration":0,"failureDetails":[],"failureMessages":[],"fullName":"Environment Variable Integration Integration with All Supported Models should properly integrate multilingual-e5-large-instruct environment variable","invocations":1,"location":null,"numPassingAsserts":4,"retryReasons":[],"status":"passed","title":"should properly integrate multilingual-e5-large-instruct environment variable"},{"ancestorTitles":["Environment Variable Integration","Error Handling with Environment Variables"],"duration":13,"failureDetails":[],"failureMessages":[],"fullName":"Environment Variable Integration Error Handling with Environment Variables should handle invalid environment variable gracefully","invocations":1,"location":null,"numPassingAsserts":2,"retryReasons":[],"status":"passed","title":"should handle invalid environment variable gracefully"},{"ancestorTitles":["Environment Variable Integration","Error Handling with Environment Variables"],"duration":0,"failureDetails":[],"failureMessages":[],"fullName":"Environment Variable Integration Error Handling with Environment Variables should handle empty environment variable","invocations":1,"location":null,"numPassingAsserts":1,"retryReasons":[],"status":"passed","title":"should handle empty environment variable"},{"ancestorTitles":["Environment Variable Integration","Error Handling with Environment Variables"],"duration":3,"failureDetails":[{"matcherResult":{"actual":"all-MiniLM-L6-v2","expected":"multilingual-e5-large-instruct","message":"\u001b[2mexpect(\u001b[22m\u001b[31mreceived\u001b[39m\u001b[2m).\u001b[22mtoBe\u001b[2m(\u001b[22m\u001b[32mexpected\u001b[39m\u001b[2m) // Object.is equality\u001b[22m\n\nExpected: \u001b[32m\"multilingual-e5-large-instruct\"\u001b[39m\nReceived: \u001b[31m\"all-MiniLM-L6-v2\"\u001b[39m","name":"toBe","pass":false}}],"failureMessages":["Error: \u001b[2mexpect(\u001b[22m\u001b[31mreceived\u001b[39m\u001b[2m).\u001b[22mtoBe\u001b[2m(\u001b[22m\u001b[32mexpected\u001b[39m\u001b[2m) // Object.is equality\u001b[22m\n\nExpected: \u001b[32m\"multilingual-e5-large-instruct\"\u001b[39m\nReceived: \u001b[31m\"all-MiniLM-L6-v2\"\u001b[39m\n    at Object.<anonymous> (C:\\Dev\\ambiance-mcp\\src\\local\\__tests__\\environmentVariables.test.ts:216:44)\n    at Promise.then.completed (C:\\Dev\\ambiance-mcp\\node_modules\\jest-circus\\build\\utils.js:298:28)\n    at new Promise (<anonymous>)\n    at callAsyncCircusFn (C:\\Dev\\ambiance-mcp\\node_modules\\jest-circus\\build\\utils.js:231:10)\n    at _callCircusTest (C:\\Dev\\ambiance-mcp\\node_modules\\jest-circus\\build\\run.js:316:40)\n    at processTicksAndRejections (node:internal/process/task_queues:105:5)\n    at _runTest (C:\\Dev\\ambiance-mcp\\node_modules\\jest-circus\\build\\run.js:252:3)\n    at _runTestsForDescribeBlock (C:\\Dev\\ambiance-mcp\\node_modules\\jest-circus\\build\\run.js:126:9)\n    at _runTestsForDescribeBlock (C:\\Dev\\ambiance-mcp\\node_modules\\jest-circus\\build\\run.js:121:9)\n    at _runTestsForDescribeBlock (C:\\Dev\\ambiance-mcp\\node_modules\\jest-circus\\build\\run.js:121:9)\n    at run (C:\\Dev\\ambiance-mcp\\node_modules\\jest-circus\\build\\run.js:71:3)\n    at runAndTransformResultsToJestFormat (C:\\Dev\\ambiance-mcp\\node_modules\\jest-circus\\build\\legacy-code-todo-rewrite\\jestAdapterInit.js:122:21)\n    at jestAdapter (C:\\Dev\\ambiance-mcp\\node_modules\\jest-circus\\build\\legacy-code-todo-rewrite\\jestAdapter.js:79:19)\n    at runTestInternal (C:\\Dev\\ambiance-mcp\\node_modules\\jest-runner\\build\\runTest.js:367:16)\n    at runTest (C:\\Dev\\ambiance-mcp\\node_modules\\jest-runner\\build\\runTest.js:444:34)\n    at Object.worker (C:\\Dev\\ambiance-mcp\\node_modules\\jest-runner\\build\\testWorker.js:106:12)"],"fullName":"Environment Variable Integration Error Handling with Environment Variables should handle whitespace in environment variable","invocations":1,"location":null,"numPassingAsserts":0,"retryReasons":[],"status":"failed","title":"should handle whitespace in environment variable"},{"ancestorTitles":["Environment Variable Integration","Performance and Memory"],"duration":0,"failureDetails":[],"failureMessages":[],"fullName":"Environment Variable Integration Performance and Memory should reuse provider instances for same environment variable","invocations":1,"location":null,"numPassingAsserts":1,"retryReasons":[],"status":"passed","title":"should reuse provider instances for same environment variable"},{"ancestorTitles":["Environment Variable Integration","Performance and Memory"],"duration":0,"failureDetails":[],"failureMessages":[],"fullName":"Environment Variable Integration Performance and Memory should create new instance when environment variable changes","invocations":1,"location":null,"numPassingAsserts":1,"retryReasons":[],"status":"passed","title":"should create new instance when environment variable changes"}],"endTime":1758320437267,"message":"\u001b[1m\u001b[31m  \u001b[1m● \u001b[22m\u001b[1mEnvironment Variable Integration › Error Handling with Environment Variables › should handle whitespace in environment variable\u001b[39m\u001b[22m\n\n    \u001b[2mexpect(\u001b[22m\u001b[31mreceived\u001b[39m\u001b[2m).\u001b[22mtoBe\u001b[2m(\u001b[22m\u001b[32mexpected\u001b[39m\u001b[2m) // Object.is equality\u001b[22m\n\n    Expected: \u001b[32m\"multilingual-e5-large-instruct\"\u001b[39m\n    Received: \u001b[31m\"all-MiniLM-L6-v2\"\u001b[39m\n\u001b[2m\u001b[22m\n\u001b[2m    \u001b[0m \u001b[90m 214 |\u001b[39m       \u001b[36mconst\u001b[39m provider \u001b[33m=\u001b[39m getDefaultLocalProvider()\u001b[33m;\u001b[39m\u001b[22m\n\u001b[2m     \u001b[90m 215 |\u001b[39m\u001b[22m\n\u001b[2m    \u001b[31m\u001b[1m>\u001b[22m\u001b[2m\u001b[39m\u001b[90m 216 |\u001b[39m       expect(provider\u001b[33m.\u001b[39mgetModelInfo()\u001b[33m.\u001b[39mname)\u001b[33m.\u001b[39mtoBe(\u001b[32m'multilingual-e5-large-instruct'\u001b[39m)\u001b[33m;\u001b[39m\u001b[22m\n\u001b[2m     \u001b[90m     |\u001b[39m                                            \u001b[31m\u001b[1m^\u001b[22m\u001b[2m\u001b[39m\u001b[22m\n\u001b[2m     \u001b[90m 217 |\u001b[39m     })\u001b[33m;\u001b[39m\u001b[22m\n\u001b[2m     \u001b[90m 218 |\u001b[39m   })\u001b[33m;\u001b[39m\u001b[22m\n\u001b[2m     \u001b[90m 219 |\u001b[39m\u001b[0m\u001b[22m\n\u001b[2m\u001b[22m\n\u001b[2m      \u001b[2mat Object.<anonymous> (\u001b[22m\u001b[2m\u001b[0m\u001b[36msrc/local/__tests__/environmentVariables.test.ts\u001b[39m\u001b[0m\u001b[2m:216:44)\u001b[22m\u001b[2m\u001b[22m\n","name":"C:\\Dev\\ambiance-mcp\\src\\local\\__tests__\\environmentVariables.test.ts","startTime":1758320431200,"status":"failed","summary":""},{"assertionResults":[{"ancestorTitles":["OpenAIService","Qwen Provider"],"duration":67,"failureDetails":[],"failureMessages":[],"fullName":"OpenAIService Qwen Provider should initialize with Qwen configuration","invocations":1,"location":null,"numPassingAsserts":4,"retryReasons":[],"status":"passed","title":"should initialize with Qwen configuration"},{"ancestorTitles":["OpenAIService","Qwen Provider"],"duration":15,"failureDetails":[],"failureMessages":[],"fullName":"OpenAIService Qwen Provider should force temperature to 1 for Qwen provider","invocations":1,"location":null,"numPassingAsserts":1,"retryReasons":[],"status":"passed","title":"should force temperature to 1 for Qwen provider"},{"ancestorTitles":["OpenAIService","Qwen Provider"],"duration":23,"failureDetails":[],"failureMessages":[],"fullName":"OpenAIService Qwen Provider should respect max_tokens limit","invocations":1,"location":null,"numPassingAsserts":1,"retryReasons":[],"status":"passed","title":"should respect max_tokens limit"},{"ancestorTitles":["OpenAIService","Qwen Provider"],"duration":4,"failureDetails":[],"failureMessages":[],"fullName":"OpenAIService Qwen Provider should return appropriate models for tasks","invocations":1,"location":null,"numPassingAsserts":2,"retryReasons":[],"status":"passed","title":"should return appropriate models for tasks"},{"ancestorTitles":["OpenAIService","OpenAI Provider"],"duration":3,"failureDetails":[],"failureMessages":[],"fullName":"OpenAIService OpenAI Provider should initialize with OpenAI configuration","invocations":1,"location":null,"numPassingAsserts":4,"retryReasons":[],"status":"passed","title":"should initialize with OpenAI configuration"},{"ancestorTitles":["OpenAIService","OpenAI Provider"],"duration":4,"failureDetails":[],"failureMessages":[],"fullName":"OpenAIService OpenAI Provider should preserve temperature for OpenAI provider","invocations":1,"location":null,"numPassingAsserts":1,"retryReasons":[],"status":"passed","title":"should preserve temperature for OpenAI provider"},{"ancestorTitles":["OpenAIService","OpenAI Provider"],"duration":2,"failureDetails":[],"failureMessages":[],"fullName":"OpenAIService OpenAI Provider should return appropriate models for tasks","invocations":1,"location":null,"numPassingAsserts":2,"retryReasons":[],"status":"passed","title":"should return appropriate models for tasks"},{"ancestorTitles":["OpenAIService","Custom Provider with Custom Models"],"duration":3,"failureDetails":[],"failureMessages":[],"fullName":"OpenAIService Custom Provider with Custom Models should initialize with custom configuration","invocations":1,"location":null,"numPassingAsserts":4,"retryReasons":[],"status":"passed","title":"should initialize with custom configuration"},{"ancestorTitles":["OpenAIService","Custom Provider with Custom Models"],"duration":3,"failureDetails":[],"failureMessages":[],"fullName":"OpenAIService Custom Provider with Custom Models should return custom models for tasks","invocations":1,"location":null,"numPassingAsserts":2,"retryReasons":[],"status":"passed","title":"should return custom models for tasks"},{"ancestorTitles":["OpenAIService","Error Handling"],"duration":16,"failureDetails":[],"failureMessages":[],"fullName":"OpenAIService Error Handling should handle API errors gracefully","invocations":1,"location":null,"numPassingAsserts":1,"retryReasons":[],"status":"passed","title":"should handle API errors gracefully"}],"endTime":1758320437407,"message":"","name":"C:\\Dev\\ambiance-mcp\\src\\core\\__tests__\\openaiService.test.ts","startTime":1758320431256,"status":"passed","summary":""},{"assertionResults":[{"ancestorTitles":["Core Validation Error Handling","Zod Schema Validation"],"duration":26,"failureDetails":[],"failureMessages":[],"fullName":"Core Validation Error Handling Zod Schema Validation should reject empty arrays when minimum required","invocations":1,"location":null,"numPassingAsserts":1,"retryReasons":[],"status":"passed","title":"should reject empty arrays when minimum required"},{"ancestorTitles":["Core Validation Error Handling","Zod Schema Validation"],"duration":4,"failureDetails":[],"failureMessages":[],"fullName":"Core Validation Error Handling Zod Schema Validation should reject invalid UUIDs","invocations":1,"location":null,"numPassingAsserts":1,"retryReasons":[],"status":"passed","title":"should reject invalid UUIDs"},{"ancestorTitles":["Core Validation Error Handling","Zod Schema Validation"],"duration":3,"failureDetails":[],"failureMessages":[],"fullName":"Core Validation Error Handling Zod Schema Validation should reject null values for required strings","invocations":1,"location":null,"numPassingAsserts":1,"retryReasons":[],"status":"passed","title":"should reject null values for required strings"},{"ancestorTitles":["Core Validation Error Handling","Zod Schema Validation"],"duration":5,"failureDetails":[],"failureMessages":[],"fullName":"Core Validation Error Handling Zod Schema Validation should reject undefined values for required fields","invocations":1,"location":null,"numPassingAsserts":1,"retryReasons":[],"status":"passed","title":"should reject undefined values for required fields"},{"ancestorTitles":["Core Validation Error Handling","Zod Schema Validation"],"duration":8,"failureDetails":[],"failureMessages":[],"fullName":"Core Validation Error Handling Zod Schema Validation should reject empty directory paths","invocations":1,"location":null,"numPassingAsserts":1,"retryReasons":[],"status":"passed","title":"should reject empty directory paths"},{"ancestorTitles":["Core Validation Error Handling","Zod Schema Validation"],"duration":51,"failureDetails":[],"failureMessages":[],"fullName":"Core Validation Error Handling Zod Schema Validation should reject content that is too short","invocations":1,"location":null,"numPassingAsserts":1,"retryReasons":[],"status":"passed","title":"should reject content that is too short"},{"ancestorTitles":["Core Validation Error Handling","Zod Schema Validation"],"duration":4,"failureDetails":[],"failureMessages":[],"fullName":"Core Validation Error Handling Zod Schema Validation should reject invalid regex patterns","invocations":1,"location":null,"numPassingAsserts":1,"retryReasons":[],"status":"passed","title":"should reject invalid regex patterns"},{"ancestorTitles":["Core Validation Error Handling","Zod Schema Validation"],"duration":3,"failureDetails":[],"failureMessages":[],"fullName":"Core Validation Error Handling Zod Schema Validation should reject arrays that exceed maximum size","invocations":1,"location":null,"numPassingAsserts":1,"retryReasons":[],"status":"passed","title":"should reject arrays that exceed maximum size"},{"ancestorTitles":["Core Validation Error Handling","Zod Schema Validation"],"duration":9,"failureDetails":[],"failureMessages":[],"fullName":"Core Validation Error Handling Zod Schema Validation should reject numbers outside valid range","invocations":1,"location":null,"numPassingAsserts":2,"retryReasons":[],"status":"passed","title":"should reject numbers outside valid range"},{"ancestorTitles":["Core Validation Error Handling","Zod Schema Validation"],"duration":3,"failureDetails":[],"failureMessages":[],"fullName":"Core Validation Error Handling Zod Schema Validation should reject invalid enum values","invocations":1,"location":null,"numPassingAsserts":1,"retryReasons":[],"status":"passed","title":"should reject invalid enum values"},{"ancestorTitles":["Core Validation Error Handling","Error Message Structure"],"duration":4,"failureDetails":[],"failureMessages":[],"fullName":"Core Validation Error Handling Error Message Structure should provide structured error information","invocations":1,"location":null,"numPassingAsserts":4,"retryReasons":[],"status":"passed","title":"should provide structured error information"},{"ancestorTitles":["Core Validation Error Handling","Error Message Structure"],"duration":3,"failureDetails":[],"failureMessages":[],"fullName":"Core Validation Error Handling Error Message Structure should include helpful suggestions in error messages","invocations":1,"location":null,"numPassingAsserts":2,"retryReasons":[],"status":"passed","title":"should include helpful suggestions in error messages"},{"ancestorTitles":["Core Validation Error Handling","Complex Object Validation"],"duration":4,"failureDetails":[],"failureMessages":[],"fullName":"Core Validation Error Handling Complex Object Validation should validate nested objects correctly","invocations":1,"location":null,"numPassingAsserts":1,"retryReasons":[],"status":"passed","title":"should validate nested objects correctly"},{"ancestorTitles":["Core Validation Error Handling","Complex Object Validation"],"duration":3,"failureDetails":[],"failureMessages":[],"fullName":"Core Validation Error Handling Complex Object Validation should handle optional fields correctly","invocations":1,"location":null,"numPassingAsserts":2,"retryReasons":[],"status":"passed","title":"should handle optional fields correctly"},{"ancestorTitles":["Core Validation Error Handling","Type Coercion and Validation"],"duration":7,"failureDetails":[],"failureMessages":[],"fullName":"Core Validation Error Handling Type Coercion and Validation should handle string-to-number coercion failures","invocations":1,"location":null,"numPassingAsserts":1,"retryReasons":[],"status":"passed","title":"should handle string-to-number coercion failures"},{"ancestorTitles":["Core Validation Error Handling","Type Coercion and Validation"],"duration":4,"failureDetails":[],"failureMessages":[],"fullName":"Core Validation Error Handling Type Coercion and Validation should handle date validation failures","invocations":1,"location":null,"numPassingAsserts":1,"retryReasons":[],"status":"passed","title":"should handle date validation failures"},{"ancestorTitles":["Core Validation Error Handling","Type Coercion and Validation"],"duration":4,"failureDetails":[],"failureMessages":[],"fullName":"Core Validation Error Handling Type Coercion and Validation should handle boolean validation failures","invocations":1,"location":null,"numPassingAsserts":1,"retryReasons":[],"status":"passed","title":"should handle boolean validation failures"},{"ancestorTitles":["Core Validation Error Handling","Custom Validation Rules"],"duration":4,"failureDetails":[],"failureMessages":[],"fullName":"Core Validation Error Handling Custom Validation Rules should handle custom refinement failures","invocations":1,"location":null,"numPassingAsserts":1,"retryReasons":[],"status":"passed","title":"should handle custom refinement failures"},{"ancestorTitles":["Core Validation Error Handling","Custom Validation Rules"],"duration":3,"failureDetails":[],"failureMessages":[],"fullName":"Core Validation Error Handling Custom Validation Rules should handle transform failures","invocations":1,"location":null,"numPassingAsserts":1,"retryReasons":[],"status":"passed","title":"should handle transform failures"},{"ancestorTitles":["Core Validation Error Handling","Edge Cases"],"duration":20,"failureDetails":[],"failureMessages":[],"fullName":"Core Validation Error Handling Edge Cases should handle very large objects","invocations":1,"location":null,"numPassingAsserts":1,"retryReasons":[],"status":"passed","title":"should handle very large objects"},{"ancestorTitles":["Core Validation Error Handling","Edge Cases"],"duration":0,"failureDetails":[],"failureMessages":[],"fullName":"Core Validation Error Handling Edge Cases should handle circular reference detection","invocations":1,"location":null,"numPassingAsserts":1,"retryReasons":[],"status":"passed","title":"should handle circular reference detection"},{"ancestorTitles":["Core Validation Error Handling","Edge Cases"],"duration":4,"failureDetails":[],"failureMessages":[],"fullName":"Core Validation Error Handling Edge Cases should handle null vs undefined distinction","invocations":1,"location":null,"numPassingAsserts":3,"retryReasons":[],"status":"passed","title":"should handle null vs undefined distinction"}],"endTime":1758320437688,"message":"","name":"C:\\Dev\\ambiance-mcp\\src\\core\\__tests__\\simple-error-handling.test.ts","startTime":1758320437435,"status":"passed","summary":""},{"assertionResults":[{"ancestorTitles":["Phase 13 Resource Guard System","Resource Registration"],"duration":6,"failureDetails":[],"failureMessages":[],"fullName":"Phase 13 Resource Guard System Resource Registration should register and track resources","invocations":1,"location":null,"numPassingAsserts":3,"retryReasons":[],"status":"passed","title":"should register and track resources"},{"ancestorTitles":["Phase 13 Resource Guard System","Resource Registration"],"duration":3,"failureDetails":[],"failureMessages":[],"fullName":"Phase 13 Resource Guard System Resource Registration should dispose resources manually","invocations":1,"location":null,"numPassingAsserts":2,"retryReasons":[],"status":"passed","title":"should dispose resources manually"},{"ancestorTitles":["Phase 13 Resource Guard System","Resource Registration"],"duration":4,"failureDetails":[],"failureMessages":[],"fullName":"Phase 13 Resource Guard System Resource Registration should handle disposal errors gracefully","invocations":1,"location":null,"numPassingAsserts":1,"retryReasons":[],"status":"passed","title":"should handle disposal errors gracefully"},{"ancestorTitles":["Phase 13 Resource Guard System","Timer Management"],"duration":2,"failureDetails":[],"failureMessages":[],"fullName":"Phase 13 Resource Guard System Timer Management should create and manage timers","invocations":1,"location":null,"numPassingAsserts":3,"retryReasons":[],"status":"passed","title":"should create and manage timers"},{"ancestorTitles":["Phase 13 Resource Guard System","Timer Management"],"duration":2,"failureDetails":[],"failureMessages":[],"fullName":"Phase 13 Resource Guard System Timer Management should create and manage intervals","invocations":1,"location":null,"numPassingAsserts":3,"retryReasons":[],"status":"passed","title":"should create and manage intervals"},{"ancestorTitles":["Phase 13 Resource Guard System","Timer Management"],"duration":62,"failureDetails":[],"failureMessages":[],"fullName":"Phase 13 Resource Guard System Timer Management should handle timer callback errors","invocations":1,"location":null,"numPassingAsserts":1,"retryReasons":[],"status":"passed","title":"should handle timer callback errors"},{"ancestorTitles":["Phase 13 Resource Guard System","AbortController Management"],"duration":6,"failureDetails":[],"failureMessages":[],"fullName":"Phase 13 Resource Guard System AbortController Management should create and manage AbortControllers","invocations":1,"location":null,"numPassingAsserts":4,"retryReasons":[],"status":"passed","title":"should create and manage AbortControllers"},{"ancestorTitles":["Phase 13 Resource Guard System","Statistics and Monitoring"],"duration":14,"failureDetails":[],"failureMessages":[],"fullName":"Phase 13 Resource Guard System Statistics and Monitoring should provide accurate statistics","invocations":1,"location":null,"numPassingAsserts":6,"retryReasons":[],"status":"passed","title":"should provide accurate statistics"},{"ancestorTitles":["Phase 13 Resource Guard System","Statistics and Monitoring"],"duration":28,"failureDetails":[],"failureMessages":[],"fullName":"Phase 13 Resource Guard System Statistics and Monitoring should track resource age","invocations":1,"location":null,"numPassingAsserts":1,"retryReasons":[],"status":"passed","title":"should track resource age"},{"ancestorTitles":["Phase 13 Resource Guard System","Bulk Operations"],"duration":4,"failureDetails":[],"failureMessages":[],"fullName":"Phase 13 Resource Guard System Bulk Operations should dispose all resources","invocations":1,"location":null,"numPassingAsserts":2,"retryReasons":[],"status":"passed","title":"should dispose all resources"},{"ancestorTitles":["Phase 13 Resource Guard System","Bulk Operations"],"duration":7,"failureDetails":[],"failureMessages":[],"fullName":"Phase 13 Resource Guard System Bulk Operations should handle dispose all with errors","invocations":1,"location":null,"numPassingAsserts":1,"retryReasons":[],"status":"passed","title":"should handle dispose all with errors"},{"ancestorTitles":["Phase 13 Resource Guard System","Process Integration"],"duration":2,"failureDetails":[],"failureMessages":[],"fullName":"Phase 13 Resource Guard System Process Integration should be ready for process cleanup handlers","invocations":1,"location":null,"numPassingAsserts":1,"retryReasons":[],"status":"passed","title":"should be ready for process cleanup handlers"}],"endTime":1758320437920,"message":"","name":"C:\\Dev\\ambiance-mcp\\src\\core\\__tests__\\resourceGuard.test.ts","startTime":1758320437710,"status":"passed","summary":""},{"assertionResults":[{"ancestorTitles":["AutomaticIndexer","getInstance"],"duration":10,"failureDetails":[],"failureMessages":[],"fullName":"AutomaticIndexer getInstance should return the same instance (singleton pattern)","invocations":1,"location":null,"numPassingAsserts":1,"retryReasons":[],"status":"passed","title":"should return the same instance (singleton pattern)"},{"ancestorTitles":["AutomaticIndexer","autoDetectAndIndex"],"duration":2,"failureDetails":[{"matcherResult":{"message":"\u001b[2mexpect(\u001b[22m\u001b[31mreceived\u001b[39m\u001b[2m).\u001b[22mtoBeDefined\u001b[2m()\u001b[22m\n\nReceived: \u001b[31mundefined\u001b[39m","pass":false}}],"failureMessages":["Error: \u001b[2mexpect(\u001b[22m\u001b[31mreceived\u001b[39m\u001b[2m).\u001b[22mtoBeDefined\u001b[2m()\u001b[22m\n\nReceived: \u001b[31mundefined\u001b[39m\n    at Object.<anonymous> (C:\\Dev\\ambiance-mcp\\src\\local\\__tests__\\automaticIndexer.test.ts:161:27)\n    at processTicksAndRejections (node:internal/process/task_queues:105:5)"],"fullName":"AutomaticIndexer autoDetectAndIndex should detect project and start indexing","invocations":1,"location":null,"numPassingAsserts":1,"retryReasons":[],"status":"failed","title":"should detect project and start indexing"},{"ancestorTitles":["AutomaticIndexer","autoDetectAndIndex"],"duration":2,"failureDetails":[{"matcherResult":{"message":"\u001b[2mexpect(\u001b[22m\u001b[31mjest.fn()\u001b[39m\u001b[2m).\u001b[22mtoHaveBeenCalledWith\u001b[2m(\u001b[22m\u001b[32m...expected\u001b[39m\u001b[2m)\u001b[22m\n\nExpected: \u001b[32m\"📁 No project detected in current directory\"\u001b[39m\n\nNumber of calls: \u001b[31m0\u001b[39m","pass":false}}],"failureMessages":["Error: \u001b[2mexpect(\u001b[22m\u001b[31mjest.fn()\u001b[39m\u001b[2m).\u001b[22mtoHaveBeenCalledWith\u001b[2m(\u001b[22m\u001b[32m...expected\u001b[39m\u001b[2m)\u001b[22m\n\nExpected: \u001b[32m\"📁 No project detected in current directory\"\u001b[39m\n\nNumber of calls: \u001b[31m0\u001b[39m\n    at Object.<anonymous> (C:\\Dev\\ambiance-mcp\\src\\local\\__tests__\\automaticIndexer.test.ts:173:31)\n    at processTicksAndRejections (node:internal/process/task_queues:105:5)"],"fullName":"AutomaticIndexer autoDetectAndIndex should return null if no project detected","invocations":1,"location":null,"numPassingAsserts":1,"retryReasons":[],"status":"failed","title":"should return null if no project detected"},{"ancestorTitles":["AutomaticIndexer","autoDetectAndIndex"],"duration":2,"failureDetails":[{"matcherResult":{"message":"\u001b[2mexpect(\u001b[22m\u001b[31mjest.fn()\u001b[39m\u001b[2m).\u001b[22mtoHaveBeenCalledWith\u001b[2m(\u001b[22m\u001b[32m...expected\u001b[39m\u001b[2m)\u001b[22m\n\nExpected: \u001b[32m\"Auto-detection failed:\"\u001b[39m, \u001b[32mAny<Error>\u001b[39m\n\nNumber of calls: \u001b[31m0\u001b[39m","pass":false}}],"failureMessages":["Error: \u001b[2mexpect(\u001b[22m\u001b[31mjest.fn()\u001b[39m\u001b[2m).\u001b[22mtoHaveBeenCalledWith\u001b[2m(\u001b[22m\u001b[32m...expected\u001b[39m\u001b[2m)\u001b[22m\n\nExpected: \u001b[32m\"Auto-detection failed:\"\u001b[39m, \u001b[32mAny<Error>\u001b[39m\n\nNumber of calls: \u001b[31m0\u001b[39m\n    at Object.<anonymous> (C:\\Dev\\ambiance-mcp\\src\\local\\__tests__\\automaticIndexer.test.ts:182:32)\n    at processTicksAndRejections (node:internal/process/task_queues:105:5)"],"fullName":"AutomaticIndexer autoDetectAndIndex should handle detection errors gracefully","invocations":1,"location":null,"numPassingAsserts":1,"retryReasons":[],"status":"failed","title":"should handle detection errors gracefully"},{"ancestorTitles":["AutomaticIndexer","indexProject"],"duration":8,"failureDetails":[],"failureMessages":[],"fullName":"AutomaticIndexer indexProject should index project successfully","invocations":1,"location":null,"numPassingAsserts":6,"retryReasons":[],"status":"passed","title":"should index project successfully"},{"ancestorTitles":["AutomaticIndexer","indexProject"],"duration":2,"failureDetails":[{"matcherResult":{"message":"\u001b[2mexpect(\u001b[22m\u001b[31mjest.fn()\u001b[39m\u001b[2m).\u001b[22mtoHaveBeenCalledWith\u001b[2m(\u001b[22m\u001b[32m...expected\u001b[39m\u001b[2m)\u001b[22m\n\nExpected: \u001b[32m\"Force indexing enabled - will re-index all files\"\u001b[39m\n\nNumber of calls: \u001b[31m0\u001b[39m","pass":false}}],"failureMessages":["Error: \u001b[2mexpect(\u001b[22m\u001b[31mjest.fn()\u001b[39m\u001b[2m).\u001b[22mtoHaveBeenCalledWith\u001b[2m(\u001b[22m\u001b[32m...expected\u001b[39m\u001b[2m)\u001b[22m\n\nExpected: \u001b[32m\"Force indexing enabled - will re-index all files\"\u001b[39m\n\nNumber of calls: \u001b[31m0\u001b[39m\n    at Object.<anonymous> (C:\\Dev\\ambiance-mcp\\src\\local\\__tests__\\automaticIndexer.test.ts:235:31)\n    at processTicksAndRejections (node:internal/process/task_queues:105:5)"],"fullName":"AutomaticIndexer indexProject should handle force option correctly","invocations":1,"location":null,"numPassingAsserts":0,"retryReasons":[],"status":"failed","title":"should handle force option correctly"},{"ancestorTitles":["AutomaticIndexer","indexProject"],"duration":2,"failureDetails":[{"matcherResult":{"message":"\u001b[2mexpect(\u001b[22m\u001b[31mjest.fn()\u001b[39m\u001b[2m).\u001b[22mtoHaveBeenCalledWith\u001b[2m(\u001b[22m\u001b[32m...expected\u001b[39m\u001b[2m)\u001b[22m\n\nExpected: \u001b[32m\"Skipping cloud sync - local indexing only\"\u001b[39m\n\nNumber of calls: \u001b[31m0\u001b[39m","pass":false}}],"failureMessages":["Error: \u001b[2mexpect(\u001b[22m\u001b[31mjest.fn()\u001b[39m\u001b[2m).\u001b[22mtoHaveBeenCalledWith\u001b[2m(\u001b[22m\u001b[32m...expected\u001b[39m\u001b[2m)\u001b[22m\n\nExpected: \u001b[32m\"Skipping cloud sync - local indexing only\"\u001b[39m\n\nNumber of calls: \u001b[31m0\u001b[39m\n    at Object.<anonymous> (C:\\Dev\\ambiance-mcp\\src\\local\\__tests__\\automaticIndexer.test.ts:248:31)\n    at processTicksAndRejections (node:internal/process/task_queues:105:5)"],"fullName":"AutomaticIndexer indexProject should skip cloud sync when skipCloud is true","invocations":1,"location":null,"numPassingAsserts":0,"retryReasons":[],"status":"failed","title":"should skip cloud sync when skipCloud is true"},{"ancestorTitles":["AutomaticIndexer","indexProject"],"duration":2,"failureDetails":[{"matcherResult":{"message":"\u001b[2mexpect(\u001b[22m\u001b[31mjest.fn()\u001b[39m\u001b[2m).\u001b[22mtoHaveBeenCalledWith\u001b[2m(\u001b[22m\u001b[32m...expected\u001b[39m\u001b[2m)\u001b[22m\n\nExpected: \u001b[32mStringContaining \"pattern filter\"\u001b[39m\n\nNumber of calls: \u001b[31m0\u001b[39m","pass":false}}],"failureMessages":["Error: \u001b[2mexpect(\u001b[22m\u001b[31mjest.fn()\u001b[39m\u001b[2m).\u001b[22mtoHaveBeenCalledWith\u001b[2m(\u001b[22m\u001b[32m...expected\u001b[39m\u001b[2m)\u001b[22m\n\nExpected: \u001b[32mStringContaining \"pattern filter\"\u001b[39m\n\nNumber of calls: \u001b[31m0\u001b[39m\n    at Object.<anonymous> (C:\\Dev\\ambiance-mcp\\src\\local\\__tests__\\automaticIndexer.test.ts:262:31)\n    at processTicksAndRejections (node:internal/process/task_queues:105:5)"],"fullName":"AutomaticIndexer indexProject should filter files by pattern","invocations":1,"location":null,"numPassingAsserts":0,"retryReasons":[],"status":"failed","title":"should filter files by pattern"},{"ancestorTitles":["AutomaticIndexer","indexProject"],"duration":4,"failureDetails":[{"matcherResult":{"actual":"completed","expected":"failed","message":"\u001b[2mexpect(\u001b[22m\u001b[31mreceived\u001b[39m\u001b[2m).\u001b[22mtoBe\u001b[2m(\u001b[22m\u001b[32mexpected\u001b[39m\u001b[2m) // Object.is equality\u001b[22m\n\nExpected: \u001b[32m\"\u001b[7mfail\u001b[27med\"\u001b[39m\nReceived: \u001b[31m\"\u001b[7mcomplet\u001b[27med\"\u001b[39m","name":"toBe","pass":false}}],"failureMessages":["Error: \u001b[2mexpect(\u001b[22m\u001b[31mreceived\u001b[39m\u001b[2m).\u001b[22mtoBe\u001b[2m(\u001b[22m\u001b[32mexpected\u001b[39m\u001b[2m) // Object.is equality\u001b[22m\n\nExpected: \u001b[32m\"\u001b[7mfail\u001b[27med\"\u001b[39m\nReceived: \u001b[31m\"\u001b[7mcomplet\u001b[27med\"\u001b[39m\n    at Object.<anonymous> (C:\\Dev\\ambiance-mcp\\src\\local\\__tests__\\automaticIndexer.test.ts:270:30)\n    at processTicksAndRejections (node:internal/process/task_queues:105:5)"],"fullName":"AutomaticIndexer indexProject should handle API errors gracefully","invocations":1,"location":null,"numPassingAsserts":0,"retryReasons":[],"status":"failed","title":"should handle API errors gracefully"},{"ancestorTitles":["AutomaticIndexer","indexProject"],"duration":2,"failureDetails":[{"matcherResult":{"message":"\u001b[2mexpect(\u001b[22m\u001b[31mjest.fn()\u001b[39m\u001b[2m).\u001b[22mtoHaveBeenCalledWith\u001b[2m(\u001b[22m\u001b[32m...expected\u001b[39m\u001b[2m)\u001b[22m\n\nExpected: \u001b[32mStringContaining \"Failed to process file\"\u001b[39m, \u001b[32mAny<Error>\u001b[39m\n\nNumber of calls: \u001b[31m0\u001b[39m","pass":false}}],"failureMessages":["Error: \u001b[2mexpect(\u001b[22m\u001b[31mjest.fn()\u001b[39m\u001b[2m).\u001b[22mtoHaveBeenCalledWith\u001b[2m(\u001b[22m\u001b[32m...expected\u001b[39m\u001b[2m)\u001b[22m\n\nExpected: \u001b[32mStringContaining \"Failed to process file\"\u001b[39m, \u001b[32mAny<Error>\u001b[39m\n\nNumber of calls: \u001b[31m0\u001b[39m\n    at Object.<anonymous> (C:\\Dev\\ambiance-mcp\\src\\local\\__tests__\\automaticIndexer.test.ts:285:31)\n    at processTicksAndRejections (node:internal/process/task_queues:105:5)"],"fullName":"AutomaticIndexer indexProject should handle file processing errors","invocations":1,"location":null,"numPassingAsserts":1,"retryReasons":[],"status":"failed","title":"should handle file processing errors"},{"ancestorTitles":["AutomaticIndexer","resetProjectIndexes"],"duration":2,"failureDetails":[{"matcherResult":{"message":"\u001b[2mexpect(\u001b[22m\u001b[31mjest.fn()\u001b[39m\u001b[2m).\u001b[22mtoHaveBeenCalledWith\u001b[2m(\u001b[22m\u001b[32m...expected\u001b[39m\u001b[2m)\u001b[22m\n\nExpected: \u001b[32m\"Successfully reset indexes for project: /test/project\"\u001b[39m\n\nNumber of calls: \u001b[31m0\u001b[39m","pass":false}}],"failureMessages":["Error: \u001b[2mexpect(\u001b[22m\u001b[31mjest.fn()\u001b[39m\u001b[2m).\u001b[22mtoHaveBeenCalledWith\u001b[2m(\u001b[22m\u001b[32m...expected\u001b[39m\u001b[2m)\u001b[22m\n\nExpected: \u001b[32m\"Successfully reset indexes for project: /test/project\"\u001b[39m\n\nNumber of calls: \u001b[31m0\u001b[39m\n    at Object.<anonymous> (C:\\Dev\\ambiance-mcp\\src\\local\\__tests__\\automaticIndexer.test.ts:302:31)\n    at processTicksAndRejections (node:internal/process/task_queues:105:5)"],"fullName":"AutomaticIndexer resetProjectIndexes should reset project indexes successfully","invocations":1,"location":null,"numPassingAsserts":2,"retryReasons":[],"status":"failed","title":"should reset project indexes successfully"},{"ancestorTitles":["AutomaticIndexer","resetProjectIndexes"],"duration":1,"failureDetails":[{"matcherResult":{"message":"\u001b[2mexpect(\u001b[22m\u001b[31mjest.fn()\u001b[39m\u001b[2m).\u001b[22mtoHaveBeenCalledWith\u001b[2m(\u001b[22m\u001b[32m...expected\u001b[39m\u001b[2m)\u001b[22m\n\nExpected: \u001b[32m\"Failed to reset project indexes:\"\u001b[39m, \u001b[32mAny<Error>\u001b[39m\n\nNumber of calls: \u001b[31m0\u001b[39m","pass":false}}],"failureMessages":["Error: \u001b[2mexpect(\u001b[22m\u001b[31mjest.fn()\u001b[39m\u001b[2m).\u001b[22mtoHaveBeenCalledWith\u001b[2m(\u001b[22m\u001b[32m...expected\u001b[39m\u001b[2m)\u001b[22m\n\nExpected: \u001b[32m\"Failed to reset project indexes:\"\u001b[39m, \u001b[32mAny<Error>\u001b[39m\n\nNumber of calls: \u001b[31m0\u001b[39m\n    at Object.<anonymous> (C:\\Dev\\ambiance-mcp\\src\\local\\__tests__\\automaticIndexer.test.ts:313:32)\n    at processTicksAndRejections (node:internal/process/task_queues:105:5)"],"fullName":"AutomaticIndexer resetProjectIndexes should handle reset API errors","invocations":1,"location":null,"numPassingAsserts":1,"retryReasons":[],"status":"failed","title":"should handle reset API errors"},{"ancestorTitles":["AutomaticIndexer","startWatching"],"duration":1,"failureDetails":[{}],"failureMessages":["TypeError: Cannot set property watch of #<Object> which has only a getter\n    at Object.<anonymous> (C:\\Dev\\ambiance-mcp\\src\\local\\__tests__\\automaticIndexer.test.ts:328:19)\n    at Promise.then.completed (C:\\Dev\\ambiance-mcp\\node_modules\\jest-circus\\build\\utils.js:298:28)\n    at new Promise (<anonymous>)\n    at callAsyncCircusFn (C:\\Dev\\ambiance-mcp\\node_modules\\jest-circus\\build\\utils.js:231:10)\n    at _callCircusTest (C:\\Dev\\ambiance-mcp\\node_modules\\jest-circus\\build\\run.js:316:40)\n    at processTicksAndRejections (node:internal/process/task_queues:105:5)\n    at _runTest (C:\\Dev\\ambiance-mcp\\node_modules\\jest-circus\\build\\run.js:252:3)\n    at _runTestsForDescribeBlock (C:\\Dev\\ambiance-mcp\\node_modules\\jest-circus\\build\\run.js:126:9)\n    at _runTestsForDescribeBlock (C:\\Dev\\ambiance-mcp\\node_modules\\jest-circus\\build\\run.js:121:9)\n    at _runTestsForDescribeBlock (C:\\Dev\\ambiance-mcp\\node_modules\\jest-circus\\build\\run.js:121:9)\n    at run (C:\\Dev\\ambiance-mcp\\node_modules\\jest-circus\\build\\run.js:71:3)\n    at runAndTransformResultsToJestFormat (C:\\Dev\\ambiance-mcp\\node_modules\\jest-circus\\build\\legacy-code-todo-rewrite\\jestAdapterInit.js:122:21)\n    at jestAdapter (C:\\Dev\\ambiance-mcp\\node_modules\\jest-circus\\build\\legacy-code-todo-rewrite\\jestAdapter.js:79:19)\n    at runTestInternal (C:\\Dev\\ambiance-mcp\\node_modules\\jest-runner\\build\\runTest.js:367:16)\n    at runTest (C:\\Dev\\ambiance-mcp\\node_modules\\jest-runner\\build\\runTest.js:444:34)\n    at Object.worker (C:\\Dev\\ambiance-mcp\\node_modules\\jest-runner\\build\\testWorker.js:106:12)"],"fullName":"AutomaticIndexer startWatching should start watching project files","invocations":1,"location":null,"numPassingAsserts":0,"retryReasons":[],"status":"failed","title":"should start watching project files"},{"ancestorTitles":["AutomaticIndexer","startWatching"],"duration":3,"failureDetails":[{}],"failureMessages":["TypeError: Cannot set property watch of #<Object> which has only a getter\n    at Object.<anonymous> (C:\\Dev\\ambiance-mcp\\src\\local\\__tests__\\automaticIndexer.test.ts:343:19)\n    at Promise.then.completed (C:\\Dev\\ambiance-mcp\\node_modules\\jest-circus\\build\\utils.js:298:28)\n    at new Promise (<anonymous>)\n    at callAsyncCircusFn (C:\\Dev\\ambiance-mcp\\node_modules\\jest-circus\\build\\utils.js:231:10)\n    at _callCircusTest (C:\\Dev\\ambiance-mcp\\node_modules\\jest-circus\\build\\run.js:316:40)\n    at processTicksAndRejections (node:internal/process/task_queues:105:5)\n    at _runTest (C:\\Dev\\ambiance-mcp\\node_modules\\jest-circus\\build\\run.js:252:3)\n    at _runTestsForDescribeBlock (C:\\Dev\\ambiance-mcp\\node_modules\\jest-circus\\build\\run.js:126:9)\n    at _runTestsForDescribeBlock (C:\\Dev\\ambiance-mcp\\node_modules\\jest-circus\\build\\run.js:121:9)\n    at _runTestsForDescribeBlock (C:\\Dev\\ambiance-mcp\\node_modules\\jest-circus\\build\\run.js:121:9)\n    at run (C:\\Dev\\ambiance-mcp\\node_modules\\jest-circus\\build\\run.js:71:3)\n    at runAndTransformResultsToJestFormat (C:\\Dev\\ambiance-mcp\\node_modules\\jest-circus\\build\\legacy-code-todo-rewrite\\jestAdapterInit.js:122:21)\n    at jestAdapter (C:\\Dev\\ambiance-mcp\\node_modules\\jest-circus\\build\\legacy-code-todo-rewrite\\jestAdapter.js:79:19)\n    at runTestInternal (C:\\Dev\\ambiance-mcp\\node_modules\\jest-runner\\build\\runTest.js:367:16)\n    at runTest (C:\\Dev\\ambiance-mcp\\node_modules\\jest-runner\\build\\runTest.js:444:34)\n    at Object.worker (C:\\Dev\\ambiance-mcp\\node_modules\\jest-runner\\build\\testWorker.js:106:12)"],"fullName":"AutomaticIndexer startWatching should handle watch setup errors","invocations":1,"location":null,"numPassingAsserts":0,"retryReasons":[],"status":"failed","title":"should handle watch setup errors"},{"ancestorTitles":["AutomaticIndexer","stopWatching"],"duration":1,"failureDetails":[{}],"failureMessages":["TypeError: Cannot set property watch of #<Object> which has only a getter\n    at Object.<anonymous> (C:\\Dev\\ambiance-mcp\\src\\local\\__tests__\\automaticIndexer.test.ts:359:19)\n    at Promise.then.completed (C:\\Dev\\ambiance-mcp\\node_modules\\jest-circus\\build\\utils.js:298:28)\n    at new Promise (<anonymous>)\n    at callAsyncCircusFn (C:\\Dev\\ambiance-mcp\\node_modules\\jest-circus\\build\\utils.js:231:10)\n    at _callCircusTest (C:\\Dev\\ambiance-mcp\\node_modules\\jest-circus\\build\\run.js:316:40)\n    at processTicksAndRejections (node:internal/process/task_queues:105:5)\n    at _runTest (C:\\Dev\\ambiance-mcp\\node_modules\\jest-circus\\build\\run.js:252:3)\n    at _runTestsForDescribeBlock (C:\\Dev\\ambiance-mcp\\node_modules\\jest-circus\\build\\run.js:126:9)\n    at _runTestsForDescribeBlock (C:\\Dev\\ambiance-mcp\\node_modules\\jest-circus\\build\\run.js:121:9)\n    at _runTestsForDescribeBlock (C:\\Dev\\ambiance-mcp\\node_modules\\jest-circus\\build\\run.js:121:9)\n    at run (C:\\Dev\\ambiance-mcp\\node_modules\\jest-circus\\build\\run.js:71:3)\n    at runAndTransformResultsToJestFormat (C:\\Dev\\ambiance-mcp\\node_modules\\jest-circus\\build\\legacy-code-todo-rewrite\\jestAdapterInit.js:122:21)\n    at jestAdapter (C:\\Dev\\ambiance-mcp\\node_modules\\jest-circus\\build\\legacy-code-todo-rewrite\\jestAdapter.js:79:19)\n    at runTestInternal (C:\\Dev\\ambiance-mcp\\node_modules\\jest-runner\\build\\runTest.js:367:16)\n    at runTest (C:\\Dev\\ambiance-mcp\\node_modules\\jest-runner\\build\\runTest.js:444:34)\n    at Object.worker (C:\\Dev\\ambiance-mcp\\node_modules\\jest-runner\\build\\testWorker.js:106:12)"],"fullName":"AutomaticIndexer stopWatching should stop watching project files","invocations":1,"location":null,"numPassingAsserts":0,"retryReasons":[],"status":"failed","title":"should stop watching project files"},{"ancestorTitles":["AutomaticIndexer","stopWatching"],"duration":1,"failureDetails":[{"matcherResult":{"message":"\u001b[2mexpect(\u001b[22m\u001b[31mjest.fn()\u001b[39m\u001b[2m).\u001b[22mtoHaveBeenCalledWith\u001b[2m(\u001b[22m\u001b[32m...expected\u001b[39m\u001b[2m)\u001b[22m\n\nExpected: \u001b[32m\"No watcher found for project: /test/project\"\u001b[39m\n\nNumber of calls: \u001b[31m0\u001b[39m","pass":false}}],"failureMessages":["Error: \u001b[2mexpect(\u001b[22m\u001b[31mjest.fn()\u001b[39m\u001b[2m).\u001b[22mtoHaveBeenCalledWith\u001b[2m(\u001b[22m\u001b[32m...expected\u001b[39m\u001b[2m)\u001b[22m\n\nExpected: \u001b[32m\"No watcher found for project: /test/project\"\u001b[39m\n\nNumber of calls: \u001b[31m0\u001b[39m\n    at Object.<anonymous> (C:\\Dev\\ambiance-mcp\\src\\local\\__tests__\\automaticIndexer.test.ts:373:31)\n    at processTicksAndRejections (node:internal/process/task_queues:105:5)"],"fullName":"AutomaticIndexer stopWatching should handle stop watching when not watching","invocations":1,"location":null,"numPassingAsserts":0,"retryReasons":[],"status":"failed","title":"should handle stop watching when not watching"},{"ancestorTitles":["AutomaticIndexer","getSession"],"duration":7,"failureDetails":[],"failureMessages":[],"fullName":"AutomaticIndexer getSession should return session by ID","invocations":1,"location":null,"numPassingAsserts":1,"retryReasons":[],"status":"passed","title":"should return session by ID"},{"ancestorTitles":["AutomaticIndexer","getSession"],"duration":2,"failureDetails":[],"failureMessages":[],"fullName":"AutomaticIndexer getSession should return undefined for non-existent session","invocations":1,"location":null,"numPassingAsserts":1,"retryReasons":[],"status":"passed","title":"should return undefined for non-existent session"},{"ancestorTitles":["AutomaticIndexer","getActiveSessions"],"duration":9,"failureDetails":[],"failureMessages":[],"fullName":"AutomaticIndexer getActiveSessions should return all sessions","invocations":1,"location":null,"numPassingAsserts":3,"retryReasons":[],"status":"passed","title":"should return all sessions"},{"ancestorTitles":["AutomaticIndexer","getActiveSessions"],"duration":2,"failureDetails":[],"failureMessages":[],"fullName":"AutomaticIndexer getActiveSessions should return empty array when no sessions","invocations":1,"location":null,"numPassingAsserts":1,"retryReasons":[],"status":"passed","title":"should return empty array when no sessions"},{"ancestorTitles":["AutomaticIndexer","file change handling"],"duration":1,"failureDetails":[{}],"failureMessages":["TypeError: Cannot set property watch of #<Object> which has only a getter\n    at Object.<anonymous> (C:\\Dev\\ambiance-mcp\\src\\local\\__tests__\\automaticIndexer.test.ts:423:19)\n    at Promise.then.completed (C:\\Dev\\ambiance-mcp\\node_modules\\jest-circus\\build\\utils.js:298:28)\n    at new Promise (<anonymous>)\n    at callAsyncCircusFn (C:\\Dev\\ambiance-mcp\\node_modules\\jest-circus\\build\\utils.js:231:10)\n    at _callCircusTest (C:\\Dev\\ambiance-mcp\\node_modules\\jest-circus\\build\\run.js:316:40)\n    at processTicksAndRejections (node:internal/process/task_queues:105:5)\n    at _runTest (C:\\Dev\\ambiance-mcp\\node_modules\\jest-circus\\build\\run.js:252:3)\n    at _runTestsForDescribeBlock (C:\\Dev\\ambiance-mcp\\node_modules\\jest-circus\\build\\run.js:126:9)\n    at _runTestsForDescribeBlock (C:\\Dev\\ambiance-mcp\\node_modules\\jest-circus\\build\\run.js:121:9)\n    at _runTestsForDescribeBlock (C:\\Dev\\ambiance-mcp\\node_modules\\jest-circus\\build\\run.js:121:9)\n    at run (C:\\Dev\\ambiance-mcp\\node_modules\\jest-circus\\build\\run.js:71:3)\n    at runAndTransformResultsToJestFormat (C:\\Dev\\ambiance-mcp\\node_modules\\jest-circus\\build\\legacy-code-todo-rewrite\\jestAdapterInit.js:122:21)\n    at jestAdapter (C:\\Dev\\ambiance-mcp\\node_modules\\jest-circus\\build\\legacy-code-todo-rewrite\\jestAdapter.js:79:19)\n    at runTestInternal (C:\\Dev\\ambiance-mcp\\node_modules\\jest-runner\\build\\runTest.js:367:16)\n    at runTest (C:\\Dev\\ambiance-mcp\\node_modules\\jest-runner\\build\\runTest.js:444:34)\n    at Object.worker (C:\\Dev\\ambiance-mcp\\node_modules\\jest-runner\\build\\testWorker.js:106:12)"],"fullName":"AutomaticIndexer file change handling should handle file changes with debouncing","invocations":1,"location":null,"numPassingAsserts":0,"retryReasons":[],"status":"failed","title":"should handle file changes with debouncing"},{"ancestorTitles":["AutomaticIndexer","ignore patterns"],"duration":1,"failureDetails":[],"failureMessages":[],"fullName":"AutomaticIndexer ignore patterns should apply ignore patterns correctly","invocations":1,"location":null,"numPassingAsserts":1,"retryReasons":[],"status":"passed","title":"should apply ignore patterns correctly"},{"ancestorTitles":["AutomaticIndexer","change detection"],"duration":3,"failureDetails":[{"matcherResult":{"message":"\u001b[2mexpect(\u001b[22m\u001b[31mjest.fn()\u001b[39m\u001b[2m).\u001b[22mtoHaveBeenCalledWith\u001b[2m(\u001b[22m\u001b[32m...expected\u001b[39m\u001b[2m)\u001b[22m\n\nExpected: \u001b[32mStringContaining \"files have changes\"\u001b[39m\n\nNumber of calls: \u001b[31m0\u001b[39m","pass":false}}],"failureMessages":["Error: \u001b[2mexpect(\u001b[22m\u001b[31mjest.fn()\u001b[39m\u001b[2m).\u001b[22mtoHaveBeenCalledWith\u001b[2m(\u001b[22m\u001b[32m...expected\u001b[39m\u001b[2m)\u001b[22m\n\nExpected: \u001b[32mStringContaining \"files have changes\"\u001b[39m\n\nNumber of calls: \u001b[31m0\u001b[39m\n    at Object.<anonymous> (C:\\Dev\\ambiance-mcp\\src\\local\\__tests__\\automaticIndexer.test.ts:480:31)\n    at processTicksAndRejections (node:internal/process/task_queues:105:5)"],"fullName":"AutomaticIndexer change detection should skip unchanged files when not forcing","invocations":1,"location":null,"numPassingAsserts":0,"retryReasons":[],"status":"failed","title":"should skip unchanged files when not forcing"},{"ancestorTitles":["AutomaticIndexer","change detection"],"duration":1,"failureDetails":[{"matcherResult":{"message":"\u001b[2mexpect(\u001b[22m\u001b[31mjest.fn()\u001b[39m\u001b[2m).\u001b[22mtoHaveBeenCalledWith\u001b[2m(\u001b[22m\u001b[32m...expected\u001b[39m\u001b[2m)\u001b[22m\n\nExpected: \u001b[32m\"Force indexing enabled - will re-index all files\"\u001b[39m\n\nNumber of calls: \u001b[31m0\u001b[39m","pass":false}}],"failureMessages":["Error: \u001b[2mexpect(\u001b[22m\u001b[31mjest.fn()\u001b[39m\u001b[2m).\u001b[22mtoHaveBeenCalledWith\u001b[2m(\u001b[22m\u001b[32m...expected\u001b[39m\u001b[2m)\u001b[22m\n\nExpected: \u001b[32m\"Force indexing enabled - will re-index all files\"\u001b[39m\n\nNumber of calls: \u001b[31m0\u001b[39m\n    at Object.<anonymous> (C:\\Dev\\ambiance-mcp\\src\\local\\__tests__\\automaticIndexer.test.ts:486:31)\n    at processTicksAndRejections (node:internal/process/task_queues:105:5)"],"fullName":"AutomaticIndexer change detection should process all files when forcing","invocations":1,"location":null,"numPassingAsserts":0,"retryReasons":[],"status":"failed","title":"should process all files when forcing"},{"ancestorTitles":["AutomaticIndexer","error recovery"],"duration":1,"failureDetails":[{"matcherResult":{"message":"\u001b[2mexpect(\u001b[22m\u001b[31mjest.fn()\u001b[39m\u001b[2m).\u001b[22mtoHaveBeenCalledWith\u001b[2m(\u001b[22m\u001b[32m...expected\u001b[39m\u001b[2m)\u001b[22m\n\nExpected: \u001b[32mStringContaining \"Failed to process\"\u001b[39m, \u001b[32mAny<Error>\u001b[39m\n\nNumber of calls: \u001b[31m0\u001b[39m","pass":false}}],"failureMessages":["Error: \u001b[2mexpect(\u001b[22m\u001b[31mjest.fn()\u001b[39m\u001b[2m).\u001b[22mtoHaveBeenCalledWith\u001b[2m(\u001b[22m\u001b[32m...expected\u001b[39m\u001b[2m)\u001b[22m\n\nExpected: \u001b[32mStringContaining \"Failed to process\"\u001b[39m, \u001b[32mAny<Error>\u001b[39m\n\nNumber of calls: \u001b[31m0\u001b[39m\n    at Object.<anonymous> (C:\\Dev\\ambiance-mcp\\src\\local\\__tests__\\automaticIndexer.test.ts:513:31)\n    at processTicksAndRejections (node:internal/process/task_queues:105:5)"],"fullName":"AutomaticIndexer error recovery should continue processing after individual file errors","invocations":1,"location":null,"numPassingAsserts":2,"retryReasons":[],"status":"failed","title":"should continue processing after individual file errors"}],"endTime":1758320437987,"message":"\u001b[1m\u001b[31m  \u001b[1m● \u001b[22m\u001b[1mAutomaticIndexer › autoDetectAndIndex › should detect project and start indexing\u001b[39m\u001b[22m\n\n    \u001b[2mexpect(\u001b[22m\u001b[31mreceived\u001b[39m\u001b[2m).\u001b[22mtoBeDefined\u001b[2m()\u001b[22m\n\n    Received: \u001b[31mundefined\u001b[39m\n\u001b[2m\u001b[22m\n\u001b[2m    \u001b[0m \u001b[90m 159 |\u001b[39m\u001b[22m\n\u001b[2m     \u001b[90m 160 |\u001b[39m       expect(session)\u001b[33m.\u001b[39mtoBeDefined()\u001b[33m;\u001b[39m\u001b[22m\n\u001b[2m    \u001b[31m\u001b[1m>\u001b[22m\u001b[2m\u001b[39m\u001b[90m 161 |\u001b[39m       expect(session\u001b[33m?\u001b[39m\u001b[33m.\u001b[39mid)\u001b[33m.\u001b[39mtoBeDefined()\u001b[33m;\u001b[39m\u001b[22m\n\u001b[2m     \u001b[90m     |\u001b[39m                           \u001b[31m\u001b[1m^\u001b[22m\u001b[2m\u001b[39m\u001b[22m\n\u001b[2m     \u001b[90m 162 |\u001b[39m       expect(\u001b[36mtypeof\u001b[39m session\u001b[33m?\u001b[39m\u001b[33m.\u001b[39mid)\u001b[33m.\u001b[39mtoBe(\u001b[32m'string'\u001b[39m)\u001b[33m;\u001b[39m\u001b[22m\n\u001b[2m     \u001b[90m 163 |\u001b[39m       expect(mockProjectIdentifier\u001b[33m.\u001b[39mdetectProjectType)\u001b[33m.\u001b[39mtoHaveBeenCalledWith(\u001b[32m'/test/project'\u001b[39m)\u001b[33m;\u001b[39m\u001b[22m\n\u001b[2m     \u001b[90m 164 |\u001b[39m       expect(mockLogger\u001b[33m.\u001b[39minfo)\u001b[33m.\u001b[39mtoHaveBeenCalledWith(expect\u001b[33m.\u001b[39mstringContaining(\u001b[32m'detected project'\u001b[39m))\u001b[33m;\u001b[39m\u001b[0m\u001b[22m\n\u001b[2m\u001b[22m\n\u001b[2m      \u001b[2mat Object.<anonymous> (\u001b[22m\u001b[2m\u001b[0m\u001b[36msrc/local/__tests__/automaticIndexer.test.ts\u001b[39m\u001b[0m\u001b[2m:161:27)\u001b[22m\u001b[2m\u001b[22m\n\n\u001b[1m\u001b[31m  \u001b[1m● \u001b[22m\u001b[1mAutomaticIndexer › autoDetectAndIndex › should return null if no project detected\u001b[39m\u001b[22m\n\n    \u001b[2mexpect(\u001b[22m\u001b[31mjest.fn()\u001b[39m\u001b[2m).\u001b[22mtoHaveBeenCalledWith\u001b[2m(\u001b[22m\u001b[32m...expected\u001b[39m\u001b[2m)\u001b[22m\n\n    Expected: \u001b[32m\"📁 No project detected in current directory\"\u001b[39m\n\n    Number of calls: \u001b[31m0\u001b[39m\n\u001b[2m\u001b[22m\n\u001b[2m    \u001b[0m \u001b[90m 171 |\u001b[39m\u001b[22m\n\u001b[2m     \u001b[90m 172 |\u001b[39m       expect(session)\u001b[33m.\u001b[39mtoBeNull()\u001b[33m;\u001b[39m\u001b[22m\n\u001b[2m    \u001b[31m\u001b[1m>\u001b[22m\u001b[2m\u001b[39m\u001b[90m 173 |\u001b[39m       expect(mockLogger\u001b[33m.\u001b[39minfo)\u001b[33m.\u001b[39mtoHaveBeenCalledWith(\u001b[32m'📁 No project detected in current directory'\u001b[39m)\u001b[33m;\u001b[39m\u001b[22m\n\u001b[2m     \u001b[90m     |\u001b[39m                               \u001b[31m\u001b[1m^\u001b[22m\u001b[2m\u001b[39m\u001b[22m\n\u001b[2m     \u001b[90m 174 |\u001b[39m     })\u001b[33m;\u001b[39m\u001b[22m\n\u001b[2m     \u001b[90m 175 |\u001b[39m\u001b[22m\n\u001b[2m     \u001b[90m 176 |\u001b[39m     it(\u001b[32m'should handle detection errors gracefully'\u001b[39m\u001b[33m,\u001b[39m \u001b[36masync\u001b[39m () \u001b[33m=>\u001b[39m {\u001b[0m\u001b[22m\n\u001b[2m\u001b[22m\n\u001b[2m      \u001b[2mat Object.<anonymous> (\u001b[22m\u001b[2m\u001b[0m\u001b[36msrc/local/__tests__/automaticIndexer.test.ts\u001b[39m\u001b[0m\u001b[2m:173:31)\u001b[22m\u001b[2m\u001b[22m\n\n\u001b[1m\u001b[31m  \u001b[1m● \u001b[22m\u001b[1mAutomaticIndexer › autoDetectAndIndex › should handle detection errors gracefully\u001b[39m\u001b[22m\n\n    \u001b[2mexpect(\u001b[22m\u001b[31mjest.fn()\u001b[39m\u001b[2m).\u001b[22mtoHaveBeenCalledWith\u001b[2m(\u001b[22m\u001b[32m...expected\u001b[39m\u001b[2m)\u001b[22m\n\n    Expected: \u001b[32m\"Auto-detection failed:\"\u001b[39m, \u001b[32mAny<Error>\u001b[39m\n\n    Number of calls: \u001b[31m0\u001b[39m\n\u001b[2m\u001b[22m\n\u001b[2m    \u001b[0m \u001b[90m 180 |\u001b[39m\u001b[22m\n\u001b[2m     \u001b[90m 181 |\u001b[39m       expect(session)\u001b[33m.\u001b[39mtoBeNull()\u001b[33m;\u001b[39m\u001b[22m\n\u001b[2m    \u001b[31m\u001b[1m>\u001b[22m\u001b[2m\u001b[39m\u001b[90m 182 |\u001b[39m       expect(mockLogger\u001b[33m.\u001b[39merror)\u001b[33m.\u001b[39mtoHaveBeenCalledWith(\u001b[32m'Auto-detection failed:'\u001b[39m\u001b[33m,\u001b[39m expect\u001b[33m.\u001b[39many(\u001b[33mError\u001b[39m))\u001b[33m;\u001b[39m\u001b[22m\n\u001b[2m     \u001b[90m     |\u001b[39m                                \u001b[31m\u001b[1m^\u001b[22m\u001b[2m\u001b[39m\u001b[22m\n\u001b[2m     \u001b[90m 183 |\u001b[39m     })\u001b[33m;\u001b[39m\u001b[22m\n\u001b[2m     \u001b[90m 184 |\u001b[39m   })\u001b[33m;\u001b[39m\u001b[22m\n\u001b[2m     \u001b[90m 185 |\u001b[39m\u001b[0m\u001b[22m\n\u001b[2m\u001b[22m\n\u001b[2m      \u001b[2mat Object.<anonymous> (\u001b[22m\u001b[2m\u001b[0m\u001b[36msrc/local/__tests__/automaticIndexer.test.ts\u001b[39m\u001b[0m\u001b[2m:182:32)\u001b[22m\u001b[2m\u001b[22m\n\n\u001b[1m\u001b[31m  \u001b[1m● \u001b[22m\u001b[1mAutomaticIndexer › indexProject › should handle force option correctly\u001b[39m\u001b[22m\n\n    \u001b[2mexpect(\u001b[22m\u001b[31mjest.fn()\u001b[39m\u001b[2m).\u001b[22mtoHaveBeenCalledWith\u001b[2m(\u001b[22m\u001b[32m...expected\u001b[39m\u001b[2m)\u001b[22m\n\n    Expected: \u001b[32m\"Force indexing enabled - will re-index all files\"\u001b[39m\n\n    Number of calls: \u001b[31m0\u001b[39m\n\u001b[2m\u001b[22m\n\u001b[2m    \u001b[0m \u001b[90m 233 |\u001b[39m       \u001b[36mawait\u001b[39m indexer\u001b[33m.\u001b[39mindexProject(\u001b[32m'/test/project'\u001b[39m\u001b[33m,\u001b[39m options)\u001b[33m;\u001b[39m\u001b[22m\n\u001b[2m     \u001b[90m 234 |\u001b[39m\u001b[22m\n\u001b[2m    \u001b[31m\u001b[1m>\u001b[22m\u001b[2m\u001b[39m\u001b[90m 235 |\u001b[39m       expect(mockLogger\u001b[33m.\u001b[39minfo)\u001b[33m.\u001b[39mtoHaveBeenCalledWith(\u001b[22m\n\u001b[2m     \u001b[90m     |\u001b[39m                               \u001b[31m\u001b[1m^\u001b[22m\u001b[2m\u001b[39m\u001b[22m\n\u001b[2m     \u001b[90m 236 |\u001b[39m         \u001b[32m'Force indexing enabled - will re-index all files'\u001b[39m\u001b[22m\n\u001b[2m     \u001b[90m 237 |\u001b[39m       )\u001b[33m;\u001b[39m\u001b[22m\n\u001b[2m     \u001b[90m 238 |\u001b[39m     })\u001b[33m;\u001b[39m\u001b[0m\u001b[22m\n\u001b[2m\u001b[22m\n\u001b[2m      \u001b[2mat Object.<anonymous> (\u001b[22m\u001b[2m\u001b[0m\u001b[36msrc/local/__tests__/automaticIndexer.test.ts\u001b[39m\u001b[0m\u001b[2m:235:31)\u001b[22m\u001b[2m\u001b[22m\n\n\u001b[1m\u001b[31m  \u001b[1m● \u001b[22m\u001b[1mAutomaticIndexer › indexProject › should skip cloud sync when skipCloud is true\u001b[39m\u001b[22m\n\n    \u001b[2mexpect(\u001b[22m\u001b[31mjest.fn()\u001b[39m\u001b[2m).\u001b[22mtoHaveBeenCalledWith\u001b[2m(\u001b[22m\u001b[32m...expected\u001b[39m\u001b[2m)\u001b[22m\n\n    Expected: \u001b[32m\"Skipping cloud sync - local indexing only\"\u001b[39m\n\n    Number of calls: \u001b[31m0\u001b[39m\n\u001b[2m\u001b[22m\n\u001b[2m    \u001b[0m \u001b[90m 246 |\u001b[39m       \u001b[36mawait\u001b[39m indexer\u001b[33m.\u001b[39mindexProject(\u001b[32m'/test/project'\u001b[39m\u001b[33m,\u001b[39m options)\u001b[33m;\u001b[39m\u001b[22m\n\u001b[2m     \u001b[90m 247 |\u001b[39m\u001b[22m\n\u001b[2m    \u001b[31m\u001b[1m>\u001b[22m\u001b[2m\u001b[39m\u001b[90m 248 |\u001b[39m       expect(mockLogger\u001b[33m.\u001b[39minfo)\u001b[33m.\u001b[39mtoHaveBeenCalledWith(\u001b[32m'Skipping cloud sync - local indexing only'\u001b[39m)\u001b[33m;\u001b[39m\u001b[22m\n\u001b[2m     \u001b[90m     |\u001b[39m                               \u001b[31m\u001b[1m^\u001b[22m\u001b[2m\u001b[39m\u001b[22m\n\u001b[2m     \u001b[90m 249 |\u001b[39m       \u001b[90m// Should not call cloud API\u001b[39m\u001b[22m\n\u001b[2m     \u001b[90m 250 |\u001b[39m       expect(mockApiClient\u001b[33m.\u001b[39mpost)\u001b[33m.\u001b[39mnot\u001b[33m.\u001b[39mtoHaveBeenCalled()\u001b[33m;\u001b[39m\u001b[22m\n\u001b[2m     \u001b[90m 251 |\u001b[39m     })\u001b[33m;\u001b[39m\u001b[0m\u001b[22m\n\u001b[2m\u001b[22m\n\u001b[2m      \u001b[2mat Object.<anonymous> (\u001b[22m\u001b[2m\u001b[0m\u001b[36msrc/local/__tests__/automaticIndexer.test.ts\u001b[39m\u001b[0m\u001b[2m:248:31)\u001b[22m\u001b[2m\u001b[22m\n\n\u001b[1m\u001b[31m  \u001b[1m● \u001b[22m\u001b[1mAutomaticIndexer › indexProject › should filter files by pattern\u001b[39m\u001b[22m\n\n    \u001b[2mexpect(\u001b[22m\u001b[31mjest.fn()\u001b[39m\u001b[2m).\u001b[22mtoHaveBeenCalledWith\u001b[2m(\u001b[22m\u001b[32m...expected\u001b[39m\u001b[2m)\u001b[22m\n\n    Expected: \u001b[32mStringContaining \"pattern filter\"\u001b[39m\n\n    Number of calls: \u001b[31m0\u001b[39m\n\u001b[2m\u001b[22m\n\u001b[2m    \u001b[0m \u001b[90m 260 |\u001b[39m       \u001b[36mawait\u001b[39m indexer\u001b[33m.\u001b[39mindexProject(\u001b[32m'/test/project'\u001b[39m\u001b[33m,\u001b[39m options)\u001b[33m;\u001b[39m\u001b[22m\n\u001b[2m     \u001b[90m 261 |\u001b[39m\u001b[22m\n\u001b[2m    \u001b[31m\u001b[1m>\u001b[22m\u001b[2m\u001b[39m\u001b[90m 262 |\u001b[39m       expect(mockLogger\u001b[33m.\u001b[39minfo)\u001b[33m.\u001b[39mtoHaveBeenCalledWith(expect\u001b[33m.\u001b[39mstringContaining(\u001b[32m'pattern filter'\u001b[39m))\u001b[33m;\u001b[39m\u001b[22m\n\u001b[2m     \u001b[90m     |\u001b[39m                               \u001b[31m\u001b[1m^\u001b[22m\u001b[2m\u001b[39m\u001b[22m\n\u001b[2m     \u001b[90m 263 |\u001b[39m     })\u001b[33m;\u001b[39m\u001b[22m\n\u001b[2m     \u001b[90m 264 |\u001b[39m\u001b[22m\n\u001b[2m     \u001b[90m 265 |\u001b[39m     it(\u001b[32m'should handle API errors gracefully'\u001b[39m\u001b[33m,\u001b[39m \u001b[36masync\u001b[39m () \u001b[33m=>\u001b[39m {\u001b[0m\u001b[22m\n\u001b[2m\u001b[22m\n\u001b[2m      \u001b[2mat Object.<anonymous> (\u001b[22m\u001b[2m\u001b[0m\u001b[36msrc/local/__tests__/automaticIndexer.test.ts\u001b[39m\u001b[0m\u001b[2m:262:31)\u001b[22m\u001b[2m\u001b[22m\n\n\u001b[1m\u001b[31m  \u001b[1m● \u001b[22m\u001b[1mAutomaticIndexer › indexProject › should handle API errors gracefully\u001b[39m\u001b[22m\n\n    \u001b[2mexpect(\u001b[22m\u001b[31mreceived\u001b[39m\u001b[2m).\u001b[22mtoBe\u001b[2m(\u001b[22m\u001b[32mexpected\u001b[39m\u001b[2m) // Object.is equality\u001b[22m\n\n    Expected: \u001b[32m\"\u001b[7mfail\u001b[27med\"\u001b[39m\n    Received: \u001b[31m\"\u001b[7mcomplet\u001b[27med\"\u001b[39m\n\u001b[2m\u001b[22m\n\u001b[2m    \u001b[0m \u001b[90m 268 |\u001b[39m       \u001b[36mconst\u001b[39m session \u001b[33m=\u001b[39m \u001b[36mawait\u001b[39m indexer\u001b[33m.\u001b[39mindexProject(\u001b[32m'/test/project'\u001b[39m)\u001b[33m;\u001b[39m\u001b[22m\n\u001b[2m     \u001b[90m 269 |\u001b[39m\u001b[22m\n\u001b[2m    \u001b[31m\u001b[1m>\u001b[22m\u001b[2m\u001b[39m\u001b[90m 270 |\u001b[39m       expect(session\u001b[33m.\u001b[39mstatus)\u001b[33m.\u001b[39mtoBe(\u001b[32m'failed'\u001b[39m)\u001b[33m;\u001b[39m\u001b[22m\n\u001b[2m     \u001b[90m     |\u001b[39m                              \u001b[31m\u001b[1m^\u001b[22m\u001b[2m\u001b[39m\u001b[22m\n\u001b[2m     \u001b[90m 271 |\u001b[39m       expect(session\u001b[33m.\u001b[39merrors)\u001b[33m.\u001b[39mtoContain(\u001b[32m'API Error'\u001b[39m)\u001b[33m;\u001b[39m\u001b[22m\n\u001b[2m     \u001b[90m 272 |\u001b[39m       expect(mockLogger\u001b[33m.\u001b[39merror)\u001b[33m.\u001b[39mtoHaveBeenCalledWith(\u001b[22m\n\u001b[2m     \u001b[90m 273 |\u001b[39m         \u001b[32m'Failed to start cloud indexing session:'\u001b[39m\u001b[33m,\u001b[39m\u001b[0m\u001b[22m\n\u001b[2m\u001b[22m\n\u001b[2m      \u001b[2mat Object.<anonymous> (\u001b[22m\u001b[2m\u001b[0m\u001b[36msrc/local/__tests__/automaticIndexer.test.ts\u001b[39m\u001b[0m\u001b[2m:270:30)\u001b[22m\u001b[2m\u001b[22m\n\n\u001b[1m\u001b[31m  \u001b[1m● \u001b[22m\u001b[1mAutomaticIndexer › indexProject › should handle file processing errors\u001b[39m\u001b[22m\n\n    \u001b[2mexpect(\u001b[22m\u001b[31mjest.fn()\u001b[39m\u001b[2m).\u001b[22mtoHaveBeenCalledWith\u001b[2m(\u001b[22m\u001b[32m...expected\u001b[39m\u001b[2m)\u001b[22m\n\n    Expected: \u001b[32mStringContaining \"Failed to process file\"\u001b[39m, \u001b[32mAny<Error>\u001b[39m\n\n    Number of calls: \u001b[31m0\u001b[39m\n\u001b[2m\u001b[22m\n\u001b[2m    \u001b[0m \u001b[90m 283 |\u001b[39m       \u001b[90m// Should continue processing other files\u001b[39m\u001b[22m\n\u001b[2m     \u001b[90m 284 |\u001b[39m       expect(session\u001b[33m.\u001b[39mstatus)\u001b[33m.\u001b[39mtoBe(\u001b[32m'completed'\u001b[39m)\u001b[33m;\u001b[39m\u001b[22m\n\u001b[2m    \u001b[31m\u001b[1m>\u001b[22m\u001b[2m\u001b[39m\u001b[90m 285 |\u001b[39m       expect(mockLogger\u001b[33m.\u001b[39mwarn)\u001b[33m.\u001b[39mtoHaveBeenCalledWith(\u001b[22m\n\u001b[2m 
[...]
u001b[1m^\u001b[22m\u001b[2m\u001b[39m\u001b[22m\n\u001b[2m     \u001b[90m 211 |\u001b[39m       \u001b[36mawait\u001b[39m storage\u001b[33m.\u001b[39minitializeDatabase()\u001b[33m;\u001b[39m\u001b[22m\n\u001b[2m     \u001b[90m 212 |\u001b[39m     })\u001b[33m;\u001b[39m\u001b[22m\n\u001b[2m     \u001b[90m 213 |\u001b[39m\u001b[0m\u001b[22m\n\u001b[2m\u001b[22m\n\u001b[2m      \u001b[2mat \u001b[22m\u001b[2m\u001b[0m\u001b[36msrc/local/__tests__/embeddingStorage.test.ts\u001b[39m\u001b[0m\u001b[2m:210:5\u001b[22m\u001b[2m\u001b[22m\n\u001b[2m      \u001b[2mat \u001b[22m\u001b[2m\u001b[0m\u001b[36msrc/local/__tests__/embeddingStorage.test.ts\u001b[39m\u001b[0m\u001b[2m:209:3\u001b[22m\u001b[2m\u001b[22m\n\u001b[2m      \u001b[2mat Object.<anonymous> (\u001b[22m\u001b[2m\u001b[0m\u001b[36msrc/local/__tests__/embeddingStorage.test.ts\u001b[39m\u001b[0m\u001b[2m:56:1)\u001b[22m\u001b[2m\u001b[22m\n\n\u001b[1m\u001b[31m  \u001b[1m● \u001b[22m\u001b[1mLocalEmbeddingStorage › Similarity Search › should calculate cosine similarity correctly\u001b[39m\u001b[22m\n\n    thrown: \"Exceeded timeout of 10000 ms for a hook.\n    Add a timeout value to this test to increase the timeout, if this is a long-running test. See https://jestjs.io/docs/api#testname-fn-timeout.\"\n\u001b[2m\u001b[22m\n\u001b[2m    \u001b[0m \u001b[90m 316 |\u001b[39m\u001b[22m\n\u001b[2m     \u001b[90m 317 |\u001b[39m   describe(\u001b[32m'Similarity Search'\u001b[39m\u001b[33m,\u001b[39m () \u001b[33m=>\u001b[39m {\u001b[22m\n\u001b[2m    \u001b[31m\u001b[1m>\u001b[22m\u001b[2m\u001b[39m\u001b[90m 318 |\u001b[39m     beforeEach(\u001b[36masync\u001b[39m () \u001b[33m=>\u001b[39m {\u001b[22m\n\u001b[2m     \u001b[90m     |\u001b[39m     \u001b[31m\u001b[1m^\u001b[22m\u001b[2m\u001b[39m\u001b[22m\n\u001b[2m     \u001b[90m 319 |\u001b[39m       \u001b[36mawait\u001b[39m storage\u001b[33m.\u001b[39minitializeDatabase()\u001b[33m;\u001b[39m\u001b[22m\n\u001b[2m     \u001b[90m 320 |\u001b[39m     })\u001b[33m;\u001b[39m\u001b[22m\n\u001b[2m     \u001b[90m 321 |\u001b[39m\u001b[0m\u001b[22m\n\u001b[2m\u001b[22m\n\u001b[2m      \u001b[2mat \u001b[22m\u001b[2m\u001b[0m\u001b[36msrc/local/__tests__/embeddingStorage.test.ts\u001b[39m\u001b[0m\u001b[2m:318:5\u001b[22m\u001b[2m\u001b[22m\n\u001b[2m      \u001b[2mat \u001b[22m\u001b[2m\u001b[0m\u001b[36msrc/local/__tests__/embeddingStorage.test.ts\u001b[39m\u001b[0m\u001b[2m:317:3\u001b[22m\u001b[2m\u001b[22m\n\u001b[2m      \u001b[2mat Object.<anonymous> (\u001b[22m\u001b[2m\u001b[0m\u001b[36msrc/local/__tests__/embeddingStorage.test.ts\u001b[39m\u001b[0m\u001b[2m:56:1)\u001b[22m\u001b[2m\u001b[22m\n\n\u001b[1m\u001b[31m  \u001b[1m● \u001b[22m\u001b[1mLocalEmbeddingStorage › Similarity Search › should handle zero vectors\u001b[39m\u001b[22m\n\n    thrown: \"Exceeded timeout of 10000 ms for a hook.\n    Add a timeout value to this test to increase the timeout, if this is a long-running test. See https://jestjs.io/docs/api#testname-fn-timeout.\"\n\u001b[2m\u001b[22m\n\u001b[2m    \u001b[0m \u001b[90m 316 |\u001b[39m\u001b[22m\n\u001b[2m     \u001b[90m 317 |\u001b[39m   describe(\u001b[32m'Similarity Search'\u001b[39m\u001b[33m,\u001b[39m () \u001b[33m=>\u001b[39m {\u001b[22m\n\u001b[2m    \u001b[31m\u001b[1m>\u001b[22m\u001b[2m\u001b[39m\u001b[90m 318 |\u001b[39m     beforeEach(\u001b[36masync\u001b[39m () \u001b[33m=>\u001b[39m {\u001b[22m\n\u001b[2m     \u001b[90m     |\u001b[39m     \u001b[31m\u001b[1m^\u001b[22m\u001b[2m\u001b[39m\u001b[22m\n\u001b[2m     \u001b[90m 319 |\u001b[39m       \u001b[36mawait\u001b[39m storage\u001b[33m.\u001b[39minitializeDatabase()\u001b[33m;\u001b[39m\u001b[22m\n\u001b[2m     \u001b[90m 320 |\u001b[39m     })\u001b[33m;\u001b[39m\u001b[22m\n\u001b[2m     \u001b[90m 321 |\u001b[39m\u001b[0m\u001b[22m\n\u001b[2m\u001b[22m\n\u001b[2m      \u001b[2mat \u001b[22m\u001b[2m\u001b[0m\u001b[36msrc/local/__tests__/embeddingStorage.test.ts\u001b[39m\u001b[0m\u001b[2m:318:5\u001b[22m\u001b[2m\u001b[22m\n\u001b[2m      \u001b[2mat \u001b[22m\u001b[2m\u001b[0m\u001b[36msrc/local/__tests__/embeddingStorage.test.ts\u001b[39m\u001b[0m\u001b[2m:317:3\u001b[22m\u001b[2m\u001b[22m\n\u001b[2m      \u001b[2mat Object.<anonymous> (\u001b[22m\u001b[2m\u001b[0m\u001b[36msrc/local/__tests__/embeddingStorage.test.ts\u001b[39m\u001b[0m\u001b[2m:56:1)\u001b[22m\u001b[2m\u001b[22m\n\n\u001b[1m\u001b[31m  \u001b[1m● \u001b[22m\u001b[1mLocalEmbeddingStorage › Similarity Search › should handle different vector lengths\u001b[39m\u001b[22m\n\n    thrown: \"Exceeded timeout of 10000 ms for a hook.\n    Add a timeout value to this test to increase the timeout, if this is a long-running test. See https://jestjs.io/docs/api#testname-fn-timeout.\"\n\u001b[2m\u001b[22m\n\u001b[2m    \u001b[0m \u001b[90m 316 |\u001b[39m\u001b[22m\n\u001b[2m     \u001b[90m 317 |\u001b[39m   describe(\u001b[32m'Similarity Search'\u001b[39m\u001b[33m,\u001b[39m () \u001b[33m=>\u001b[39m {\u001b[22m\n\u001b[2m    \u001b[31m\u001b[1m>\u001b[22m\u001b[2m\u001b[39m\u001b[90m 318 |\u001b[39m     beforeEach(\u001b[36masync\u001b[39m () \u001b[33m=>\u001b[39m {\u001b[22m\n\u001b[2m     \u001b[90m     |\u001b[39m     \u001b[31m\u001b[1m^\u001b[22m\u001b[2m\u001b[39m\u001b[22m\n\u001b[2m     \u001b[90m 319 |\u001b[39m       \u001b[36mawait\u001b[39m storage\u001b[33m.\u001b[39minitializeDatabase()\u001b[33m;\u001b[39m\u001b[22m\n\u001b[2m     \u001b[90m 320 |\u001b[39m     })\u001b[33m;\u001b[39m\u001b[22m\n\u001b[2m     \u001b[90m 321 |\u001b[39m\u001b[0m\u001b[22m\n\u001b[2m\u001b[22m\n\u001b[2m      \u001b[2mat \u001b[22m\u001b[2m\u001b[0m\u001b[36msrc/local/__tests__/embeddingStorage.test.ts\u001b[39m\u001b[0m\u001b[2m:318:5\u001b[22m\u001b[2m\u001b[22m\n\u001b[2m      \u001b[2mat \u001b[22m\u001b[2m\u001b[0m\u001b[36msrc/local/__tests__/embeddingStorage.test.ts\u001b[39m\u001b[0m\u001b[2m:317:3\u001b[22m\u001b[2m\u001b[22m\n\u001b[2m      \u001b[2mat Object.<anonymous> (\u001b[22m\u001b[2m\u001b[0m\u001b[36msrc/local/__tests__/embeddingStorage.test.ts\u001b[39m\u001b[0m\u001b[2m:56:1)\u001b[22m\u001b[2m\u001b[22m\n\n\u001b[1m\u001b[31m  \u001b[1m● \u001b[22m\u001b[1mLocalEmbeddingStorage › Similarity Search › should search similar embeddings\u001b[39m\u001b[22m\n\n    thrown: \"Exceeded timeout of 10000 ms for a hook.\n    Add a timeout value to this test to increase the timeout, if this is a long-running test. See https://jestjs.io/docs/api#testname-fn-timeout.\"\n\u001b[2m\u001b[22m\n\u001b[2m    \u001b[0m \u001b[90m 316 |\u001b[39m\u001b[22m\n\u001b[2m     \u001b[90m 317 |\u001b[39m   describe(\u001b[32m'Similarity Search'\u001b[39m\u001b[33m,\u001b[39m () \u001b[33m=>\u001b[39m {\u001b[22m\n\u001b[2m    \u001b[31m\u001b[1m>\u001b[22m\u001b[2m\u001b[39m\u001b[90m 318 |\u001b[39m     beforeEach(\u001b[36masync\u001b[39m () \u001b[33m=>\u001b[39m {\u001b[22m\n\u001b[2m     \u001b[90m     |\u001b[39m     \u001b[31m\u001b[1m^\u001b[22m\u001b[2m\u001b[39m\u001b[22m\n\u001b[2m     \u001b[90m 319 |\u001b[39m       \u001b[36mawait\u001b[39m storage\u001b[33m.\u001b[39minitializeDatabase()\u001b[33m;\u001b[39m\u001b[22m\n\u001b[2m     \u001b[90m 320 |\u001b[39m     })\u001b[33m;\u001b[39m\u001b[22m\n\u001b[2m     \u001b[90m 321 |\u001b[39m\u001b[0m\u001b[22m\n\u001b[2m\u001b[22m\n\u001b[2m      \u001b[2mat \u001b[22m\u001b[2m\u001b[0m\u001b[36msrc/local/__tests__/embeddingStorage.test.ts\u001b[39m\u001b[0m\u001b[2m:318:5\u001b[22m\u001b[2m\u001b[22m\n\u001b[2m      \u001b[2mat \u001b[22m\u001b[2m\u001b[0m\u001b[36msrc/local/__tests__/embeddingStorage.test.ts\u001b[39m\u001b[0m\u001b[2m:317:3\u001b[22m\u001b[2m\u001b[22m\n\u001b[2m      \u001b[2mat Object.<anonymous> (\u001b[22m\u001b[2m\u001b[0m\u001b[36msrc/local/__tests__/embeddingStorage.test.ts\u001b[39m\u001b[0m\u001b[2m:56:1)\u001b[22m\u001b[2m\u001b[22m\n\n\u001b[1m\u001b[31m  \u001b[1m● \u001b[22m\u001b[1mLocalEmbeddingStorage › Similarity Search › should apply similarity threshold\u001b[39m\u001b[22m\n\n    thrown: \"Exceeded timeout of 10000 ms for a hook.\n    Add a timeout value to this test to increase the timeout, if this is a long-running test. See https://jestjs.io/docs/api#testname-fn-timeout.\"\n\u001b[2m\u001b[22m\n\u001b[2m    \u001b[0m \u001b[90m 316 |\u001b[39m\u001b[22m\n\u001b[2m     \u001b[90m 317 |\u001b[39m   describe(\u001b[32m'Similarity Search'\u001b[39m\u001b[33m,\u001b[39m () \u001b[33m=>\u001b[39m {\u001b[22m\n\u001b[2m    \u001b[31m\u001b[1m>\u001b[22m\u001b[2m\u001b[39m\u001b[90m 318 |\u001b[39m     beforeEach(\u001b[36masync\u001b[39m () \u001b[33m=>\u001b[39m {\u001b[22m\n\u001b[2m     \u001b[90m     |\u001b[39m     \u001b[31m\u001b[1m^\u001b[22m\u001b[2m\u001b[39m\u001b[22m\n\u001b[2m     \u001b[90m 319 |\u001b[39m       \u001b[36mawait\u001b[39m storage\u001b[33m.\u001b[39minitializeDatabase()\u001b[33m;\u001b[39m\u001b[22m\n\u001b[2m     \u001b[90m 320 |\u001b[39m     })\u001b[33m;\u001b[39m\u001b[22m\n\u001b[2m     \u001b[90m 321 |\u001b[39m\u001b[0m\u001b[22m\n\u001b[2m\u001b[22m\n\u001b[2m      \u001b[2mat \u001b[22m\u001b[2m\u001b[0m\u001b[36msrc/local/__tests__/embeddingStorage.test.ts\u001b[39m\u001b[0m\u001b[2m:318:5\u001b[22m\u001b[2m\u001b[22m\n\u001b[2m      \u001b[2mat \u001b[22m\u001b[2m\u001b[0m\u001b[36msrc/local/__tests__/embeddingStorage.test.ts\u001b[39m\u001b[0m\u001b[2m:317:3\u001b[22m\u001b[2m\u001b[22m\n\u001b[2m      \u001b[2mat Object.<anonymous> (\u001b[22m\u001b[2m\u001b[0m\u001b[36msrc/local/__tests__/embeddingStorage.test.ts\u001b[39m\u001b[0m\u001b[2m:56:1)\u001b[22m\u001b[2m\u001b[22m\n\n\u001b[1m\u001b[31m  \u001b[1m● \u001b[22m\u001b[1mLocalEmbeddingStorage › Hash Generation › should generate different hashes for different inputs\u001b[39m\u001b[22m\n\n    \u001b[2mexpect(\u001b[22m\u001b[31mreceived\u001b[39m\u001b[2m).\u001b[22mnot\u001b[2m.\u001b[22mtoBe\u001b[2m(\u001b[22m\u001b[32mexpected\u001b[39m\u001b[2m) // Object.is equality\u001b[22m\n\n    Expected: not \u001b[32m\"mock-hash\"\u001b[39m\n\u001b[2m\u001b[22m\n\u001b[2m    \u001b[0m \u001b[90m 388 |\u001b[39m       \u001b[36mconst\u001b[39m hash2 \u001b[33m=\u001b[39m \u001b[33mLocalEmbeddingStorage\u001b[39m\u001b[33m.\u001b[39mgenerateContentHash(\u001b[32m'content2'\u001b[39m\u001b[33m,\u001b[39m \u001b[32m'/path/file.ts'\u001b[39m\u001b[33m,\u001b[39m \u001b[35m0\u001b[39m)\u001b[33m;\u001b[39m\u001b[22m\n\u001b[2m     \u001b[90m 389 |\u001b[39m\u001b[22m\n\u001b[2m    \u001b[31m\u001b[1m>\u001b[22m\u001b[2m\u001b[39m\u001b[90m 390 |\u001b[39m       expect(hash1)\u001b[33m.\u001b[39mnot\u001b[33m.\u001b[39mtoBe(hash2)\u001b[33m;\u001b[39m\u001b[22m\n\u001b[2m     \u001b[90m     |\u001b[39m                         \u001b[31m\u001b[1m^\u001b[22m\u001b[2m\u001b[39m\u001b[22m\n\u001b[2m     \u001b[90m 391 |\u001b[39m     })\u001b[33m;\u001b[39m\u001b[22m\n\u001b[2m     \u001b[90m 392 |\u001b[39m   })\u001b[33m;\u001b[39m\u001b[22m\n\u001b[2m     \u001b[90m 393 |\u001b[39m\u001b[0m\u001b[22m\n\u001b[2m\u001b[22m\n\u001b[2m      \u001b[2mat Object.<anonymous> (\u001b[22m\u001b[2m\u001b[0m\u001b[36msrc/local/__tests__/embeddingStorage.test.ts\u001b[39m\u001b[0m\u001b[2m:390:25)\u001b[22m\u001b[2m\u001b[22m\n\n\u001b[1m\u001b[31m  \u001b[1m● \u001b[22m\u001b[1mLocalEmbeddingStorage › Error Handling › should handle database initialization errors\u001b[39m\u001b[22m\n\n    TypeError: Cannot read properties of null (reading 'exec')\n\u001b[2m\u001b[22m\n\u001b[2m    \u001b[0m \u001b[90m 394 |\u001b[39m   describe(\u001b[32m'Error Handling'\u001b[39m\u001b[33m,\u001b[39m () \u001b[33m=>\u001b[39m {\u001b[22m\n\u001b[2m     \u001b[90m 395 |\u001b[39m     test(\u001b[32m'should handle database initialization errors'\u001b[39m\u001b[33m,\u001b[39m \u001b[36masync\u001b[39m () \u001b[33m=>\u001b[39m {\u001b[22m\n\u001b[2m    \u001b[31m\u001b[1m>\u001b[22m\u001b[2m\u001b[39m\u001b[90m 396 |\u001b[39m       mockDb\u001b[33m.\u001b[39mexec\u001b[33m.\u001b[39mmockImplementation((sql\u001b[33m:\u001b[39m string\u001b[33m,\u001b[39m callback\u001b[33m:\u001b[39m (error\u001b[33m:\u001b[39m \u001b[33mError\u001b[39m \u001b[33m|\u001b[39m \u001b[36mnull\u001b[39m) \u001b[33m=>\u001b[39m \u001b[36mvoid\u001b[39m) \u001b[33m=>\u001b[39m callback(\u001b[36mnew\u001b[39m \u001b[33mError\u001b[39m(\u001b[32m'DB Error'\u001b[39m)))\u001b[33m;\u001b[39m\u001b[22m\n\u001b[2m     \u001b[90m     |\u001b[39m              \u001b[31m\u001b[1m^\u001b[22m\u001b[2m\u001b[39m\u001b[22m\n\u001b[2m     \u001b[90m 397 |\u001b[39m\u001b[22m\n\u001b[2m     \u001b[90m 398 |\u001b[39m       \u001b[36mawait\u001b[39m expect(storage\u001b[33m.\u001b[39minitializeDatabase())\u001b[33m.\u001b[39mrejects\u001b[33m.\u001b[39mtoThrow(\u001b[32m'DB Error'\u001b[39m)\u001b[33m;\u001b[39m\u001b[22m\n\u001b[2m     \u001b[90m 399 |\u001b[39m     })\u001b[33m;\u001b[39m\u001b[0m\u001b[22m\n\u001b[2m\u001b[22m\n\u001b[2m      \u001b[2mat Object.<anonymous> (\u001b[22m\u001b[2m\u001b[0m\u001b[36msrc/local/__tests__/embeddingStorage.test.ts\u001b[39m\u001b[0m\u001b[2m:396:14)\u001b[22m\u001b[2m\u001b[22m\n\n\u001b[1m\u001b[31m  \u001b[1m● \u001b[22m\u001b[1mLocalEmbeddingStorage › Error Handling › should handle storage errors\u001b[39m\u001b[22m\n\n    thrown: \"Exceeded timeout of 10000 ms for a test.\n    Add a timeout value to this test to increase the timeout, if this is a long-running test. See https://jestjs.io/docs/api#testname-fn-timeout.\"\n\u001b[2m\u001b[22m\n\u001b[2m    \u001b[0m \u001b[90m 399 |\u001b[39m     })\u001b[33m;\u001b[39m\u001b[22m\n\u001b[2m     \u001b[90m 400 |\u001b[39m\u001b[22m\n\u001b[2m    \u001b[31m\u001b[1m>\u001b[22m\u001b[2m\u001b[39m\u001b[90m 401 |\u001b[39m     test(\u001b[32m'should handle storage errors'\u001b[39m\u001b[33m,\u001b[39m \u001b[36masync\u001b[39m () \u001b[33m=>\u001b[39m {\u001b[22m\n\u001b[2m     \u001b[90m     |\u001b[39m     \u001b[31m\u001b[1m^\u001b[22m\u001b[2m\u001b[39m\u001b[22m\n\u001b[2m     \u001b[90m 402 |\u001b[39m       \u001b[36mawait\u001b[39m storage\u001b[33m.\u001b[39minitializeDatabase()\u001b[33m;\u001b[39m\u001b[22m\n\u001b[2m     \u001b[90m 403 |\u001b[39m\u001b[22m\n\u001b[2m     \u001b[90m 404 |\u001b[39m       \u001b[36mconst\u001b[39m mockStmt \u001b[33m=\u001b[39m mockDb\u001b[33m.\u001b[39mprepare\u001b[33m.\u001b[39mmock\u001b[33m.\u001b[39mresults[\u001b[35m0\u001b[39m]\u001b[33m.\u001b[39mvalue\u001b[33m;\u001b[39m\u001b[0m\u001b[22m\n\u001b[2m\u001b[22m\n\u001b[2m      \u001b[2mat \u001b[22m\u001b[2m\u001b[0m\u001b[36msrc/local/__tests__/embeddingStorage.test.ts\u001b[39m\u001b[0m\u001b[2m:401:5\u001b[22m\u001b[2m\u001b[22m\n\u001b[2m      \u001b[2mat \u001b[22m\u001b[2m\u001b[0m\u001b[36msrc/local/__tests__/embeddingStorage.test.ts\u001b[39m\u001b[0m\u001b[2m:394:3\u001b[22m\u001b[2m\u001b[22m\n\u001b[2m      \u001b[2mat Object.<anonymous> (\u001b[22m\u001b[2m\u001b[0m\u001b[36msrc/local/__tests__/embeddingStorage.test.ts\u001b[39m\u001b[0m\u001b[2m:56:1)\u001b[22m\u001b[2m\u001b[22m\n\n\u001b[1m\u001b[31m  \u001b[1m● \u001b[22m\u001b[1mLocalEmbeddingStorage › Error Handling › should handle retrieval errors\u001b[39m\u001b[22m\n\n    thrown: \"Exceeded timeout of 10000 ms for a test.\n    Add a timeout value to this test to increase the timeout, if this is a long-running test. See https://jestjs.io/docs/api#testname-fn-timeout.\"\n\u001b[2m\u001b[22m\n\u001b[2m    \u001b[0m \u001b[90m 408 |\u001b[39m     })\u001b[33m;\u001b[39m\u001b[22m\n\u001b[2m     \u001b[90m 409 |\u001b[39m\u001b[22m\n\u001b[2m    \u001b[31m\u001b[1m>\u001b[22m\u001b[2m\u001b[39m\u001b[90m 410 |\u001b[39m     test(\u001b[32m'should handle retrieval errors'\u001b[39m\u001b[33m,\u001b[39m \u001b[36masync\u001b[39m () \u001b[33m=>\u001b[39m {\u001b[22m\n\u001b[2m     \u001b[90m     |\u001b[39m     \u001b[31m\u001b[1m^\u001b[22m\u001b[2m\u001b[39m\u001b[22m\n\u001b[2m     \u001b[90m 411 |\u001b[39m       \u001b[36mawait\u001b[39m storage\u001b[33m.\u001b[39minitializeDatabase()\u001b[33m;\u001b[39m\u001b[22m\n\u001b[2m     \u001b[90m 412 |\u001b[39m\u001b[22m\n\u001b[2m     \u001b[90m 413 |\u001b[39m       \u001b[36mconst\u001b[39m mockStmt \u001b[33m=\u001b[39m mockDb\u001b[33m.\u001b[39mprepare\u001b[33m.\u001b[39mmock\u001b[33m.\u001b[39mresults\u001b[33m.\u001b[39mfind(\u001b[0m\u001b[22m\n\u001b[2m\u001b[22m\n\u001b[2m      \u001b[2mat \u001b[22m\u001b[2m\u001b[0m\u001b[36msrc/local/__tests__/embeddingStorage.test.ts\u001b[39m\u001b[0m\u001b[2m:410:5\u001b[22m\u001b[2m\u001b[22m\n\u001b[2m      \u001b[2mat \u001b[22m\u001b[2m\u001b[0m\u001b[36msrc/local/__tests__/embeddingStorage.test.ts\u001b[39m\u001b[0m\u001b[2m:394:3\u001b[22m\u001b[2m\u001b[22m\n\u001b[2m      \u001b[2mat Object.<anonymous> (\u001b[22m\u001b[2m\u001b[0m\u001b[36msrc/local/__tests__/embeddingStorage.test.ts\u001b[39m\u001b[0m\u001b[2m:56:1)\u001b[22m\u001b[2m\u001b[22m\n\n\u001b[1m\u001b[31m  \u001b[1m● \u001b[22m\u001b[1mLocalEmbeddingStorage › Cleanup › should close database connection\u001b[39m\u001b[22m\n\n    TypeError: Cannot read properties of null (reading 'close')\n\u001b[2m\u001b[22m\n\u001b[2m    \u001b[0m \u001b[90m 427 |\u001b[39m       \u001b[36mawait\u001b[39m storage\u001b[33m.\u001b[39mclose()\u001b[33m;\u001b[39m\u001b[22m\n\u001b[2m     \u001b[90m 428 |\u001b[39m\u001b[22m\n\u001b[2m    \u001b[31m\u001b[1m>\u001b[22m\u001b[2m\u001b[39m\u001b[90m 429 |\u001b[39m       expect(mockDb\u001b[33m.\u001b[39mclose)\u001b[33m.\u001b[39mtoHaveBeenCalled()\u001b[33m;\u001b[39m\u001b[22m\n\u001b[2m     \u001b[90m     |\u001b[39m                     \u001b[31m\u001b[1m^\u001b[22m\u001b[2m\u001b[39m\u001b[22m\n\u001b[2m     \u001b[90m 430 |\u001b[39m       expect(logger\u001b[33m.\u001b[39minfo)\u001b[33m.\u001b[39mtoHaveBeenCalledWith(\u001b[32m'✅ Database connection closed'\u001b[39m)\u001b[33m;\u001b[39m\u001b[22m\n\u001b[2m     \u001b[90m 431 |\u001b[39m     })\u001b[33m;\u001b[39m\u001b[22m\n\u001b[2m     \u001b[90m 432 |\u001b[39m\u001b[0m\u001b[22m\n\u001b[2m\u001b[22m\n\u001b[2m      \u001b[2mat Object.<anonymous> (\u001b[22m\u001b[2m\u001b[0m\u001b[36msrc/local/__tests__/embeddingStorage.test.ts\u001b[39m\u001b[0m\u001b[2m:429:21)\u001b[22m\u001b[2m\u001b[22m\n\n\u001b[1m\u001b[31m  \u001b[1m● \u001b[22m\u001b[1mLocalEmbeddingStorage › Cleanup › should handle close errors gracefully\u001b[39m\u001b[22m\n\n    TypeError: Cannot read properties of null (reading 'close')\n\u001b[2m\u001b[22m\n\u001b[2m    \u001b[0m \u001b[90m 432 |\u001b[39m\u001b[22m\n\u001b[2m     \u001b[90m 433 |\u001b[39m     test(\u001b[32m'should handle close errors gracefully'\u001b[39m\u001b[33m,\u001b[39m \u001b[36masync\u001b[39m () \u001b[33m=>\u001b[39m {\u001b[22m\n\u001b[2m    \u001b[31m\u001b[1m>\u001b[22m\u001b[2m\u001b[39m\u001b[90m 434 |\u001b[39m       mockDb\u001b[33m.\u001b[39mclose\u001b[33m.\u001b[39mmockImplementation((callback\u001b[33m:\u001b[39m (error\u001b[33m:\u001b[39m \u001b[33mError\u001b[39m \u001b[33m|\u001b[39m \u001b[36mnull\u001b[39m) \u001b[33m=>\u001b[39m \u001b[36mvoid\u001b[39m) \u001b[33m=>\u001b[39m callback(\u001b[36mnew\u001b[39m \u001b[33mError\u001b[39m(\u001b[32m'Close Error'\u001b[39m)))\u001b[33m;\u001b[39m\u001b[22m\n\u001b[2m     \u001b[90m     |\u001b[39m              \u001b[31m\u001b[1m^\u001b[22m\u001b[2m\u001b[39m\u001b[22m\n\u001b[2m     \u001b[90m 435 |\u001b[39m\u001b[22m\n\u001b[2m     \u001b[90m 436 |\u001b[39m       \u001b[90m// Should not throw\u001b[39m\u001b[22m\n\u001b[2m     \u001b[90m 437 |\u001b[39m       \u001b[36mawait\u001b[39m expect(storage\u001b[33m.\u001b[39mclose())\u001b[33m.\u001b[39mresolves\u001b[33m.\u001b[39mtoBeUndefined()\u001b[33m;\u001b[39m\u001b[0m\u001b[22m\n\u001b[2m\u001b[22m\n\u001b[2m      \u001b[2mat Object.<anonymous> (\u001b[22m\u001b[2m\u001b[0m\u001b[36msrc/local/__tests__/embeddingStorage.test.ts\u001b[39m\u001b[0m\u001b[2m:434:14)\u001b[22m\u001b[2m\u001b[22m\n","name":"C:\\Dev\\ambiance-mcp\\src\\local\\__tests__\\embeddingStorage.test.ts","startTime":1758320431216,"status":"failed","summary":""}],"wasInterrupted":false}
