<?xml version="1.0" encoding="UTF-8"?>
<coverage generated="1758238131661" clover="3.2.0">
  <project timestamp="1758238131661" name="All files">
    <metrics statements="1942" coveredstatements="842" conditionals="961" coveredconditionals="284" methods="311" coveredmethods="134" elements="3214" coveredelements="1260" complexity="0" loc="1942" ncloc="1942" packages="2" files="14" classes="14"/>
    <package name="local">
      <metrics statements="1751" coveredstatements="733" conditionals="880" coveredconditionals="268" methods="277" coveredmethods="120"/>
      <file name="automaticIndexer.ts" path="C:\Dev\ambiance-mcp\src\local\automaticIndexer.ts">
        <metrics statements="291" coveredstatements="184" conditionals="117" coveredconditionals="58" methods="42" coveredmethods="30"/>
        <line num="18" count="6" type="stmt"/>
        <line num="19" count="6" type="stmt"/>
        <line num="20" count="6" type="stmt"/>
        <line num="21" count="6" type="stmt"/>
        <line num="22" count="6" type="stmt"/>
        <line num="23" count="6" type="stmt"/>
        <line num="24" count="6" type="stmt"/>
        <line num="25" count="6" type="stmt"/>
        <line num="26" count="6" type="stmt"/>
        <line num="27" count="6" type="stmt"/>
        <line num="28" count="6" type="stmt"/>
        <line num="64" count="6" type="stmt"/>
        <line num="73" count="29" type="stmt"/>
        <line num="74" count="29" type="stmt"/>
        <line num="75" count="29" type="stmt"/>
        <line num="76" count="29" type="stmt"/>
        <line num="77" count="29" type="stmt"/>
        <line num="81" count="33" type="cond" truecount="1" falsecount="0"/>
        <line num="82" count="29" type="stmt"/>
        <line num="84" count="33" type="stmt"/>
        <line num="91" count="4" type="stmt"/>
        <line num="93" count="4" type="cond" truecount="0" falsecount="1"/>
        <line num="94" count="0" type="stmt"/>
        <line num="95" count="0" type="stmt"/>
        <line num="99" count="4" type="cond" truecount="2" falsecount="0"/>
        <line num="100" count="4" type="stmt"/>
        <line num="101" count="1" type="cond" truecount="0" falsecount="1"/>
        <line num="102" count="0" type="stmt"/>
        <line num="103" count="0" type="stmt"/>
        <line num="106" count="1" type="stmt"/>
        <line num="107" count="1" type="stmt"/>
        <line num="110" count="1" type="cond" truecount="0" falsecount="1"/>
        <line num="111" count="0" type="stmt"/>
        <line num="112" count="0" type="stmt"/>
        <line num="116" count="1" type="stmt"/>
        <line num="121" count="3" type="stmt"/>
        <line num="125" count="3" type="stmt"/>
        <line num="133" count="14" type="stmt"/>
        <line num="134" count="14" type="stmt"/>
        <line num="136" count="14" type="stmt"/>
        <line num="138" count="14" type="cond" truecount="1" falsecount="0"/>
        <line num="139" count="1" type="stmt"/>
        <line num="142" count="14" type="stmt"/>
        <line num="155" count="14" type="stmt"/>
        <line num="157" count="14" type="stmt"/>
        <line num="159" count="14" type="cond" truecount="3" falsecount="0"/>
        <line num="160" count="12" type="stmt"/>
        <line num="161" count="12" type="stmt"/>
        <line num="166" count="12" type="stmt"/>
        <line num="170" count="10" type="stmt"/>
        <line num="172" count="1" type="stmt"/>
        <line num="176" count="1" type="cond" truecount="3" falsecount="1"/>
        <line num="177" count="1" type="stmt"/>
        <line num="178" count="1" type="stmt"/>
        <line num="181" count="0" type="stmt"/>
        <line num="187" count="13" type="stmt"/>
        <line num="188" count="13" type="stmt"/>
        <line num="191" count="13" type="stmt"/>
        <line num="192" count="13" type="stmt"/>
        <line num="194" count="13" type="stmt"/>
        <line num="196" count="13" type="cond" truecount="2" falsecount="0"/>
        <line num="197" count="2" type="stmt"/>
        <line num="200" count="11" type="stmt"/>
        <line num="201" count="11" type="stmt"/>
        <line num="202" count="11" type="stmt"/>
        <line num="205" count="13" type="cond" truecount="0" falsecount="1"/>
        <line num="206" count="0" type="stmt"/>
        <line num="207" count="0" type="stmt"/>
        <line num="208" count="0" type="stmt"/>
        <line num="212" count="13" type="stmt"/>
        <line num="213" count="13" type="stmt"/>
        <line num="216" count="13" type="cond" truecount="2" falsecount="0"/>
        <line num="217" count="1" type="stmt"/>
        <line num="218" count="1" type="stmt"/>
        <line num="219" count="12" type="cond" truecount="2" falsecount="0"/>
        <line num="220" count="11" type="stmt"/>
        <line num="221" count="11" type="stmt"/>
        <line num="222" count="11" type="stmt"/>
        <line num="224" count="0" type="stmt"/>
        <line num="231" count="0" type="stmt"/>
        <line num="235" count="1" type="stmt"/>
        <line num="236" count="1" type="stmt"/>
        <line num="239" count="13" type="stmt"/>
        <line num="240" count="13" type="stmt"/>
        <line num="244" count="0" type="stmt"/>
        <line num="245" count="0" type="cond" truecount="0" falsecount="2"/>
        <line num="246" count="0" type="stmt"/>
        <line num="250" count="0" type="cond" truecount="0" falsecount="1"/>
        <line num="251" count="0" type="stmt"/>
        <line num="255" count="13" type="stmt"/>
        <line num="258" count="13" type="stmt"/>
        <line num="265" count="2" type="stmt"/>
        <line num="266" count="2" type="stmt"/>
        <line num="268" count="2" type="stmt"/>
        <line num="269" count="2" type="cond" truecount="1" falsecount="0"/>
        <line num="271" count="2" type="stmt"/>
        <line num="274" count="1" type="stmt"/>
        <line num="277" count="1" type="stmt"/>
        <line num="278" count="1" type="cond" truecount="3" falsecount="0"/>
        <line num="280" count="1" type="stmt"/>
        <line num="281" count="1" type="stmt"/>
        <line num="285" count="1" type="stmt"/>
        <line num="286" count="1" type="stmt"/>
        <line num="289" count="1" type="stmt"/>
        <line num="290" count="1" type="stmt"/>
        <line num="291" count="1" type="stmt"/>
        <line num="293" count="1" type="stmt"/>
        <line num="296" count="1" type="stmt"/>
        <line num="306" count="0" type="stmt"/>
        <line num="308" count="0" type="cond" truecount="0" falsecount="1"/>
        <line num="309" count="0" type="stmt"/>
        <line num="310" count="0" type="stmt"/>
        <line num="313" count="0" type="stmt"/>
        <line num="315" count="0" type="stmt"/>
        <line num="318" count="0" type="stmt"/>
        <line num="319" count="0" type="stmt"/>
        <line num="320" count="0" type="cond" truecount="0" falsecount="1"/>
        <line num="322" count="0" type="stmt"/>
        <line num="325" count="0" type="cond" truecount="0" falsecount="1"/>
        <line num="326" count="0" type="stmt"/>
        <line num="330" count="0" type="stmt"/>
        <line num="331" count="0" type="stmt"/>
        <line num="332" count="0" type="stmt"/>
        <line num="333" count="0" type="stmt"/>
        <line num="334" count="0" type="cond" truecount="0" falsecount="1"/>
        <line num="335" count="0" type="stmt"/>
        <line num="336" count="0" type="stmt"/>
        <line num="339" count="0" type="stmt"/>
        <line num="346" count="0" type="stmt"/>
        <line num="347" count="0" type="stmt"/>
        <line num="349" count="0" type="stmt"/>
        <line num="353" count="0" type="stmt"/>
        <line num="361" count="1" type="stmt"/>
        <line num="362" count="1" type="stmt"/>
        <line num="364" count="1" type="cond" truecount="0" falsecount="1"/>
        <line num="365" count="0" type="stmt"/>
        <line num="366" count="0" type="stmt"/>
        <line num="367" count="0" type="stmt"/>
        <line num="375" count="2" type="stmt"/>
        <line num="382" count="2" type="stmt"/>
        <line num="388" count="63" type="stmt"/>
        <line num="389" count="63" type="stmt"/>
        <line num="390" count="63" type="stmt"/>
        <line num="392" count="0" type="stmt"/>
        <line num="397" count="13" type="stmt"/>
        <line num="404" count="13" type="stmt"/>
        <line num="411" count="13" type="stmt"/>
        <line num="412" count="52" type="cond" truecount="2" falsecount="0"/>
        <line num="414" count="13" type="stmt"/>
        <line num="415" count="13" type="stmt"/>
        <line num="416" count="13" type="stmt"/>
        <line num="418" count="0" type="stmt"/>
        <line num="424" count="39" type="stmt"/>
        <line num="425" count="39" type="stmt"/>
        <line num="426" count="39" type="cond" truecount="1" falsecount="0"/>
        <line num="427" count="39" type="stmt"/>
        <line num="428" count="39" type="stmt"/>
        <line num="430" count="78" type="stmt"/>
        <line num="431" count="78" type="cond" truecount="2" falsecount="0"/>
        <line num="434" count="0" type="stmt"/>
        <line num="442" count="13" type="stmt"/>
        <line num="733" count="13" type="stmt"/>
        <line num="741" count="13" type="cond" truecount="2" falsecount="0"/>
        <line num="747" count="13" type="cond" truecount="1" falsecount="0"/>
        <line num="748" count="1" type="stmt"/>
        <line num="752" count="13" type="stmt"/>
        <line num="760" count="13" type="stmt"/>
        <line num="762" count="13" type="stmt"/>
        <line num="766" count="13" type="stmt"/>
        <line num="767" count="13" type="stmt"/>
        <line num="776" count="13" type="stmt"/>
        <line num="778" count="35" type="stmt"/>
        <line num="779" count="35" type="stmt"/>
        <line num="781" count="175" type="cond" truecount="0" falsecount="1"/>
        <line num="793" count="0" type="stmt"/>
        <line num="796" count="35" type="stmt"/>
        <line num="799" count="13" type="stmt"/>
        <line num="800" count="35" type="stmt"/>
        <line num="801" count="13" type="stmt"/>
        <line num="802" count="13" type="stmt"/>
        <line num="804" count="13" type="cond" truecount="0" falsecount="1"/>
        <line num="805" count="0" type="stmt"/>
        <line num="811" count="13" type="stmt"/>
        <line num="816" count="35" type="stmt"/>
        <line num="818" count="0" type="stmt"/>
        <line num="821" count="0" type="stmt"/>
        <line num="830" count="0" type="stmt"/>
        <line num="832" count="0" type="stmt"/>
        <line num="839" count="0" type="stmt"/>
        <line num="841" count="0" type="cond" truecount="0" falsecount="1"/>
        <line num="842" count="0" type="stmt"/>
        <line num="843" count="0" type="cond" truecount="0" falsecount="2"/>
        <line num="845" count="0" type="cond" truecount="0" falsecount="1"/>
        <line num="846" count="0" type="stmt"/>
        <line num="847" count="0" type="stmt"/>
        <line num="849" count="0" type="cond" truecount="0" falsecount="2"/>
        <line num="854" count="11" type="stmt"/>
        <line num="856" count="11" type="stmt"/>
        <line num="857" count="30" type="stmt"/>
        <line num="858" count="30" type="stmt"/>
        <line num="859" count="30" type="stmt"/>
        <line num="860" count="30" type="stmt"/>
        <line num="862" count="30" type="cond" truecount="2" falsecount="1"/>
        <line num="863" count="30" type="stmt"/>
        <line num="867" count="0" type="stmt"/>
        <line num="871" count="11" type="stmt"/>
        <line num="875" count="30" type="stmt"/>
        <line num="876" count="30" type="stmt"/>
        <line num="885" count="13" type="stmt"/>
        <line num="886" count="35" type="stmt"/>
        <line num="888" count="35" type="stmt"/>
        <line num="891" count="35" type="stmt"/>
        <line num="892" count="35" type="stmt"/>
        <line num="893" count="35" type="cond" truecount="3" falsecount="1"/>
        <line num="894" count="35" type="cond" truecount="0" falsecount="1"/>
        <line num="897" count="35" type="stmt"/>
        <line num="898" count="35" type="stmt"/>
        <line num="899" count="0" type="stmt"/>
        <line num="901" count="0" type="stmt"/>
        <line num="904" count="0" type="stmt"/>
        <line num="906" count="0" type="cond" truecount="0" falsecount="1"/>
        <line num="907" count="0" type="stmt"/>
        <line num="910" count="35" type="cond" truecount="1" falsecount="1"/>
        <line num="911" count="35" type="stmt"/>
        <line num="920" count="11" type="stmt"/>
        <line num="921" count="11" type="stmt"/>
        <line num="924" count="11" type="stmt"/>
        <line num="927" count="11" type="cond" truecount="3" falsecount="0"/>
        <line num="928" count="11" type="stmt"/>
        <line num="929" count="11" type="stmt"/>
        <line num="932" count="0" type="cond" truecount="0" falsecount="2"/>
        <line num="933" count="0" type="stmt"/>
        <line num="935" count="0" type="stmt"/>
        <line num="938" count="0" type="stmt"/>
        <line num="939" count="0" type="stmt"/>
        <line num="941" count="0" type="stmt"/>
        <line num="944" count="0" type="stmt"/>
        <line num="950" count="0" type="stmt"/>
        <line num="951" count="0" type="stmt"/>
        <line num="954" count="0" type="stmt"/>
        <line num="955" count="0" type="stmt"/>
        <line num="958" count="0" type="stmt"/>
        <line num="960" count="0" type="stmt"/>
        <line num="962" count="0" type="stmt"/>
        <line num="965" count="0" type="stmt"/>
        <line num="970" count="0" type="stmt"/>
        <line num="973" count="0" type="stmt"/>
        <line num="975" count="0" type="stmt"/>
        <line num="978" count="0" type="stmt"/>
        <line num="987" count="0" type="stmt"/>
        <line num="988" count="0" type="stmt"/>
        <line num="991" count="0" type="stmt"/>
        <line num="993" count="0" type="stmt"/>
        <line num="1000" count="0" type="stmt"/>
        <line num="1006" count="44" type="stmt"/>
        <line num="1011" count="1" type="stmt"/>
        <line num="1016" count="1" type="stmt"/>
        <line num="1018" count="1" type="stmt"/>
        <line num="1027" count="1" type="stmt"/>
        <line num="1028" count="1" type="cond" truecount="1" falsecount="0"/>
        <line num="1029" count="1" type="stmt"/>
        <line num="1038" count="30" type="stmt"/>
        <line num="1039" count="30" type="stmt"/>
        <line num="1040" count="30" type="stmt"/>
        <line num="1042" count="30" type="cond" truecount="1" falsecount="0"/>
        <line num="1043" count="28" type="stmt"/>
        <line num="1046" count="28" type="cond" truecount="2" falsecount="0"/>
        <line num="1050" count="0" type="stmt"/>
        <line num="1052" count="2" type="stmt"/>
        <line num="1056" count="0" type="stmt"/>
        <line num="1057" count="0" type="stmt"/>
        <line num="1058" count="0" type="stmt"/>
        <line num="1060" count="0" type="cond" truecount="0" falsecount="1"/>
        <line num="1061" count="0" type="stmt"/>
        <line num="1071" count="0" type="stmt"/>
        <line num="1078" count="14" type="stmt"/>
        <line num="1088" count="2" type="stmt"/>
        <line num="1089" count="2" type="stmt"/>
        <line num="1095" count="2" type="stmt"/>
        <line num="1096" count="2" type="stmt"/>
        <line num="1098" count="0" type="cond" truecount="0" falsecount="1"/>
        <line num="1099" count="0" type="stmt"/>
        <line num="1100" count="0" type="stmt"/>
        <line num="1104" count="0" type="stmt"/>
        <line num="1107" count="0" type="stmt"/>
        <line num="1121" count="0" type="stmt"/>
        <line num="1123" count="0" type="stmt"/>
        <line num="1132" count="0" type="cond" truecount="0" falsecount="1"/>
        <line num="1133" count="0" type="stmt"/>
        <line num="1139" count="2" type="stmt"/>
        <line num="1146" count="2" type="stmt"/>
      </file>
      <file name="embeddingGenerator.ts" path="C:\Dev\ambiance-mcp\src\local\embeddingGenerator.ts">
        <metrics statements="438" coveredstatements="249" conditionals="256" coveredconditionals="124" methods="54" coveredmethods="37"/>
        <line num="18" count="11" type="stmt"/>
        <line num="19" count="11" type="stmt"/>
        <line num="20" count="11" type="stmt"/>
        <line num="22" count="11" type="stmt"/>
        <line num="23" count="11" type="stmt"/>
        <line num="24" count="11" type="stmt"/>
        <line num="25" count="11" type="stmt"/>
        <line num="26" count="11" type="stmt"/>
        <line num="27" count="11" type="stmt"/>
        <line num="38" count="22" type="stmt"/>
        <line num="41" count="22" type="stmt"/>
        <line num="45" count="22" type="cond" truecount="1" falsecount="0"/>
        <line num="46" count="22" type="stmt"/>
        <line num="47" count="22" type="stmt"/>
        <line num="50" count="0" type="stmt"/>
        <line num="51" count="0" type="stmt"/>
        <line num="56" count="22" type="stmt"/>
        <line num="57" count="22" type="cond" truecount="0" falsecount="1"/>
        <line num="58" count="0" type="stmt"/>
        <line num="59" count="0" type="stmt"/>
        <line num="60" count="0" type="stmt"/>
        <line num="92" count="11" type="stmt"/>
        <line num="93" count="65" type="stmt"/>
        <line num="94" count="65" type="stmt"/>
        <line num="96" count="65" type="stmt"/>
        <line num="101" count="11" type="stmt"/>
        <line num="102" count="11" type="stmt"/>
        <line num="103" count="11" type="stmt"/>
        <line num="106" count="11" type="stmt"/>
        <line num="110" count="11" type="stmt"/>
        <line num="111" count="11" type="stmt"/>
        <line num="114" count="65" type="cond" truecount="2" falsecount="0"/>
        <line num="115" count="65" type="cond" truecount="2" falsecount="0"/>
        <line num="116" count="65" type="stmt"/>
        <line num="119" count="65" type="cond" truecount="1" falsecount="0"/>
        <line num="120" count="38" type="stmt"/>
        <line num="127" count="65" type="cond" truecount="1" falsecount="1"/>
        <line num="128" count="0" type="stmt"/>
        <line num="129" count="0" type="stmt"/>
        <line num="132" count="65" type="cond" truecount="1" falsecount="0"/>
        <line num="133" count="27" type="stmt"/>
        <line num="137" count="65" type="stmt"/>
        <line num="138" count="65" type="stmt"/>
        <line num="139" count="65" type="stmt"/>
        <line num="141" count="0" type="stmt"/>
        <line num="151" count="193" type="stmt"/>
        <line num="152" count="193" type="cond" truecount="1" falsecount="0"/>
        <line num="155" count="192" type="stmt"/>
        <line num="156" count="192" type="cond" truecount="0" falsecount="1"/>
        <line num="160" count="0" type="stmt"/>
        <line num="161" count="0" type="stmt"/>
        <line num="162" count="0" type="stmt"/>
        <line num="165" count="192" type="stmt"/>
        <line num="172" count="196" type="cond" truecount="2" falsecount="0"/>
        <line num="176" count="196" type="stmt"/>
        <line num="177" count="196" type="stmt"/>
        <line num="178" count="196" type="stmt"/>
        <line num="180" count="196" type="cond" truecount="2" falsecount="0"/>
        <line num="181" count="192" type="stmt"/>
        <line num="185" count="4" type="stmt"/>
        <line num="195" count="0" type="cond" truecount="0" falsecount="2"/>
        <line num="201" count="0" type="stmt"/>
        <line num="202" count="0" type="stmt"/>
        <line num="205" count="0" type="stmt"/>
        <line num="206" count="0" type="cond" truecount="0" falsecount="1"/>
        <line num="207" count="0" type="stmt"/>
        <line num="211" count="0" type="cond" truecount="0" falsecount="1"/>
        <line num="212" count="0" type="stmt"/>
        <line num="213" count="0" type="stmt"/>
        <line num="215" count="0" type="stmt"/>
        <line num="223" count="0" type="stmt"/>
        <line num="224" count="0" type="stmt"/>
        <line num="234" count="187" type="stmt"/>
        <line num="235" count="187" type="cond" truecount="1" falsecount="0"/>
        <line num="238" count="0" type="stmt"/>
        <line num="239" count="0" type="cond" truecount="0" falsecount="1"/>
        <line num="240" count="0" type="stmt"/>
        <line num="241" count="0" type="stmt"/>
        <line num="244" count="0" type="stmt"/>
        <line num="251" count="19" type="cond" truecount="1" falsecount="3"/>
        <line num="253" count="19" type="stmt"/>
        <line num="255" count="0" type="cond" truecount="0" falsecount="2"/>
        <line num="263" count="0" type="cond" truecount="0" falsecount="2"/>
        <line num="265" count="0" type="stmt"/>
        <line num="277" count="21" type="cond" truecount="1" falsecount="0"/>
        <line num="278" count="1" type="stmt"/>
        <line num="281" count="20" type="stmt"/>
        <line num="284" count="19" type="stmt"/>
        <line num="287" count="19" type="stmt"/>
        <line num="288" count="19" type="stmt"/>
        <line num="291" count="19" type="stmt"/>
        <line num="292" count="19" type="stmt"/>
        <line num="294" count="1" type="stmt"/>
        <line num="299" count="1" type="stmt"/>
        <line num="302" count="18" type="stmt"/>
        <line num="311" count="18" type="stmt"/>
        <line num="313" count="18" type="stmt"/>
        <line num="314" count="18" type="stmt"/>
        <line num="317" count="18" type="cond" truecount="5" falsecount="0"/>
        <line num="318" count="18" type="cond" truecount="2" falsecount="0"/>
        <line num="320" count="18" type="cond" truecount="5" falsecount="0"/>
        <line num="322" count="18" type="stmt"/>
        <line num="335" count="18" type="stmt"/>
        <line num="336" count="187" type="stmt"/>
        <line num="337" count="187" type="stmt"/>
        <line num="338" count="187" type="stmt"/>
        <line num="339" count="187" type="stmt"/>
        <line num="347" count="187" type="cond" truecount="2" falsecount="1"/>
        <line num="348" count="0" type="stmt"/>
        <line num="349" count="0" type="stmt"/>
        <line num="350" count="0" type="stmt"/>
        <line num="353" count="187" type="stmt"/>
        <line num="360" count="187" type="stmt"/>
        <line num="361" count="187" type="stmt"/>
        <line num="362" count="187" type="stmt"/>
        <line num="363" count="187" type="stmt"/>
        <line num="364" count="187" type="stmt"/>
        <line num="366" count="187" type="stmt"/>
        <line num="374" count="187" type="cond" truecount="3" falsecount="0"/>
        <line num="375" count="11" type="stmt"/>
        <line num="378" count="0" type="cond" truecount="0" falsecount="2"/>
        <line num="379" count="0" type="stmt"/>
        <line num="380" count="0" type="stmt"/>
        <line num="384" count="0" type="stmt"/>
        <line num="388" count="18" type="stmt"/>
        <line num="397" count="18" type="stmt"/>
        <line num="399" count="0" type="cond" truecount="0" falsecount="2"/>
        <line num="400" count="0" type="stmt"/>
        <line num="401" count="0" type="stmt"/>
        <line num="404" count="18" type="stmt"/>
        <line num="416" count="187" type="stmt"/>
        <line num="417" count="187" type="stmt"/>
        <line num="418" count="187" type="stmt"/>
        <line num="421" count="187" type="stmt"/>
        <line num="422" count="187" type="stmt"/>
        <line num="423" count="187" type="stmt"/>
        <line num="425" count="187" type="stmt"/>
        <line num="438" count="187" type="stmt"/>
        <line num="441" count="187" type="stmt"/>
        <line num="443" count="187" type="stmt"/>
        <line num="454" count="187" type="cond" truecount="5" falsecount="0"/>
        <line num="457" count="187" type="stmt"/>
        <line num="458" count="187" type="stmt"/>
        <line num="459" count="187" type="stmt"/>
        <line num="460" count="187" type="stmt"/>
        <line num="463" count="187" type="stmt"/>
        <line num="465" count="187" type="stmt"/>
        <line num="468" count="0" type="stmt"/>
        <line num="469" count="0" type="stmt"/>
        <line num="470" count="0" type="stmt"/>
        <line num="473" count="0" type="stmt"/>
        <line num="474" count="0" type="stmt"/>
        <line num="475" count="0" type="stmt"/>
        <line num="478" count="0" type="stmt"/>
        <line num="479" count="0" type="stmt"/>
        <line num="481" count="0" type="stmt"/>
        <line num="506" count="0" type="stmt"/>
        <line num="507" count="0" type="stmt"/>
        <line num="510" count="0" type="stmt"/>
        <line num="511" count="0" type="stmt"/>
        <line num="520" count="0" type="stmt"/>
        <line num="523" count="187" type="cond" truecount="1" falsecount="1"/>
        <line num="524" count="187" type="stmt"/>
        <line num="525" count="187" type="stmt"/>
        <line num="532" count="187" type="stmt"/>
        <line num="542" count="187" type="cond" truecount="2" falsecount="0"/>
        <line num="544" count="187" type="cond" truecount="5" falsecount="0"/>
        <line num="547" count="187" type="stmt"/>
        <line num="548" count="187" type="stmt"/>
        <line num="553" count="187" type="cond" truecount="2" falsecount="0"/>
        <line num="554" count="22" type="stmt"/>
        <line num="564" count="22" type="stmt"/>
        <line num="566" count="165" type="stmt"/>
        <line num="570" count="165" type="stmt"/>
        <line num="578" count="0" type="cond" truecount="0" falsecount="4"/>
        <line num="579" count="0" type="cond" truecount="0" falsecount="4"/>
        <line num="581" count="0" type="stmt"/>
        <line num="582" count="0" type="stmt"/>
        <line num="586" count="0" type="stmt"/>
        <line num="588" count="0" type="cond" truecount="0" falsecount="2"/>
        <line num="589" count="0" type="stmt"/>
        <line num="591" count="0" type="cond" truecount="0" falsecount="4"/>
        <line num="593" count="0" type="stmt"/>
        <line num="595" count="0" type="cond" truecount="0" falsecount="1"/>
        <line num="596" count="0" type="stmt"/>
        <line num="597" count="0" type="cond" truecount="0" falsecount="1"/>
        <line num="598" count="0" type="stmt"/>
        <line num="603" count="0" type="stmt"/>
        <line num="605" count="0" type="stmt"/>
        <line num="617" count="0" type="stmt"/>
        <line num="618" count="0" type="stmt"/>
        <line num="623" count="0" type="cond" truecount="0" falsecount="1"/>
        <line num="624" count="0" type="stmt"/>
        <line num="625" count="0" type="stmt"/>
        <line num="627" count="0" type="stmt"/>
        <line num="631" count="0" type="stmt"/>
        <line num="642" count="22" type="stmt"/>
        <line num="643" count="22" type="stmt"/>
        <line num="646" count="22" type="stmt"/>
        <line num="647" count="22" type="stmt"/>
        <line num="649" count="22" type="stmt"/>
        <line num="650" count="22" type="stmt"/>
        <line num="655" count="22" type="stmt"/>
        <line num="657" count="0" type="stmt"/>
        <line num="663" count="0" type="stmt"/>
        <line num="665" count="22" type="stmt"/>
        <line num="670" count="22" type="stmt"/>
        <line num="672" count="22" type="stmt"/>
        <line num="677" count="22" type="stmt"/>
        <line num="680" count="22" type="stmt"/>
        <line num="681" count="22" type="stmt"/>
        <line num="683" count="22" type="stmt"/>
        <line num="684" count="22" type="cond" truecount="1" falsecount="1"/>
        <line num="685" count="22" type="stmt"/>
        <line num="687" count="0" type="stmt"/>
        <line num="691" count="22" type="cond" truecount="1" falsecount="0"/>
        <line num="692" count="22" type="stmt"/>
        <line num="695" count="0" type="stmt"/>
        <line num="702" count="165" type="stmt"/>
        <line num="704" count="165" type="stmt"/>
        <line num="705" count="165" type="stmt"/>
        <line num="707" count="165" type="stmt"/>
        <line num="712" count="165" type="stmt"/>
        <line num="714" count="0" type="stmt"/>
        <line num="720" count="0" type="stmt"/>
        <line num="723" count="0" type="stmt"/>
        <line num="732" count="194" type="stmt"/>
        <line num="733" count="194" type="cond" truecount="0" falsecount="1"/>
        <line num="734" count="0" type="stmt"/>
        <line num="735" count="0" type="stmt"/>
        <line num="737" count="194" type="cond" truecount="1" falsecount="0"/>
        <line num="738" count="1" type="stmt"/>
        <line num="739" count="1" type="stmt"/>
        <line num="741" count="193" type="stmt"/>
        <line num="744" count="194" type="cond" truecount="1" falsecount="0"/>
        <line num="745" count="1" type="stmt"/>
        <line num="749" count="193" type="stmt"/>
        <line num="754" count="3" type="stmt"/>
        <line num="762" count="3" type="stmt"/>
        <line num="769" count="0" type="cond" truecount="0" falsecount="1"/>
        <line num="770" count="0" type="stmt"/>
        <line num="774" count="0" type="stmt"/>
        <line num="775" count="0" type="cond" truecount="0" falsecount="2"/>
        <line num="778" count="0" type="stmt"/>
        <line num="785" count="193" type="cond" truecount="1" falsecount="0"/>
        <line num="786" count="193" type="stmt"/>
        <line num="789" count="193" type="stmt"/>
        <line num="790" count="193" type="stmt"/>
        <line num="791" count="0" type="stmt"/>
        <line num="793" count="193" type="stmt"/>
        <line num="799" count="193" type="cond" truecount="0" falsecount="1"/>
        <line num="800" count="0" type="stmt"/>
        <line num="804" count="0" type="stmt"/>
        <line num="805" count="0" type="stmt"/>
        <line num="808" count="0" type="stmt"/>
        <line num="809" count="0" type="stmt"/>
        <line num="812" count="0" type="stmt"/>
        <line num="814" count="0" type="stmt"/>
        <line num="819" count="0" type="stmt"/>
        <line num="826" count="193" type="stmt"/>
        <line num="827" count="579" type="cond" truecount="1" falsecount="0"/>
        <line num="828" count="383" type="stmt"/>
        <line num="829" count="383" type="stmt"/>
        <line num="832" count="196" type="stmt"/>
        <line num="833" count="196" type="stmt"/>
        <line num="849" count="196" type="stmt"/>
        <line num="852" count="0" type="cond" truecount="0" falsecount="3"/>
        <line num="853" count="0" type="stmt"/>
        <line num="856" count="0" type="stmt"/>
        <line num="857" count="0" type="cond" truecount="0" falsecount="3"/>
        <line num="858" count="0" type="stmt"/>
        <line num="861" count="0" type="stmt"/>
        <line num="862" count="0" type="stmt"/>
        <line num="865" count="0" type="cond" truecount="0" falsecount="1"/>
        <line num="866" count="0" type="stmt"/>
        <line num="873" count="0" type="stmt"/>
        <line num="874" count="0" type="stmt"/>
        <line num="876" count="0" type="stmt"/>
        <line num="880" count="0" type="stmt"/>
        <line num="887" count="0" type="cond" truecount="0" falsecount="1"/>
        <line num="888" count="0" type="cond" truecount="0" falsecount="2"/>
        <line num="889" count="0" type="cond" truecount="0" falsecount="1"/>
        <line num="890" count="0" type="stmt"/>
        <line num="895" count="0" type="stmt"/>
        <line num="899" count="0" type="stmt"/>
        <line num="906" count="0" type="stmt"/>
        <line num="908" count="196" type="cond" truecount="1" falsecount="1"/>
        <line num="909" count="196" type="stmt"/>
        <line num="910" count="196" type="cond" truecount="2" falsecount="0"/>
        <line num="913" count="196" type="cond" truecount="1" falsecount="0"/>
        <line num="914" count="196" type="stmt"/>
        <line num="917" count="196" type="stmt"/>
        <line num="926" count="196" type="cond" truecount="0" falsecount="1"/>
        <line num="927" count="0" type="stmt"/>
        <line num="931" count="0" type="stmt"/>
        <line num="935" count="196" type="stmt"/>
        <line num="940" count="193" type="stmt"/>
        <line num="941" count="579" type="cond" truecount="2" falsecount="0"/>
        <line num="943" count="193" type="stmt"/>
        <line num="955" count="7" type="cond" truecount="0" falsecount="1"/>
        <line num="956" count="0" type="stmt"/>
        <line num="960" count="7" type="cond" truecount="1" falsecount="0"/>
        <line num="961" count="1" type="stmt"/>
        <line num="963" count="1" type="stmt"/>
        <line num="965" count="0" type="cond" truecount="0" falsecount="1"/>
        <line num="966" count="0" type="stmt"/>
        <line num="967" count="0" type="stmt"/>
        <line num="971" count="0" type="cond" truecount="0" falsecount="2"/>
        <line num="974" count="0" type="cond" truecount="0" falsecount="2"/>
        <line num="975" count="0" type="stmt"/>
        <line num="985" count="0" type="stmt"/>
        <line num="986" count="0" type="stmt"/>
        <line num="991" count="0" type="stmt"/>
        <line num="993" count="0" type="stmt"/>
        <line num="1005" count="0" type="stmt"/>
        <line num="1012" count="1" type="stmt"/>
        <line num="1019" count="7" type="stmt"/>
        <line num="1020" count="0" type="stmt"/>
        <line num="1040" count="187" type="cond" truecount="2" falsecount="0"/>
        <line num="1041" count="187" type="cond" truecount="2" falsecount="0"/>
        <line num="1042" count="187" type="stmt"/>
        <line num="1045" count="187" type="cond" truecount="3" falsecount="0"/>
        <line num="1046" count="187" type="stmt"/>
        <line num="1047" count="187" type="stmt"/>
        <line num="1049" count="187" type="stmt"/>
        <line num="1057" count="187" type="stmt"/>
        <line num="1077" count="187" type="cond" truecount="0" falsecount="1"/>
        <line num="1078" count="0" type="stmt"/>
        <line num="1082" count="187" type="stmt"/>
        <line num="1087" count="187" type="stmt"/>
        <line num="1090" count="187" type="cond" truecount="1" falsecount="1"/>
        <line num="1092" count="0" type="stmt"/>
        <line num="1093" count="0" type="stmt"/>
        <line num="1095" count="0" type="cond" truecount="0" falsecount="2"/>
        <line num="1096" count="0" type="stmt"/>
        <line num="1106" count="0" type="stmt"/>
        <line num="1107" count="0" type="stmt"/>
        <line num="1108" count="0" type="stmt"/>
        <line num="1109" count="0" type="stmt"/>
        <line num="1121" count="0" type="stmt"/>
        <line num="1140" count="187" type="stmt"/>
        <line num="1141" count="187" type="stmt"/>
        <line num="1142" count="187" type="stmt"/>
        <line num="1143" count="187" type="stmt"/>
        <line num="1144" count="187" type="stmt"/>
        <line num="1145" count="187" type="stmt"/>
        <line num="1147" count="187" type="stmt"/>
        <line num="1148" count="867" type="cond" truecount="2" falsecount="2"/>
        <line num="1150" count="0" type="stmt"/>
        <line num="1159" count="0" type="stmt"/>
        <line num="1160" count="0" type="stmt"/>
        <line num="1161" count="0" type="stmt"/>
        <line num="1163" count="867" type="cond" truecount="2" falsecount="0"/>
        <line num="1164" count="867" type="cond" truecount="1" falsecount="0"/>
        <line num="1165" count="170" type="stmt"/>
        <line num="1168" count="867" type="stmt"/>
        <line num="1172" count="187" type="cond" truecount="1" falsecount="0"/>
        <line num="1173" count="187" type="stmt"/>
        <line num="1182" count="187" type="stmt"/>
        <line num="1189" count="0" type="stmt"/>
        <line num="1190" count="0" type="stmt"/>
        <line num="1197" count="471" type="cond" truecount="1" falsecount="0"/>
        <line num="1198" count="0" type="cond" truecount="0" falsecount="1"/>
        <line num="1199" count="0" type="stmt"/>
        <line num="1204" count="19" type="stmt"/>
        <line num="1205" count="19" type="cond" truecount="1" falsecount="3"/>
        <line num="1207" count="19" type="stmt"/>
        <line num="1209" count="0" type="stmt"/>
        <line num="1211" count="0" type="cond" truecount="0" falsecount="2"/>
        <line num="1213" count="0" type="stmt"/>
        <line num="1232" count="0" type="stmt"/>
        <line num="1248" count="0" type="stmt"/>
        <line num="1250" count="0" type="cond" truecount="0" falsecount="4"/>
        <line num="1252" count="0" type="stmt"/>
        <line num="1258" count="0" type="stmt"/>
        <line num="1264" count="0" type="stmt"/>
        <line num="1270" count="0" type="stmt"/>
        <line num="1282" count="176" type="stmt"/>
        <line num="1283" count="176" type="stmt"/>
        <line num="1284" count="176" type="stmt"/>
        <line num="1287" count="176" type="stmt"/>
        <line num="1288" count="0" type="stmt"/>
        <line num="1291" count="176" type="cond" truecount="1" falsecount="0"/>
        <line num="1294" count="0" type="stmt"/>
        <line num="1295" count="0" type="cond" truecount="0" falsecount="2"/>
        <line num="1298" count="0" type="stmt"/>
        <line num="1300" count="0" type="stmt"/>
        <line num="1308" count="374" type="stmt"/>
        <line num="1309" count="374" type="stmt"/>
        <line num="1339" count="374" type="cond" truecount="1" falsecount="1"/>
        <line num="1346" count="187" type="stmt"/>
        <line num="1347" count="187" type="stmt"/>
        <line num="1354" count="36" type="stmt"/>
        <line num="1356" count="18" type="stmt"/>
        <line num="1366" count="18" type="cond" truecount="4" falsecount="0"/>
        <line num="1368" count="18" type="stmt"/>
        <line num="1375" count="18" type="stmt"/>
        <line num="1376" count="187" type="stmt"/>
        <line num="1377" count="187" type="stmt"/>
        <line num="1388" count="18" type="stmt"/>
        <line num="1389" count="187" type="stmt"/>
        <line num="1390" count="18" type="stmt"/>
        <line num="1392" count="18" type="cond" truecount="0" falsecount="1"/>
        <line num="1393" count="0" type="stmt"/>
        <line num="1399" count="18" type="stmt"/>
        <line num="1406" count="11" type="stmt"/>
        <line num="1417" count="0" type="stmt"/>
        <line num="1418" count="0" type="stmt"/>
        <line num="1425" count="3" type="cond" truecount="1" falsecount="0"/>
        <line num="1426" count="1" type="stmt"/>
        <line num="1427" count="1" type="stmt"/>
        <line num="1429" count="3" type="cond" truecount="1" falsecount="0"/>
        <line num="1431" count="3" type="stmt"/>
        <line num="1442" count="19" type="stmt"/>
        <line num="1444" count="19" type="stmt"/>
        <line num="1445" count="19" type="stmt"/>
        <line num="1446" count="19" type="cond" truecount="1" falsecount="1"/>
        <line num="1449" count="19" type="stmt"/>
        <line num="1456" count="0" type="cond" truecount="0" falsecount="2"/>
        <line num="1457" count="0" type="stmt"/>
        <line num="1465" count="0" type="cond" truecount="0" falsecount="1"/>
        <line num="1467" count="0" type="stmt"/>
        <line num="1476" count="0" type="stmt"/>
        <line num="1478" count="0" type="stmt"/>
        <line num="1483" count="0" type="cond" truecount="0" falsecount="1"/>
        <line num="1484" count="0" type="stmt"/>
        <line num="1491" count="0" type="stmt"/>
        <line num="1492" count="0" type="cond" truecount="0" falsecount="1"/>
        <line num="1493" count="0" type="stmt"/>
        <line num="1503" count="0" type="stmt"/>
        <line num="1505" count="0" type="stmt"/>
        <line num="1511" count="19" type="stmt"/>
        <line num="1524" count="0" type="stmt"/>
        <line num="1525" count="0" type="stmt"/>
        <line num="1526" count="0" type="stmt"/>
        <line num="1527" count="0" type="stmt"/>
        <line num="1529" count="0" type="cond" truecount="0" falsecount="4"/>
        <line num="1534" count="11" type="stmt"/>
      </file>
      <file name="embeddingStorage.ts" path="C:\Dev\ambiance-mcp\src\local\embeddingStorage.ts">
        <metrics statements="370" coveredstatements="40" conditionals="176" coveredconditionals="9" methods="89" coveredmethods="8"/>
        <line num="15" count="11" type="stmt"/>
        <line num="16" count="11" type="stmt"/>
        <line num="17" count="11" type="stmt"/>
        <line num="18" count="11" type="stmt"/>
        <line num="19" count="11" type="stmt"/>
        <line num="79" count="11" type="stmt"/>
        <line num="80" count="70" type="stmt"/>
        <line num="82" count="70" type="stmt"/>
        <line num="85" count="70" type="stmt"/>
        <line num="86" count="70" type="stmt"/>
        <line num="87" count="70" type="stmt"/>
        <line num="88" count="70" type="stmt"/>
        <line num="91" count="70" type="stmt"/>
        <line num="92" count="70" type="stmt"/>
        <line num="93" count="70" type="stmt"/>
        <line num="94" count="70" type="stmt"/>
        <line num="98" count="70" type="cond" truecount="4" falsecount="0"/>
        <line num="99" count="1" type="stmt"/>
        <line num="101" count="69" type="cond" truecount="1" falsecount="2"/>
        <line num="102" count="69" type="stmt"/>
        <line num="105" count="69" type="stmt"/>
        <line num="106" count="69" type="cond" truecount="1" falsecount="1"/>
        <line num="107" count="0" type="stmt"/>
        <line num="108" count="0" type="stmt"/>
        <line num="110" count="69" type="stmt"/>
        <line num="114" count="70" type="stmt"/>
        <line num="125" count="13" type="cond" truecount="0" falsecount="1"/>
        <line num="127" count="13" type="stmt"/>
        <line num="129" count="13" type="stmt"/>
        <line num="130" count="13" type="cond" truecount="1" falsecount="0"/>
        <line num="131" count="13" type="stmt"/>
        <line num="134" count="13" type="stmt"/>
        <line num="135" count="0" type="cond" truecount="0" falsecount="1"/>
        <line num="136" count="0" type="stmt"/>
        <line num="140" count="0" type="stmt"/>
        <line num="141" count="0" type="stmt"/>
        <line num="144" count="0" type="stmt"/>
        <line num="145" count="0" type="stmt"/>
        <line num="147" count="0" type="stmt"/>
        <line num="148" count="0" type="stmt"/>
        <line num="149" count="0" type="stmt"/>
        <line num="160" count="0" type="stmt"/>
        <line num="161" count="0" type="cond" truecount="0" falsecount="1"/>
        <line num="162" count="0" type="stmt"/>
        <line num="163" count="0" type="stmt"/>
        <line num="167" count="0" type="stmt"/>
        <line num="170" count="0" type="cond" truecount="0" falsecount="1"/>
        <line num="171" count="0" type="stmt"/>
        <line num="172" count="0" type="stmt"/>
        <line num="175" count="0" type="stmt"/>
        <line num="176" count="0" type="stmt"/>
        <line num="178" count="0" type="stmt"/>
        <line num="179" count="0" type="stmt"/>
        <line num="191" count="0" type="stmt"/>
        <line num="192" count="0" type="cond" truecount="0" falsecount="1"/>
        <line num="193" count="0" type="stmt"/>
        <line num="194" count="0" type="stmt"/>
        <line num="197" count="0" type="stmt"/>
        <line num="199" count="0" type="cond" truecount="0" falsecount="2"/>
        <line num="201" count="0" type="stmt"/>
        <line num="204" count="0" type="cond" truecount="0" falsecount="1"/>
        <line num="205" count="0" type="stmt"/>
        <line num="206" count="0" type="stmt"/>
        <line num="209" count="0" type="cond" truecount="0" falsecount="1"/>
        <line num="211" count="0" type="stmt"/>
        <line num="276" count="0" type="cond" truecount="0" falsecount="2"/>
        <line num="277" count="0" type="stmt"/>
        <line num="278" count="0" type="stmt"/>
        <line num="279" count="0" type="cond" truecount="0" falsecount="2"/>
        <line num="280" count="0" type="stmt"/>
        <line num="281" count="0" type="stmt"/>
        <line num="283" count="0" type="stmt"/>
        <line num="284" count="0" type="stmt"/>
        <line num="289" count="0" type="stmt"/>
        <line num="295" count="0" type="stmt"/>
        <line num="304" count="0" type="stmt"/>
        <line num="305" count="0" type="cond" truecount="0" falsecount="1"/>
        <line num="306" count="0" type="stmt"/>
        <line num="307" count="0" type="stmt"/>
        <line num="310" count="0" type="stmt"/>
        <line num="376" count="0" type="stmt"/>
        <line num="377" count="0" type="cond" truecount="0" falsecount="2"/>
        <line num="378" count="0" type="stmt"/>
        <line num="379" count="0" type="stmt"/>
        <line num="381" count="0" type="stmt"/>
        <line num="382" count="0" type="stmt"/>
        <line num="392" count="0" type="cond" truecount="0" falsecount="1"/>
        <line num="395" count="0" type="stmt"/>
        <line num="401" count="0" type="stmt"/>
        <line num="406" count="0" type="stmt"/>
        <line num="410" count="0" type="stmt"/>
        <line num="414" count="0" type="stmt"/>
        <line num="423" count="0" type="stmt"/>
        <line num="431" count="0" type="stmt"/>
        <line num="435" count="0" type="stmt"/>
        <line num="444" count="0" type="cond" truecount="0" falsecount="1"/>
        <line num="445" count="0" type="stmt"/>
        <line num="448" count="0" type="cond" truecount="0" falsecount="3"/>
        <line num="449" count="0" type="stmt"/>
        <line num="452" count="0" type="stmt"/>
        <line num="454" count="0" type="stmt"/>
        <line num="455" count="0" type="cond" truecount="0" falsecount="2"/>
        <line num="457" count="0" type="stmt"/>
        <line num="477" count="0" type="cond" truecount="0" falsecount="2"/>
        <line num="478" count="0" type="stmt"/>
        <line num="483" count="0" type="stmt"/>
        <line num="486" count="0" type="stmt"/>
        <line num="487" count="0" type="cond" truecount="0" falsecount="1"/>
        <line num="488" count="0" type="stmt"/>
        <line num="492" count="0" type="stmt"/>
        <line num="497" count="0" type="stmt"/>
        <line num="508" count="0" type="cond" truecount="0" falsecount="1"/>
        <line num="509" count="0" type="stmt"/>
        <line num="512" count="0" type="cond" truecount="0" falsecount="1"/>
        <line num="513" count="0" type="stmt"/>
        <line num="516" count="0" type="stmt"/>
        <line num="517" count="0" type="stmt"/>
        <line num="518" count="0" type="cond" truecount="0" falsecount="2"/>
        <line num="519" count="0" type="stmt"/>
        <line num="523" count="0" type="stmt"/>
        <line num="525" count="0" type="stmt"/>
        <line num="526" count="0" type="stmt"/>
        <line num="530" count="0" type="stmt"/>
        <line num="547" count="0" type="stmt"/>
        <line num="549" count="0" type="cond" truecount="0" falsecount="1"/>
        <line num="550" count="0" type="stmt"/>
        <line num="553" count="0" type="stmt"/>
        <line num="559" count="0" type="stmt"/>
        <line num="566" count="0" type="cond" truecount="0" falsecount="2"/>
        <line num="568" count="0" type="stmt"/>
        <line num="569" count="0" type="stmt"/>
        <line num="572" count="0" type="stmt"/>
        <line num="574" count="0" type="cond" truecount="0" falsecount="3"/>
        <line num="576" count="0" type="stmt"/>
        <line num="581" count="0" type="stmt"/>
        <line num="584" count="0" type="stmt"/>
        <line num="592" count="0" type="cond" truecount="0" falsecount="1"/>
        <line num="594" count="0" type="stmt"/>
        <line num="595" count="0" type="stmt"/>
        <line num="596" count="0" type="stmt"/>
        <line num="598" count="0" type="stmt"/>
        <line num="599" count="0" type="stmt"/>
        <line num="600" count="0" type="stmt"/>
        <line num="601" count="0" type="stmt"/>
        <line num="604" count="0" type="cond" truecount="0" falsecount="3"/>
        <line num="606" count="0" type="stmt"/>
        <line num="613" count="0" type="stmt"/>
        <line num="614" count="0" type="stmt"/>
        <line num="615" count="0" type="cond" truecount="0" falsecount="2"/>
        <line num="617" count="0" type="stmt"/>
        <line num="645" count="4" type="stmt"/>
        <line num="652" count="0" type="cond" truecount="0" falsecount="1"/>
        <line num="653" count="0" type="stmt"/>
        <line num="656" count="0" type="cond" truecount="0" falsecount="1"/>
        <line num="657" count="0" type="stmt"/>
        <line num="660" count="0" type="stmt"/>
        <line num="661" count="0" type="stmt"/>
        <line num="673" count="0" type="cond" truecount="0" falsecount="2"/>
        <line num="674" count="0" type="stmt"/>
        <line num="679" count="0" type="stmt"/>
        <line num="681" count="0" type="stmt"/>
        <line num="686" count="0" type="stmt"/>
        <line num="697" count="0" type="cond" truecount="0" falsecount="1"/>
        <line num="698" count="0" type="stmt"/>
        <line num="701" count="0" type="cond" truecount="0" falsecount="1"/>
        <line num="702" count="0" type="stmt"/>
        <line num="705" count="0" type="stmt"/>
        <line num="706" count="0" type="stmt"/>
        <line num="707" count="0" type="cond" truecount="0" falsecount="2"/>
        <line num="708" count="0" type="stmt"/>
        <line num="709" count="0" type="stmt"/>
        <line num="710" count="0" type="cond" truecount="0" falsecount="2"/>
        <line num="711" count="0" type="stmt"/>
        <line num="713" count="0" type="stmt"/>
        <line num="734" count="0" type="cond" truecount="0" falsecount="1"/>
        <line num="735" count="0" type="stmt"/>
        <line num="738" count="0" type="cond" truecount="0" falsecount="1"/>
        <line num="739" count="0" type="stmt"/>
        <line num="742" count="0" type="stmt"/>
        <line num="743" count="0" type="stmt"/>
        <line num="744" count="0" type="cond" truecount="0" falsecount="2"/>
        <line num="745" count="0" type="stmt"/>
        <line num="746" count="0" type="stmt"/>
        <line num="748" count="0" type="stmt"/>
        <line num="760" count="0" type="stmt"/>
        <line num="777" count="0" type="cond" truecount="0" falsecount="1"/>
        <line num="778" count="0" type="stmt"/>
        <line num="781" count="0" type="stmt"/>
        <line num="782" count="0" type="cond" truecount="0" falsecount="1"/>
        <line num="783" count="0" type="stmt"/>
        <line num="784" count="0" type="stmt"/>
        <line num="787" count="0" type="stmt"/>
        <line num="799" count="0" type="cond" truecount="0" falsecount="2"/>
        <line num="800" count="0" type="stmt"/>
        <line num="801" count="0" type="stmt"/>
        <line num="803" count="0" type="stmt"/>
        <line num="809" count="0" type="stmt"/>
        <line num="822" count="0" type="cond" truecount="0" falsecount="1"/>
        <line num="823" count="0" type="stmt"/>
        <line num="826" count="0" type="stmt"/>
        <line num="827" count="0" type="stmt"/>
        <line num="831" count="0" type="cond" truecount="0" falsecount="2"/>
        <line num="832" count="0" type="stmt"/>
        <line num="833" count="0" type="cond" truecount="0" falsecount="2"/>
        <line num="834" count="0" type="stmt"/>
        <line num="836" count="0" type="stmt"/>
        <line num="856" count="0" type="cond" truecount="0" falsecount="1"/>
        <line num="857" count="0" type="stmt"/>
        <line num="860" count="0" type="stmt"/>
        <line num="861" count="0" type="cond" truecount="0" falsecount="1"/>
        <line num="862" count="0" type="stmt"/>
        <line num="863" count="0" type="stmt"/>
        <line num="867" count="0" type="stmt"/>
        <line num="871" count="0" type="cond" truecount="0" falsecount="1"/>
        <line num="872" count="0" type="stmt"/>
        <line num="873" count="0" type="stmt"/>
        <line num="876" count="0" type="stmt"/>
        <line num="885" count="0" type="cond" truecount="0" falsecount="1"/>
        <line num="887" count="0" type="stmt"/>
        <line num="891" count="0" type="cond" truecount="0" falsecount="1"/>
        <line num="892" count="0" type="stmt"/>
        <line num="893" count="0" type="stmt"/>
        <line num="896" count="0" type="stmt"/>
        <line num="904" count="0" type="stmt"/>
        <line num="907" count="0" type="stmt"/>
        <line num="918" count="0" type="cond" truecount="0" falsecount="3"/>
        <line num="922" count="0" type="cond" truecount="0" falsecount="2"/>
        <line num="924" count="0" type="stmt"/>
        <line num="928" count="0" type="cond" truecount="0" falsecount="1"/>
        <line num="929" count="0" type="stmt"/>
        <line num="930" count="0" type="stmt"/>
        <line num="933" count="0" type="cond" truecount="0" falsecount="2"/>
        <line num="934" count="0" type="stmt"/>
        <line num="937" count="0" type="stmt"/>
        <line num="947" count="0" type="cond" truecount="0" falsecount="1"/>
        <line num="948" count="0" type="stmt"/>
        <line num="949" count="0" type="stmt"/>
        <line num="952" count="0" type="stmt"/>
        <line num="962" count="0" type="stmt"/>
        <line num="974" count="0" type="stmt"/>
        <line num="990" count="0" type="cond" truecount="0" falsecount="1"/>
        <line num="991" count="0" type="stmt"/>
        <line num="994" count="0" type="stmt"/>
        <line num="995" count="0" type="cond" truecount="0" falsecount="1"/>
        <line num="996" count="0" type="stmt"/>
        <line num="997" count="0" type="stmt"/>
        <line num="1000" count="0" type="stmt"/>
        <line num="1004" count="0" type="cond" truecount="0" falsecount="2"/>
        <line num="1005" count="0" type="stmt"/>
        <line num="1006" count="0" type="cond" truecount="0" falsecount="2"/>
        <line num="1007" count="0" type="stmt"/>
        <line num="1009" count="0" type="stmt"/>
        <line num="1010" count="0" type="cond" truecount="0" falsecount="2"/>
        <line num="1011" count="0" type="cond" truecount="0" falsecount="1"/>
        <line num="1012" count="0" type="cond" truecount="0" falsecount="4"/>
        <line num="1013" count="0" type="stmt"/>
        <line num="1014" count="0" type="cond" truecount="0" falsecount="3"/>
        <line num="1015" count="0" type="stmt"/>
        <line num="1017" count="0" type="stmt"/>
        <line num="1039" count="0" type="cond" truecount="0" falsecount="1"/>
        <line num="1040" count="0" type="stmt"/>
        <line num="1043" count="0" type="stmt"/>
        <line num="1044" count="0" type="cond" truecount="0" falsecount="1"/>
        <line num="1045" count="0" type="stmt"/>
        <line num="1046" count="0" type="stmt"/>
        <line num="1050" count="0" type="stmt"/>
        <line num="1060" count="0" type="cond" truecount="0" falsecount="1"/>
        <line num="1061" count="0" type="stmt"/>
        <line num="1062" count="0" type="stmt"/>
        <line num="1065" count="0" type="stmt"/>
        <line num="1066" count="0" type="stmt"/>
        <line num="1067" count="0" type="stmt"/>
        <line num="1070" count="0" type="stmt"/>
        <line num="1071" count="0" type="cond" truecount="0" falsecount="2"/>
        <line num="1072" count="0" type="cond" truecount="0" falsecount="1"/>
        <line num="1073" count="0" type="cond" truecount="0" falsecount="4"/>
        <line num="1074" count="0" type="cond" truecount="0" falsecount="3"/>
        <line num="1075" count="0" type="stmt"/>
        <line num="1078" count="0" type="stmt"/>
        <line num="1079" count="0" type="stmt"/>
        <line num="1080" count="0" type="stmt"/>
        <line num="1081" count="0" type="cond" truecount="0" falsecount="1"/>
        <line num="1082" count="0" type="stmt"/>
        <line num="1088" count="0" type="stmt"/>
        <line num="1090" count="0" type="stmt"/>
        <line num="1092" count="0" type="cond" truecount="0" falsecount="1"/>
        <line num="1093" count="0" type="stmt"/>
        <line num="1094" count="0" type="stmt"/>
        <line num="1095" count="0" type="stmt"/>
        <line num="1098" count="0" type="stmt"/>
        <line num="1099" count="0" type="stmt"/>
        <line num="1104" count="0" type="cond" truecount="0" falsecount="1"/>
        <line num="1105" count="0" type="stmt"/>
        <line num="1106" count="0" type="stmt"/>
        <line num="1110" count="0" type="stmt"/>
        <line num="1114" count="0" type="cond" truecount="0" falsecount="1"/>
        <line num="1115" count="0" type="stmt"/>
        <line num="1116" count="0" type="stmt"/>
        <line num="1119" count="0" type="cond" truecount="0" falsecount="1"/>
        <line num="1120" count="0" type="stmt"/>
        <line num="1121" count="0" type="stmt"/>
        <line num="1124" count="0" type="stmt"/>
        <line num="1127" count="0" type="stmt"/>
        <line num="1144" count="0" type="stmt"/>
        <line num="1146" count="0" type="stmt"/>
        <line num="1149" count="0" type="stmt"/>
        <line num="1150" count="0" type="stmt"/>
        <line num="1157" count="0" type="cond" truecount="0" falsecount="1"/>
        <line num="1158" count="0" type="stmt"/>
        <line num="1159" count="0" type="stmt"/>
        <line num="1162" count="0" type="cond" truecount="0" falsecount="5"/>
        <line num="1163" count="0" type="stmt"/>
        <line num="1171" count="0" type="stmt"/>
        <line num="1175" count="0" type="cond" truecount="0" falsecount="1"/>
        <line num="1176" count="0" type="stmt"/>
        <line num="1179" count="0" type="stmt"/>
        <line num="1183" count="0" type="stmt"/>
        <line num="1187" count="0" type="stmt"/>
        <line num="1192" count="0" type="cond" truecount="0" falsecount="1"/>
        <line num="1193" count="0" type="stmt"/>
        <line num="1198" count="0" type="stmt"/>
        <line num="1205" count="0" type="stmt"/>
        <line num="1208" count="0" type="stmt"/>
        <line num="1214" count="0" type="stmt"/>
        <line num="1220" count="0" type="stmt"/>
        <line num="1231" count="0" type="stmt"/>
        <line num="1233" count="0" type="stmt"/>
        <line num="1235" count="0" type="stmt"/>
        <line num="1236" count="0" type="stmt"/>
        <line num="1238" count="0" type="stmt"/>
        <line num="1241" count="0" type="cond" truecount="0" falsecount="1"/>
        <line num="1242" count="0" type="stmt"/>
        <line num="1246" count="0" type="stmt"/>
        <line num="1247" count="0" type="cond" truecount="0" falsecount="1"/>
        <line num="1248" count="0" type="stmt"/>
        <line num="1249" count="0" type="stmt"/>
        <line num="1253" count="0" type="stmt"/>
        <line num="1254" count="0" type="cond" truecount="0" falsecount="1"/>
        <line num="1255" count="0" type="stmt"/>
        <line num="1258" count="0" type="stmt"/>
        <line num="1263" count="0" type="stmt"/>
        <line num="1276" count="0" type="stmt"/>
        <line num="1278" count="0" type="stmt"/>
        <line num="1280" count="0" type="stmt"/>
        <line num="1281" count="0" type="stmt"/>
        <line num="1283" count="0" type="stmt"/>
        <line num="1287" count="0" type="cond" truecount="0" falsecount="1"/>
        <line num="1288" count="0" type="stmt"/>
        <line num="1295" count="0" type="stmt"/>
        <line num="1296" count="0" type="cond" truecount="0" falsecount="1"/>
        <line num="1297" count="0" type="stmt"/>
        <line num="1298" count="0" type="stmt"/>
        <line num="1302" count="0" type="stmt"/>
        <line num="1306" count="0" type="cond" truecount="0" falsecount="1"/>
        <line num="1307" count="0" type="stmt"/>
        <line num="1314" count="0" type="stmt"/>
        <line num="1318" count="0" type="cond" truecount="0" falsecount="1"/>
        <line num="1319" count="0" type="stmt"/>
        <line num="1325" count="0" type="stmt"/>
        <line num="1330" count="0" type="stmt"/>
        <line num="1346" count="21" type="cond" truecount="1" falsecount="0"/>
        <line num="1347" count="13" type="stmt"/>
        <line num="1348" count="13" type="stmt"/>
        <line num="1349" count="13" type="cond" truecount="1" falsecount="1"/>
        <line num="1350" count="0" type="stmt"/>
        <line num="1352" count="13" type="stmt"/>
        <line num="1354" count="13" type="stmt"/>
        <line num="1355" count="13" type="stmt"/>
        <line num="1365" count="15" type="stmt"/>
        <line num="1370" count="11" type="stmt"/>
      </file>
      <file name="enhancedSemanticCompactor.ts" path="C:\Dev\ambiance-mcp\src\local\enhancedSemanticCompactor.ts">
        <metrics statements="120" coveredstatements="11" conditionals="118" coveredconditionals="0" methods="15" coveredmethods="2"/>
        <line num="16" count="5" type="stmt"/>
        <line num="17" count="5" type="stmt"/>
        <line num="18" count="5" type="stmt"/>
        <line num="19" count="5" type="stmt"/>
        <line num="20" count="5" type="stmt"/>
        <line num="54" count="5" type="stmt"/>
        <line num="60" count="5" type="stmt"/>
        <line num="61" count="5" type="stmt"/>
        <line num="62" count="5" type="stmt"/>
        <line num="69" count="0" type="stmt"/>
        <line num="71" count="0" type="stmt"/>
        <line num="78" count="0" type="stmt"/>
        <line num="80" count="0" type="stmt"/>
        <line num="81" count="0" type="stmt"/>
        <line num="84" count="0" type="stmt"/>
        <line num="85" count="0" type="stmt"/>
        <line num="86" count="0" type="stmt"/>
        <line num="91" count="0" type="stmt"/>
        <line num="98" count="0" type="stmt"/>
        <line num="109" count="0" type="stmt"/>
        <line num="114" count="0" type="stmt"/>
        <line num="125" count="0" type="cond" truecount="0" falsecount="2"/>
        <line num="137" count="0" type="stmt"/>
        <line num="149" count="0" type="stmt"/>
        <line num="155" count="0" type="stmt"/>
        <line num="164" count="0" type="cond" truecount="0" falsecount="4"/>
        <line num="165" count="0" type="stmt"/>
        <line num="173" count="0" type="stmt"/>
        <line num="174" count="0" type="stmt"/>
        <line num="176" count="0" type="stmt"/>
        <line num="182" count="0" type="cond" truecount="0" falsecount="1"/>
        <line num="183" count="0" type="stmt"/>
        <line num="184" count="0" type="stmt"/>
        <line num="189" count="0" type="stmt"/>
        <line num="196" count="0" type="stmt"/>
        <line num="197" count="0" type="stmt"/>
        <line num="204" count="0" type="stmt"/>
        <line num="206" count="0" type="stmt"/>
        <line num="210" count="0" type="stmt"/>
        <line num="222" count="0" type="stmt"/>
        <line num="225" count="0" type="stmt"/>
        <line num="228" count="0" type="stmt"/>
        <line num="229" count="0" type="stmt"/>
        <line num="232" count="0" type="cond" truecount="0" falsecount="3"/>
        <line num="233" count="0" type="stmt"/>
        <line num="238" count="0" type="stmt"/>
        <line num="240" count="0" type="cond" truecount="0" falsecount="3"/>
        <line num="241" count="0" type="stmt"/>
        <line num="246" count="0" type="stmt"/>
        <line num="247" count="0" type="stmt"/>
        <line num="251" count="0" type="cond" truecount="0" falsecount="3"/>
        <line num="252" count="0" type="stmt"/>
        <line num="253" count="0" type="stmt"/>
        <line num="258" count="0" type="stmt"/>
        <line num="259" count="0" type="cond" truecount="0" falsecount="1"/>
        <line num="260" count="0" type="stmt"/>
        <line num="266" count="0" type="stmt"/>
        <line num="279" count="0" type="stmt"/>
        <line num="284" count="0" type="stmt"/>
        <line num="291" count="0" type="stmt"/>
        <line num="297" count="0" type="stmt"/>
        <line num="304" count="0" type="stmt"/>
        <line num="306" count="0" type="cond" truecount="0" falsecount="1"/>
        <line num="307" count="0" type="stmt"/>
        <line num="312" count="0" type="cond" truecount="0" falsecount="1"/>
        <line num="313" count="0" type="stmt"/>
        <line num="327" count="0" type="stmt"/>
        <line num="331" count="0" type="cond" truecount="0" falsecount="2"/>
        <line num="332" count="0" type="stmt"/>
        <line num="333" count="0" type="stmt"/>
        <line num="337" count="0" type="stmt"/>
        <line num="346" count="0" type="stmt"/>
        <line num="352" count="0" type="stmt"/>
        <line num="362" count="0" type="stmt"/>
        <line num="364" count="0" type="stmt"/>
        <line num="381" count="0" type="stmt"/>
        <line num="388" count="0" type="stmt"/>
        <line num="393" count="0" type="stmt"/>
        <line num="405" count="0" type="cond" truecount="0" falsecount="1"/>
        <line num="406" count="0" type="stmt"/>
        <line num="407" count="0" type="stmt"/>
        <line num="411" count="0" type="stmt"/>
        <line num="413" count="0" type="cond" truecount="0" falsecount="4"/>
        <line num="414" count="0" type="stmt"/>
        <line num="416" count="0" type="stmt"/>
        <line num="427" count="0" type="stmt"/>
        <line num="434" count="0" type="cond" truecount="0" falsecount="1"/>
        <line num="435" count="0" type="stmt"/>
        <line num="453" count="0" type="cond" truecount="0" falsecount="2"/>
        <line num="456" count="0" type="stmt"/>
        <line num="462" count="0" type="stmt"/>
        <line num="468" count="0" type="stmt"/>
        <line num="470" count="0" type="cond" truecount="0" falsecount="2"/>
        <line num="472" count="0" type="stmt"/>
        <line num="474" count="0" type="stmt"/>
        <line num="482" count="0" type="stmt"/>
        <line num="490" count="0" type="cond" truecount="0" falsecount="2"/>
        <line num="492" count="0" type="stmt"/>
        <line num="504" count="0" type="stmt"/>
        <line num="513" count="0" type="cond" truecount="0" falsecount="4"/>
        <line num="516" count="0" type="cond" truecount="0" falsecount="4"/>
        <line num="517" count="0" type="stmt"/>
        <line num="519" count="0" type="stmt"/>
        <line num="526" count="0" type="stmt"/>
        <line num="531" count="0" type="stmt"/>
        <line num="543" count="0" type="stmt"/>
        <line num="554" count="0" type="stmt"/>
        <line num="561" count="0" type="stmt"/>
        <line num="578" count="0" type="cond" truecount="0" falsecount="1"/>
        <line num="579" count="0" type="stmt"/>
        <line num="582" count="0" type="stmt"/>
        <line num="583" count="0" type="stmt"/>
        <line num="584" count="0" type="stmt"/>
        <line num="586" count="0" type="cond" truecount="0" falsecount="1"/>
        <line num="587" count="0" type="stmt"/>
        <line num="595" count="0" type="stmt"/>
        <line num="601" count="0" type="stmt"/>
        <line num="605" count="0" type="stmt"/>
        <line num="613" count="3" type="stmt"/>
        <line num="618" count="5" type="stmt"/>
      </file>
      <file name="localEmbeddingProvider.ts" path="C:\Dev\ambiance-mcp\src\local\localEmbeddingProvider.ts">
        <metrics statements="90" coveredstatements="78" conditionals="51" coveredconditionals="37" methods="14" coveredmethods="14"/>
        <line num="6" count="12" type="stmt"/>
        <line num="7" count="12" type="stmt"/>
        <line num="27" count="12" type="stmt"/>
        <line num="28" count="48" type="stmt"/>
        <line num="34" count="48" type="stmt"/>
        <line num="41" count="48" type="stmt"/>
        <line num="42" count="48" type="stmt"/>
        <line num="46" count="48" type="cond" truecount="5" falsecount="1"/>
        <line num="48" count="31" type="stmt"/>
        <line num="53" count="17" type="stmt"/>
        <line num="55" count="0" type="stmt"/>
        <line num="68" count="19" type="stmt"/>
        <line num="69" count="19" type="cond" truecount="0" falsecount="1"/>
        <line num="71" count="0" type="cond" truecount="0" falsecount="6"/>
        <line num="73" count="0" type="stmt"/>
        <line num="75" count="0" type="stmt"/>
        <line num="77" count="0" type="stmt"/>
        <line num="79" count="0" type="stmt"/>
        <line num="81" count="0" type="stmt"/>
        <line num="83" count="0" type="stmt"/>
        <line num="86" count="0" type="stmt"/>
        <line num="89" count="19" type="stmt"/>
        <line num="96" count="48" type="cond" truecount="3" falsecount="0"/>
        <line num="98" count="4" type="stmt"/>
        <line num="100" count="8" type="stmt"/>
        <line num="102" count="36" type="stmt"/>
        <line num="110" count="7" type="cond" truecount="0" falsecount="1"/>
        <line num="111" count="0" type="stmt"/>
        <line num="114" count="7" type="stmt"/>
        <line num="115" count="7" type="stmt"/>
        <line num="121" count="7" type="stmt"/>
        <line num="127" count="6" type="stmt"/>
        <line num="131" count="1" type="stmt"/>
        <line num="135" count="1" type="stmt"/>
        <line num="143" count="9" type="cond" truecount="1" falsecount="0"/>
        <line num="144" count="1" type="stmt"/>
        <line num="148" count="12" type="cond" truecount="2" falsecount="0"/>
        <line num="150" count="8" type="cond" truecount="1" falsecount="0"/>
        <line num="151" count="1" type="stmt"/>
        <line num="154" count="7" type="stmt"/>
        <line num="156" count="6" type="cond" truecount="0" falsecount="1"/>
        <line num="157" count="0" type="stmt"/>
        <line num="160" count="6" type="stmt"/>
        <line num="161" count="6" type="stmt"/>
        <line num="165" count="7" type="stmt"/>
        <line num="170" count="6" type="stmt"/>
        <line num="171" count="7" type="cond" truecount="1" falsecount="1"/>
        <line num="177" count="6" type="stmt"/>
        <line num="183" count="5" type="stmt"/>
        <line num="185" count="5" type="stmt"/>
        <line num="186" count="6" type="stmt"/>
        <line num="188" count="6" type="stmt"/>
        <line num="195" count="5" type="stmt"/>
        <line num="201" count="5" type="stmt"/>
        <line num="203" count="1" type="stmt"/>
        <line num="208" count="1" type="stmt"/>
        <line num="216" count="5" type="stmt"/>
        <line num="217" count="3" type="cond" truecount="0" falsecount="1"/>
        <line num="218" count="0" type="stmt"/>
        <line num="220" count="3" type="stmt"/>
        <line num="227" count="54" type="stmt"/>
        <line num="240" count="55" type="cond" truecount="1" falsecount="0"/>
        <line num="242" count="6" type="stmt"/>
        <line num="243" count="6" type="stmt"/>
        <line num="249" count="12" type="stmt"/>
        <line num="251" count="12" type="stmt"/>
        <line num="252" count="30" type="cond" truecount="1" falsecount="0"/>
        <line num="254" count="28" type="cond" truecount="4" falsecount="0"/>
        <line num="255" count="21" type="stmt"/>
        <line num="261" count="21" type="stmt"/>
        <line num="263" count="21" type="cond" truecount="6" falsecount="0"/>
        <line num="265" count="5" type="stmt"/>
        <line num="266" count="5" type="stmt"/>
        <line num="268" count="2" type="stmt"/>
        <line num="269" count="2" type="stmt"/>
        <line num="271" count="1" type="stmt"/>
        <line num="272" count="1" type="stmt"/>
        <line num="274" count="2" type="stmt"/>
        <line num="275" count="2" type="stmt"/>
        <line num="277" count="7" type="stmt"/>
        <line num="278" count="7" type="stmt"/>
        <line num="280" count="4" type="stmt"/>
        <line num="285" count="21" type="stmt"/>
        <line num="286" count="21" type="stmt"/>
        <line num="291" count="7" type="stmt"/>
        <line num="294" count="30" type="stmt"/>
        <line num="297" count="12" type="stmt"/>
        <line num="298" count="95" type="cond" truecount="1" falsecount="0"/>
        <line num="299" count="28" type="stmt"/>
        <line num="300" count="28" type="stmt"/>
      </file>
      <file name="projectIdentifier.ts" path="C:\Dev\ambiance-mcp\src\local\projectIdentifier.ts">
        <metrics statements="144" coveredstatements="77" conditionals="36" coveredconditionals="20" methods="26" coveredmethods="16"/>
        <line num="17" count="11" type="stmt"/>
        <line num="18" count="11" type="stmt"/>
        <line num="19" count="11" type="stmt"/>
        <line num="20" count="11" type="stmt"/>
        <line num="44" count="11" type="stmt"/>
        <line num="46" count="14" type="stmt"/>
        <line num="49" count="5" type="cond" truecount="1" falsecount="0"/>
        <line num="50" count="5" type="stmt"/>
        <line num="52" count="5" type="stmt"/>
        <line num="59" count="1" type="cond" truecount="1" falsecount="1"/>
        <line num="60" count="1" type="stmt"/>
        <line num="63" count="1" type="cond" truecount="0" falsecount="1"/>
        <line num="64" count="0" type="stmt"/>
        <line num="66" count="0" type="cond" truecount="0" falsecount="1"/>
        <line num="67" count="0" type="stmt"/>
        <line num="71" count="1" type="stmt"/>
        <line num="72" count="1" type="stmt"/>
        <line num="73" count="1" type="stmt"/>
        <line num="80" count="0" type="stmt"/>
        <line num="81" count="0" type="stmt"/>
        <line num="83" count="0" type="cond" truecount="0" falsecount="2"/>
        <line num="85" count="0" type="stmt"/>
        <line num="97" count="1" type="stmt"/>
        <line num="98" count="1" type="stmt"/>
        <line num="99" count="1" type="cond" truecount="2" falsecount="0"/>
        <line num="101" count="0" type="stmt"/>
        <line num="109" count="0" type="stmt"/>
        <line num="110" count="0" type="stmt"/>
        <line num="114" count="0" type="stmt"/>
        <line num="116" count="0" type="stmt"/>
        <line num="119" count="0" type="stmt"/>
        <line num="120" count="0" type="stmt"/>
        <line num="128" count="0" type="stmt"/>
        <line num="135" count="0" type="stmt"/>
        <line num="136" count="0" type="stmt"/>
        <line num="144" count="1" type="stmt"/>
        <line num="145" count="1" type="stmt"/>
        <line num="146" count="1" type="cond" truecount="1" falsecount="1"/>
        <line num="149" count="1" type="stmt"/>
        <line num="150" count="1" type="cond" truecount="0" falsecount="1"/>
        <line num="152" count="0" type="stmt"/>
        <line num="153" count="0" type="cond" truecount="0" falsecount="1"/>
        <line num="154" count="0" type="stmt"/>
        <line num="159" count="1" type="stmt"/>
        <line num="162" count="1" type="stmt"/>
        <line num="164" count="1" type="stmt"/>
        <line num="180" count="1" type="cond" truecount="1" falsecount="0"/>
        <line num="181" count="1" type="stmt"/>
        <line num="185" count="0" type="stmt"/>
        <line num="186" count="0" type="stmt"/>
        <line num="187" count="0" type="stmt"/>
        <line num="188" count="0" type="cond" truecount="0" falsecount="1"/>
        <line num="189" count="0" type="stmt"/>
        <line num="191" count="0" type="stmt"/>
        <line num="195" count="0" type="stmt"/>
        <line num="202" count="1" type="stmt"/>
        <line num="221" count="1" type="stmt"/>
        <line num="222" count="1" type="cond" truecount="1" falsecount="0"/>
        <line num="223" count="1" type="stmt"/>
        <line num="227" count="0" type="stmt"/>
        <line num="234" count="1" type="stmt"/>
        <line num="235" count="1" type="stmt"/>
        <line num="236" count="1" type="stmt"/>
        <line num="238" count="0" type="stmt"/>
        <line num="246" count="0" type="stmt"/>
        <line num="247" count="0" type="stmt"/>
        <line num="248" count="0" type="stmt"/>
        <line num="250" count="0" type="stmt"/>
        <line num="258" count="0" type="stmt"/>
        <line num="259" count="0" type="stmt"/>
        <line num="260" count="0" type="stmt"/>
        <line num="262" count="0" type="stmt"/>
        <line num="270" count="1" type="stmt"/>
        <line num="273" count="1" type="cond" truecount="0" falsecount="1"/>
        <line num="274" count="0" type="stmt"/>
        <line num="275" count="0" type="stmt"/>
        <line num="279" count="1" type="stmt"/>
        <line num="286" count="1" type="stmt"/>
        <line num="293" count="0" type="stmt"/>
        <line num="300" count="0" type="stmt"/>
        <line num="302" count="0" type="stmt"/>
        <line num="303" count="0" type="stmt"/>
        <line num="305" count="0" type="stmt"/>
        <line num="306" count="0" type="stmt"/>
        <line num="307" count="0" type="stmt"/>
        <line num="309" count="0" type="cond" truecount="0" falsecount="1"/>
        <line num="311" count="0" type="cond" truecount="0" falsecount="1"/>
        <line num="315" count="0" type="stmt"/>
        <line num="316" count="0" type="stmt"/>
        <line num="321" count="0" type="stmt"/>
        <line num="324" count="0" type="stmt"/>
        <line num="333" count="0" type="stmt"/>
        <line num="334" count="0" type="stmt"/>
        <line num="335" count="0" type="stmt"/>
        <line num="341" count="0" type="stmt"/>
        <line num="350" count="0" type="stmt"/>
        <line num="351" count="0" type="stmt"/>
        <line num="352" count="0" type="cond" truecount="0" falsecount="1"/>
        <line num="353" count="0" type="stmt"/>
        <line num="355" count="0" type="stmt"/>
        <line num="357" count="0" type="stmt"/>
        <line num="364" count="0" type="stmt"/>
        <line num="376" count="0" type="stmt"/>
        <line num="377" count="0" type="stmt"/>
        <line num="378" count="0" type="stmt"/>
        <line num="380" count="0" type="stmt"/>
        <line num="387" count="11" type="stmt"/>
        <line num="388" count="2" type="stmt"/>
        <line num="390" count="2" type="stmt"/>
        <line num="392" count="2" type="stmt"/>
        <line num="394" count="2" type="stmt"/>
        <line num="397" count="2" type="stmt"/>
        <line num="398" count="2" type="stmt"/>
        <line num="400" count="2" type="cond" truecount="1" falsecount="0"/>
        <line num="401" count="2" type="stmt"/>
        <line num="403" count="2" type="stmt"/>
        <line num="409" count="11" type="stmt"/>
        <line num="410" count="7" type="stmt"/>
        <line num="413" count="7" type="stmt"/>
        <line num="637" count="7" type="stmt"/>
        <line num="640" count="7" type="stmt"/>
        <line num="642" count="7" type="stmt"/>
        <line num="643" count="28" type="stmt"/>
        <line num="645" count="28" type="stmt"/>
        <line num="646" count="28" type="cond" truecount="1" falsecount="0"/>
        <line num="647" count="12" type="stmt"/>
        <line num="648" count="8" type="stmt"/>
        <line num="649" count="8" type="stmt"/>
        <line num="652" count="4" type="stmt"/>
[...]
        <line num="101" count="29" type="stmt"/>
        <line num="102" count="29" type="stmt"/>
        <line num="103" count="29" type="stmt"/>
        <line num="104" count="29" type="stmt"/>
        <line num="106" count="0" type="stmt"/>
        <line num="110" count="0" type="stmt"/>
        <line num="124" count="0" type="cond" truecount="0" falsecount="3"/>
        <line num="125" count="0" type="stmt"/>
        <line num="126" count="0" type="cond" truecount="0" falsecount="2"/>
        <line num="127" count="0" type="stmt"/>
        <line num="130" count="0" type="cond" truecount="0" falsecount="3"/>
        <line num="131" count="0" type="stmt"/>
        <line num="132" count="0" type="stmt"/>
        <line num="133" count="0" type="stmt"/>
        <line num="136" count="0" type="stmt"/>
        <line num="137" count="0" type="cond" truecount="0" falsecount="1"/>
        <line num="138" count="0" type="stmt"/>
        <line num="139" count="0" type="stmt"/>
        <line num="140" count="0" type="stmt"/>
        <line num="143" count="0" type="stmt"/>
        <line num="145" count="0" type="cond" truecount="0" falsecount="1"/>
        <line num="146" count="0" type="stmt"/>
        <line num="147" count="0" type="stmt"/>
        <line num="148" count="0" type="stmt"/>
        <line num="152" count="0" type="stmt"/>
        <line num="153" count="0" type="stmt"/>
        <line num="154" count="0" type="stmt"/>
        <line num="156" count="0" type="cond" truecount="0" falsecount="4"/>
        <line num="157" count="0" type="stmt"/>
        <line num="160" count="0" type="stmt"/>
        <line num="161" count="0" type="stmt"/>
        <line num="165" count="0" type="stmt"/>
        <line num="166" count="0" type="cond" truecount="0" falsecount="1"/>
        <line num="167" count="0" type="stmt"/>
        <line num="168" count="0" type="stmt"/>
        <line num="169" count="0" type="stmt"/>
        <line num="173" count="0" type="cond" truecount="0" falsecount="2"/>
        <line num="174" count="0" type="cond" truecount="0" falsecount="2"/>
        <line num="175" count="0" type="cond" truecount="0" falsecount="1"/>
        <line num="176" count="0" type="stmt"/>
        <line num="179" count="0" type="stmt"/>
        <line num="180" count="0" type="stmt"/>
        <line num="184" count="0" type="stmt"/>
        <line num="186" count="0" type="stmt"/>
        <line num="188" count="0" type="cond" truecount="0" falsecount="2"/>
        <line num="189" count="0" type="cond" truecount="0" falsecount="1"/>
        <line num="194" count="0" type="stmt"/>
        <line num="195" count="0" type="stmt"/>
        <line num="196" count="0" type="stmt"/>
        <line num="198" count="0" type="stmt"/>
        <line num="202" count="0" type="cond" truecount="0" falsecount="3"/>
        <line num="203" count="0" type="stmt"/>
        <line num="204" count="0" type="stmt"/>
        <line num="205" count="0" type="stmt"/>
        <line num="209" count="0" type="cond" truecount="0" falsecount="3"/>
        <line num="210" count="0" type="stmt"/>
        <line num="213" count="0" type="stmt"/>
        <line num="214" count="0" type="stmt"/>
        <line num="217" count="0" type="stmt"/>
        <line num="218" count="0" type="stmt"/>
        <line num="219" count="0" type="stmt"/>
        <line num="220" count="0" type="stmt"/>
        <line num="222" count="0" type="stmt"/>
        <line num="223" count="0" type="stmt"/>
        <line num="224" count="0" type="stmt"/>
        <line num="229" count="0" type="stmt"/>
        <line num="230" count="0" type="stmt"/>
        <line num="232" count="0" type="stmt"/>
        <line num="233" count="0" type="stmt"/>
        <line num="234" count="0" type="cond" truecount="0" falsecount="1"/>
        <line num="235" count="0" type="stmt"/>
        <line num="236" count="0" type="stmt"/>
        <line num="238" count="0" type="cond" truecount="0" falsecount="4"/>
        <line num="239" count="0" type="stmt"/>
        <line num="241" count="0" type="cond" truecount="0" falsecount="4"/>
        <line num="242" count="0" type="stmt"/>
        <line num="255" count="0" type="cond" truecount="0" falsecount="3"/>
        <line num="256" count="0" type="stmt"/>
        <line num="257" count="0" type="cond" truecount="0" falsecount="1"/>
        <line num="258" count="0" type="stmt"/>
        <line num="263" count="0" type="stmt"/>
        <line num="268" count="0" type="stmt"/>
        <line num="269" count="0" type="cond" truecount="0" falsecount="1"/>
        <line num="270" count="0" type="stmt"/>
        <line num="273" count="0" type="stmt"/>
        <line num="276" count="0" type="cond" truecount="0" falsecount="1"/>
        <line num="277" count="0" type="stmt"/>
        <line num="280" count="0" type="stmt"/>
        <line num="284" count="0" type="stmt"/>
        <line num="285" count="0" type="cond" truecount="0" falsecount="3"/>
        <line num="287" count="0" type="cond" truecount="0" falsecount="3"/>
        <line num="288" count="0" type="stmt"/>
        <line num="299" count="0" type="cond" truecount="0" falsecount="1"/>
        <line num="300" count="0" type="stmt"/>
        <line num="305" count="0" type="stmt"/>
        <line num="307" count="0" type="stmt"/>
        <line num="308" count="0" type="stmt"/>
        <line num="313" count="0" type="stmt"/>
        <line num="314" count="0" type="cond" truecount="0" falsecount="5"/>
        <line num="315" count="0" type="stmt"/>
        <line num="318" count="0" type="stmt"/>
        <line num="319" count="0" type="stmt"/>
        <line num="321" count="0" type="cond" truecount="0" falsecount="1"/>
        <line num="328" count="0" type="stmt"/>
        <line num="331" count="0" type="stmt"/>
        <line num="333" count="0" type="stmt"/>
        <line num="334" count="0" type="stmt"/>
        <line num="339" count="0" type="stmt"/>
        <line num="340" count="0" type="cond" truecount="0" falsecount="3"/>
        <line num="341" count="0" type="stmt"/>
        <line num="343" count="0" type="cond" truecount="0" falsecount="3"/>
        <line num="345" count="0" type="stmt"/>
        <line num="347" count="0" type="stmt"/>
        <line num="348" count="0" type="stmt"/>
        <line num="354" count="0" type="stmt"/>
        <line num="355" count="0" type="cond" truecount="0" falsecount="1"/>
        <line num="356" count="0" type="stmt"/>
        <line num="368" count="0" type="stmt"/>
        <line num="369" count="0" type="stmt"/>
        <line num="370" count="0" type="stmt"/>
        <line num="372" count="0" type="stmt"/>
        <line num="373" count="0" type="stmt"/>
        <line num="374" count="0" type="stmt"/>
        <line num="376" count="0" type="stmt"/>
        <line num="384" count="0" type="stmt"/>
        <line num="388" count="0" type="stmt"/>
        <line num="392" count="0" type="stmt"/>
        <line num="393" count="0" type="stmt"/>
        <line num="395" count="0" type="stmt"/>
        <line num="396" count="0" type="cond" truecount="0" falsecount="1"/>
        <line num="397" count="0" type="stmt"/>
        <line num="398" count="0" type="stmt"/>
        <line num="399" count="0" type="stmt"/>
        <line num="400" count="0" type="stmt"/>
        <line num="402" count="0" type="cond" truecount="0" falsecount="1"/>
        <line num="403" count="0" type="stmt"/>
        <line num="414" count="0" type="stmt"/>
        <line num="415" count="0" type="stmt"/>
        <line num="419" count="0" type="stmt"/>
        <line num="420" count="0" type="stmt"/>
        <line num="424" count="0" type="cond" truecount="0" falsecount="3"/>
        <line num="425" count="0" type="stmt"/>
        <line num="438" count="0" type="cond" truecount="0" falsecount="1"/>
        <line num="439" count="0" type="stmt"/>
        <line num="447" count="0" type="stmt"/>
        <line num="451" count="0" type="stmt"/>
        <line num="452" count="0" type="cond" truecount="0" falsecount="3"/>
        <line num="453" count="0" type="stmt"/>
        <line num="456" count="0" type="stmt"/>
        <line num="457" count="0" type="cond" truecount="0" falsecount="3"/>
        <line num="458" count="0" type="cond" truecount="0" falsecount="2"/>
        <line num="459" count="0" type="stmt"/>
        <line num="460" count="0" type="stmt"/>
        <line num="462" count="0" type="stmt"/>
        <line num="463" count="0" type="cond" truecount="0" falsecount="1"/>
        <line num="464" count="0" type="stmt"/>
        <line num="465" count="0" type="cond" truecount="0" falsecount="1"/>
        <line num="466" count="0" type="stmt"/>
        <line num="467" count="0" type="stmt"/>
        <line num="479" count="0" type="stmt"/>
        <line num="480" count="0" type="stmt"/>
        <line num="484" count="0" type="stmt"/>
        <line num="485" count="0" type="stmt"/>
      </file>
    </package>
    <package name="tools.ambianceTools">
      <metrics statements="191" coveredstatements="109" conditionals="81" coveredconditionals="16" methods="34" coveredmethods="14"/>
      <file name="index.ts" path="C:\Dev\ambiance-mcp\src\tools\ambianceTools\index.ts">
        <metrics statements="24" coveredstatements="24" conditionals="0" coveredconditionals="0" methods="18" coveredmethods="6"/>
        <line num="14" count="1" type="stmt"/>
        <line num="16" count="1" type="stmt"/>
        <line num="18" count="1" type="stmt"/>
        <line num="20" count="1" type="stmt"/>
        <line num="37" count="1" type="stmt"/>
        <line num="38" count="1" type="stmt"/>
        <line num="39" count="1" type="stmt"/>
        <line num="40" count="1" type="stmt"/>
        <line num="41" count="1" type="stmt"/>
        <line num="42" count="1" type="stmt"/>
        <line num="43" count="1" type="stmt"/>
        <line num="44" count="1" type="stmt"/>
        <line num="45" count="1" type="stmt"/>
        <line num="46" count="1" type="stmt"/>
        <line num="47" count="1" type="stmt"/>
        <line num="48" count="1" type="stmt"/>
        <line num="49" count="4" type="stmt"/>
        <line num="50" count="8" type="stmt"/>
        <line num="51" count="5" type="stmt"/>
        <line num="52" count="4" type="stmt"/>
        <line num="53" count="4" type="stmt"/>
        <line num="54" count="6" type="stmt"/>
        <line num="58" count="1" type="stmt"/>
        <line num="71" count="1" type="stmt"/>
      </file>
      <file name="indexing.ts" path="C:\Dev\ambiance-mcp\src\tools\ambianceTools\indexing.ts">
        <metrics statements="65" coveredstatements="65" conditionals="28" coveredconditionals="16" methods="8" coveredmethods="8"/>
        <line num="17" count="1" type="stmt"/>
        <line num="18" count="1" type="stmt"/>
        <line num="19" count="1" type="stmt"/>
        <line num="23" count="23" type="stmt"/>
        <line num="27" count="1" type="stmt"/>
        <line num="34" count="1" type="stmt"/>
        <line num="38" count="1" type="stmt"/>
        <line num="42" count="1" type="stmt"/>
        <line num="47" count="1" type="stmt"/>
        <line num="57" count="1" type="stmt"/>
        <line num="87" count="1" type="stmt"/>
        <line num="103" count="1" type="stmt"/>
        <line num="119" count="1" type="stmt"/>
        <line num="135" count="1" type="stmt"/>
        <line num="151" count="1" type="stmt"/>
        <line num="152" count="3" type="stmt"/>
        <line num="154" count="3" type="stmt"/>
        <line num="156" count="2" type="cond" truecount="1" falsecount="0"/>
        <line num="157" count="1" type="stmt"/>
        <line num="164" count="1" type="stmt"/>
        <line num="177" count="1" type="stmt"/>
        <line num="178" count="7" type="stmt"/>
        <line num="180" count="5" type="stmt"/>
        <line num="182" count="5" type="stmt"/>
        <line num="183" count="5" type="stmt"/>
        <line num="189" count="4" type="stmt"/>
        <line num="205" count="1" type="stmt"/>
        <line num="208" count="1" type="stmt"/>
        <line num="216" count="1" type="stmt"/>
        <line num="217" count="4" type="stmt"/>
        <line num="219" count="4" type="stmt"/>
        <line num="221" count="4" type="stmt"/>
        <line num="222" count="4" type="stmt"/>
        <line num="224" count="2" type="stmt"/>
        <line num="230" count="2" type="stmt"/>
        <line num="233" count="2" type="stmt"/>
        <line num="241" count="1" type="stmt"/>
        <line num="242" count="3" type="stmt"/>
        <line num="244" count="3" type="stmt"/>
        <line num="246" count="3" type="stmt"/>
        <line num="247" count="3" type="stmt"/>
        <line num="249" count="2" type="stmt"/>
        <line num="255" count="1" type="stmt"/>
        <line num="258" count="1" type="stmt"/>
        <line num="266" count="1" type="stmt"/>
        <line num="267" count="3" type="stmt"/>
        <line num="269" count="3" type="stmt"/>
        <line num="271" count="3" type="stmt"/>
        <line num="272" count="3" type="stmt"/>
        <line num="274" count="2" type="stmt"/>
        <line num="279" count="1" type="stmt"/>
        <line num="282" count="1" type="stmt"/>
        <line num="289" count="1" type="stmt"/>
        <line num="290" count="5" type="stmt"/>
        <line num="292" count="5" type="stmt"/>
        <line num="293" count="5" type="cond" truecount="2" falsecount="0"/>
        <line num="294" count="3" type="stmt"/>
        <line num="295" count="2" type="cond" truecount="1" falsecount="0"/>
        <line num="296" count="1" type="stmt"/>
        <line num="303" count="1" type="stmt"/>
        <line num="323" count="2" type="stmt"/>
        <line num="325" count="2" type="stmt"/>
        <line num="328" count="2" type="stmt"/>
        <line num="344" count="1" type="stmt"/>
        <line num="347" count="1" type="stmt"/>
      </file>
      <file name="projectStatus.ts" path="C:\Dev\ambiance-mcp\src\tools\ambianceTools\projectStatus.ts">
        <metrics statements="44" coveredstatements="6" conditionals="22" coveredconditionals="0" methods="4" coveredmethods="0"/>
        <line num="12" count="1" type="stmt"/>
        <line num="13" count="1" type="stmt"/>
        <line num="14" count="1" type="stmt"/>
        <line num="16" count="1" type="stmt"/>
        <line num="19" count="0" type="stmt"/>
        <line num="20" count="0" type="cond" truecount="0" falsecount="1"/>
        <line num="21" count="0" type="stmt"/>
        <line num="22" count="0" type="stmt"/>
        <line num="23" count="0" type="cond" truecount="0" falsecount="4"/>
        <line num="24" count="0" type="stmt"/>
        <line num="25" count="0" type="stmt"/>
        <line num="27" count="0" type="stmt"/>
        <line num="29" count="0" type="stmt"/>
        <line num="30" count="0" type="stmt"/>
        <line num="33" count="0" type="stmt"/>
        <line num="37" count="0" type="stmt"/>
        <line num="39" count="0" type="stmt"/>
        <line num="41" count="0" type="stmt"/>
        <line num="46" count="0" type="stmt"/>
        <line num="54" count="0" type="stmt"/>
        <line num="56" count="0" type="stmt"/>
        <line num="57" count="0" type="stmt"/>
        <line num="58" count="0" type="cond" truecount="0" falsecount="1"/>
        <line num="59" count="0" type="stmt"/>
        <line num="63" count="0" type="stmt"/>
        <line num="66" count="0" type="stmt"/>
        <line num="69" count="0" type="stmt"/>
        <line num="71" count="0" type="stmt"/>
        <line num="74" count="0" type="stmt"/>
        <line num="77" count="1" type="stmt"/>
        <line num="100" count="1" type="stmt"/>
        <line num="101" count="0" type="cond" truecount="0" falsecount="2"/>
        <line num="103" count="0" type="stmt"/>
        <line num="105" count="0" type="stmt"/>
        <line num="106" count="0" type="stmt"/>
        <line num="107" count="0" type="stmt"/>
        <line num="110" count="0" type="stmt"/>
        <line num="129" count="0" type="cond" truecount="0" falsecount="1"/>
        <line num="130" count="0" type="stmt"/>
        <line num="136" count="0" type="cond" truecount="0" falsecount="1"/>
        <line num="137" count="0" type="stmt"/>
        <line num="140" count="0" type="stmt"/>
        <line num="145" count="0" type="stmt"/>
        <line num="148" count="0" type="stmt"/>
      </file>
      <file name="remoteQuery.ts" path="C:\Dev\ambiance-mcp\src\tools\ambianceTools\remoteQuery.ts">
        <metrics statements="11" coveredstatements="4" conditionals="12" coveredconditionals="0" methods="1" coveredmethods="0"/>
        <line num="11" count="1" type="stmt"/>
        <line num="12" count="1" type="stmt"/>
        <line num="14" count="1" type="stmt"/>
        <line num="47" count="1" type="stmt"/>
        <line num="48" count="0" type="cond" truecount="0" falsecount="2"/>
        <line num="50" count="0" type="stmt"/>
        <line num="52" count="0" type="stmt"/>
        <line num="53" count="0" type="stmt"/>
        <line num="60" count="0" type="stmt"/>
        <line num="67" count="0" type="stmt"/>
        <line num="70" count="0" type="stmt"/>
      </file>
      <file name="setupProject.ts" path="C:\Dev\ambiance-mcp\src\tools\ambianceTools\setupProject.ts">
        <metrics statements="47" coveredstatements="10" conditionals="19" coveredconditionals="0" methods="3" coveredmethods="0"/>
        <line num="13" count="1" type="stmt"/>
        <line num="14" count="1" type="stmt"/>
        <line num="15" count="1" type="stmt"/>
        <line num="16" count="1" type="stmt"/>
        <line num="17" count="1" type="stmt"/>
        <line num="20" count="1" type="stmt"/>
        <line num="21" count="1" type="stmt"/>
        <line num="26" count="0" type="stmt"/>
        <line num="27" count="0" type="cond" truecount="0" falsecount="1"/>
        <line num="29" count="0" type="stmt"/>
        <line num="30" count="0" type="stmt"/>
        <line num="32" count="0" type="cond" truecount="0" falsecount="4"/>
        <line num="33" count="0" type="stmt"/>
        <line num="34" count="0" type="stmt"/>
        <line num="36" count="0" type="stmt"/>
        <line num="38" count="0" type="stmt"/>
        <line num="39" count="0" type="stmt"/>
        <line num="42" count="0" type="stmt"/>
        <line num="46" count="0" type="stmt"/>
        <line num="47" count="0" type="cond" truecount="0" falsecount="2"/>
        <line num="50" count="1" type="stmt"/>
        <line num="85" count="1" type="stmt"/>
        <line num="86" count="0" type="cond" truecount="0" falsecount="1"/>
        <line num="88" count="0" type="stmt"/>
        <line num="91" count="0" type="stmt"/>
        <line num="93" count="0" type="cond" truecount="0" falsecount="2"/>
        <line num="95" count="0" type="stmt"/>
        <line num="100" count="0" type="stmt"/>
        <line num="101" count="0" type="cond" truecount="0" falsecount="2"/>
        <line num="102" count="0" type="stmt"/>
        <line num="105" count="0" type="stmt"/>
        <line num="106" count="0" type="stmt"/>
        <line num="109" count="0" type="stmt"/>
        <line num="113" count="0" type="stmt"/>
        <line num="120" count="0" type="stmt"/>
        <line num="123" count="0" type="stmt"/>
        <line num="126" count="0" type="stmt"/>
        <line num="127" count="0" type="stmt"/>
        <line num="128" count="0" type="stmt"/>
        <line num="131" count="0" type="cond" truecount="0" falsecount="1"/>
        <line num="132" count="0" type="stmt"/>
        <line num="133" count="0" type="stmt"/>
        <line num="134" count="0" type="stmt"/>
        <line num="137" count="0" type="stmt"/>
        <line num="154" count="0" type="stmt"/>
        <line num="157" count="0" type="stmt"/>
        <line num="166" count="1" type="stmt"/>
      </file>
    </package>
  </project>
</coverage>
