{"C:\\Dev\\ambiance-mcp\\src\\local\\automaticIndexer.ts": {"path":"C:\\Dev\\ambiance-mcp\\src\\local\\automaticIndexer.ts","statementMap":{"0":{"start":{"line":18,"column":0},"end":{"line":18,"column":25}},"1":{"start":{"line":19,"column":0},"end":{"line":19,"column":29}},"2":{"start":{"line":20,"column":0},"end":{"line":20,"column":33}},"3":{"start":{"line":21,"column":0},"end":{"line":21,"column":32}},"4":{"start":{"line":22,"column":0},"end":{"line":22,"column":60}},"5":{"start":{"line":23,"column":0},"end":{"line":23,"column":55}},"6":{"start":{"line":24,"column":0},"end":{"line":24,"column":69}},"7":{"start":{"line":25,"column":0},"end":{"line":25,"column":57}},"8":{"start":{"line":26,"column":0},"end":{"line":26,"column":48}},"9":{"start":{"line":27,"column":0},"end":{"line":27,"column":63}},"10":{"start":{"line":28,"column":0},"end":{"line":28,"column":41}},"11":{"start":{"line":73,"column":4},"end":{"line":73,"column":52}},"12":{"start":{"line":74,"column":4},"end":{"line":74,"column":48}},"13":{"start":{"line":75,"column":4},"end":{"line":75,"column":61}},"14":{"start":{"line":76,"column":4},"end":{"line":76,"column":36}},"15":{"start":{"line":77,"column":4},"end":{"line":77,"column":37}},"16":{"start":{"line":81,"column":4},"end":{"line":83,"column":5}},"17":{"start":{"line":82,"column":6},"end":{"line":82,"column":57}},"18":{"start":{"line":84,"column":4},"end":{"line":84,"column":37}},"19":{"start":{"line":91,"column":4},"end":{"line":126,"column":5}},"20":{"start":{"line":93,"column":6},"end":{"line":96,"column":7}},"21":{"start":{"line":94,"column":8},"end":{"line":94,"column":78}},"22":{"start":{"line":95,"column":8},"end":{"line":95,"column":20}},"23":{"start":{"line":99,"column":22},"end":{"line":99,"column":49}},"24":{"start":{"line":100,"column":26},"end":{"line":100,"column":79}},"25":{"start":{"line":101,"column":6},"end":{"line":104,"column":7}},"26":{"start":{"line":102,"column":8},"end":{"line":102,"column":67}},"27":{"start":{"line":103,"column":8},"end":{"line":103,"column":20}},"28":{"start":{"line":106,"column":6},"end":{"line":106,"column":84}},"29":{"start":{"line":107,"column":6},"end":{"line":107,"column":62}},"30":{"start":{"line":110,"column":6},"end":{"line":113,"column":7}},"31":{"start":{"line":111,"column":8},"end":{"line":111,"column":60}},"32":{"start":{"line":112,"column":8},"end":{"line":112,"column":20}},"33":{"start":{"line":116,"column":6},"end":{"line":119,"column":9}},"34":{"start":{"line":121,"column":6},"end":{"line":124,"column":8}},"35":{"start":{"line":125,"column":6},"end":{"line":125,"column":18}},"36":{"start":{"line":133,"column":25},"end":{"line":133,"column":50}},"37":{"start":{"line":134,"column":22},"end":{"line":134,"column":46}},"38":{"start":{"line":136,"column":4},"end":{"line":136,"column":81}},"39":{"start":{"line":138,"column":4},"end":{"line":140,"column":5}},"40":{"start":{"line":139,"column":6},"end":{"line":139,"column":63}},"41":{"start":{"line":142,"column":37},"end":{"line":153,"column":6}},"42":{"start":{"line":155,"column":4},"end":{"line":155,"column":48}},"43":{"start":{"line":157,"column":4},"end":{"line":256,"column":5}},"44":{"start":{"line":159,"column":6},"end":{"line":184,"column":7}},"45":{"start":{"line":160,"column":8},"end":{"line":183,"column":9}},"46":{"start":{"line":161,"column":39},"end":{"line":165,"column":12}},"47":{"start":{"line":166,"column":27},"end":{"line":168,"column":null}},"48":{"start":{"line":170,"column":10},"end":{"line":170,"column":58}},"49":{"start":{"line":172,"column":10},"end":{"line":174,"column":13}},"50":{"start":{"line":176,"column":10},"end":{"line":182,"column":11}},"51":{"start":{"line":177,"column":12},"end":{"line":177,"column":90}},"52":{"start":{"line":178,"column":12},"end":{"line":178,"column":84}},"53":{"start":{"line":181,"column":12},"end":{"line":181,"column":24}},"54":{"start":{"line":187,"column":6},"end":{"line":187,"column":34}},"55":{"start":{"line":188,"column":29},"end":{"line":188,"column":71}},"56":{"start":{"line":191,"column":27},"end":{"line":191,"column":98}},"57":{"start":{"line":192,"column":6},"end":{"line":192,"column":47}},"58":{"start":{"line":194,"column":6},"end":{"line":194,"column":68}},"59":{"start":{"line":196,"column":6},"end":{"line":203,"column":7}},"60":{"start":{"line":197,"column":8},"end":{"line":197,"column":72}},"61":{"start":{"line":200,"column":29},"end":{"line":200,"column":86}},"62":{"start":{"line":201,"column":8},"end":{"line":201,"column":69}},"63":{"start":{"line":202,"column":8},"end":{"line":202,"column":68}},"64":{"start":{"line":205,"column":6},"end":{"line":209,"column":7}},"65":{"start":{"line":206,"column":8},"end":{"line":206,"column":37}},"66":{"start":{"line":207,"column":8},"end":{"line":207,"column":48}},"67":{"start":{"line":208,"column":8},"end":{"line":208,"column":23}},"68":{"start":{"line":212,"column":6},"end":{"line":212,"column":36}},"69":{"start":{"line":213,"column":6},"end":{"line":213,"column":76}},"70":{"start":{"line":216,"column":6},"end":{"line":237,"column":7}},"71":{"start":{"line":217,"column":8},"end":{"line":217,"column":65}},"72":{"start":{"line":218,"column":8},"end":{"line":218,"column":66}},"73":{"start":{"line":219,"column":13},"end":{"line":237,"column":7}},"74":{"start":{"line":220,"column":8},"end":{"line":220,"column":37}},"75":{"start":{"line":221,"column":8},"end":{"line":232,"column":9}},"76":{"start":{"line":222,"column":10},"end":{"line":222,"column":58}},"77":{"start":{"line":224,"column":10},"end":{"line":229,"column":12}},"78":{"start":{"line":231,"column":10},"end":{"line":231,"column":68}},"79":{"start":{"line":235,"column":8},"end":{"line":235,"column":83}},"80":{"start":{"line":236,"column":8},"end":{"line":236,"column":66}},"81":{"start":{"line":239,"column":6},"end":{"line":239,"column":35}},"82":{"start":{"line":240,"column":6},"end":{"line":242,"column":8}},"83":{"start":{"line":244,"column":6},"end":{"line":244,"column":32}},"84":{"start":{"line":245,"column":6},"end":{"line":245,"column":82}},"85":{"start":{"line":246,"column":6},"end":{"line":248,"column":9}},"86":{"start":{"line":250,"column":6},"end":{"line":252,"column":7}},"87":{"start":{"line":250,"column":36},"end":{"line":250,"column":59}},"88":{"start":{"line":251,"column":8},"end":{"line":251,"column":20}},"89":{"start":{"line":255,"column":6},"end":{"line":255,"column":56}},"90":{"start":{"line":258,"column":4},"end":{"line":258,"column":19}},"91":{"start":{"line":265,"column":25},"end":{"line":265,"column":50}},"92":{"start":{"line":266,"column":4},"end":{"line":266,"column":61}},"93":{"start":{"line":268,"column":4},"end":{"line":297,"column":5}},"94":{"start":{"line":269,"column":6},"end":{"line":275,"column":7}},"95":{"start":{"line":271,"column":8},"end":{"line":273,"column":11}},"96":{"start":{"line":274,"column":8},"end":{"line":274,"column":46}},"97":{"start":{"line":277,"column":24},"end":{"line":277,"column":61}},"98":{"start":{"line":278,"column":6},"end":{"line":282,"column":7}},"99":{"start":{"line":280,"column":8},"end":{"line":280,"column":68}},"100":{"start":{"line":281,"column":8},"end":{"line":281,"column":48}},"101":{"start":{"line":285,"column":6},"end":{"line":285,"column":50}},"102":{"start":{"line":286,"column":6},"end":{"line":286,"column":46}},"103":{"start":{"line":289,"column":6},"end":{"line":289,"column":50}},"104":{"start":{"line":290,"column":6},"end":{"line":290,"column":77}},"105":{"start":{"line":291,"column":6},"end":{"line":291,"column":18}},"106":{"start":{"line":293,"column":6},"end":{"line":295,"column":9}},"107":{"start":{"line":296,"column":6},"end":{"line":296,"column":19}},"108":{"start":{"line":306,"column":25},"end":{"line":306,"column":50}},"109":{"start":{"line":308,"column":4},"end":{"line":311,"column":5}},"110":{"start":{"line":309,"column":6},"end":{"line":309,"column":58}},"111":{"start":{"line":310,"column":6},"end":{"line":310,"column":13}},"112":{"start":{"line":313,"column":4},"end":{"line":313,"column":65}},"113":{"start":{"line":315,"column":27},"end":{"line":315,"column":70}},"114":{"start":{"line":318,"column":4},"end":{"line":354,"column":5}},"115":{"start":{"line":319,"column":6},"end":{"line":344,"column":9}},"116":{"start":{"line":320,"column":8},"end":{"line":320,"column":30}},"117":{"start":{"line":320,"column":23},"end":{"line":320,"column":30}},"118":{"start":{"line":322,"column":25},"end":{"line":322,"column":58}},"119":{"start":{"line":325,"column":8},"end":{"line":327,"column":9}},"120":{"start":{"line":326,"column":10},"end":{"line":326,"column":17}},"121":{"start":{"line":330,"column":28},"end":{"line":330,"column":57}},"122":{"start":{"line":331,"column":8},"end":{"line":331,"column":63}},"123":{"start":{"line":332,"column":9},"end":{"line":343,"column":42}},"124":{"start":{"line":333,"column":10},"end":{"line":342,"column":11}},"125":{"start":{"line":334,"column":12},"end":{"line":337,"column":13}},"126":{"start":{"line":335,"column":14},"end":{"line":335,"column":88}},"127":{"start":{"line":336,"column":14},"end":{"line":336,"column":75}},"128":{"start":{"line":339,"column":12},"end":{"line":341,"column":15}},"129":{"start":{"line":346,"column":6},"end":{"line":346,"column":54}},"130":{"start":{"line":347,"column":6},"end":{"line":347,"column":70}},"131":{"start":{"line":349,"column":6},"end":{"line":352,"column":8}},"132":{"start":{"line":353,"column":6},"end":{"line":353,"column":18}},"133":{"start":{"line":361,"column":25},"end":{"line":361,"column":50}},"134":{"start":{"line":362,"column":20},"end":{"line":362,"column":58}},"135":{"start":{"line":364,"column":4},"end":{"line":368,"column":5}},"136":{"start":{"line":365,"column":6},"end":{"line":365,"column":22}},"137":{"start":{"line":366,"column":6},"end":{"line":366,"column":48}},"138":{"start":{"line":367,"column":6},"end":{"line":367,"column":54}},"139":{"start":{"line":375,"column":4},"end":{"line":375,"column":52}},"140":{"start":{"line":382,"column":4},"end":{"line":382,"column":46}},"141":{"start":{"line":388,"column":4},"end":{"line":393,"column":5}},"142":{"start":{"line":389,"column":23},"end":{"line":389,"column":53}},"143":{"start":{"line":390,"column":6},"end":{"line":390,"column":38}},"144":{"start":{"line":392,"column":6},"end":{"line":392,"column":19}},"145":{"start":{"line":397,"column":37},"end":{"line":402,"column":6}},"146":{"start":{"line":404,"column":24},"end":{"line":409,"column":6}},"147":{"start":{"line":411,"column":4},"end":{"line":439,"column":5}},"148":{"start":{"line":412,"column":6},"end":{"line":438,"column":7}},"149":{"start":{"line":414,"column":8},"end":{"line":421,"column":9}},"150":{"start":{"line":415,"column":36},"end":{"line":415,"column":73}},"151":{"start":{"line":416,"column":10},"end":{"line":416,"column":44}},"152":{"start":{"line":418,"column":10},"end":{"line":420,"column":13}},"153":{"start":{"line":424,"column":25},"end":{"line":424,"column":53}},"154":{"start":{"line":425,"column":8},"end":{"line":437,"column":9}},"155":{"start":{"line":426,"column":10},"end":{"line":432,"column":11}},"156":{"start":{"line":427,"column":28},"end":{"line":427,"column":61}},"157":{"start":{"line":428,"column":12},"end":{"line":431,"column":61}},"158":{"start":{"line":430,"column":27},"end":{"line":430,"column":38}},"159":{"start":{"line":431,"column":30},"end":{"line":431,"column":59}},"160":{"start":{"line":434,"column":10},"end":{"line":436,"column":13}},"161":{"start":{"line":442,"column":4},"end":{"line":731,"column":6}},"162":{"start":{"line":733,"column":4},"end":{"line":733,"column":20}},"163":{"start":{"line":741,"column":28},"end":{"line":745,"column":10}},"164":{"start":{"line":747,"column":4},"end":{"line":749,"column":5}},"165":{"start":{"line":748,"column":6},"end":{"line":748,"column":60}},"166":{"start":{"line":752,"column":30},"end":{"line":757,"column":6}},"167":{"start":{"line":760,"column":4},"end":{"line":764,"column":7}},"168":{"start":{"line":762,"column":56},"end":{"line":762,"column":82}},"169":{"start":{"line":766,"column":4},"end":{"line":822,"column":5}},"170":{"start":{"line":767,"column":18},"end":{"line":772,"column":8}},"171":{"start":{"line":776,"column":31},"end":{"line":797,"column":7}},"172":{"start":{"line":778,"column":26},"end":{"line":778,"column":49}},"173":{"start":{"line":779,"column":8},"end":{"line":795,"column":9}},"174":{"start":{"line":781,"column":10},"end":{"line":794,"column":11}},"175":{"start":{"line":793,"column":12},"end":{"line":793,"column":24}},"176":{"start":{"line":796,"column":8},"end":{"line":796,"column":21}},"177":{"start":{"line":799,"column":32},"end":{"line":799,"column":44}},"178":{"start":{"line":800,"column":6},"end":{"line":800,"column":60}},"179":{"start":{"line":800,"column":35},"end":{"line":800,"column":58}},"180":{"start":{"line":801,"column":31},"end":{"line":801,"column":43}},"181":{"start":{"line":802,"column":28},"end":{"line":802,"column":64}},"182":{"start":{"line":804,"column":6},"end":{"line":809,"column":7}},"183":{"start":{"line":805,"column":8},"end":{"line":808,"column":11}},"184":{"start":{"line":811,"column":6},"end":{"line":814,"column":9}},"185":{"start":{"line":816,"column":6},"end":{"line":816,"column":65}},"186":{"start":{"line":816,"column":38},"end":{"line":816,"column":63}},"187":{"start":{"line":818,"column":6},"end":{"line":820,"column":9}},"188":{"start":{"line":821,"column":6},"end":{"line":821,"column":16}},"189":{"start":{"line":830,"column":25},"end":{"line":830,"column":61}},"190":{"start":{"line":832,"column":24},"end":{"line":837,"column":6}},"191":{"start":{"line":839,"column":4},"end":{"line":850,"column":7}},"192":{"start":{"line":841,"column":6},"end":{"line":844,"column":7}},"193":{"start":{"line":842,"column":27},"end":{"line":842,"column":47}},"194":{"start":{"line":843,"column":8},"end":{"line":843,"column":88}},"195":{"start":{"line":845,"column":6},"end":{"line":848,"column":7}},"196":{"start":{"line":846,"column":22},"end":{"line":846,"column":62}},"197":{"start":{"line":847,"column":8},"end":{"line":847,"column":40}},"198":{"start":{"line":849,"column":6},"end":{"line":849,"column":80}},"199":{"start":{"line":854,"column":35},"end":{"line":854,"column":37}},"200":{"start":{"line":856,"column":4},"end":{"line":869,"column":5}},"201":{"start":{"line":857,"column":6},"end":{"line":868,"column":7}},"202":{"start":{"line":858,"column":21},"end":{"line":858,"column":38}},"203":{"start":{"line":859,"column":28},"end":{"line":859,"column":47}},"204":{"start":{"line":860,"column":25},"end":{"line":860,"column":70}},"205":{"start":{"line":862,"column":8},"end":{"line":864,"column":9}},"206":{"start":{"line":863,"column":10},"end":{"line":863,"column":34}},"207":{"start":{"line":867,"column":8},"end":{"line":867,"column":32}},"208":{"start":{"line":871,"column":4},"end":{"line":871,"column":24}},"209":{"start":{"line":875,"column":20},"end":{"line":875,"column":45}},"210":{"start":{"line":876,"column":4},"end":{"line":876,"column":69}},"211":{"start":{"line":885,"column":4},"end":{"line":916,"column":5}},"212":{"start":{"line":886,"column":6},"end":{"line":915,"column":7}},"213":{"start":{"line":888,"column":24},"end":{"line":888,"column":54}},"214":{"start":{"line":891,"column":20},"end":{"line":891,"column":52}},"215":{"start":{"line":892,"column":23},"end":{"line":892,"column":35}},"216":{"start":{"line":893,"column":8},"end":{"line":894,"column":52}},"217":{"start":{"line":893,"column":45},"end":{"line":893,"column":69}},"218":{"start":{"line":894,"column":13},"end":{"line":894,"column":52}},"219":{"start":{"line":894,"column":32},"end":{"line":894,"column":52}},"220":{"start":{"line":897,"column":23},"end":{"line":897,"column":83}},"221":{"start":{"line":898,"column":8},"end":{"line":898,"column":54}},"222":{"start":{"line":899,"column":8},"end":{"line":899,"column":58}},"223":{"start":{"line":901,"column":8},"end":{"line":901,"column":33}},"224":{"start":{"line":904,"column":8},"end":{"line":904,"column":73}},"225":{"start":{"line":906,"column":8},"end":{"line":908,"column":9}},"226":{"start":{"line":907,"column":10},"end":{"line":907,"column":92}},"227":{"start":{"line":910,"column":8},"end":{"line":910,"column":98}},"228":{"start":{"line":911,"column":8},"end":{"line":914,"column":10}},"229":{"start":{"line":920,"column":4},"end":{"line":945,"column":5}},"230":{"start":{"line":921,"column":6},"end":{"line":921,"column":69}},"231":{"start":{"line":924,"column":29},"end":{"line":924,"column":65}},"232":{"start":{"line":927,"column":6},"end":{"line":930,"column":7}},"233":{"start":{"line":928,"column":8},"end":{"line":928,"column":66}},"234":{"start":{"line":929,"column":8},"end":{"line":929,"column":15}},"235":{"start":{"line":932,"column":6},"end":{"line":936,"column":7}},"236":{"start":{"line":933,"column":8},"end":{"line":933,"column":61}},"237":{"start":{"line":935,"column":8},"end":{"line":935,"column":58}},"238":{"start":{"line":938,"column":6},"end":{"line":938,"column":49}},"239":{"start":{"line":939,"column":6},"end":{"line":939,"column":60}},"240":{"start":{"line":941,"column":6},"end":{"line":943,"column":9}},"241":{"start":{"line":944,"column":6},"end":{"line":944,"column":18}},"242":{"start":{"line":950,"column":4},"end":{"line":966,"column":5}},"243":{"start":{"line":951,"column":28},"end":{"line":951,"column":63}},"244":{"start":{"line":954,"column":24},"end":{"line":954,"column":68}},"245":{"start":{"line":955,"column":6},"end":{"line":955,"column":85}},"246":{"start":{"line":958,"column":6},"end":{"line":958,"column":74}},"247":{"start":{"line":960,"column":6},"end":{"line":960,"column":86}},"248":{"start":{"line":962,"column":6},"end":{"line":964,"column":9}},"249":{"start":{"line":965,"column":6},"end":{"line":965,"column":18}},"250":{"start":{"line":970,"column":26},"end":{"line":970,"column":61}},"251":{"start":{"line":973,"column":22},"end":{"line":973,"column":66}},"252":{"start":{"line":975,"column":4},"end":{"line":975,"column":71}},"253":{"start":{"line":978,"column":4},"end":{"line":978,"column":72}},"254":{"start":{"line":987,"column":26},"end":{"line":987,"column":28}},"255":{"start":{"line":988,"column":30},"end":{"line":988,"column":32}},"256":{"start":{"line":991,"column":4},"end":{"line":991,"column":72}},"257":{"start":{"line":993,"column":26},"end":{"line":998,"column":6}},"258":{"start":{"line":1000,"column":4},"end":{"line":1000,"column":80}},"259":{"start":{"line":1006,"column":4},"end":{"line":1006,"column":70}},"260":{"start":{"line":1011,"column":4},"end":{"line":1011,"column":70}},"261":{"start":{"line":1016,"column":19},"end":{"line":1016,"column":56}},"262":{"start":{"line":1018,"column":4},"end":{"line":1018,"column":17}},"263":{"start":{"line":1027,"column":21},"end":{"line":1027,"column":65}},"264":{"start":{"line":1028,"column":4},"end":{"line":1030,"column":5}},"265":{"start":{"line":1029,"column":6},"end":{"line":1029,"column":60}},"266":{"start":{"line":1038,"column":4},"end":{"line":1051,"column":5}},"267":{"start":{"line":1039,"column":27},"end":{"line":1039,"column":63}},"268":{"start":{"line":1040,"column":24},"end":{"line":1040,"column":68}},"269":{"start":{"line":1042,"column":6},"end":{"line":1047,"column":7}},"270":{"start":{"line":1043,"column":25},"end":{"line":1044,"column":null}},"271":{"start":{"line":1046,"column":8},"end":{"line":1046,"column":37}},"272":{"start":{"line":1050,"column":6},"end":{"line":1050,"column":18}},"273":{"start":{"line":1052,"column":4},"end":{"line":1052,"column":16}},"274":{"start":{"line":1056,"column":4},"end":{"line":1074,"column":5}},"275":{"start":{"line":1057,"column":27},"end":{"line":1057,"column":63}},"276":{"start":{"line":1058,"column":24},"end":{"line":1058,"column":68}},"277":{"start":{"line":1060,"column":6},"end":{"line":1068,"column":7}},"278":{"start":{"line":1061,"column":8},"end":{"line":1067,"column":10}},"279":{"start":{"line":1071,"column":6},"end":{"line":1073,"column":9}},"280":{"start":{"line":1078,"column":4},"end":{"line":1078,"column":49}},"281":{"start":{"line":1088,"column":4},"end":{"line":1149,"column":5}},"282":{"start":{"line":1089,"column":6},"end":{"line":1092,"column":9}},"283":{"start":{"line":1095,"column":32},"end":{"line":1095,"column":63}},"284":{"start":{"line":1096,"column":26},"end":{"line":1096,"column":78}},"285":{"start":{"line":1098,"column":6},"end":{"line":1101,"column":7}},"286":{"start":{"line":1099,"column":8},"end":{"line":1099,"column":78}},"287":{"start":{"line":1100,"column":8},"end":{"line":1100,"column":15}},"288":{"start":{"line":1104,"column":33},"end":{"line":1104,"column":62}},"289":{"start":{"line":1107,"column":23},"end":{"line":1117,"column":null}},"290":{"start":{"line":1121,"column":6},"end":{"line":1121,"column":47}},"291":{"start":{"line":1123,"column":6},"end":{"line":1129,"column":9}},"292":{"start":{"line":1132,"column":6},"end":{"line":1137,"column":7}},"293":{"start":{"line":1133,"column":8},"end":{"line":1136,"column":11}},"294":{"start":{"line":1139,"column":6},"end":{"line":1143,"column":9}},"295":{"start":{"line":1146,"column":6},"end":{"line":1148,"column":8}},"296":{"start":{"line":64,"column":0},"end":{"line":64,"column":13}}},"fnMap":{"0":{"name":"(anonymous_9)","decl":{"start":{"line":72,"column":2},"end":{"line":72,"column":null}},"loc":{"start":{"line":72,"column":2},"end":{"line":78,"column":3}}},"1":{"name":"(anonymous_10)","decl":{"start":{"line":80,"column":2},"end":{"line":80,"column":8}},"loc":{"start":{"line":80,"column":20},"end":{"line":85,"column":3}}},"2":{"name":"(anonymous_11)","decl":{"start":{"line":90,"column":2},"end":{"line":90,"column":7}},"loc":{"start":{"line":90,"column":46},"end":{"line":127,"column":3}}},"3":{"name":"(anonymous_12)","decl":{"start":{"line":132,"column":2},"end":{"line":132,"column":7}},"loc":{"start":{"line":132,"column":71},"end":{"line":259,"column":3}}},"4":{"name":"(anonymous_13)","decl":{"start":{"line":250,"column":31},"end":{"line":250,"column":32}},"loc":{"start":{"line":250,"column":36},"end":{"line":250,"column":59}}},"5":{"name":"(anonymous_14)","decl":{"start":{"line":264,"column":2},"end":{"line":264,"column":7}},"loc":{"start":{"line":264,"column":47},"end":{"line":298,"column":3}}},"6":{"name":"(anonymous_15)","decl":{"start":{"line":305,"column":2},"end":{"line":305,"column":7}},"loc":{"start":{"line":305,"column":68},"end":{"line":355,"column":3}}},"7":{"name":"(anonymous_16)","decl":{"start":{"line":319,"column":60},"end":{"line":319,"column":65}},"loc":{"start":{"line":319,"column":90},"end":{"line":344,"column":7}}},"8":{"name":"(anonymous_17)","decl":{"start":{"line":332,"column":62},"end":{"line":332,"column":67}},"loc":{"start":{"line":332,"column":73},"end":{"line":343,"column":9}}},"9":{"name":"(anonymous_18)","decl":{"start":{"line":360,"column":2},"end":{"line":360,"column":7}},"loc":{"start":{"line":360,"column":40},"end":{"line":369,"column":3}}},"10":{"name":"(anonymous_19)","decl":{"start":{"line":374,"column":2},"end":{"line":374,"column":19}},"loc":{"start":{"line":374,"column":19},"end":{"line":376,"column":3}}},"11":{"name":"(anonymous_20)","decl":{"start":{"line":381,"column":2},"end":{"line":381,"column":12}},"loc":{"start":{"line":381,"column":30},"end":{"line":383,"column":3}}},"12":{"name":"(anonymous_21)","decl":{"start":{"line":387,"column":10},"end":{"line":387,"column":15}},"loc":{"start":{"line":387,"column":30},"end":{"line":394,"column":3}}},"13":{"name":"(anonymous_22)","decl":{"start":{"line":396,"column":10},"end":{"line":396,"column":15}},"loc":{"start":{"line":396,"column":54},"end":{"line":734,"column":3}}},"14":{"name":"(anonymous_23)","decl":{"start":{"line":430,"column":19},"end":{"line":430,"column":23}},"loc":{"start":{"line":430,"column":27},"end":{"line":430,"column":38}}},"15":{"name":"(anonymous_24)","decl":{"start":{"line":431,"column":22},"end":{"line":431,"column":26}},"loc":{"start":{"line":431,"column":30},"end":{"line":431,"column":59}}},"16":{"name":"(anonymous_25)","decl":{"start":{"line":736,"column":10},"end":{"line":736,"column":15}},"loc":{"start":{"line":739,"column":20},"end":{"line":823,"column":3}}},"17":{"name":"(anonymous_26)","decl":{"start":{"line":762,"column":51},"end":{"line":762,"column":52}},"loc":{"start":{"line":762,"column":56},"end":{"line":762,"column":82}}},"18":{"name":"(anonymous_27)","decl":{"start":{"line":776,"column":31},"end":{"line":776,"column":32}},"loc":{"start":{"line":776,"column":61},"end":{"line":797,"column":7}}},"19":{"name":"(anonymous_28)","decl":{"start":{"line":800,"column":27},"end":{"line":800,"column":31}},"loc":{"start":{"line":800,"column":35},"end":{"line":800,"column":58}}},"20":{"name":"(anonymous_29)","decl":{"start":{"line":816,"column":23},"end":{"line":816,"column":24}},"loc":{"start":{"line":816,"column":38},"end":{"line":816,"column":63}}},"21":{"name":"(anonymous_30)","decl":{"start":{"line":825,"column":10},"end":{"line":825,"column":26}},"loc":{"start":{"line":828,"column":34},"end":{"line":851,"column":3}}},"22":{"name":"(anonymous_31)","decl":{"start":{"line":839,"column":28},"end":{"line":839,"column":35}},"loc":{"start":{"line":839,"column":38},"end":{"line":850,"column":5}}},"23":{"name":"(anonymous_32)","decl":{"start":{"line":853,"column":10},"end":{"line":853,"column":15}},"loc":{"start":{"line":853,"column":71},"end":{"line":872,"column":3}}},"24":{"name":"(anonymous_33)","decl":{"start":{"line":874,"column":10},"end":{"line":874,"column":18}},"loc":{"start":{"line":874,"column":35},"end":{"line":877,"column":3}}},"25":{"name":"(anonymous_34)","decl":{"start":{"line":879,"column":10},"end":{"line":879,"column":15}},"loc":{"start":{"line":883,"column":28},"end":{"line":917,"column":3}}},"26":{"name":"(anonymous_35)","decl":{"start":{"line":919,"column":10},"end":{"line":919,"column":15}},"loc":{"start":{"line":919,"column":75},"end":{"line":946,"column":3}}},"27":{"name":"(anonymous_36)","decl":{"start":{"line":948,"column":10},"end":{"line":948,"column":15}},"loc":{"start":{"line":948,"column":81},"end":{"line":967,"column":3}}},"28":{"name":"(anonymous_37)","decl":{"start":{"line":951,"column":28},"end":{"line":951,"column":41}},"loc":{"start":{"line":951,"column":28},"end":{"line":951,"column":63}}},"29":{"name":"(anonymous_38)","decl":{"start":{"line":969,"column":10},"end":{"line":969,"column":15}},"loc":{"start":{"line":969,"column":78},"end":{"line":979,"column":3}}},"30":{"name":"(anonymous_39)","decl":{"start":{"line":970,"column":26},"end":{"line":970,"column":39}},"loc":{"start":{"line":970,"column":26},"end":{"line":970,"column":61}}},"31":{"name":"(anonymous_40)","decl":{"start":{"line":981,"column":10},"end":{"line":981,"column":15}},"loc":{"start":{"line":984,"column":21},"end":{"line":1001,"column":3}}},"32":{"name":"(anonymous_41)","decl":{"start":{"line":1004,"column":10},"end":{"line":1004,"column":15}},"loc":{"start":{"line":1004,"column":56},"end":{"line":1007,"column":3}}},"33":{"name":"(anonymous_42)","decl":{"start":{"line":1009,"column":10},"end":{"line":1009,"column":15}},"loc":{"start":{"line":1009,"column":48},"end":{"line":1012,"column":3}}},"34":{"name":"(anonymous_43)","decl":{"start":{"line":1014,"column":10},"end":{"line":1014,"column":15}},"loc":{"start":{"line":1014,"column":53},"end":{"line":1019,"column":3}}},"35":{"name":"(anonymous_44)","decl":{"start":{"line":1021,"column":10},"end":{"line":1021,"column":15}},"loc":{"start":{"line":1021,"column":60},"end":{"line":1023,"column":3}}},"36":{"name":"(anonymous_45)","decl":{"start":{"line":1025,"column":10},"end":{"line":1025,"column":15}},"loc":{"start":{"line":1025,"column":54},"end":{"line":1031,"column":3}}},"37":{"name":"(anonymous_46)","decl":{"start":{"line":1033,"column":10},"end":{"line":1033,"column":15}},"loc":{"start":{"line":1033,"column":54},"end":{"line":1035,"column":3}}},"38":{"name":"(anonymous_47)","decl":{"start":{"line":1037,"column":10},"end":{"line":1037,"column":15}},"loc":{"start":{"line":1037,"column":69},"end":{"line":1053,"column":3}}},"39":{"name":"(anonymous_48)","decl":{"start":{"line":1055,"column":10},"end":{"line":1055,"column":15}},"loc":{"start":{"line":1055,"column":81},"end":{"line":1075,"column":3}}},"40":{"name":"(anonymous_49)","decl":{"start":{"line":1077,"column":10},"end":{"line":1077,"column":27}},"loc":{"start":{"line":1077,"column":27},"end":{"line":1079,"column":3}}},"41":{"name":"(anonymous_50)","decl":{"start":{"line":1084,"column":10},"end":{"line":1084,"column":15}},"loc":{"start":{"line":1086,"column":23},"end":{"line":1150,"column":3}}}},"branchMap":{"0":{"loc":{"start":{"line":81,"column":4},"end":{"line":83,"column":5}},"type":"if","locations":[{"start":{"line":81,"column":4},"end":{"line":83,"column":5}}]},"1":{"loc":{"start":{"line":93,"column":6},"end":{"line":96,"column":7}},"type":"if","locations":[{"start":{"line":93,"column":6},"end":{"line":96,"column":7}}]},"2":{"loc":{"start":{"line":99,"column":22},"end":{"line":99,"column":49}},"type":"binary-expr","locations":[{"start":{"line":99,"column":22},"end":{"line":99,"column":32}},{"start":{"line":99,"column":36},"end":{"line":99,"column":49}}]},"3":{"loc":{"start":{"line":101,"column":6},"end":{"line":104,"column":7}},"type":"if","locations":[{"start":{"line":101,"column":6},"end":{"line":104,"column":7}}]},"4":{"loc":{"start":{"line":110,"column":6},"end":{"line":113,"column":7}},"type":"if","locations":[{"start":{"line":110,"column":6},"end":{"line":113,"column":7}}]},"5":{"loc":{"start":{"line":123,"column":8},"end":{"line":123,"column":65}},"type":"cond-expr","locations":[{"start":{"line":123,"column":33},"end":{"line":123,"column":38}},{"start":{"line":123,"column":41},"end":{"line":123,"column":65}}]},"6":{"loc":{"start":{"line":132,"column":42},"end":{"line":132,"column":71}},"type":"default-arg","locations":[{"start":{"line":132,"column":69},"end":{"line":132,"column":71}}]},"7":{"loc":{"start":{"line":138,"column":4},"end":{"line":140,"column":5}},"type":"if","locations":[{"start":{"line":138,"column":4},"end":{"line":140,"column":5}}]},"8":{"loc":{"start":{"line":159,"column":6},"end":{"line":184,"column":7}},"type":"if","locations":[{"start":{"line":159,"column":6},"end":{"line":184,"column":7}}]},"9":{"loc":{"start":{"line":159,"column":10},"end":{"line":159,"column":61}},"type":"binary-expr","locations":[{"start":{"line":159,"column":11},"end":{"line":159,"column":38}},{"start":{"line":159,"column":43},"end":{"line":159,"column":61}}]},"10":{"loc":{"start":{"line":173,"column":19},"end":{"line":173,"column":73}},"type":"cond-expr","locations":[{"start":{"line":173,"column":44},"end":{"line":173,"column":57}},{"start":{"line":173,"column":60},"end":{"line":173,"column":73}}]},"11":{"loc":{"start":{"line":176,"column":10},"end":{"line":182,"column":11}},"type":"if","locations":[{"start":{"line":176,"column":10},"end":{"line":182,"column":11}},{"start":{"line":180,"column":17},"end":{"line":182,"column":11}}]},"12":{"loc":{"start":{"line":176,"column":14},"end":{"line":176,"column":75}},"type":"binary-expr","locations":[{"start":{"line":176,"column":14},"end":{"line":176,"column":36}},{"start":{"line":176,"column":40},"end":{"line":176,"column":75}}]},"13":{"loc":{"start":{"line":196,"column":6},"end":{"line":203,"column":7}},"type":"if","locations":[{"start":{"line":196,"column":6},"end":{"line":203,"column":7}},{"start":{"line":198,"column":13},"end":{"line":203,"column":7}}]},"14":{"loc":{"start":{"line":205,"column":6},"end":{"line":209,"column":7}},"type":"if","locations":[{"start":{"line":205,"column":6},"end":{"line":209,"column":7}}]},"15":{"loc":{"start":{"line":216,"column":6},"end":{"line":237,"column":7}},"type":"if","locations":[{"start":{"line":216,"column":6},"end":{"line":237,"column":7}},{"start":{"line":219,"column":13},"end":{"line":237,"column":7}}]},"16":{"loc":{"start":{"line":219,"column":13},"end":{"line":237,"column":7}},"type":"if","locations":[{"start":{"line":219,"column":13},"end":{"line":237,"column":7}},{"start":{"line":233,"column":13},"end":{"line":237,"column":7}}]},"17":{"loc":{"start":{"line":227,"column":21},"end":{"line":227,"column":75}},"type":"cond-expr","locations":[{"start":{"line":227,"column":46},"end":{"line":227,"column":59}},{"start":{"line":227,"column":62},"end":{"line":227,"column":75}}]},"18":{"loc":{"start":{"line":245,"column":26},"end":{"line":245,"column":80}},"type":"cond-expr","locations":[{"start":{"line":245,"column":51},"end":{"line":245,"column":64}},{"start":{"line":245,"column":67},"end":{"line":245,"column":80}}]},"19":{"loc":{"start":{"line":247,"column":15},"end":{"line":247,"column":69}},"type":"cond-expr","locations":[{"start":{"line":247,"column":40},"end":{"line":247,"column":53}},{"start":{"line":247,"column":56},"end":{"line":247,"column":69}}]},"20":{"loc":{"start":{"line":250,"column":6},"end":{"line":252,"column":7}},"type":"if","locations":[{"start":{"line":250,"column":6},"end":{"line":252,"column":7}}]},"21":{"loc":{"start":{"line":269,"column":6},"end":{"line":275,"column":7}},"type":"if","locations":[{"start":{"line":269,"column":6},"end":{"line":275,"column":7}}]},"22":{"loc":{"start":{"line":278,"column":6},"end":{"line":282,"column":7}},"type":"if","locations":[{"start":{"line":278,"column":6},"end":{"line":282,"column":7}}]},"23":{"loc":{"start":{"line":278,"column":10},"end":{"line":278,"column":52}},"type":"binary-expr","locations":[{"start":{"line":278,"column":10},"end":{"line":278,"column":19}},{"start":{"line":278,"column":24},"end":{"line":278,"column":51}}]},"24":{"loc":{"start":{"line":294,"column":15},"end":{"line":294,"column":69}},"type":"cond-expr","locations":[{"start":{"line":294,"column":40},"end":{"line":294,"column":53}},{"start":{"line":294,"column":56},"end":{"line":294,"column":69}}]},"25":{"loc":{"start":{"line":308,"column":4},"end":{"line":311,"column":5}},"type":"if","locations":[{"start":{"line":308,"column":4},"end":{"line":311,"column":5}}]},"26":{"loc":{"start":{"line":320,"column":8},"end":{"line":320,"column":30}},"type":"if","locations":[{"start":{"line":320,"column":8},"end":{"line":320,"column":30}}]},"27":{"loc":{"start":{"line":325,"column":8},"end":{"line":327,"column":9}},"type":"if","locations":[{"start":{"line":325,"column":8},"end":{"line":327,"column":9}}]},"28":{"loc":{"start":{"line":334,"column":12},"end":{"line":337,"column":13}},"type":"if","locations":[{"start":{"line":334,"column":12},"end":{"line":337,"column":13}}]},"29":{"loc":{"start":{"line":340,"column":21},"end":{"line":340,"column":75}},"type":"cond-expr","locations":[{"start":{"line":340,"column":46},"end":{"line":340,"column":59}},{"start":{"line":340,"column":62},"end":{"line":340,"column":75}}]},"30":{"loc":{"start":{"line":343,"column":11},"end":{"line":343,"column":40}},"type":"binary-expr","locations":[{"start":{"line":343,"column":11},"end":{"line":343,"column":30}},{"start":{"line":343,"column":34},"end":{"line":343,"column":40}}]},"31":{"loc":{"start":{"line":351,"column":8},"end":{"line":351,"column":65}},"type":"cond-expr","locations":[{"start":{"line":351,"column":33},"end":{"line":351,"column":38}},{"start":{"line":351,"column":41},"end":{"line":351,"column":65}}]},"32":{"loc":{"start":{"line":364,"column":4},"end":{"line":368,"column":5}},"type":"if","locations":[{"start":{"line":364,"column":4},"end":{"line":368,"column":5}}]},"33":{"loc":{"start":{"line":412,"column":6},"end":{"line":438,"column":7}},"type":"if","locations":[{"start":{"line":412,"column":6},"end":{"line":438,"column":7}},{"start":{"line":422,"column":13},"end":{"line":438,"column":7}}]},"34":{"loc":{"start":{"line":419,"column":19},"end":{"line":419,"column":73}},"type":"cond-expr","locations":[{"start":{"line":419,"column":44},"end":{"line":419,"column":57}},{"start":{"line":419,"column":60},"end":{"line":419,"column":73}}]},"35":{"loc":{"start":{"line":426,"column":10},"end":{"line":432,"column":11}},"type":"if","locations":[{"start":{"line":426,"column":10},"end":{"line":432,"column":11}}]},"36":{"loc":{"start":{"line":431,"column":30},"end":{"line":431,"column":59}},"type":"binary-expr","locations":[{"start":{"line":431,"column":30},"end":{"line":431,"column":34}},{"start":{"line":431,"column":38},"end":{"line":431,"column":59}}]},"37":{"loc":{"start":{"line":435,"column":19},"end":{"line":435,"column":73}},"type":"cond-expr","locations":[{"start":{"line":435,"column":44},"end":{"line":435,"column":57}},{"start":{"line":435,"column":60},"end":{"line":435,"column":73}}]},"38":{"loc":{"start":{"line":741,"column":28},"end":{"line":745,"column":10}},"type":"cond-expr","locations":[{"start":{"line":742,"column":8},"end":{"line":742,"column":17}},{"start":{"line":743,"column":8},"end":{"line":745,"column":10}}]},"39":{"loc":{"start":{"line":747,"column":4},"end":{"line":749,"column":5}},"type":"if","locations":[{"start":{"line":747,"column":4},"end":{"line":749,"column":5}}]},"40":{"loc":{"start":{"line":781,"column":10},"end":{"line":794,"column":11}},"type":"if","locations":[{"start":{"line":781,"column":10},"end":{"line":794,"column":11}}]},"41":{"loc":{"start":{"line":782,"column":12},"end":{"line":791,"column":35}},"type":"binary-expr","locations":[{"start":{"line":782,"column":12},"end":{"line":782,"column":35}},{"start":{"line":783,"column":12},"end":{"line":783,"column":27}},{"start":{"line":784,"column":12},"end":{"line":784,"column":27}},{"start":{"line":785,"column":12},"end":{"line":785,"column":28}},{"start":{"line":786,"column":12},"end":{"line":786,"column":28}},{"start":{"line":787,"column":12},"end":{"line":787,"column":31}},{"start":{"line":788,"column":12},"end":{"line":788,"column":32}},{"start":{"line":789,"column":12},"end":{"line":789,"column":34}},{"start":{"line":790,"column":12},"end":{"line":790,"column":35}},{"start":{"line":791,"column":12},"end":{"line":791,"column":35}}]},"42":{"loc":{"start":{"line":804,"column":6},"end":{"line":809,"column":7}},"type":"if","locations":[{"start":{"line":804,"column":6},"end":{"line":809,"column":7}}]},"43":{"loc":{"start":{"line":819,"column":15},"end":{"line":819,"column":69}},"type":"cond-expr","locations":[{"start":{"line":819,"column":40},"end":{"line":819,"column":53}},{"start":{"line":819,"column":56},"end":{"line":819,"column":69}}]},"44":{"loc":{"start":{"line":841,"column":6},"end":{"line":844,"column":7}},"type":"if","locations":[{"start":{"line":841,"column":6},"end":{"line":844,"column":7}}]},"45":{"loc":{"start":{"line":843,"column":15},"end":{"line":843,"column":87}},"type":"binary-expr","locations":[{"start":{"line":843,"column":15},"end":{"line":843,"column":56}},{"start":{"line":843,"column":60},"end":{"line":843,"column":87}}]},"46":{"loc":{"start":{"line":845,"column":6},"end":{"line":848,"column":7}},"type":"if","locations":[{"start":{"line":845,"column":6},"end":{"line":848,"column":7}}]},"47":{"loc":{"start":{"line":849,"column":13},"end":{"line":849,"column":79}},"type":"binary-expr","locations":[{"start":{"line":849,"column":13},"end":{"line":849,"column":37}},{"start":{"line":849,"column":41},"end":{"line":849,"column":79}}]},"48":{"loc":{"start":{"line":862,"column":8},"end":{"line":864,"column":9}},"type":"if","locations":[{"start":{"line":862,"column":8},"end":{"line":864,"column":9}}]},"49":{"loc":{"start":{"line":862,"column":12},"end":{"line":862,"column":49}},"type":"binary-expr","locations":[{"start":{"line":862,"column":12},"end":{"line":862,"column":21}},{"start":{"line":862,"column":25},"end":{"line":862,"column":49}}]},"50":{"loc":{"start":{"line":893,"column":8},"end":{"line":894,"column":52}},"type":"if","locations":[{"start":{"line":893,"column":8},"end":{"line":894,"column":52}},{"start":{"line":894,"column":13},"end":{"line":894,"column":52}}]},"51":{"loc":{"start":{"line":893,"column":12},"end":{"line":893,"column":43}},"type":"binary-expr","locations":[{"start":{"line":893,"column":12},"end":{"line":893,"column":25}},{"start":{"line":893,"column":29},"end":{"line":893,"column":43}}]},"52":{"loc":{"start":{"line":894,"column":13},"end":{"line":894,"column":52}},"type":"if","locations":[{"start":{"line":894,"column":13},"end":{"line":894,"column":52}}]},"53":{"loc":{"start":{"line":906,"column":8},"end":{"line":908,"column":9}},"type":"if","locations":[{"start":{"line":906,"column":8},"end":{"line":908,"column":9}}]},"54":{"loc":{"start":{"line":910,"column":40},"end":{"line":910,"column":94}},"type":"cond-expr","locations":[{"start":{"line":910,"column":65},"end":{"line":910,"column":78}},{"start":{"line":910,"column":81},"end":{"line":910,"column":94}}]},"55":{"loc":{"start":{"line":913,"column":10},"end":{"line":913,"column":67}},"type":"cond-expr","locations":[{"start":{"line":913,"column":35},"end":{"line":913,"column":40}},{"start":{"line":913,"column":43},"end":{"line":913,"column":67}}]},"56":{"loc":{"start":{"line":927,"column":6},"end":{"line":930,"column":7}},"type":"if","locations":[{"start":{"line":927,"column":6},"end":{"line":930,"column":7}}]},"57":{"loc":{"start":{"line":927,"column":10},"end":{"line":927,"column":58}},"type":"binary-expr","locations":[{"start":{"line":927,"column":10},"end":{"line":927,"column":25}},{"start":{"line":927,"column":29},"end":{"line":927,"column":58}}]},"58":{"loc":{"start":{"line":932,"column":6},"end":{"line":936,"column":7}},"type":"if","locations":[{"start":{"line":932,"column":6},"end":{"line":936,"column":7}},{"start":{"line":934,"column":13},"end":{"line":936,"column":7}}]},"59":{"loc":{"start":{"line":942,"column":15},"end":{"line":942,"column":69}},"type":"cond-expr","locations":[{"start":{"line":942,"column":40},"end":{"line":942,"column":53}},{"start":{"line":942,"column":56},"end":{"line":942,"column":69}}]},"60":{"loc":{"start":{"line":963,"column":15},"end":{"line":963,"column":69}},"type":"cond-expr","locations":[{"start":{"line":963,"column":40},"end":{"line":963,"column":53}},{"start":{"line":963,"column":56},"end":{"line":963,"column":69}}]},"61":{"loc":{"start":{"line":1028,"column":4},"end":{"line":1030,"column":5}},"type":"if","locations":[{"start":{"line":1028,"column":4},"end":{"line":1030,"column":5}}]},"62":{"loc":{"start":{"line":1042,"column":6},"end":{"line":1047,"column":7}},"type":"if","locations":[{"start":{"line":1042,"column":6},"end":{"line":1047,"column":7}}]},"63":{"loc":{"start":{"line":1046,"column":15},"end":{"line":1046,"column":36}},"type":"binary-expr","locations":[{"start":{"line":1046,"column":15},"end":{"line":1046,"column":28}},{"start":{"line":1046,"column":32},"end":{"line":1046,"column":36}}]},"64":{"loc":{"start":{"line":1060,"column":6},"end":{"line":1068,"column":7}},"type":"if","locations":[{"start":{"line":1060,"column":6},"end":{"line":1068,"column":7}}]},"65":{"loc":{"start":{"line":1072,"column":15},"end":{"line":1072,"column":69}},"type":"cond-expr","locations":[{"start":{"line":1072,"column":40},"end":{"line":1072,"column":53}},{"start":{"line":1072,"column":56},"end":{"line":1072,"column":69}}]},"66":{"loc":{"start":{"line":1098,"column":6},"end":{"line":1101,"column":7}},"type":"if","locations":[{"start":{"line":1098,"column":6},"end":{"line":1101,"column":7}}]},"67":{"loc":{"start":{"line":1132,"column":6},"end":{"line":1137,"column":7}},"type":"if","locations":[{"start":{"line":1132,"column":6},"end":{"line":1137,"column":7}}]},"68":{"loc":{"start":{"line":1142,"column":15},"end":{"line":1142,"column":69}},"type":"cond-expr","locations":[{"start":{"line":1142,"column":40},"end":{"line":1142,"column":53}},{"start":{"line":1142,"column":56},"end":{"line":1142,"column":69}}]},"69":{"loc":{"start":{"line":1147,"column":46},"end":{"line":1147,"column":100}},"type":"cond-expr","locations":[{"start":{"line":1147,"column":71},"end":{"line":1147,"column":84}},{"start":{"line":1147,"column":87},"end":{"line":1147,"column":100}}]}},"s":{"0":6,"1":6,"2":6,"3":6,"4":6,"5":6,"6":6,"7":6,"8":6,"9":6,"10":6,"11":29,"12":29,"13":29,"14":29,"15":29,"16":33,"17":29,"18":33,"19":4,"20":4,"21":0,"22":0,"23":4,"24":4,"25":1,"26":0,"27":0,"28":1,"29":1,"30":1,"31":0,"32":0,"33":1,"34":3,"35":3,"36":14,"37":14,"38":14,"39":14,"40":1,"41":14,"42":14,"43":14,"44":14,"45":12,"46":12,"47":12,"48":10,"49":1,"50":1,"51":1,"52":1,"53":0,"54":13,"55":13,"56":13,"57":13,"58":13,"59":13,"60":2,"61":11,"62":11,"63":11,"64":13,"65":0,"66":0,"67":0,"68":13,"69":13,"70":13,"71":1,"72":1,"73":12,"74":11,"75":11,"76":11,"77":0,"78":0,"79":1,"80":1,"81":13,"82":13,"83":0,"84":0,"85":0,"86":0,"87":0,"88":0,"89":13,"90":13,"91":2,"92":2,"93":2,"94":2,"95":2,"96":1,"97":1,"98":1,"99":1,"100":1,"101":1,"102":1,"103":1,"104":1,"105":1,"106":1,"107":1,"108":0,"109":0,"110":0,"111":0,"112":0,"113":0,"114":0,"115":0,"116":0,"117":0,"118":0,"119":0,"120":0,"121":0,"122":0,"123":0,"124":0,"125":0,"126":0,"127":0,"128":0,"129":0,"130":0,"131":0,"132":0,"133":1,"134":1,"135":1,"136":0,"137":0,"138":0,"139":2,"140":2,"141":63,"142":63,"143":63,"144":0,"145":13,"146":13,"147":13,"148":52,"149":13,"150":13,"151":13,"152":0,"153":39,"154":39,"155":39,"156":39,"157":39,"158":78,"159":78,"160":0,"161":13,"162":13,"163":13,"164":13,"165":1,"166":13,"167":13,"168":13,"169":13,"170":13,"171":13,"172":35,"173":35,"174":175,"175":0,"176":35,"177":13,"178":13,"179":35,"180":13,"181":13,"182":13,"183":0,"184":13,"185":13,"186":35,"187":0,"188":0,"189":0,"190":0,"191":0,"192":0,"193":0,"194":0,"195":0,"196":0,"197":0,"198":0,"199":11,"200":11,"201":30,"202":30,"203":30,"204":30,"205":30,"206":30,"207":0,"208":11,"209":30,"210":30,"211":13,"212":35,"213":35,"214":35,"215":35,"216":35,"217":0,"218":35,"219":0,"220":35,"221":35,"222":0,"223":0,"224":0,"225":0,"226":0,"227":35,"228":35,"229":11,"230":11,"231":11,"232":11,"233":11,"234":11,"235":0,"236":0,"237":0,"238":0,"239":0,"240":0,"241":0,"242":0,"243":0,"244":0,"245":0,"246":0,"247":0,"248":0,"249":0,"250":0,"251":0,"252":0,"253":0,"254":0,"255":0,"256":0,"257":0,"258":0,"259":44,"260":1,"261":1,"262":1,"263":1,"264":1,"265":1,"266":30,"267":30,"268":30,"269":30,"270":28,"271":28,"272":0,"273":2,"274":0,"275":0,"276":0,"277":0,"278":0,"279":0,"280":14,"281":2,"282":2,"283":2,"284":2,"285":0,"286":0,"287":0,"288":0,"289":0,"290":0,"291":0,"292":0,"293":0,"294":2,"295":2,"296":6},"f":{"0":29,"1":33,"2":4,"3":14,"4":0,"5":2,"6":0,"7":0,"8":0,"9":1,"10":2,"11":2,"12":63,"13":13,"14":78,"15":78,"16":13,"17":13,"18":35,"19":35,"20":35,"21":0,"22":0,"23":11,"24":30,"25":13,"26":11,"27":0,"28":0,"29":0,"30":0,"31":0,"32":44,"33":1,"34":1,"35":13,"36":1,"37":1,"38":30,"39":0,"40":14,"41":2},"b":{"0":[29],"1":[0],"2":[4,3],"3":[0],"4":[0],"5":[3,0],"6":[7],"7":[1],"8":[12],"9":[14,13],"10":[1,0],"11":[1,0],"12":[1,1],"13":[2,11],"14":[0],"15":[1,12],"16":[11,1],"17":[0,0],"18":[0,0],"19":[0,0],"20":[0],"21":[2],"22":[1],"23":[1,1],"24":[1,0],"25":[0],"26":[0],"27":[0],"28":[0],"29":[0,0],"30":[0,0],"31":[0,0],"32":[0],"33":[13,39],"34":[0,0],"35":[39],"36":[78,78],"37":[0,0],"38":[1,12],"39":[1],"40":[0],"41":[175,175,175,175,175,175,175,175,175,175],"42":[0],"43":[0,0],"44":[0],"45":[0,0],"46":[0],"47":[0,0],"48":[30],"49":[30,0],"50":[0,35],"51":[35,35],"52":[0],"53":[0],"54":[35,0],"55":[35,0],"56":[11],"57":[11,11],"58":[0,0],"59":[0,0],"60":[0,0],"61":[1],"62":[28],"63":[28,28],"64":[0],"65":[0,0],"66":[0],"67":[0],"68":[2,0],"69":[2,0]}}
,"C:\\Dev\\ambiance-mcp\\src\\local\\embeddingGenerator.ts": {"path":"C:\\Dev\\ambiance-mcp\\src\\local\\embeddingGenerator.ts","statementMap":{"0":{"start":{"line":18,"column":0},"end":{"line":18,"column":25}},"1":{"start":{"line":19,"column":0},"end":{"line":19,"column":29}},"2":{"start":{"line":20,"column":0},"end":{"line":20,"column":33}},"3":{"start":{"line":22,"column":0},"end":{"line":22,"column":41}},"4":{"start":{"line":23,"column":0},"end":{"line":23,"column":89}},"5":{"start":{"line":24,"column":0},"end":{"line":24,"column":60}},"6":{"start":{"line":25,"column":0},"end":{"line":25,"column":54}},"7":{"start":{"line":26,"column":0},"end":{"line":26,"column":48}},"8":{"start":{"line":27,"column":0},"end":{"line":27,"column":null}},"9":{"start":{"line":38,"column":10},"end":{"line":38,"column":42}},"10":{"start":{"line":41,"column":4},"end":{"line":41,"column":27}},"11":{"start":{"line":45,"column":4},"end":{"line":48,"column":5}},"12":{"start":{"line":46,"column":6},"end":{"line":46,"column":21}},"13":{"start":{"line":47,"column":6},"end":{"line":47,"column":13}},"14":{"start":{"line":50,"column":4},"end":{"line":52,"column":7}},"15":{"start":{"line":51,"column":6},"end":{"line":51,"column":33}},"16":{"start":{"line":56,"column":4},"end":{"line":56,"column":19}},"17":{"start":{"line":57,"column":4},"end":{"line":61,"column":5}},"18":{"start":{"line":58,"column":22},"end":{"line":58,"column":43}},"19":{"start":{"line":59,"column":6},"end":{"line":59,"column":21}},"20":{"start":{"line":60,"column":6},"end":{"line":60,"column":16}},"21":{"start":{"line":93,"column":10},"end":{"line":93,"column":39}},"22":{"start":{"line":94,"column":10},"end":{"line":94,"column":62}},"23":{"start":{"line":96,"column":10},"end":{"line":96,"column":56}},"24":{"start":{"line":114,"column":4},"end":{"line":114,"column":58}},"25":{"start":{"line":115,"column":4},"end":{"line":115,"column":90}},"26":{"start":{"line":116,"column":4},"end":{"line":116,"column":55}},"27":{"start":{"line":119,"column":4},"end":{"line":124,"column":5}},"28":{"start":{"line":120,"column":6},"end":{"line":123,"column":9}},"29":{"start":{"line":127,"column":4},"end":{"line":134,"column":5}},"30":{"start":{"line":128,"column":6},"end":{"line":128,"column":46}},"31":{"start":{"line":129,"column":6},"end":{"line":131,"column":9}},"32":{"start":{"line":132,"column":11},"end":{"line":134,"column":5}},"33":{"start":{"line":133,"column":6},"end":{"line":133,"column":98}},"34":{"start":{"line":137,"column":4},"end":{"line":144,"column":5}},"35":{"start":{"line":138,"column":6},"end":{"line":138,"column":50}},"36":{"start":{"line":139,"column":6},"end":{"line":139,"column":73}},"37":{"start":{"line":141,"column":6},"end":{"line":143,"column":9}},"38":{"start":{"line":151,"column":20},"end":{"line":151,"column":78}},"39":{"start":{"line":152,"column":4},"end":{"line":152,"column":30}},"40":{"start":{"line":152,"column":18},"end":{"line":152,"column":30}},"41":{"start":{"line":155,"column":16},"end":{"line":155,"column":26}},"42":{"start":{"line":156,"column":4},"end":{"line":163,"column":5}},"43":{"start":{"line":160,"column":6},"end":{"line":160,"column":68}},"44":{"start":{"line":161,"column":6},"end":{"line":161,"column":74}},"45":{"start":{"line":162,"column":6},"end":{"line":162,"column":18}},"46":{"start":{"line":165,"column":4},"end":{"line":165,"column":64}},"47":{"start":{"line":172,"column":20},"end":{"line":175,"column":6}},"48":{"start":{"line":176,"column":4},"end":{"line":176,"column":23}},"49":{"start":{"line":177,"column":4},"end":{"line":177,"column":37}},"50":{"start":{"line":178,"column":4},"end":{"line":178,"column":72}},"51":{"start":{"line":180,"column":4},"end":{"line":188,"column":5}},"52":{"start":{"line":181,"column":6},"end":{"line":183,"column":8}},"53":{"start":{"line":185,"column":6},"end":{"line":187,"column":8}},"54":{"start":{"line":195,"column":20},"end":{"line":199,"column":6}},"55":{"start":{"line":201,"column":4},"end":{"line":201,"column":22}},"56":{"start":{"line":202,"column":4},"end":{"line":202,"column":33}},"57":{"start":{"line":205,"column":16},"end":{"line":205,"column":26}},"58":{"start":{"line":206,"column":4},"end":{"line":208,"column":5}},"59":{"start":{"line":207,"column":6},"end":{"line":207,"column":23}},"60":{"start":{"line":211,"column":4},"end":{"line":221,"column":5}},"61":{"start":{"line":212,"column":29},"end":{"line":212,"column":76}},"62":{"start":{"line":213,"column":6},"end":{"line":213,"column":50}},"63":{"start":{"line":215,"column":6},"end":{"line":220,"column":9}},"64":{"start":{"line":223,"column":4},"end":{"line":223,"column":72}},"65":{"start":{"line":224,"column":4},"end":{"line":224,"column":38}},"66":{"start":{"line":234,"column":20},"end":{"line":234,"column":78}},"67":{"start":{"line":235,"column":4},"end":{"line":235,"column":44}},"68":{"start":{"line":235,"column":18},"end":{"line":235,"column":44}},"69":{"start":{"line":238,"column":16},"end":{"line":238,"column":26}},"70":{"start":{"line":239,"column":4},"end":{"line":242,"column":5}},"71":{"start":{"line":240,"column":6},"end":{"line":240,"column":68}},"72":{"start":{"line":241,"column":6},"end":{"line":241,"column":32}},"73":{"start":{"line":244,"column":4},"end":{"line":244,"column":38}},"74":{"start":{"line":251,"column":4},"end":{"line":266,"column":5}},"75":{"start":{"line":253,"column":8},"end":{"line":253,"column":20}},"76":{"start":{"line":255,"column":8},"end":{"line":261,"column":21}},"77":{"start":{"line":263,"column":8},"end":{"line":263,"column":68}},"78":{"start":{"line":265,"column":8},"end":{"line":265,"column":19}},"79":{"start":{"line":277,"column":4},"end":{"line":279,"column":5}},"80":{"start":{"line":278,"column":6},"end":{"line":278,"column":86}},"81":{"start":{"line":281,"column":4},"end":{"line":281,"column":44}},"82":{"start":{"line":284,"column":4},"end":{"line":284,"column":62}},"83":{"start":{"line":287,"column":28},"end":{"line":287,"column":53}},"84":{"start":{"line":288,"column":31},"end":{"line":288,"column":74}},"85":{"start":{"line":291,"column":4},"end":{"line":300,"column":5}},"86":{"start":{"line":292,"column":6},"end":{"line":292,"column":74}},"87":{"start":{"line":294,"column":6},"end":{"line":298,"column":9}},"88":{"start":{"line":299,"column":6},"end":{"line":299,"column":18}},"89":{"start":{"line":302,"column":41},"end":{"line":309,"column":6}},"90":{"start":{"line":311,"column":4},"end":{"line":402,"column":5}},"91":{"start":{"line":313,"column":20},"end":{"line":313,"column":81}},"92":{"start":{"line":314,"column":6},"end":{"line":314,"column":41}},"93":{"start":{"line":317,"column":8},"end":{"line":317,"column":87}},"94":{"start":{"line":318,"column":27},"end":{"line":318,"column":97}},"95":{"start":{"line":320,"column":8},"end":{"line":320,"column":97}},"96":{"start":{"line":322,"column":6},"end":{"line":333,"column":9}},"97":{"start":{"line":335,"column":6},"end":{"line":386,"column":7}},"98":{"start":{"line":335,"column":25},"end":{"line":335,"column":26}},"99":{"start":{"line":336,"column":25},"end":{"line":336,"column":39}},"100":{"start":{"line":337,"column":8},"end":{"line":385,"column":9}},"101":{"start":{"line":338,"column":10},"end":{"line":338,"column":70}},"102":{"start":{"line":339,"column":10},"end":{"line":344,"column":13}},"103":{"start":{"line":347,"column":10},"end":{"line":351,"column":11}},"104":{"start":{"line":348,"column":12},"end":{"line":348,"column":87}},"105":{"start":{"line":349,"column":12},"end":{"line":349,"column":38}},"106":{"start":{"line":350,"column":12},"end":{"line":350,"column":21}},"107":{"start":{"line":353,"column":31},"end":{"line":357,"column":null}},"108":{"start":{"line":360,"column":10},"end":{"line":360,"column":67}},"109":{"start":{"line":361,"column":10},"end":{"line":361,"column":59}},"110":{"start":{"line":362,"column":10},"end":{"line":362,"column":57}},"111":{"start":{"line":363,"column":10},"end":{"line":363,"column":55}},"112":{"start":{"line":364,"column":10},"end":{"line":364,"column":36}},"113":{"start":{"line":366,"column":10},"end":{"line":371,"column":13}},"114":{"start":{"line":374,"column":10},"end":{"line":376,"column":11}},"115":{"start":{"line":375,"column":12},"end":{"line":375,"column":48}},"116":{"start":{"line":378,"column":27},"end":{"line":378,"column":117}},"117":{"start":{"line":379,"column":10},"end":{"line":379,"column":41}},"118":{"start":{"line":380,"column":10},"end":{"line":383,"column":13}},"119":{"start":{"line":384,"column":10},"end":{"line":384,"column":36}},"120":{"start":{"line":388,"column":6},"end":{"line":394,"column":9}},"121":{"start":{"line":397,"column":6},"end":{"line":397,"column":77}},"122":{"start":{"line":399,"column":23},"end":{"line":399,"column":119}},"123":{"start":{"line":400,"column":6},"end":{"line":400,"column":37}},"124":{"start":{"line":401,"column":6},"end":{"line":401,"column":81}},"125":{"start":{"line":404,"column":4},"end":{"line":404,"column":20}},"126":{"start":{"line":416,"column":20},"end":{"line":416,"column":53}},"127":{"start":{"line":417,"column":25},"end":{"line":417,"column":61}},"128":{"start":{"line":418,"column":21},"end":{"line":418,"column":55}},"129":{"start":{"line":421,"column":19},"end":{"line":421,"column":63}},"130":{"start":{"line":422,"column":22},"end":{"line":422,"column":43}},"131":{"start":{"line":423,"column":21},"end":{"line":423,"column":78}},"132":{"start":{"line":425,"column":39},"end":{"line":436,"column":6}},"133":{"start":{"line":438,"column":4},"end":{"line":438,"column":55}},"134":{"start":{"line":441,"column":19},"end":{"line":441,"column":70}},"135":{"start":{"line":443,"column":45},"end":{"line":450,"column":6}},"136":{"start":{"line":454,"column":6},"end":{"line":454,"column":85}},"137":{"start":{"line":457,"column":32},"end":{"line":457,"column":34}},"138":{"start":{"line":458,"column":4},"end":{"line":461,"column":5}},"139":{"start":{"line":458,"column":17},"end":{"line":458,"column":18}},"140":{"start":{"line":459,"column":20},"end":{"line":459,"column":50}},"141":{"start":{"line":460,"column":6},"end":{"line":460,"column":54}},"142":{"start":{"line":460,"column":38},"end":{"line":460,"column":51}},"143":{"start":{"line":463,"column":4},"end":{"line":530,"column":5}},"144":{"start":{"line":465,"column":27},"end":{"line":465,"column":81}},"145":{"start":{"line":468,"column":23},"end":{"line":468,"column":24}},"146":{"start":{"line":469,"column":6},"end":{"line":521,"column":7}},"147":{"start":{"line":470,"column":22},"end":{"line":470,"column":88}},"148":{"start":{"line":473,"column":8},"end":{"line":508,"column":9}},"149":{"start":{"line":473,"column":21},"end":{"line":473,"column":22}},"150":{"start":{"line":474,"column":24},"end":{"line":474,"column":32}},"151":{"start":{"line":475,"column":28},"end":{"line":475,"column":46}},"152":{"start":{"line":478,"column":34},"end":{"line":478,"column":59}},"153":{"start":{"line":479,"column":36},"end":{"line":479,"column":89}},"154":{"start":{"line":481,"column":49},"end":{"line":504,"column":12}},"155":{"start":{"line":506,"column":10},"end":{"line":506,"column":60}},"156":{"start":{"line":507,"column":10},"end":{"line":507,"column":36}},"157":{"start":{"line":510,"column":8},"end":{"line":510,"column":53}},"158":{"start":{"line":511,"column":8},"end":{"line":518,"column":11}},"159":{"start":{"line":520,"column":8},"end":{"line":520,"column":21}},"160":{"start":{"line":523,"column":23},"end":{"line":523,"column":113}},"161":{"start":{"line":524,"column":6},"end":{"line":524,"column":41}},"162":{"start":{"line":525,"column":6},"end":{"line":529,"column":9}},"163":{"start":{"line":532,"column":4},"end":{"line":532,"column":24}},"164":{"start":{"line":542,"column":25},"end":{"line":542,"column":95}},"165":{"start":{"line":544,"column":6},"end":{"line":544,"column":95}},"166":{"start":{"line":547,"column":28},"end":{"line":547,"column":53}},"167":{"start":{"line":548,"column":4},"end":{"line":551,"column":6}},"168":{"start":{"line":553,"column":4},"end":{"line":571,"column":5}},"169":{"start":{"line":554,"column":6},"end":{"line":563,"column":9}},"170":{"start":{"line":564,"column":6},"end":{"line":564,"column":75}},"171":{"start":{"line":566,"column":6},"end":{"line":569,"column":9}},"172":{"start":{"line":570,"column":6},"end":{"line":570,"column":61}},"173":{"start":{"line":578,"column":23},"end":{"line":578,"column":88}},"174":{"start":{"line":579,"column":22},"end":{"line":579,"column":93}},"175":{"start":{"line":581,"column":4},"end":{"line":632,"column":5}},"176":{"start":{"line":582,"column":23},"end":{"line":585,"column":8}},"177":{"start":{"line":586,"column":6},"end":{"line":586,"column":62}},"178":{"start":{"line":586,"column":46},"end":{"line":586,"column":60}},"179":{"start":{"line":588,"column":26},"end":{"line":588,"column":89}},"180":{"start":{"line":589,"column":28},"end":{"line":589,"column":48}},"181":{"start":{"line":591,"column":6},"end":{"line":619,"column":7}},"182":{"start":{"line":593,"column":25},"end":{"line":593,"column":60}},"183":{"start":{"line":595,"column":8},"end":{"line":600,"column":9}},"184":{"start":{"line":596,"column":24},"end":{"line":596,"column":74}},"185":{"start":{"line":597,"column":10},"end":{"line":599,"column":11}},"186":{"start":{"line":598,"column":12},"end":{"line":598,"column":50}},"187":{"start":{"line":603,"column":8},"end":{"line":603,"column":49}},"188":{"start":{"line":605,"column":8},"end":{"line":615,"column":10}},"189":{"start":{"line":617,"column":8},"end":{"line":617,"column":37}},"190":{"start":{"line":618,"column":8},"end":{"line":618,"column":69}},"191":{"start":{"line":623,"column":6},"end":{"line":628,"column":7}},"192":{"start":{"line":624,"column":35},"end":{"line":624,"column":98}},"193":{"start":{"line":625,"column":8},"end":{"line":625,"column":81}},"194":{"start":{"line":627,"column":8},"end":{"line":627,"column":66}},"195":{"start":{"line":631,"column":6},"end":{"line":631,"column":18}},"196":{"start":{"line":642,"column":34},"end":{"line":642,"column":59}},"197":{"start":{"line":643,"column":22},"end":{"line":643,"column":51}},"198":{"start":{"line":646,"column":26},"end":{"line":674,"column":6}},"199":{"start":{"line":647,"column":6},"end":{"line":647,"column":32}},"200":{"start":{"line":649,"column":6},"end":{"line":673,"column":7}},"201":{"start":{"line":650,"column":8},"end":{"line":653,"column":11}},"202":{"start":{"line":655,"column":27},"end":{"line":655,"column":68}},"203":{"start":{"line":657,"column":8},"end":{"line":661,"column":11}},"204":{"start":{"line":663,"column":8},"end":{"line":663,"column":36}},"205":{"start":{"line":665,"column":8},"end":{"line":669,"column":11}},"206":{"start":{"line":670,"column":8},"end":{"line":670,"column":20}},"207":{"start":{"line":672,"column":8},"end":{"line":672,"column":28}},"208":{"start":{"line":677,"column":4},"end":{"line":677,"column":44}},"209":{"start":{"line":680,"column":31},"end":{"line":680,"column":33}},"210":{"start":{"line":681,"column":44},"end":{"line":681,"column":46}},"211":{"start":{"line":683,"column":4},"end":{"line":689,"column":5}},"212":{"start":{"line":683,"column":17},"end":{"line":683,"column":18}},"213":{"start":{"line":684,"column":6},"end":{"line":688,"column":7}},"214":{"start":{"line":685,"column":8},"end":{"line":685,"column":59}},"215":{"start":{"line":687,"column":8},"end":{"line":687,"column":43}},"216":{"start":{"line":691,"column":4},"end":{"line":693,"column":5}},"217":{"start":{"line":692,"column":6},"end":{"line":692,"column":76}},"218":{"start":{"line":695,"column":4},"end":{"line":695,"column":29}},"219":{"start":{"line":702,"column":34},"end":{"line":702,"column":36}},"220":{"start":{"line":704,"column":4},"end":{"line":721,"column":5}},"221":{"start":{"line":704,"column":17},"end":{"line":704,"column":18}},"222":{"start":{"line":705,"column":20},"end":{"line":705,"column":30}},"223":{"start":{"line":707,"column":6},"end":{"line":710,"column":9}},"224":{"start":{"line":712,"column":25},"end":{"line":712,"column":66}},"225":{"start":{"line":714,"column":6},"end":{"line":718,"column":9}},"226":{"start":{"line":720,"column":6},"end":{"line":720,"column":31}},"227":{"start":{"line":723,"column":4},"end":{"line":723,"column":19}},"228":{"start":{"line":732,"column":23},"end":{"line":742,"column":6}},"229":{"start":{"line":733,"column":6},"end":{"line":736,"column":7}},"230":{"start":{"line":734,"column":8},"end":{"line":734,"column":80}},"231":{"start":{"line":735,"column":8},"end":{"line":735,"column":21}},"232":{"start":{"line":737,"column":6},"end":{"line":740,"column":7}},"233":{"start":{"line":738,"column":8},"end":{"line":738,"column":52}},"234":{"start":{"line":739,"column":8},"end":{"line":739,"column":21}},"235":{"start":{"line":741,"column":6},"end":{"line":741,"column":18}},"236":{"start":{"line":744,"column":4},"end":{"line":746,"column":5}},"237":{"start":{"line":745,"column":6},"end":{"line":745,"column":74}},"238":{"start":{"line":749,"column":22},"end":{"line":824,"column":6}},"239":{"start":{"line":754,"column":27},"end":{"line":761,"column":12}},"240":{"start":{"line":762,"column":10},"end":{"line":762,"column":37}},"241":{"start":{"line":769,"column":10},"end":{"line":771,"column":11}},"242":{"start":{"line":770,"column":12},"end":{"line":770,"column":61}},"243":{"start":{"line":774,"column":33},"end":{"line":775,"column":null}},"244":{"start":{"line":775,"column":12},"end":{"line":775,"column":63}},"245":{"start":{"line":778,"column":10},"end":{"line":778,"column":64}},"246":{"start":{"line":785,"column":10},"end":{"line":787,"column":11}},"247":{"start":{"line":786,"column":12},"end":{"line":786,"column":59}},"248":{"start":{"line":789,"column":10},"end":{"line":821,"column":11}},"249":{"start":{"line":790,"column":28},"end":{"line":790,"column":78}},"250":{"start":{"line":791,"column":12},"end":{"line":791,"column":59}},"251":{"start":{"line":791,"column":41},"end":{"line":791,"column":57}},"252":{"start":{"line":793,"column":12},"end":{"line":796,"column":15}},"253":{"start":{"line":799,"column":12},"end":{"line":801,"column":13}},"254":{"start":{"line":800,"column":14},"end":{"line":800,"column":49}},"255":{"start":{"line":804,"column":12},"end":{"line":820,"column":13}},"256":{"start":{"line":805,"column":14},"end":{"line":807,"column":17}},"257":{"start":{"line":808,"column":38},"end":{"line":808,"column":88}},"258":{"start":{"line":809,"column":14},"end":{"line":811,"column":17}},"259":{"start":{"line":812,"column":14},"end":{"line":812,"column":69}},"260":{"start":{"line":812,"column":51},"end":{"line":812,"column":67}},"261":{"start":{"line":814,"column":14},"end":{"line":818,"column":17}},"262":{"start":{"line":819,"column":14},"end":{"line":819,"column":34}},"263":{"start":{"line":826,"column":4},"end":{"line":937,"column":5}},"264":{"start":{"line":827,"column":6},"end":{"line":830,"column":7}},"265":{"start":{"line":828,"column":8},"end":{"line":828,"column":66}},"266":{"start":{"line":829,"column":8},"end":{"line":829,"column":17}},"267":{"start":{"line":832,"column":6},"end":{"line":936,"column":7}},"268":{"start":{"line":833,"column":8},"end":{"line":847,"column":11}},"269":{"start":{"line":849,"column":27},"end":{"line":849,"column":58}},"270":{"start":{"line":852,"column":8},"end":{"line":854,"column":9}},"271":{"start":{"line":853,"column":10},"end":{"line":853,"column":82}},"272":{"start":{"line":856,"column":31},"end":{"line":856,"column":44}},"273":{"start":{"line":857,"column":8},"end":{"line":859,"column":9}},"274":{"start":{"line":858,"column":10},"end":{"line":858,"column":74}},"275":{"start":{"line":861,"column":35},"end":{"line":861,"column":67}},"276":{"start":{"line":862,"column":33},"end":{"line":862,"column":54}},"277":{"start":{"line":865,"column":8},"end":{"line":884,"column":9}},"278":{"start":{"line":866,"column":10},"end":{"line":870,"column":13}},"279":{"start":{"line":873,"column":10},"end":{"line":883,"column":11}},"280":{"start":{"line":874,"column":12},"end":{"line":874,"column":78}},"281":{"start":{"line":876,"column":12},"end":{"line":879,"column":15}},"282":{"start":{"line":880,"column":12},"end":{"line":882,"column":14}},"283":{"start":{"line":887,"column":8},"end":{"line":897,"column":9}},"284":{"start":{"line":888,"column":34},"end":{"line":888,"column":95}},"285":{"start":{"line":888,"column":71},"end":{"line":888,"column":94}},"286":{"start":{"line":889,"column":10},"end":{"line":896,"column":11}},"287":{"start":{"line":890,"column":12},"end":{"line":894,"column":15}},"288":{"start":{"line":895,"column":12},"end":{"line":895,"column":90}},"289":{"start":{"line":899,"column":8},"end":{"line":904,"column":11}},"290":{"start":{"line":906,"column":8},"end":{"line":906,"column":26}},"291":{"start":{"line":908,"column":29},"end":{"line":908,"column":83}},"292":{"start":{"line":909,"column":37},"end":{"line":909,"column":84}},"293":{"start":{"line":910,"column":35},"end":{"line":910,"column":94}},"294":{"start":{"line":913,"column":8},"end":{"line":915,"column":9}},"295":{"start":{"line":914,"column":10},"end":{"line":914,"column":62}},"296":{"start":{"line":917,"column":8},"end":{"line":923,"column":11}},"297":{"start":{"line":926,"column":8},"end":{"line":932,"column":9}},"298":{"start":{"line":927,"column":10},"end":{"line":930,"column":13}},"299":{"start":{"line":931,"column":10},"end":{"line":931,"column":34}},"300":{"start":{"line":935,"column":8},"end":{"line":935,"column":17}},"301":{"start":{"line":940,"column":31},"end":{"line":942,"column":17}},"302":{"start":{"line":941,"column":16},"end":{"line":941,"column":75}},"303":{"start":{"line":943,"column":4},"end":{"line":947,"column":6}},"304":{"start":{"line":955,"column":4},"end":{"line":957,"column":5}},"305":{"start":{"line":956,"column":6},"end":{"line":956,"column":86}},"306":{"start":{"line":960,"column":4},"end":{"line":1016,"column":5}},"307":{"start":{"line":961,"column":6},"end":{"line":1015,"column":7}},"308":{"start":{"line":963,"column":32},"end":{"line":963,"column":74}},"309":{"start":{"line":965,"column":8},"end":{"line":1010,"column":9}},"310":{"start":{"line":966,"column":34},"end":{"line":966,"column":59}},"311":{"start":{"line":967,"column":36},"end":{"line":967,"column":63}},"312":{"start":{"line":971,"column":12},"end":{"line":972,"column":67}},"313":{"start":{"line":974,"column":10},"end":{"line":1009,"column":11}},"314":{"start":{"line":975,"column":12},"end":{"line":982,"column":15}},"315":{"start":{"line":985,"column":12},"end":{"line":1003,"column":13}},"316":{"start":{"line":986,"column":39},"end":{"line":989,"column":null}},"317":{"start":{"line":991,"column":14},"end":{"line":991,"column":41}},"318":{"start":{"line":993,"column":14},"end":{"line":1002,"column":16}},"319":{"start":{"line":1005,"column":12},"end":{"line":1008,"column":15}},"320":{"start":{"line":1012,"column":8},"end":{"line":1014,"column":11}},"321":{"start":{"line":1019,"column":23},"end":{"line":1019,"column":65}},"322":{"start":{"line":1020,"column":4},"end":{"line":1020,"column":25}},"323":{"start":{"line":1040,"column":25},"end":{"line":1040,"column":53}},"324":{"start":{"line":1041,"column":24},"end":{"line":1041,"column":50}},"325":{"start":{"line":1042,"column":35},"end":{"line":1042,"column":75}},"326":{"start":{"line":1045,"column":4},"end":{"line":1054,"column":5}},"327":{"start":{"line":1046,"column":6},"end":{"line":1053,"column":7}},"328":{"start":{"line":1047,"column":8},"end":{"line":1047,"column":77}},"329":{"start":{"line":1049,"column":8},"end":{"line":1052,"column":11}},"330":{"start":{"line":1057,"column":4},"end":{"line":1057,"column":71}},"331":{"start":{"line":1077,"column":4},"end":{"line":1079,"column":5}},"332":{"start":{"line":1078,"column":6},"end":{"line":1078,"column":52}},"333":{"start":{"line":1082,"column":24},"end":{"line":1085,"column":null}},"334":{"start":{"line":1087,"column":26},"end":{"line":1087,"column":28}},"335":{"start":{"line":1090,"column":22},"end":{"line":1090,"column":46}},"336":{"start":{"line":1092,"column":4},"end":{"line":1119,"column":5}},"337":{"start":{"line":1092,"column":17},"end":{"line":1092,"column":18}},"338":{"start":{"line":1093,"column":23},"end":{"line":1093,"column":35}},"339":{"start":{"line":1095,"column":6},"end":{"line":1118,"column":7}},"340":{"start":{"line":1096,"column":8},"end":{"line":1103,"column":11}},"341":{"start":{"line":1106,"column":26},"end":{"line":1106,"column":92}},"342":{"start":{"line":1107,"column":8},"end":{"line":1117,"column":9}},"343":{"start":{"line":1107,"column":21},"end":{"line":1107,"column":22}},"344":{"start":{"line":1108,"column":27},"end":{"line":1108,"column":39}},"345":{"start":{"line":1109,"column":10},"end":{"line":1116,"column":13}},"346":{"start":{"line":1121,"column":4},"end":{"line":1121,"column":60}},"347":{"start":{"line":1121,"column":33},"end":{"line":1121,"column":58}},"348":{"start":{"line":1140,"column":18},"end":{"line":1140,"column":37}},"349":{"start":{"line":1141,"column":26},"end":{"line":1141,"column":28}},"350":{"start":{"line":1142,"column":21},"end":{"line":1142,"column":22}},"351":{"start":{"line":1143,"column":23},"end":{"line":1143,"column":25}},"352":{"start":{"line":1144,"column":20},"end":{"line":1144,"column":21}},"353":{"start":{"line":1145,"column":22},"end":{"line":1145,"column":23}},"354":{"start":{"line":1147,"column":4},"end":{"line":1169,"column":5}},"355":{"start":{"line":1148,"column":6},"end":{"line":1167,"column":7}},"356":{"start":{"line":1150,"column":8},"end":{"line":1156,"column":11}},"357":{"start":{"line":1159,"column":29},"end":{"line":1159,"column":89}},"358":{"start":{"line":1160,"column":8},"end":{"line":1160,"column":61}},"359":{"start":{"line":1161,"column":8},"end":{"line":1161,"column":58}},"360":{"start":{"line":1163,"column":8},"end":{"line":1163,"column":58}},"361":{"start":{"line":1164,"column":8},"end":{"line":1166,"column":9}},"362":{"start":{"line":1165,"column":10},"end":{"line":1165,"column":38}},"363":{"start":{"line":1168,"column":6},"end":{"line":1168,"column":20}},"364":{"start":{"line":1172,"column":4},"end":{"line":1180,"column":5}},"365":{"start":{"line":1173,"column":6},"end":{"line":1179,"column":9}},"366":{"start":{"line":1182,"column":4},"end":{"line":1182,"column":35}},"367":{"start":{"line":1189,"column":18},"end":{"line":1189,"column":37}},"368":{"start":{"line":1190,"column":4},"end":{"line":1190,"column":58}},"369":{"start":{"line":1197,"column":4},"end":{"line":1197,"column":47}},"370":{"start":{"line":1197,"column":29},"end":{"line":1197,"column":47}},"371":{"start":{"line":1198,"column":4},"end":{"line":1198,"column":37}},"372":{"start":{"line":1198,"column":21},"end":{"line":1198,"column":37}},"373":{"start":{"line":1199,"column":4},"end":{"line":1199,"column":19}},"374":{"start":{"line":1204,"column":21},"end":{"line":1204,"column":46}},"375":{"start":{"line":1205,"column":4},"end":{"line":1214,"column":5}},"376":{"start":{"line":1207,"column":8},"end":{"line":1207,"column":20}},"377":{"start":{"line":1209,"column":8},"end":{"line":1209,"column":20}},"378":{"start":{"line":1211,"column":8},"end":{"line":1211,"column":68}},"379":{"start":{"line":1213,"column":8},"end":{"line":1213,"column":20}},"380":{"start":{"line":1232,"column":4},"end":{"line":1234,"column":6}},"381":{"start":{"line":1248,"column":23},"end":{"line":1248,"column":39}},"382":{"start":{"line":1250,"column":4},"end":{"line":1275,"column":5}},"383":{"start":{"line":1252,"column":8},"end":{"line":1256,"column":10}},"384":{"start":{"line":1258,"column":8},"end":{"line":1262,"column":10}},"385":{"start":{"line":1264,"column":8},"end":{"line":1268,"column":10}},"386":{"start":{"line":1270,"column":8},"end":{"line":1274,"column":10}},"387":{"start":{"line":1282,"column":4},"end":{"line":1301,"column":5}},"388":{"start":{"line":1283,"column":20},"end":{"line":1283,"column":41}},"389":{"start":{"line":1284,"column":33},"end":{"line":1284,"column":83}},"390":{"start":{"line":1287,"column":29},"end":{"line":1288,"column":null}},"391":{"start":{"line":1288,"column":13},"end":{"line":1288,"column":64}},"392":{"start":{"line":1291,"column":6},"end":{"line":1291,"column":52}},"393":{"start":{"line":1291,"column":39},"end":{"line":1291,"column":52}},"394":{"start":{"line":1294,"column":28},"end":{"line":1295,"column":null}},"395":{"start":{"line":1295,"column":8},"end":{"line":1295,"column":63}},"396":{"start":{"line":1298,"column":6},"end":{"line":1298,"column":52}},"397":{"start":{"line":1300,"column":6},"end":{"line":1300,"column":19}},"398":{"start":{"line":1308,"column":16},"end":{"line":1308,"column":52}},"399":{"start":{"line":1309,"column":44},"end":{"line":1337,"column":6}},"400":{"start":{"line":1339,"column":4},"end":{"line":1339,"column":34}},"401":{"start":{"line":1346,"column":27},"end":{"line":1346,"column":59}},"402":{"start":{"line":1347,"column":4},"end":{"line":1347,"column":91}},"403":{"start":{"line":1354,"column":23},"end":{"line":1354,"column":45}},"404":{"start":{"line":1356,"column":28},"end":{"line":1364,"column":6}},"405":{"start":{"line":1366,"column":27},"end":{"line":1366,"column":87}},"406":{"start":{"line":1368,"column":16},"end":{"line":1372,"column":6}},"407":{"start":{"line":1375,"column":29},"end":{"line":1386,"column":5}},"408":{"start":{"line":1376,"column":29},"end":{"line":1376,"column":71}},"409":{"start":{"line":1377,"column":6},"end":{"line":1385,"column":8}},"410":{"start":{"line":1388,"column":30},"end":{"line":1388,"column":42}},"411":{"start":{"line":1389,"column":4},"end":{"line":1389,"column":58}},"412":{"start":{"line":1389,"column":33},"end":{"line":1389,"column":56}},"413":{"start":{"line":1390,"column":26},"end":{"line":1390,"column":58}},"414":{"start":{"line":1392,"column":4},"end":{"line":1397,"column":5}},"415":{"start":{"line":1393,"column":6},"end":{"line":1396,"column":9}},"416":{"start":{"line":1399,"column":4},"end":{"line":1399,"column":17}},"417":{"start":{"line":1406,"column":4},"end":{"line":1406,"column":59}},"418":{"start":{"line":1406,"column":34},"end":{"line":1406,"column":57}},"419":{"start":{"line":1417,"column":4},"end":{"line":1417,"column":68}},"420":{"start":{"line":1418,"column":4},"end":{"line":1418,"column":11}},"421":{"start":{"line":1425,"column":4},"end":{"line":1428,"column":5}},"422":{"start":{"line":1426,"column":6},"end":{"line":1426,"column":41}},"423":{"start":{"line":1427,"column":6},"end":{"line":1427,"column":32}},"424":{"start":{"line":1429,"column":4},"end":{"line":1432,"column":5}},"425":{"start":{"line":1431,"column":6},"end":{"line":1431,"column":29}},"426":{"start":{"line":1442,"column":4},"end":{"line":1516,"column":5}},"427":{"start":{"line":1444,"column":30},"end":{"line":1444,"column":55}},"428":{"start":{"line":1445,"column":32},"end":{"line":1445,"column":59}},"429":{"start":{"line":1446,"column":28},"end":{"line":1446,"column":68}},"430":{"start":{"line":1449,"column":27},"end":{"line":1453,"column":null}},"431":{"start":{"line":1456,"column":6},"end":{"line":1488,"column":7}},"432":{"start":{"line":1457,"column":8},"end":{"line":1463,"column":11}},"433":{"start":{"line":1465,"column":8},"end":{"line":1482,"column":9}},"434":{"start":{"line":1467,"column":10},"end":{"line":1474,"column":13}},"435":{"start":{"line":1476,"column":10},"end":{"line":1476,"column":63}},"436":{"start":{"line":1478,"column":10},"end":{"line":1481,"column":13}},"437":{"start":{"line":1483,"column":13},"end":{"line":1488,"column":7}},"438":{"start":{"line":1484,"column":8},"end":{"line":1487,"column":11}},"439":{"start":{"line":1491,"column":28},"end":{"line":1491,"column":88}},"440":{"start":{"line":1492,"column":6},"end":{"line":1509,"column":7}},"441":{"start":{"line":1493,"column":8},"end":{"line":1500,"column":10}},"442":{"start":{"line":1503,"column":8},"end":{"line":1503,"column":61}},"443":{"start":{"line":1505,"column":8},"end":{"line":1508,"column":11}},"444":{"start":{"line":1511,"column":6},"end":{"line":1514,"column":9}},"445":{"start":{"line":1524,"column":27},"end":{"line":1524,"column":60}},"446":{"start":{"line":1525,"column":26},"end":{"line":1525,"column":56}},"447":{"start":{"line":1526,"column":24},"end":{"line":1526,"column":47}},"448":{"start":{"line":1527,"column":27},"end":{"line":1527,"column":31}},"449":{"start":{"line":1529,"column":4},"end":{"line":1529,"column":78}},"450":{"start":{"line":92,"column":0},"end":{"line":92,"column":13}},"451":{"start":{"line":101,"column":17},"end":{"line":101,"column":87}},"452":{"start":{"line":102,"column":26},"end":{"line":102,"column":41}},"453":{"start":{"line":103,"column":26},"end":{"line":103,"column":47}},"454":{"start":{"line":106,"column":17},"end":{"line":106,"column":null}},"455":{"start":{"line":110,"column":26},"end":{"line":110,"co
[...]
{"line":235,"column":67}}]},"5":{"loc":{"start":{"line":256,"column":13},"end":{"line":256,"column":67}},"type":"cond-expr","locations":[{"start":{"line":256,"column":38},"end":{"line":256,"column":51}},{"start":{"line":256,"column":54},"end":{"line":256,"column":67}}]},"6":{"loc":{"start":{"line":260,"column":13},"end":{"line":260,"column":67}},"type":"cond-expr","locations":[{"start":{"line":260,"column":38},"end":{"line":260,"column":51}},{"start":{"line":260,"column":54},"end":{"line":260,"column":67}}]},"7":{"loc":{"start":{"line":280,"column":13},"end":{"line":280,"column":67}},"type":"cond-expr","locations":[{"start":{"line":280,"column":38},"end":{"line":280,"column":51}},{"start":{"line":280,"column":54},"end":{"line":280,"column":67}}]},"8":{"loc":{"start":{"line":284,"column":13},"end":{"line":284,"column":67}},"type":"cond-expr","locations":[{"start":{"line":284,"column":38},"end":{"line":284,"column":51}},{"start":{"line":284,"column":54},"end":{"line":284,"column":67}}]},"9":{"loc":{"start":{"line":293,"column":4},"end":{"line":342,"column":5}},"type":"if","locations":[{"start":{"line":293,"column":4},"end":{"line":342,"column":5}},{"start":{"line":322,"column":11},"end":{"line":342,"column":5}}]},"10":{"loc":{"start":{"line":295,"column":6},"end":{"line":301,"column":7}},"type":"if","locations":[{"start":{"line":295,"column":6},"end":{"line":301,"column":7}}]},"11":{"loc":{"start":{"line":317,"column":12},"end":{"line":319,"column":17}},"type":"cond-expr","locations":[{"start":{"line":318,"column":16},"end":{"line":318,"column":79}},{"start":{"line":319,"column":16},"end":{"line":319,"column":17}}]},"12":{"loc":{"start":{"line":335,"column":12},"end":{"line":337,"column":17}},"type":"cond-expr","locations":[{"start":{"line":336,"column":16},"end":{"line":336,"column":79}},{"start":{"line":337,"column":16},"end":{"line":337,"column":17}}]},"13":{"loc":{"start":{"line":345,"column":13},"end":{"line":345,"column":67}},"type":"cond-expr","locations":[{"start":{"line":345,"column":38},"end":{"line":345,"column":51}},{"start":{"line":345,"column":54},"end":{"line":345,"column":67}}]},"14":{"loc":{"start":{"line":349,"column":13},"end":{"line":349,"column":67}},"type":"cond-expr","locations":[{"start":{"line":349,"column":38},"end":{"line":349,"column":51}},{"start":{"line":349,"column":54},"end":{"line":349,"column":67}}]}},"s":{"0":1,"1":1,"2":1,"3":1,"4":1,"5":1,"6":1,"7":1,"8":1,"9":23,"10":1,"11":1,"12":1,"13":1,"14":1,"15":1,"16":1,"17":1,"18":1,"19":1,"20":3,"21":3,"22":2,"23":1,"24":1,"25":7,"26":5,"27":5,"28":5,"29":4,"30":1,"31":1,"32":4,"33":4,"34":4,"35":4,"36":2,"37":2,"38":2,"39":3,"40":3,"41":3,"42":3,"43":2,"44":1,"45":1,"46":3,"47":3,"48":3,"49":3,"50":2,"51":1,"52":1,"53":5,"54":5,"55":5,"56":3,"57":2,"58":1,"59":1,"60":2,"61":2,"62":2,"63":1,"64":1},"f":{"0":23,"1":3,"2":7,"3":4,"4":3,"5":3,"6":5,"7":2},"b":{"0":[1],"1":[1,0],"2":[1,0],"3":[2,0],"4":[2,0],"5":[1,0],"6":[1,0],"7":[1,0],"8":[1,0],"9":[3,2],"10":[1],"11":[1,0],"12":[2,0],"13":[1,0],"14":[1,0]}}
,"C:\\Dev\\ambiance-mcp\\src\\tools\\ambianceTools\\projectStatus.ts": {"path":"C:\\Dev\\ambiance-mcp\\src\\tools\\ambianceTools\\projectStatus.ts","statementMap":{"0":{"start":{"line":100,"column":0},"end":{"line":100,"column":7}},"1":{"start":{"line":12,"column":0},"end":{"line":12,"column":44}},"2":{"start":{"line":13,"column":0},"end":{"line":13,"column":66}},"3":{"start":{"line":14,"column":0},"end":{"line":14,"column":75}},"4":{"start":{"line":16,"column":26},"end":{"line":16,"column":57}},"5":{"start":{"line":19,"column":18},"end":{"line":19,"column":55}},"6":{"start":{"line":20,"column":2},"end":{"line":32,"column":3}},"7":{"start":{"line":21,"column":4},"end":{"line":31,"column":5}},"8":{"start":{"line":22,"column":23},"end":{"line":22,"column":55}},"9":{"start":{"line":23,"column":6},"end":{"line":26,"column":7}},"10":{"start":{"line":24,"column":8},"end":{"line":24,"column":85}},"11":{"start":{"line":25,"column":8},"end":{"line":25,"column":29}},"12":{"start":{"line":27,"column":6},"end":{"line":27,"column":22}},"13":{"start":{"line":29,"column":6},"end":{"line":29,"column":75}},"14":{"start":{"line":30,"column":6},"end":{"line":30,"column":27}},"15":{"start":{"line":33,"column":2},"end":{"line":33,"column":23}},"16":{"start":{"line":37,"column":2},"end":{"line":42,"column":3}},"17":{"start":{"line":39,"column":4},"end":{"line":39,"column":42}},"18":{"start":{"line":41,"column":4},"end":{"line":41,"column":17}},"19":{"start":{"line":46,"column":17},"end":{"line":52,"column":4}},"20":{"start":{"line":54,"column":2},"end":{"line":72,"column":3}},"21":{"start":{"line":56,"column":24},"end":{"line":56,"column":76}},"22":{"start":{"line":57,"column":4},"end":{"line":57,"column":44}},"23":{"start":{"line":58,"column":4},"end":{"line":60,"column":5}},"24":{"start":{"line":59,"column":6},"end":{"line":59,"column":87}},"25":{"start":{"line":63,"column":4},"end":{"line":63,"column":34}},"26":{"start":{"line":66,"column":4},"end":{"line":66,"column":36}},"27":{"start":{"line":69,"column":4},"end":{"line":69,"column":42}},"28":{"start":{"line":71,"column":4},"end":{"line":71,"column":56}},"29":{"start":{"line":74,"column":2},"end":{"line":74,"column":16}},"30":{"start":{"line":77,"column":13},"end":{"line":98,"column":2}},"31":{"start":{"line":101,"column":54},"end":{"line":101,"column":58}},"32":{"start":{"line":103,"column":2},"end":{"line":153,"column":3}},"33":{"start":{"line":105,"column":20},"end":{"line":105,"column":36}},"34":{"start":{"line":106,"column":24},"end":{"line":106,"column":31}},"35":{"start":{"line":107,"column":21},"end":{"line":107,"column":75}},"36":{"start":{"line":110,"column":24},"end":{"line":126,"column":6}},"37":{"start":{"line":129,"column":4},"end":{"line":133,"column":5}},"38":{"start":{"line":130,"column":6},"end":{"line":132,"column":8}},"39":{"start":{"line":136,"column":4},"end":{"line":138,"column":5}},"40":{"start":{"line":137,"column":6},"end":{"line":137,"column":57}},"41":{"start":{"line":140,"column":4},"end":{"line":143,"column":6}},"42":{"start":{"line":145,"column":4},"end":{"line":147,"column":7}},"43":{"start":{"line":148,"column":4},"end":{"line":152,"column":6}}},"fnMap":{"0":{"name":"resolveBaseDir","decl":{"start":{"line":18,"column":9},"end":{"line":18,"column":23}},"loc":{"start":{"line":18,"column":23},"end":{"line":34,"column":1}}},"1":{"name":"checkCloudConnection","decl":{"start":{"line":36,"column":15},"end":{"line":36,"column":35}},"loc":{"start":{"line":36,"column":35},"end":{"line":43,"column":1}}},"2":{"name":"runHealthChecks","decl":{"start":{"line":45,"column":15},"end":{"line":45,"column":30}},"loc":{"start":{"line":45,"column":50},"end":{"line":75,"column":1}}},"3":{"name":"handleProjectStatus","decl":{"start":{"line":100,"column":22},"end":{"line":100,"column":41}},"loc":{"start":{"line":100,"column":51},"end":{"line":154,"column":1}}}},"branchMap":{"0":{"loc":{"start":{"line":20,"column":2},"end":{"line":32,"column":3}},"type":"if","locations":[{"start":{"line":20,"column":2},"end":{"line":32,"column":3}}]},"1":{"loc":{"start":{"line":23,"column":6},"end":{"line":26,"column":7}},"type":"if","locations":[{"start":{"line":23,"column":6},"end":{"line":26,"column":7}}]},"2":{"loc":{"start":{"line":23,"column":10},"end":{"line":23,"column":96}},"type":"binary-expr","locations":[{"start":{"line":23,"column":10},"end":{"line":23,"column":33}},{"start":{"line":23,"column":37},"end":{"line":23,"column":64}},{"start":{"line":23,"column":68},"end":{"line":23,"column":96}}]},"3":{"loc":{"start":{"line":58,"column":4},"end":{"line":60,"column":5}},"type":"if","locations":[{"start":{"line":58,"column":4},"end":{"line":60,"column":5}}]},"4":{"loc":{"start":{"line":101,"column":10},"end":{"line":101,"column":29}},"type":"default-arg","locations":[{"start":{"line":101,"column":24},"end":{"line":101,"column":29}}]},"5":{"loc":{"start":{"line":101,"column":31},"end":{"line":101,"column":49}},"type":"default-arg","locations":[{"start":{"line":101,"column":45},"end":{"line":101,"column":49}}]},"6":{"loc":{"start":{"line":112,"column":14},"end":{"line":112,"column":41}},"type":"binary-expr","locations":[{"start":{"line":112,"column":14},"end":{"line":112,"column":28}},{"start":{"line":112,"column":32},"end":{"line":112,"column":41}}]},"7":{"loc":{"start":{"line":113,"column":15},"end":{"line":113,"column":53}},"type":"binary-expr","locations":[{"start":{"line":113,"column":15},"end":{"line":113,"column":40}},{"start":{"line":113,"column":44},"end":{"line":113,"column":53}}]},"8":{"loc":{"start":{"line":118,"column":20},"end":{"line":118,"column":64}},"type":"cond-expr","locations":[{"start":{"line":118,"column":33},"end":{"line":118,"column":57}},{"start":{"line":118,"column":60},"end":{"line":118,"column":64}}]},"9":{"loc":{"start":{"line":129,"column":4},"end":{"line":133,"column":5}},"type":"if","locations":[{"start":{"line":129,"column":4},"end":{"line":133,"column":5}}]},"10":{"loc":{"start":{"line":131,"column":19},"end":{"line":131,"column":40}},"type":"binary-expr","locations":[{"start":{"line":131,"column":19},"end":{"line":131,"column":32}},{"start":{"line":131,"column":36},"end":{"line":131,"column":40}}]},"11":{"loc":{"start":{"line":136,"column":4},"end":{"line":138,"column":5}},"type":"if","locations":[{"start":{"line":136,"column":4},"end":{"line":138,"column":5}}]},"12":{"loc":{"start":{"line":146,"column":13},"end":{"line":146,"column":67}},"type":"cond-expr","locations":[{"start":{"line":146,"column":38},"end":{"line":146,"column":51}},{"start":{"line":146,"column":54},"end":{"line":146,"column":67}}]},"13":{"loc":{"start":{"line":150,"column":13},"end":{"line":150,"column":67}},"type":"cond-expr","locations":[{"start":{"line":150,"column":38},"end":{"line":150,"column":51}},{"start":{"line":150,"column":54},"end":{"line":150,"column":67}}]}},"s":{"0":1,"1":1,"2":1,"3":1,"4":1,"5":0,"6":0,"7":0,"8":0,"9":0,"10":0,"11":0,"12":0,"13":0,"14":0,"15":0,"16":0,"17":0,"18":0,"19":0,"20":0,"21":0,"22":0,"23":0,"24":0,"25":0,"26":0,"27":0,"28":0,"29":0,"30":1,"31":0,"32":0,"33":0,"34":0,"35":0,"36":0,"37":0,"38":0,"39":0,"40":0,"41":0,"42":0,"43":0},"f":{"0":0,"1":0,"2":0,"3":0},"b":{"0":[0],"1":[0],"2":[0,0,0],"3":[0],"4":[0],"5":[0],"6":[0,0],"7":[0,0],"8":[0,0],"9":[0],"10":[0,0],"11":[0],"12":[0,0],"13":[0,0]}}
,"C:\\Dev\\ambiance-mcp\\src\\tools\\ambianceTools\\remoteQuery.ts": {"path":"C:\\Dev\\ambiance-mcp\\src\\tools\\ambianceTools\\remoteQuery.ts","statementMap":{"0":{"start":{"line":47,"column":0},"end":{"line":47,"column":7}},"1":{"start":{"line":11,"column":0},"end":{"line":11,"column":44}},"2":{"start":{"line":12,"column":0},"end":{"line":12,"column":51}},"3":{"start":{"line":14,"column":13},"end":{"line":45,"column":2}},"4":{"start":{"line":48,"column":68},"end":{"line":48,"column":72}},"5":{"start":{"line":50,"column":2},"end":{"line":50,"column":75}},"6":{"start":{"line":52,"column":2},"end":{"line":74,"column":3}},"7":{"start":{"line":53,"column":17},"end":{"line":58,"column":6}},"8":{"start":{"line":60,"column":4},"end":{"line":65,"column":6}},"9":{"start":{"line":67,"column":4},"end":{"line":69,"column":7}},"10":{"start":{"line":70,"column":4},"end":{"line":73,"column":6}}},"fnMap":{"0":{"name":"handleRemoteQuery","decl":{"start":{"line":47,"column":22},"end":{"line":47,"column":39}},"loc":{"start":{"line":47,"column":49},"end":{"line":75,"column":1}}}},"branchMap":{"0":{"loc":{"start":{"line":48,"column":28},"end":{"line":48,"column":44}},"type":"default-arg","locations":[{"start":{"line":48,"column":40},"end":{"line":48,"column":44}}]},"1":{"loc":{"start":{"line":48,"column":46},"end":{"line":48,"column":63}},"type":"default-arg","locations":[{"start":{"line":48,"column":61},"end":{"line":48,"column":63}}]},"2":{"loc":{"start":{"line":62,"column":14},"end":{"line":62,"column":46}},"type":"binary-expr","locations":[{"start":{"line":62,"column":14},"end":{"line":62,"column":25}},{"start":{"line":62,"column":29},"end":{"line":62,"column":46}}]},"3":{"loc":{"start":{"line":63,"column":17},"end":{"line":63,"column":55}},"type":"binary-expr","locations":[{"start":{"line":63,"column":17},"end":{"line":63,"column":31}},{"start":{"line":63,"column":35},"end":{"line":63,"column":55}}]},"4":{"loc":{"start":{"line":64,"column":18},"end":{"line":64,"column":58}},"type":"binary-expr","locations":[{"start":{"line":64,"column":18},"end":{"line":64,"column":33}},{"start":{"line":64,"column":37},"end":{"line":64,"column":58}}]},"5":{"loc":{"start":{"line":68,"column":13},"end":{"line":68,"column":67}},"type":"cond-expr","locations":[{"start":{"line":68,"column":38},"end":{"line":68,"column":51}},{"start":{"line":68,"column":54},"end":{"line":68,"column":67}}]},"6":{"loc":{"start":{"line":72,"column":13},"end":{"line":72,"column":67}},"type":"cond-expr","locations":[{"start":{"line":72,"column":38},"end":{"line":72,"column":51}},{"start":{"line":72,"column":54},"end":{"line":72,"column":67}}]}},"s":{"0":1,"1":1,"2":1,"3":1,"4":0,"5":0,"6":0,"7":0,"8":0,"9":0,"10":0},"f":{"0":0},"b":{"0":[0],"1":[0],"2":[0,0],"3":[0,0],"4":[0,0],"5":[0,0],"6":[0,0]}}
,"C:\\Dev\\ambiance-mcp\\src\\tools\\ambianceTools\\setupProject.ts": {"path":"C:\\Dev\\ambiance-mcp\\src\\tools\\ambianceTools\\setupProject.ts","statementMap":{"0":{"start":{"line":85,"column":0},"end":{"line":85,"column":7}},"1":{"start":{"line":13,"column":0},"end":{"line":13,"column":29}},"2":{"start":{"line":14,"column":0},"end":{"line":14,"column":44}},"3":{"start":{"line":15,"column":0},"end":{"line":15,"column":61}},"4":{"start":{"line":16,"column":0},"end":{"line":16,"column":59}},"5":{"start":{"line":17,"column":0},"end":{"line":17,"column":45}},"6":{"start":{"line":20,"column":46},"end":{"line":20,"column":50}},"7":{"start":{"line":166,"column":36},"end":{"line":166,"column":50}},"8":{"start":{"line":21,"column":30},"end":{"line":21,"column":34}},"9":{"start":{"line":166,"column":9},"end":{"line":166,"column":19}},"10":{"start":{"line":26,"column":18},"end":{"line":26,"column":55}},"11":{"start":{"line":27,"column":2},"end":{"line":41,"column":3}},"12":{"start":{"line":29,"column":4},"end":{"line":40,"column":5}},"13":{"start":{"line":30,"column":23},"end":{"line":30,"column":44}},"14":{"start":{"line":32,"column":6},"end":{"line":35,"column":7}},"15":{"start":{"line":33,"column":8},"end":{"line":33,"column":85}},"16":{"start":{"line":34,"column":8},"end":{"line":34,"column":29}},"17":{"start":{"line":36,"column":6},"end":{"line":36,"column":22}},"18":{"start":{"line":38,"column":6},"end":{"line":38,"column":75}},"19":{"start":{"line":39,"column":6},"end":{"line":39,"column":27}},"20":{"start":{"line":42,"column":2},"end":{"line":42,"column":23}},"21":{"start":{"line":46,"column":16},"end":{"line":46,"column":48}},"22":{"start":{"line":47,"column":2},"end":{"line":47,"column":38}},"23":{"start":{"line":50,"column":13},"end":{"line":83,"column":2}},"24":{"start":{"line":86,"column":49},"end":{"line":86,"column":53}},"25":{"start":{"line":88,"column":2},"end":{"line":162,"column":3}},"26":{"start":{"line":91,"column":20},"end":{"line":91,"column":36}},"27":{"start":{"line":93,"column":4},"end":{"line":121,"column":5}},"28":{"start":{"line":95,"column":22},"end":{"line":98,"column":8}},"29":{"start":{"line":100,"column":6},"end":{"line":118,"column":7}},"30":{"start":{"line":101,"column":8},"end":{"line":107,"column":9}},"31":{"start":{"line":102,"column":10},"end":{"line":102,"column":32}},"32":{"start":{"line":105,"column":30},"end":{"line":105,"column":64}},"33":{"start":{"line":106,"column":10},"end":{"line":106,"column":46}},"34":{"start":{"line":109,"column":8},"end":{"line":112,"column":11}},"35":{"start":{"line":113,"column":8},"end":{"line":117,"column":10}},"36":{"start":{"line":120,"column":6},"end":{"line":120,"column":28}},"37":{"start":{"line":123,"column":4},"end":{"line":123,"column":75}},"38":{"start":{"line":126,"column":17},"end":{"line":126,"column":74}},"39":{"start":{"line":127,"column":4},"end":{"line":127,"column":28}},"40":{"start":{"line":128,"column":4},"end":{"line":128,"column":35}},"41":{"start":{"line":131,"column":4},"end":{"line":135,"column":5}},"42":{"start":{"line":132,"column":6},"end":{"line":132,"column":29}},"43":{"start":{"line":133,"column":6},"end":{"line":133,"column":70}},"44":{"start":{"line":134,"column":6},"end":{"line":134,"column":35}},"45":{"start":{"line":137,"column":4},"end":{"line":152,"column":6}},"46":{"start":{"line":154,"column":4},"end":{"line":156,"column":7}},"47":{"start":{"line":157,"column":4},"end":{"line":161,"column":6}}},"fnMap":{"0":{"name":"resolveBaseDir","decl":{"start":{"line":24,"column":9},"end":{"line":24,"column":23}},"loc":{"start":{"line":24,"column":23},"end":{"line":43,"column":1}}},"1":{"name":"pathBasename","decl":{"start":{"line":45,"column":9},"end":{"line":45,"column":21}},"loc":{"start":{"line":45,"column":31},"end":{"line":48,"column":1}}},"2":{"name":"handleSetupProject","decl":{"start":{"line":85,"column":22},"end":{"line":85,"column":40}},"loc":{"start":{"line":85,"column":50},"end":{"line":163,"column":1}}}},"branchMap":{"0":{"loc":{"start":{"line":27,"column":2},"end":{"line":41,"column":3}},"type":"if","locations":[{"start":{"line":27,"column":2},"end":{"line":41,"column":3}}]},"1":{"loc":{"start":{"line":32,"column":6},"end":{"line":35,"column":7}},"type":"if","locations":[{"start":{"line":32,"column":6},"end":{"line":35,"column":7}}]},"2":{"loc":{"start":{"line":32,"column":10},"end":{"line":32,"column":96}},"type":"binary-expr","locations":[{"start":{"line":32,"column":10},"end":{"line":32,"column":33}},{"start":{"line":32,"column":37},"end":{"line":32,"column":64}},{"start":{"line":32,"column":68},"end":{"line":32,"column":96}}]},"3":{"loc":{"start":{"line":47,"column":9},"end":{"line":47,"column":37}},"type":"binary-expr","locations":[{"start":{"line":47,"column":9},"end":{"line":47,"column":32}},{"start":{"line":47,"column":36},"end":{"line":47,"column":37}}]},"4":{"loc":{"start":{"line":86,"column":27},"end":{"line":86,"column":44}},"type":"default-arg","locations":[{"start":{"line":86,"column":40},"end":{"line":86,"column":44}}]},"5":{"loc":{"start":{"line":93,"column":4},"end":{"line":121,"column":5}},"type":"if","locations":[{"start":{"line":93,"column":4},"end":{"line":121,"column":5}},{"start":{"line":119,"column":11},"end":{"line":121,"column":5}}]},"6":{"loc":{"start":{"line":101,"column":8},"end":{"line":107,"column":9}},"type":"if","locations":[{"start":{"line":101,"column":8},"end":{"line":107,"column":9}},{"start":{"line":103,"column":15},"end":{"line":107,"column":9}}]},"7":{"loc":{"start":{"line":111,"column":17},"end":{"line":111,"column":71}},"type":"cond-expr","locations":[{"start":{"line":111,"column":42},"end":{"line":111,"column":55}},{"start":{"line":111,"column":58},"end":{"line":111,"column":71}}]},"8":{"loc":{"start":{"line":131,"column":4},"end":{"line":135,"column":5}},"type":"if","locations":[{"start":{"line":131,"column":4},"end":{"line":135,"column":5}}]},"9":{"loc":{"start":{"line":155,"column":13},"end":{"line":155,"column":67}},"type":"cond-expr","locations":[{"start":{"line":155,"column":38},"end":{"line":155,"column":51}},{"start":{"line":155,"column":54},"end":{"line":155,"column":67}}]},"10":{"loc":{"start":{"line":159,"column":13},"end":{"line":159,"column":67}},"type":"cond-expr","locations":[{"start":{"line":159,"column":38},"end":{"line":159,"column":51}},{"start":{"line":159,"column":54},"end":{"line":159,"column":67}}]}},"s":{"0":1,"1":1,"2":1,"3":1,"4":1,"5":1,"6":1,"7":1,"8":1,"9":1,"10":0,"11":0,"12":0,"13":0,"14":0,"15":0,"16":0,"17":0,"18":0,"19":0,"20":0,"21":0,"22":0,"23":1,"24":0,"25":0,"26":0,"27":0,"28":0,"29":0,"30":0,"31":0,"32":0,"33":0,"34":0,"35":0,"36":0,"37":0,"38":0,"39":0,"40":0,"41":0,"42":0,"43":0,"44":0,"45":0,"46":0,"47":0},"f":{"0":0,"1":0,"2":0},"b":{"0":[0],"1":[0],"2":[0,0,0],"3":[0,0],"4":[0],"5":[0,0],"6":[0,0],"7":[0,0],"8":[0],"9":[0,0],"10":[0,0]}}
}
