TN:
SF:src\local\automaticIndexer.ts
FN:72,(anonymous_9)
FN:80,(anonymous_10)
FN:90,(anonymous_11)
FN:132,(anonymous_12)
FN:250,(anonymous_13)
FN:264,(anonymous_14)
FN:305,(anonymous_15)
FN:319,(anonymous_16)
FN:332,(anonymous_17)
FN:360,(anonymous_18)
FN:374,(anonymous_19)
FN:381,(anonymous_20)
FN:387,(anonymous_21)
FN:396,(anonymous_22)
FN:430,(anonymous_23)
FN:431,(anonymous_24)
FN:736,(anonymous_25)
FN:762,(anonymous_26)
FN:776,(anonymous_27)
FN:800,(anonymous_28)
FN:816,(anonymous_29)
FN:825,(anonymous_30)
FN:839,(anonymous_31)
FN:853,(anonymous_32)
FN:874,(anonymous_33)
FN:879,(anonymous_34)
FN:919,(anonymous_35)
FN:948,(anonymous_36)
FN:951,(anonymous_37)
FN:969,(anonymous_38)
FN:970,(anonymous_39)
FN:981,(anonymous_40)
FN:1004,(anonymous_41)
FN:1009,(anonymous_42)
FN:1014,(anonymous_43)
FN:1021,(anonymous_44)
FN:1025,(anonymous_45)
FN:1033,(anonymous_46)
FN:1037,(anonymous_47)
FN:1055,(anonymous_48)
FN:1077,(anonymous_49)
FN:1084,(anonymous_50)
FNF:42
FNH:30
FNDA:29,(anonymous_9)
FNDA:33,(anonymous_10)
FNDA:4,(anonymous_11)
FNDA:14,(anonymous_12)
FNDA:0,(anonymous_13)
FNDA:2,(anonymous_14)
FNDA:0,(anonymous_15)
FNDA:0,(anonymous_16)
FNDA:0,(anonymous_17)
FNDA:1,(anonymous_18)
FNDA:2,(anonymous_19)
FNDA:2,(anonymous_20)
FNDA:63,(anonymous_21)
FNDA:13,(anonymous_22)
FNDA:78,(anonymous_23)
FNDA:78,(anonymous_24)
FNDA:13,(anonymous_25)
FNDA:13,(anonymous_26)
FNDA:35,(anonymous_27)
FNDA:35,(anonymous_28)
FNDA:35,(anonymous_29)
FNDA:0,(anonymous_30)
FNDA:0,(anonymous_31)
FNDA:11,(anonymous_32)
FNDA:30,(anonymous_33)
FNDA:13,(anonymous_34)
FNDA:11,(anonymous_35)
FNDA:0,(anonymous_36)
FNDA:0,(anonymous_37)
FNDA:0,(anonymous_38)
FNDA:0,(anonymous_39)
FNDA:0,(anonymous_40)
FNDA:44,(anonymous_41)
FNDA:1,(anonymous_42)
FNDA:1,(anonymous_43)
FNDA:13,(anonymous_44)
FNDA:1,(anonymous_45)
FNDA:1,(anonymous_46)
FNDA:30,(anonymous_47)
FNDA:0,(anonymous_48)
FNDA:14,(anonymous_49)
FNDA:2,(anonymous_50)
DA:18,6
DA:19,6
DA:20,6
DA:21,6
DA:22,6
DA:23,6
DA:24,6
DA:25,6
DA:26,6
DA:27,6
DA:28,6
DA:64,6
DA:73,29
DA:74,29
DA:75,29
DA:76,29
DA:77,29
DA:81,33
DA:82,29
DA:84,33
DA:91,4
DA:93,4
DA:94,0
DA:95,0
DA:99,4
DA:100,4
DA:101,1
DA:102,0
DA:103,0
DA:106,1
DA:107,1
DA:110,1
DA:111,0
DA:112,0
DA:116,1
DA:121,3
DA:125,3
DA:133,14
DA:134,14
DA:136,14
DA:138,14
DA:139,1
DA:142,14
DA:155,14
DA:157,14
DA:159,14
DA:160,12
DA:161,12
DA:166,12
DA:170,10
DA:172,1
DA:176,1
DA:177,1
DA:178,1
DA:181,0
DA:187,13
DA:188,13
DA:191,13
DA:192,13
DA:194,13
DA:196,13
DA:197,2
DA:200,11
DA:201,11
DA:202,11
DA:205,13
DA:206,0
DA:207,0
DA:208,0
DA:212,13
DA:213,13
DA:216,13
DA:217,1
DA:218,1
DA:219,12
DA:220,11
DA:221,11
DA:222,11
DA:224,0
DA:231,0
DA:235,1
DA:236,1
DA:239,13
DA:240,13
DA:244,0
DA:245,0
DA:246,0
DA:250,0
DA:251,0
DA:255,13
DA:258,13
DA:265,2
DA:266,2
DA:268,2
DA:269,2
DA:271,2
DA:274,1
DA:277,1
DA:278,1
DA:280,1
DA:281,1
DA:285,1
DA:286,1
DA:289,1
DA:290,1
DA:291,1
DA:293,1
DA:296,1
DA:306,0
DA:308,0
DA:309,0
DA:310,0
DA:313,0
DA:315,0
DA:318,0
DA:319,0
DA:320,0
DA:322,0
DA:325,0
DA:326,0
DA:330,0
DA:331,0
DA:332,0
DA:333,0
DA:334,0
DA:335,0
DA:336,0
DA:339,0
DA:346,0
DA:347,0
DA:349,0
DA:353,0
DA:361,1
DA:362,1
DA:364,1
DA:365,0
DA:366,0
DA:367,0
DA:375,2
DA:382,2
DA:388,63
DA:389,63
DA:390,63
DA:392,0
DA:397,13
DA:404,13
DA:411,13
DA:412,52
DA:414,13
DA:415,13
DA:416,13
DA:418,0
DA:424,39
DA:425,39
DA:426,39
DA:427,39
DA:428,39
DA:430,78
DA:431,78
DA:434,0
DA:442,13
DA:733,13
DA:741,13
DA:747,13
DA:748,1
DA:752,13
DA:760,13
DA:762,13
DA:766,13
DA:767,13
DA:776,13
DA:778,35
DA:779,35
DA:781,175
DA:793,0
DA:796,35
DA:799,13
DA:800,35
DA:801,13
DA:802,13
DA:804,13
DA:805,0
DA:811,13
DA:816,35
DA:818,0
DA:821,0
DA:830,0
DA:832,0
DA:839,0
DA:841,0
DA:842,0
DA:843,0
DA:845,0
DA:846,0
DA:847,0
DA:849,0
DA:854,11
DA:856,11
DA:857,30
DA:858,30
DA:859,30
DA:860,30
DA:862,30
DA:863,30
DA:867,0
DA:871,11
DA:875,30
DA:876,30
DA:885,13
DA:886,35
DA:888,35
DA:891,35
DA:892,35
DA:893,35
DA:894,35
DA:897,35
DA:898,35
DA:899,0
DA:901,0
DA:904,0
DA:906,0
DA:907,0
DA:910,35
DA:911,35
DA:920,11
DA:921,11
DA:924,11
DA:927,11
DA:928,11
DA:929,11
DA:932,0
DA:933,0
DA:935,0
DA:938,0
DA:939,0
DA:941,0
DA:944,0
DA:950,0
DA:951,0
DA:954,0
DA:955,0
DA:958,0
DA:960,0
DA:962,0
DA:965,0
DA:970,0
DA:973,0
DA:975,0
DA:978,0
DA:987,0
DA:988,0
DA:991,0
DA:993,0
DA:1000,0
DA:1006,44
DA:1011,1
DA:1016,1
DA:1018,1
DA:1027,1
DA:1028,1
DA:1029,1
DA:1038,30
DA:1039,30
DA:1040,30
DA:1042,30
DA:1043,28
DA:1046,28
DA:1050,0
DA:1052,2
DA:1056,0
DA:1057,0
DA:1058,0
DA:1060,0
DA:1061,0
DA:1071,0
DA:1078,14
DA:1088,2
DA:1089,2
DA:1095,2
DA:1096,2
DA:1098,0
DA:1099,0
DA:1100,0
DA:1104,0
DA:1107,0
DA:1121,0
DA:1123,0
DA:1132,0
DA:1133,0
DA:1139,2
DA:1146,2
LF:291
LH:184
BRDA:81,0,0,29
BRDA:93,1,0,0
BRDA:99,2,0,4
BRDA:99,2,1,3
BRDA:101,3,0,0
BRDA:110,4,0,0
BRDA:123,5,0,3
BRDA:123,5,1,0
BRDA:132,6,0,7
BRDA:138,7,0,1
BRDA:159,8,0,12
BRDA:159,9,0,14
BRDA:159,9,1,13
BRDA:173,10,0,1
BRDA:173,10,1,0
BRDA:176,11,0,1
BRDA:176,11,1,0
BRDA:176,12,0,1
BRDA:176,12,1,1
BRDA:196,13,0,2
BRDA:196,13,1,11
BRDA:205,14,0,0
BRDA:216,15,0,1
BRDA:216,15,1,12
BRDA:219,16,0,11
BRDA:219,16,1,1
BRDA:227,17,0,0
BRDA:227,17,1,0
BRDA:245,18,0,0
BRDA:245,18,1,0
BRDA:247,19,0,0
BRDA:247,19,1,0
BRDA:250,20,0,0
BRDA:269,21,0,2
BRDA:278,22,0,1
BRDA:278,23,0,1
BRDA:278,23,1,1
BRDA:294,24,0,1
BRDA:294,24,1,0
BRDA:308,25,0,0
BRDA:320,26,0,0
BRDA:325,27,0,0
BRDA:334,28,0,0
BRDA:340,29,0,0
BRDA:340,29,1,0
BRDA:343,30,0,0
BRDA:343,30,1,0
BRDA:351,31,0,0
BRDA:351,31,1,0
BRDA:364,32,0,0
BRDA:412,33,0,13
BRDA:412,33,1,39
BRDA:419,34,0,0
BRDA:419,34,1,0
BRDA:426,35,0,39
BRDA:431,36,0,78
BRDA:431,36,1,78
BRDA:435,37,0,0
BRDA:435,37,1,0
BRDA:741,38,0,1
BRDA:741,38,1,12
BRDA:747,39,0,1
BRDA:781,40,0,0
BRDA:782,41,0,175
BRDA:782,41,1,175
BRDA:782,41,2,175
BRDA:782,41,3,175
BRDA:782,41,4,175
BRDA:782,41,5,175
BRDA:782,41,6,175
BRDA:782,41,7,175
BRDA:782,41,8,175
BRDA:782,41,9,175
BRDA:804,42,0,0
BRDA:819,43,0,0
BRDA:819,43,1,0
BRDA:841,44,0,0
BRDA:843,45,0,0
BRDA:843,45,1,0
BRDA:845,46,0,0
BRDA:849,47,0,0
BRDA:849,47,1,0
BRDA:862,48,0,30
BRDA:862,49,0,30
BRDA:862,49,1,0
BRDA:893,50,0,0
BRDA:893,50,1,35
BRDA:893,51,0,35
BRDA:893,51,1,35
BRDA:894,52,0,0
BRDA:906,53,0,0
BRDA:910,54,0,35
BRDA:910,54,1,0
BRDA:913,55,0,35
BRDA:913,55,1,0
BRDA:927,56,0,11
BRDA:927,57,0,11
BRDA:927,57,1,11
BRDA:932,58,0,0
BRDA:932,58,1,0
BRDA:942,59,0,0
BRDA:942,59,1,0
BRDA:963,60,0,0
BRDA:963,60,1,0
BRDA:1028,61,0,1
BRDA:1042,62,0,28
BRDA:1046,63,0,28
BRDA:1046,63,1,28
BRDA:1060,64,0,0
BRDA:1072,65,0,0
BRDA:1072,65,1,0
BRDA:1098,66,0,0
BRDA:1132,67,0,0
BRDA:1142,68,0,2
BRDA:1142,68,1,0
BRDA:1147,69,0,2
BRDA:1147,69,1,0
BRF:117
BRH:58
end_of_record
TN:
SF:src\local\embeddingGenerator.ts
FN:40,(anonymous_9)
FN:44,(anonymous_10)
FN:50,(anonymous_11)
FN:55,(anonymous_12)
FN:113,(anonymous_13)
FN:150,(anonymous_14)
FN:171,(anonymous_15)
FN:194,(anonymous_16)
FN:230,(anonymous_17)
FN:250,(anonymous_18)
FN:272,(anonymous_19)
FN:410,(anonymous_20)
FN:460,(anonymous_21)
FN:538,(anonymous_22)
FN:577,(anonymous_23)
FN:586,(anonymous_24)
FN:638,(anonymous_25)
FN:646,(anonymous_26)
FN:701,(anonymous_27)
FN:730,(anonymous_28)
FN:732,(anonymous_29)
FN:753,(anonymous_30)
FN:768,(anonymous_31)
FN:774,(anonymous_32)
FN:784,(anonymous_33)
FN:791,(anonymous_34)
FN:812,(anonymous_35)
FN:888,(anonymous_36)
FN:941,(anonymous_37)
FN:954,(anonymous_38)
FN:1026,(anonymous_39)
FN:1063,(anonymous_40)
FN:1121,(anonymous_41)
FN:1127,(anonymous_42)
FN:1188,(anonymous_43)
FN:1196,(anonymous_44)
FN:1202,(anonymous_45)
FN:1220,(anonymous_46)
FN:1240,(anonymous_47)
FN:1281,(anonymous_48)
FN:1288,(anonymous_49)
FN:1294,(anonymous_50)
FN:1307,(anonymous_51)
FN:1345,(anonymous_52)
FN:1353,(anonymous_53)
FN:1354,(anonymous_54)
FN:1375,(anonymous_55)
FN:1389,(anonymous_56)
FN:1405,(anonymous_57)
FN:1406,(anonymous_58)
FN:1412,(anonymous_59)
FN:1424,(anonymous_60)
FN:1438,(anonymous_61)
FN:1522,(anonymous_62)
FNF:54
FNH:37
FNDA:22,(anonymous_9)
FNDA:22,(anonymous_10)
FNDA:0,(anonymous_11)
FNDA:22,(anonymous_12)
FNDA:65,(anonymous_13)
FNDA:193,(anonymous_14)
FNDA:196,(anonymous_15)
FNDA:0,(anonymous_16)
FNDA:187,(anonymous_17)
FNDA:19,(anonymous_18)
FNDA:21,(anonymous_19)
FNDA:187,(anonymous_20)
FNDA:187,(anonymous_21)
FNDA:187,(anonymous_22)
FNDA:0,(anonymous_23)
FNDA:0,(anonymous_24)
FNDA:22,(anonymous_25)
FNDA:22,(anonymous_26)
FNDA:165,(anonymous_27)
FNDA:194,(anonymous_28)
FNDA:194,(anonymous_29)
FNDA:3,(anonymous_30)
FNDA:0,(anonymous_31)
FNDA:0,(anonymous_32)
FNDA:193,(anonymous_33)
FNDA:0,(anonymous_34)
FNDA:0,(anonymous_35)
FNDA:0,(anonymous_36)
FNDA:579,(anonymous_37)
FNDA:7,(anonymous_38)
FNDA:187,(anonymous_39)
FNDA:187,(anonymous_40)
FNDA:0,(anonymous_41)
FNDA:187,(anonymous_42)
FNDA:0,(anonymous_43)
FNDA:471,(anonymous_44)
FNDA:19,(anonymous_45)
FNDA:0,(anonymous_46)
FNDA:0,(anonymous_47)
FNDA:176,(anonymous_48)
FNDA:0,(anonymous_49)
FNDA:0,(anonymous_50)
FNDA:374,(anonymous_51)
FNDA:187,(anonymous_52)
FNDA:18,(anonymous_53)
FNDA:18,(anonymous_54)
FNDA:187,(anonymous_55)
FNDA:187,(anonymous_56)
FNDA:11,(anonymous_57)
FNDA:11,(anonymous_58)
FNDA:0,(anonymous_59)
FNDA:3,(anonymous_60)
FNDA:19,(anonymous_61)
FNDA:0,(anonymous_62)
DA:18,11
DA:19,11
DA:20,11
DA:22,11
DA:23,11
DA:24,11
DA:25,11
DA:26,11
DA:27,11
DA:38,22
DA:41,22
DA:45,22
DA:46,22
DA:47,22
DA:50,0
DA:51,0
DA:56,22
DA:57,22
DA:58,0
DA:59,0
DA:60,0
DA:92,11
DA:93,65
DA:94,65
DA:96,65
DA:101,11
DA:102,11
DA:103,11
DA:106,11
DA:110,11
DA:111,11
DA:114,65
DA:115,65
DA:116,65
DA:119,65
DA:120,38
DA:127,65
DA:128,0
DA:129,0
DA:132,65
DA:133,27
DA:137,65
DA:138,65
DA:139,65
DA:141,0
DA:151,193
DA:152,193
DA:155,192
DA:156,192
DA:160,0
DA:161,0
DA:162,0
DA:165,192
DA:172,196
DA:176,196
DA:177,196
DA:178,196
DA:180,196
DA:181,192
DA:185,4
DA:195,0
DA:201,0
DA:202,0
DA:205,0
DA:206,0
DA:207,0
DA:211,0
DA:212,0
DA:213,0
DA:215,0
DA:223,0
DA:224,0
DA:234,187
DA:235,187
DA:238,0
DA:239,0
DA:240,0
DA:241,0
DA:244,0
DA:251,19
DA:253,19
DA:255,0
DA:263,0
DA:265,0
DA:277,21
DA:278,1
DA:281,20
DA:284,19
DA:287,19
DA:288,19
DA:291,19
DA:292,19
DA:294,1
DA:299,1
DA:302,18
DA:311,18
DA:313,18
DA:314,18
DA:317,18
DA:318,18
DA:320,18
DA:322,18
DA:335,18
DA:336,187
DA:337,187
DA:338,187
DA:339,187
DA:347,187
DA:348,0
DA:349,0
DA:350,0
DA:353,187
DA:360,187
DA:361,187
DA:362,187
DA:363,187
DA:364,187
DA:366,187
DA:374,187
DA:375,11
DA:378,0
DA:379,0
DA:380,0
DA:384,0
DA:388,18
DA:397,18
DA:399,0
DA:400,0
DA:401,0
DA:404,18
DA:416,187
DA:417,187
DA:418,187
DA:421,187
DA:422,187
DA:423,187
DA:425,187
DA:438,187
DA:441,187
DA:443,187
DA:454,187
DA:457,187
DA:458,187
DA:459,187
DA:460,187
DA:463,187
DA:465,187
DA:468,0
DA:469,0
DA:470,0
DA:473,0
DA:474,0
DA:475,0
DA:478,0
DA:479,0
DA:481,0
DA:506,0
DA:507,0
DA:510,0
DA:511,0
DA:520,0
DA:523,187
DA:524,187
DA:525,187
DA:532,187
DA:542,187
DA:544,187
DA:547,187
DA:548,187
DA:553,187
DA:554,22
DA:564,22
DA:566,165
DA:570,165
DA:578,0
DA:579,0
DA:581,0
DA:582,0
DA:586,0
DA:588,0
DA:589,0
DA:591,0
DA:593,0
DA:595,0
DA:596,0
DA:597,0
DA:598,0
DA:603,0
DA:605,0
DA:617,0
DA:618,0
DA:623,0
DA:624,0
DA:625,0
DA:627,0
DA:631,0
DA:642,22
DA:643,22
DA:646,22
DA:647,22
DA:649,22
DA:650,22
DA:655,22
DA:657,0
DA:663,0
DA:665,22
DA:670,22
DA:672,22
DA:677,22
DA:680,22
DA:681,22
DA:683,22
DA:684,22
DA:685,22
DA:687,0
DA:691,22
DA:692,22
DA:695,0
DA:702,165
DA:704,165
DA:705,165
DA:707,165
DA:712,165
DA:714,0
DA:720,0
DA:723,0
DA:732,194
DA:733,194
DA:734,0
DA:735,0
DA:737,194
DA:738,1
DA:739,1
DA:741,193
DA:744,194
DA:745,1
DA:749,193
DA:754,3
DA:762,3
DA:769,0
DA:770,0
DA:774,0
DA:775,0
DA:778,0
DA:785,193
DA:786,193
DA:789,193
DA:790,193
DA:791,0
DA:793,193
DA:799,193
DA:800,0
DA:804,0
DA:805,0
DA:808,0
DA:809,0
DA:812,0
DA:814,0
DA:819,0
DA:826,193
DA:827,579
DA:828,383
DA:829,383
DA:832,196
DA:833,196
DA:849,196
DA:852,0
DA:853,0
DA:856,0
DA:857,0
DA:858,0
DA:861,0
DA:862,0
DA:865,0
DA:866,0
DA:873,0
DA:874,0
DA:876,0
DA:880,0
DA:887,0
DA:888,0
DA:889,0
DA:890,0
DA:895,0
DA:899,0
DA:906,0
DA:908,196
DA:909,196
DA:910,196
DA:913,196
DA:914,196
DA:917,196
DA:926,196
DA:927,0
DA:931,0
DA:935,196
DA:940,193
DA:941,579
DA:943,193
DA:955,7
DA:956,0
DA:960,7
DA:961,1
DA:963,1
DA:965,0
DA:966,0
DA:967,0
DA:971,0
DA:974,0
DA:975,0
DA:985,0
DA:986,0
DA:991,0
DA:993,0
DA:1005,0
DA:1012,1
DA:1019,7
DA:1020,0
DA:1040,187
DA:1041,187
DA:1042,187
DA:1045,187
DA:1046,187
DA:1047,187
DA:1049,187
DA:1057,187
DA:1077,187
DA:1078,0
DA:1082,187
DA:1087,187
DA:1090,187
DA:1092,0
DA:1093,0
DA:1095,0
DA:1096,0
DA:1106,0
DA:1107,0
DA:1108,0
DA:1109,0
DA:1121,0
DA:1140,187
DA:1141,187
DA:1142,187
DA:1143,187
DA:1144,187
DA:1145,187
DA:1147,187
DA:1148,867
DA:1150,0
DA:1159,0
DA:1160,0
DA:1161,0
DA:1163,867
DA:1164,867
DA:1165,170
DA:1168,867
DA:1172,187
DA:1173,187
DA:1182,187
DA:1189,0
DA:1190,0
DA:1197,471
DA:1198,0
DA:1199,0
DA:1204,19
DA:1205,19
DA:1207,19
DA:1209,0
DA:1211,0
DA:1213,0
DA:1232,0
DA:1248,0
DA:1250,0
DA:1252,0
DA:1258,0
DA:1264,0
DA:1270,0
DA:1282,176
DA:1283,176
DA:1284,176
DA:1287,176
DA:1288,0
DA:1291,176
DA:1294,0
DA:1295,0
DA:1298,0
DA:1300,0
DA:1308,374
DA:1309,374
DA:1339,374
DA:1346,187
DA:1347,187
DA:1354,36
DA:1356,18
DA:1366,18
DA:1368,18
DA:1375,18
DA:1376,187
DA:1377,187
DA:1388,18
DA:1389,187
DA:1390,18
DA:1392,18
DA:1393,0
DA:1399,18
DA:1406,11
DA:1417,0
DA:1418,0
DA:1425,3
DA:1426,1
DA:1427,1
DA:1429,3
DA:1431,3
DA:1442,19
DA:1444,19
DA:1445,19
DA:1446,19
DA:1449,19
DA:1456,0
DA:1457,0
DA:1465,0
DA:1467,0
DA:1476,0
DA:1478,0
DA:1483,0
DA:1484,0
DA:1491,0
DA:1492,0
DA:1493,0
DA:1503,0
DA:1505,0
DA:1511,19
DA:1524,0
DA:1525,0
DA:1526,0
DA:1527,0
DA:1529,0
DA:1534,11
LF:438
LH:249
BRDA:45,0,0,22
BRDA:57,1,0,0
BRDA:114,2,0,65
BRDA:114,2,1,30
BRDA:115,3,0,65
BRDA:115,3,1,65
BRDA:119,4,0,38
BRDA:127,5,0,0
BRDA:127,5,1,65
BRDA:132,6,0,27
BRDA:142,7,0,0
BRDA:142,7,1,0
BRDA:152,8,0,1
BRDA:156,9,0,0
BRDA:172,10,0,196
BRDA:172,10,1,2
BRDA:180,11,0,192
BRDA:180,11,1,4
BRDA:195,12,0,0
BRDA:195,12,1,0
BRDA:206,13,0,0
BRDA:211,14,0,0
BRDA:235,15,0,187
BRDA:239,16,0,0
BRDA:251,17,0,19
BRDA:251,17,1,0
BRDA:251,17,2,0
BRDA:251,17,3,0
BRDA:255,18,0,0
BRDA:255,18,1,0
BRDA:257,19,0,0
BRDA:257,19,1,0
BRDA:259,20,0,0
BRDA:259,20,1,0
BRDA:263,21,0,0
BRDA:263,21,1,0
BRDA:275,22,0,15
BRDA:277,23,0,1
BRDA:297,24,0,1
BRDA:297,24,1,0
BRDA:317,25,0,18
BRDA:317,25,1,17
BRDA:317,25,2,16
BRDA:317,26,0,17
BRDA:317,26,1,16
BRDA:318,27,0,18
BRDA:318,27,1,17
BRDA:320,28,0,18
BRDA:320,28,1,17
BRDA:320,28,2,16
BRDA:320,29,0,17
BRDA:320,29,1,16
BRDA:328,30,0,18
BRDA:328,30,1,17
BRDA:330,31,0,2
BRDA:330,31,1,16
BRDA:347,32,0,0
BRDA:347,33,0,187
BRDA:347,33,1,176
BRDA:374,34,0,11
BRDA:374,35,0,187
BRDA:374,35,1,11
BRDA:378,36,0,0
BRDA:378,36,1,0
BRDA:399,37,0,0
BRDA:399,37,1,0
BRDA:454,38,0,187
BRDA:454,38,1,176
BRDA:454,38,2,165
BRDA:454,39,0,176
BRDA:454,39,1,165
BRDA:517,40,0,0
BRDA:517,40,1,0
BRDA:523,41,0,187
BRDA:523,41,1,0
BRDA:528,42,0,11
BRDA:528,42,1,176
BRDA:540,43,0,0
BRDA:542,44,0,187
BRDA:542,44,1,176
BRDA:544,45,0,187
BRDA:544,45,1,176
BRDA:544,45,2,165
BRDA:544,46,0,176
BRDA:544,46,1,165
BRDA:553,47,0,22
BRDA:553,47,1,165
BRDA:560,48,0,22
BRDA:560,48,1,11
BRDA:560,48,2,0
BRDA:561,49,0,11
BRDA:561,49,1,0
BRDA:577,50,0,0
BRDA:578,51,0,0
BRDA:578,51,1,0
BRDA:578,52,0,0
BRDA:578,52,1,0
BRDA:579,53,0,0
BRDA:579,53,1,0
BRDA:579,54,0,0
BRDA:579,54,1,0
BRDA:588,55,0,0
BRDA:588,55,1,0
BRDA:591,56,0,0
BRDA:591,57,0,0
BRDA:591,57,1,0
BRDA:591,57,2,0
BRDA:595,58,0,0
BRDA:597,59,0,0
BRDA:609,60,0,0
BRDA:609,60,1,0
BRDA:623,61,0,0
BRDA:667,62,0,22
BRDA:667,62,1,0
BRDA:684,63,0,22
BRDA:684,63,1,0
BRDA:691,64,0,22
BRDA:733,65,0,0
BRDA:737,66,0,1
BRDA:744,67,0,1
BRDA:752,68,0,193
BRDA:752,68,1,193
BRDA:767,69,0,193
BRDA:767,69,1,0
BRDA:769,70,0,0
BRDA:775,71,0,0
BRDA:775,71,1,0
BRDA:785,72,0,193
BRDA:794,73,0,193
BRDA:794,73,1,0
BRDA:795,74,0,193
BRDA:795,74,1,193
BRDA:799,75,0,0
BRDA:815,76,0,0
BRDA:815,76,1,0
BRDA:817,77,0,0
BRDA:817,77,1,0
BRDA:827,78,0,383
BRDA:835,79,0,3
BRDA:835,79,1,193
BRDA:837,80,0,3
BRDA:837,80,1,193
BRDA:839,81,0,0
BRDA:839,81,1,193
BRDA:841,82,0,193
BRDA:841,82,1,0
BRDA:842,83,0,0
BRDA:842,83,1,193
BRDA:846,84,0,3
BRDA:846,84,1,193
BRDA:852,85,0,0
BRDA:852,86,0,0
BRDA:852,86,1,0
BRDA:857,87,0,0
BRDA:857,88,0,0
BRDA:857,88,1,0
BRDA:865,89,0,0
BRDA:877,90,0,0
BRDA:877,90,1,0
BRDA:881,91,0,0
BRDA:881,91,1,0
BRDA:887,92,0,0
BRDA:888,93,0,0
BRDA:888,93,1,0
BRDA:889,94,0,0
BRDA:908,95,0,196
BRDA:908,95,1,0
BRDA:910,96,0,196
BRDA:910,96,1,196
BRDA:913,97,0,196
BRDA:920,98,0,0
BRDA:920,98,1,196
BRDA:922,99,0,196
BRDA:922,99,1,0
BRDA:926,100,0,0
BRDA:941,101,0,196
BRDA:941,101,1,383
BRDA:955,102,0,0
BRDA:960,103,0,1
BRDA:965,104,0,0
BRDA:971,105,0,0
BRDA:971,105,1,0
BRDA:974,106,0,0
BRDA:974,106,1,0
BRDA:1040,107,0,187
BRDA:1040,107,1,176
BRDA:1041,108,0,187
BRDA:1041,108,1,176
BRDA:1045,109,0,187
BRDA:1045,110,0,187
BRDA:1045,110,1,187
BRDA:1051,111,0,187
BRDA:1051,111,1,0
BRDA:1077,112,0,0
BRDA:1090,113,0,187
BRDA:1090,113,1,0
BRDA:1095,114,0,0
BRDA:1095,114,1,0
BRDA:1101,115,0,0
BRDA:1101,115,1,0
BRDA:1114,116,0,0
BRDA:1114,116,1,0
BRDA:1148,117,0,0
BRDA:1148,117,1,867
BRDA:1148,118,0,867
BRDA:1148,118,1,0
BRDA:1163,119,0,510
BRDA:1163,119,1,357
BRDA:1164,120,0,170
BRDA:1172,121,0,187
BRDA:1197,122,0,471
BRDA:1198,123,0,0
BRDA:1205,124,0,19
BRDA:1205,124,1,0
BRDA:1205,124,2,0
BRDA:1205,124,3,0
BRDA:1211,125,0,0
BRDA:1211,125,1,0
BRDA:1250,126,0,0
BRDA:1250,126,1,0
BRDA:1250,126,2,0
BRDA:1250,126,3,0
BRDA:1267,127,0,0
BRDA:1267,127,1,0
BRDA:1291,128,0,176
BRDA:1295,129,0,0
BRDA:1295,129,1,0
BRDA:1339,130,0,374
BRDA:1339,130,1,0
BRDA:1366,131,0,1
BRDA:1366,131,1,17
BRDA:1366,132,0,18
BRDA:1366,132,1,1
BRDA:1378,133,0,187
BRDA:1378,133,1,187
BRDA:1378,133,2,187
BRDA:1378,133,3,187
BRDA:1378,133,4,187
BRDA:1378,133,5,187
BRDA:1378,133,6,187
BRDA:1392,134,0,0
BRDA:1425,135,0,1
BRDA:1429,136,0,3
BRDA:1446,137,0,19
BRDA:1446,137,1,0
BRDA:1456,138,0,0
BRDA:1456,138,1,0
BRDA:1465,139,0,0
BRDA:1483,140,0,0
BRDA:1492,141,0,0
BRDA:1513,142,0,19
BRDA:1513,142,1,0
BRDA:1529,143,0,0
BRDA:1529,143,1,0
BRDA:1529,143,2,0
BRDA:1529,143,3,0
BRF:256
BRH:124
end_of_record
TN:
SF:src\local\embeddingStorage.ts
FN:96,(anonymous_9)
FN:124,(anonymous_10)
FN:127,(anonymous_11)
FN:134,(anonymous_12)
FN:146,(anonymous_13)
FN:159,(anonymous_14)
FN:160,(anonymous_15)
FN:169,(anonymous_16)
FN:177,(anonymous_17)
FN:190,(anonymous_18)
FN:191,(anonymous_19)
FN:203,(anonymous_20)
FN:278,(anonymous_21)
FN:303,(anonymous_22)
FN:304,(anonymous_23)
FN:376,(anonymous_24)
FN:391,(anonymous_25)
FN:443,(anonymous_26)
FN:452,(anonymous_27)
FN:476,(anonymous_28)
FN:486,(anonymous_29)
FN:507,(anonymous_30)
FN:516,(anonymous_31)
FN:517,(anonymous_32)
FN:525,(anonymous_33)
FN:541,(anonymous_34)
FN:553,(anonymous_35)
FN:559,(anonymous_36)
FN:569,(anonymous_37)
FN:572,(anonymous_38)
FN:591,(anonymous_39)
FN:612,(anonymous_40)
FN:644,(anonymous_41)
FN:651,(anonymous_42)
FN:660,(anonymous_43)
FN:672,(anonymous_44)
FN:696,(anonymous_45)
FN:705,(anonymous_46)
FN:706,(anonymous_47)
FN:733,(anonymous_48)
FN:742,(anonymous_49)
FN:743,(anonymous_50)
FN:748,(anonymous_51)
FN:769,(anonymous_52)
FN:781,(anonymous_53)
FN:798,(anonymous_54)
FN:803,(anonymous_55)
FN:819,(anonymous_56)
FN:826,(anonymous_57)
FN:830,(anonymous_58)
FN:850,(anonymous_59)
FN:860,(anonymous_60)
FN:870,(anonymous_61)
FN:890,(anonymous_62)
FN:927,(anonymous_63)
FN:946,(anonymous_64)
FN:989,(anonymous_65)
FN:994,(anonymous_66)
FN:1003,(anonymous_67)
FN:1009,(anonymous_68)
FN:1034,(anonymous_69)
FN:1043,(anonymous_70)
FN:1059,(anonymous_71)
FN:1070,(anonymous_72)
FN:1095,(anonymous_73)
FN:1113,(anonymous_74)
FN:1143,(anonymous_75)
FN:1149,(anonymous_76)
FN:1156,(anonymous_77)
FN:1174,(anonymous_78)
FN:1187,(anonymous_79)
FN:1191,(anonymous_80)
FN:1230,(anonymous_81)
FN:1235,(anonymous_82)
FN:1236,(anonymous_83)
FN:1240,(anonymous_84)
FN:1246,(anonymous_85)
FN:1253,(anonymous_86)
FN:1275,(anonymous_87)
FN:1280,(anonymous_88)
FN:1281,(anonymous_89)
FN:1286,(anonymous_90)
FN:1295,(anonymous_91)
FN:1305,(anonymous_92)
FN:1317,(anonymous_93)
FN:1345,(anonymous_94)
FN:1347,(anonymous_95)
FN:1348,(anonymous_96)
FN:1364,(anonymous_97)
FNF:89
FNH:8
FNDA:70,(anonymous_9)
FNDA:13,(anonymous_10)
FNDA:13,(anonymous_11)
FNDA:0,(anonymous_12)
FNDA:0,(anonymous_13)
FNDA:0,(anonymous_14)
FNDA:0,(anonymous_15)
FNDA:0,(anonymous_16)
FNDA:0,(anonymous_17)
FNDA:0,(anonymous_18)
FNDA:0,(anonymous_19)
FNDA:0,(anonymous_20)
FNDA:0,(anonymous_21)
FNDA:0,(anonymous_22)
FNDA:0,(anonymous_23)
FNDA:0,(anonymous_24)
FNDA:0,(anonymous_25)
FNDA:0,(anonymous_26)
FNDA:0,(anonymous_27)
FNDA:0,(anonymous_28)
FNDA:0,(anonymous_29)
FNDA:0,(anonymous_30)
FNDA:0,(anonymous_31)
FNDA:0,(anonymous_32)
FNDA:0,(anonymous_33)
FNDA:0,(anonymous_34)
FNDA:0,(anonymous_35)
FNDA:0,(anonymous_36)
FNDA:0,(anonymous_37)
FNDA:0,(anonymous_38)
FNDA:0,(anonymous_39)
FNDA:0,(anonymous_40)
FNDA:4,(anonymous_41)
FNDA:0,(anonymous_42)
FNDA:0,(anonymous_43)
FNDA:0,(anonymous_44)
FNDA:0,(anonymous_45)
FNDA:0,(anonymous_46)
FNDA:0,(anonymous_47)
FNDA:0,(anonymous_48)
FNDA:0,(anonymous_49)
FNDA:0,(anonymous_50)
FNDA:0,(anonymous_51)
FNDA:0,(anonymous_52)
FNDA:0,(anonymous_53)
FNDA:0,(anonymous_54)
FNDA:0,(anonymous_55)
FNDA:0,(anonymous_56)
FNDA:0,(anonymous_57)
FNDA:0,(anonymous_58)
FNDA:0,(anonymous_59)
FNDA:0,(anonymous_60)
FNDA:0,(anonymous_61)
FNDA:0,(anonymous_62)
FNDA:0,(anonymous_63)
FNDA:0,(anonymous_64)
FNDA:0,(anonymous_65)
FNDA:0,(anonymous_66)
FNDA:0,(anonymous_67)
FNDA:0,(anonymous_68)
FNDA:0,(anonymous_69)
FNDA:0,(anonymous_70)
FNDA:0,(anonymous_71)
FNDA:0,(anonymous_72)
FNDA:0,(anonymous_73)
FNDA:0,(anonymous_74)
FNDA:0,(anonymous_75)
FNDA:0,(anonymous_76)
FNDA:0,(anonymous_77)
FNDA:0,(anonymous_78)
FNDA:0,(anonymous_79)
FNDA:0,(anonymous_80)
FNDA:0,(anonymous_81)
FNDA:0,(anonymous_82)
FNDA:0,(anonymous_83)
FNDA:0,(anonymous_84)
FNDA:0,(anonymous_85)
FNDA:0,(anonymous_86)
FNDA:0,(anonymous_87)
FNDA:0,(anonymous_88)
FNDA:0,(anonymous_89)
FNDA:0,(anonymous_90)
FNDA:0,(anonymous_91)
FNDA:0,(anonymous_92)
FNDA:0,(anonymous_93)
FNDA:21,(anonymous_94)
FNDA:13,(anonymous_95)
FNDA:13,(anonymous_96)
FNDA:15,(anonymous_97)
DA:15,11
DA:16,11
DA:17,11
DA:18,11
DA:19,11
DA:79,11
DA:80,70
DA:82,70
DA:85,70
DA:86,70
DA:87,70
DA:88,70
DA:91,70
DA:92,70
DA:93,70
DA:94,70
DA:98,70
DA:99,1
DA:101,69
DA:102,69
DA:105,69
DA:106,69
DA:107,0
DA:108,0
DA:110,69
DA:114,70
DA:125,13
DA:127,13
DA:129,13
DA:130,13
DA:131,13
DA:134,13
DA:135,0
DA:136,0
DA:140,0
DA:141,0
DA:144,0
DA:145,0
DA:147,0
DA:148,0
DA:149,0
DA:160,0
DA:161,0
DA:162,0
DA:163,0
DA:167,0
DA:170,0
DA:171,0
DA:172,0
DA:175,0
DA:176,0
DA:178,0
DA:179,0
DA:191,0
DA:192,0
DA:193,0
DA:194,0
DA:197,0
DA:199,0
DA:201,0
DA:204,0
DA:205,0
DA:206,0
DA:209,0
DA:211,0
DA:276,0
DA:277,0
DA:278,0
DA:279,0
DA:280,0
DA:281,0
DA:283,0
DA:284,0
DA:289,0
DA:295,0
DA:304,0
DA:305,0
DA:306,0
DA:307,0
DA:310,0
DA:376,0
DA:377,0
DA:378,0
DA:379,0
DA:381,0
DA:382,0
DA:392,0
DA:395,0
DA:401,0
DA:406,0
DA:410,0
DA:414,0
DA:423,0
DA:431,0
DA:435,0
DA:444,0
DA:445,0
DA:448,0
DA:449,0
DA:452,0
DA:454,0
DA:455,0
DA:457,0
DA:477,0
DA:478,0
DA:483,0
DA:486,0
DA:487,0
DA:488,0
DA:492,0
DA:497,0
DA:508,0
DA:509,0
DA:512,0
DA:513,0
DA:516,0
DA:517,0
DA:518,0
DA:519,0
DA:523,0
DA:525,0
DA:526,0
DA:530,0
DA:547,0
DA:549,0
DA:550,0
DA:553,0
DA:559,0
DA:566,0
DA:568,0
DA:569,0
DA:572,0
DA:574,0
DA:576,0
DA:581,0
DA:584,0
DA:592,0
DA:594,0
DA:595,0
DA:596,0
DA:598,0
DA:599,0
DA:600,0
DA:601,0
DA:604,0
DA:606,0
DA:613,0
DA:614,0
DA:615,0
DA:617,0
DA:645,4
DA:652,0
DA:653,0
DA:656,0
DA:657,0
DA:660,0
DA:661,0
DA:673,0
DA:674,0
DA:679,0
DA:681,0
DA:686,0
DA:697,0
DA:698,0
DA:701,0
DA:702,0
DA:705,0
DA:706,0
DA:707,0
DA:708,0
DA:709,0
DA:710,0
DA:711,0
DA:713,0
DA:734,0
DA:735,0
DA:738,0
DA:739,0
DA:742,0
DA:743,0
DA:744,0
DA:745,0
DA:746,0
DA:748,0
DA:760,0
DA:777,0
DA:778,0
DA:781,0
DA:782,0
DA:783,0
DA:784,0
DA:787,0
DA:799,0
DA:800,0
DA:801,0
DA:803,0
DA:809,0
DA:822,0
DA:823,0
DA:826,0
DA:827,0
DA:831,0
DA:832,0
DA:833,0
DA:834,0
DA:836,0
DA:856,0
DA:857,0
DA:860,0
DA:861,0
DA:862,0
DA:863,0
DA:867,0
DA:871,0
DA:872,0
DA:873,0
DA:876,0
DA:885,0
DA:887,0
DA:891,0
DA:892,0
DA:893,0
DA:896,0
DA:904,0
DA:907,0
DA:918,0
DA:922,0
DA:924,0
DA:928,0
DA:929,0
DA:930,0
DA:933,0
DA:934,0
DA:937,0
DA:947,0
DA:948,0
DA:949,0
DA:952,0
DA:962,0
DA:974,0
DA:990,0
DA:991,0
DA:994,0
DA:995,0
DA:996,0
DA:997,0
DA:1000,0
DA:1004,0
DA:1005,0
DA:1006,0
DA:1007,0
DA:1009,0
DA:1010,0
DA:1011,0
DA:1012,0
DA:1013,0
DA:1014,0
DA:1015,0
DA:1017,0
DA:1039,0
DA:1040,0
DA:1043,0
DA:1044,0
DA:1045,0
DA:1046,0
DA:1050,0
DA:1060,0
DA:1061,0
DA:1062,0
DA:1065,0
DA:1066,0
DA:1067,0
DA:1070,0
DA:1071,0
DA:1072,0
DA:1073,0
DA:1074,0
DA:1075,0
DA:1078,0
DA:1079,0
DA:1080,0
DA:1081,0
DA:1082,0
DA:1088,0
DA:1090,0
DA:1092,0
DA:1093,0
DA:1094,0
DA:1095,0
DA:1098,0
DA:1099,0
DA:1104,0
DA:1105,0
DA:1106,0
DA:1110,0
DA:1114,0
DA:1115,0
DA:1116,0
DA:1119,0
DA:1120,0
DA:1121,0
DA:1124,0
DA:1127,0
DA:1144,0
DA:1146,0
DA:1149,0
DA:1150,0
DA:1157,0
DA:1158,0
DA:1159,0
DA:1162,0
DA:1163,0
DA:1171,0
DA:1175,0
DA:1176,0
DA:1179,0
DA:1183,0
DA:1187,0
DA:1192,0
DA:1193,0
DA:1198,0
DA:1205,0
DA:1208,0
DA:1214,0
DA:1220,0
DA:1231,0
DA:1233,0
DA:1235,0
DA:1236,0
DA:1238,0
DA:1241,0
DA:1242,0
DA:1246,0
DA:1247,0
DA:1248,0
DA:1249,0
DA:1253,0
DA:1254,0
DA:1255,0
DA:1258,0
DA:1263,0
DA:1276,0
DA:1278,0
DA:1280,0
DA:1281,0
DA:1283,0
DA:1287,0
DA:1288,0
DA:1295,0
DA:1296,0
DA:1297,0
DA:1298,0
DA:1302,0
DA:1306,0
DA:1307,0
DA:1314,0
DA:1318,0
DA:1319,0
DA:1325,0
DA:1330,0
DA:1346,21
DA:1347,13
DA:1348,13
DA:1349,13
DA:1350,0
DA:1352,13
DA:1354,13
DA:1355,13
DA:1365,15
DA:1370,11
LF:370
LH:40
BRDA:98,0,0,1
BRDA:98,0,1,69
BRDA:98,1,0,70
BRDA:98,1,1,1
BRDA:101,2,0,69
BRDA:101,2,1,0
BRDA:101,2,2,0
BRDA:106,3,0,0
BRDA:106,3,1,69
BRDA:125,4,0,0
BRDA:130,5,0,13
BRDA:135,6,0,0
BRDA:161,7,0,0
BRDA:170,8,0,0
BRDA:192,9,0,0
BRDA:199,10,0,0
BRDA:199,10,1,0
BRDA:204,11,0,0
BRDA:209,12,0,0
BRDA:276,13,0,0
BRDA:276,13,1,0
BRDA:279,14,0,0
BRDA:279,14,1,0
BRDA:305,15,0,0
BRDA:377,16,0,0
BRDA:377,16,1,0
BRDA:392,17,0,0
BRDA:444,18,0,0
BRDA:448,19,0,0
BRDA:448,20,0,0
BRDA:448,20,1,0
BRDA:455,21,0,0
BRDA:455,21,1,0
BRDA:467,22,0,0
BRDA:467,22,1,0
BRDA:469,23,0,0
BRDA:469,23,1,0
BRDA:470,24,0,0
BRDA:470,24,1,0
BRDA:471,25,0,0
BRDA:471,25,1,0
BRDA:472,26,0,0
BRDA:472,26,1,0
BRDA:473,27,0,0
BRDA:473,27,1,0
BRDA:477,28,0,0
BRDA:477,28,1,0
BRDA:487,29,0,0
BRDA:508,30,0,0
BRDA:512,31,0,0
BRDA:518,32,0,0
BRDA:518,32,1,0
BRDA:544,33,0,0
BRDA:545,34,0,0
BRDA:549,35,0,0
BRDA:566,36,0,0
BRDA:566,36,1,0
BRDA:574,37,0,0
BRDA:574,38,0,0
BRDA:574,38,1,0
BRDA:592,39,0,0
BRDA:604,40,0,0
BRDA:604,41,0,0
BRDA:604,41,1,0
BRDA:615,42,0,0
BRDA:615,42,1,0
BRDA:652,43,0,0
BRDA:656,44,0,0
BRDA:669,45,0,0
BRDA:669,45,1,0
BRDA:670,46,0,0
BRDA:670,46,1,0
BRDA:673,47,0,0
BRDA:673,47,1,0
BRDA:697,48,0,0
BRDA:701,49,0,0
BRDA:707,50,0,0
BRDA:707,50,1,0
BRDA:710,51,0,0
BRDA:710,51,1,0
BRDA:734,52,0,0
BRDA:738,53,0,0
BRDA:744,54,0,0
BRDA:744,54,1,0
BRDA:777,55,0,0
BRDA:782,56,0,0
BRDA:799,57,0,0
BRDA:799,57,1,0
BRDA:822,58,0,0
BRDA:831,59,0,0
BRDA:831,59,1,0
BRDA:833,60,0,0
BRDA:833,60,1,0
BRDA:854,61,0,0
BRDA:856,62,0,0
BRDA:861,63,0,0
BRDA:871,64,0,0
BRDA:885,65,0,0
BRDA:891,66,0,0
BRDA:918,67,0,0
BRDA:918,67,1,0
BRDA:918,67,2,0
BRDA:922,68,0,0
BRDA:922,68,1,0
BRDA:928,69,0,0
BRDA:933,70,0,0
BRDA:933,70,1,0
BRDA:943,71,0,0
BRDA:943,71,1,0
BRDA:947,72,0,0
BRDA:990,73,0,0
BRDA:995,74,0,0
BRDA:1004,75,0,0
BRDA:1004,75,1,0
BRDA:1006,76,0,0
BRDA:1006,76,1,0
BRDA:1010,77,0,0
BRDA:1010,77,1,0
BRDA:1011,78,0,0
BRDA:1012,79,0,0
BRDA:1012,80,0,0
BRDA:1012,80,1,0
BRDA:1012,80,2,0
BRDA:1014,81,0,0
BRDA:1014,82,0,0
BRDA:1014,82,1,0
BRDA:1039,83,0,0
BRDA:1044,84,0,0
BRDA:1060,85,0,0
BRDA:1071,86,0,0
BRDA:1071,86,1,0
BRDA:1072,87,0,0
BRDA:1073,88,0,0
BRDA:1073,89,0,0
BRDA:1073,89,1,0
BRDA:1073,89,2,0
BRDA:1074,90,0,0
BRDA:1074,91,0,0
BRDA:1074,91,1,0
BRDA:1081,92,0,0
BRDA:1092,93,0,0
BRDA:1104,94,0,0
BRDA:1114,95,0,0
BRDA:1119,96,0,0
BRDA:1157,97,0,0
BRDA:1162,98,0,0
BRDA:1162,98,1,0
BRDA:1162,99,0,0
BRDA:1162,99,1,0
BRDA:1162,99,2,0
BRDA:1175,100,0,0
BRDA:1185,101,0,0
BRDA:1185,101,1,0
BRDA:1190,102,0,0
BRDA:1190,102,1,0
BRDA:1192,103,0,0
BRDA:1216,104,0,0
BRDA:1216,104,1,0
BRDA:1217,105,0,0
BRDA:1217,105,1,0
BRDA:1241,106,0,0
BRDA:1247,107,0,0
BRDA:1254,108,0,0
BRDA:1259,109,0,0
BRDA:1259,109,1,0
BRDA:1260,110,0,0
BRDA:1260,110,1,0
BRDA:1287,111,0,0
BRDA:1296,112,0,0
BRDA:1306,113,0,0
BRDA:1318,114,0,0
BRDA:1327,115,0,0
BRDA:1327,115,1,0
BRDA:1346,116,0,13
BRDA:1349,117,0,0
BRDA:1349,117,1,13
BRF:176
BRH:9
end_of_record
TN:
SF:src\local\enhancedSemanticCompactor.ts
FN:59,(anonymous_0)
FN:68,(anonymous_1)
FN:217,(anonymous_2)
FN:333,(anonymous_3)
FN:381,(anonymous_4)
FN:399,(anonymous_5)
FN:448,(anonymous_6)
FN:462,(anonymous_7)
FN:474,(anonymous_8)
FN:504,(anonymous_9)
FN:525,(anonymous_10)
FN:543,(anonymous_11)
FN:560,(anonymous_12)
FN:572,(anonymous_13)
FN:612,(anonymous_14)
FNF:15
FNH:2
FNDA:5,(anonymous_0)
FNDA:0,(anonymous_1)
FNDA:0,(anonymous_2)
FNDA:0,(anonymous_3)
FNDA:0,(anonymous_4)
FNDA:0,(anonymous_5)
FNDA:0,(anonymous_6)
FNDA:0,(anonymous_7)
FNDA:0,(anonymous_8)
FNDA:0,(anonymous_9)
FNDA:0,(anonymous_10)
FNDA:0,(anonymous_11)
FNDA:0,(anonymous_12)
FNDA:0,(anonymous_13)
FNDA:3,(anonymous_14)
DA:16,5
DA:17,5
DA:18,5
DA:19,5
DA:20,5
DA:54,5
DA:60,5
DA:61,5
DA:62,5
DA:69,0
DA:71,0
DA:78,0
DA:80,0
DA:81,0
DA:84,0
DA:85,0
DA:86,0
DA:91,0
DA:98,0
DA:109,0
DA:114,0
DA:125,0
DA:137,0
DA:149,0
DA:155,0
DA:164,0
DA:165,0
DA:173,0
DA:174,0
DA:176,0
DA:182,0
DA:183,0
DA:184,0
DA:189,0
DA:196,0
DA:197,0
DA:204,0
DA:206,0
DA:210,0
DA:222,0
DA:225,0
DA:228,0
DA:229,0
DA:232,0
DA:233,0
DA:238,0
DA:240,0
DA:241,0
DA:246,0
DA:247,0
DA:251,0
DA:252,0
DA:253,0
DA:258,0
DA:259,0
DA:260,0
DA:266,0
DA:279,0
DA:284,0
DA:291,0
DA:297,0
DA:304,0
DA:306,0
DA:307,0
DA:312,0
DA:313,0
DA:327,0
DA:331,0
DA:332,0
DA:333,0
DA:337,0
DA:346,0
DA:352,0
DA:362,0
DA:364,0
DA:381,0
DA:388,0
DA:393,0
DA:405,0
DA:406,0
DA:407,0
DA:411,0
DA:413,0
DA:414,0
DA:416,0
DA:427,0
DA:434,0
DA:435,0
DA:453,0
DA:456,0
DA:462,0
DA:468,0
DA:470,0
DA:472,0
DA:474,0
DA:482,0
DA:490,0
DA:492,0
DA:504,0
DA:513,0
DA:516,0
DA:517,0
DA:519,0
DA:526,0
DA:531,0
DA:543,0
DA:554,0
DA:561,0
DA:578,0
DA:579,0
DA:582,0
DA:583,0
DA:584,0
DA:586,0
DA:587,0
DA:595,0
DA:601,0
DA:605,0
DA:613,3
DA:618,5
LF:120
LH:11
BRDA:73,0,0,0
BRDA:73,0,1,0
BRDA:74,1,0,0
BRDA:74,1,1,0
BRDA:75,2,0,0
BRDA:75,2,1,0
BRDA:102,3,0,0
BRDA:102,3,1,0
BRDA:110,4,0,0
BRDA:110,4,1,0
BRDA:125,5,0,0
BRDA:125,5,1,0
BRDA:140,6,0,0
BRDA:140,6,1,0
BRDA:141,7,0,0
BRDA:141,7,1,0
BRDA:142,8,0,0
BRDA:142,8,1,0
BRDA:143,9,0,0
BRDA:143,9,1,0
BRDA:161,10,0,0
BRDA:161,10,1,0
BRDA:161,10,2,0
BRDA:164,11,0,0
BRDA:164,12,0,0
BRDA:164,12,1,0
BRDA:164,12,2,0
BRDA:182,13,0,0
BRDA:190,14,0,0
BRDA:190,14,1,0
BRDA:191,15,0,0
BRDA:191,15,1,0
BRDA:207,16,0,0
BRDA:207,16,1,0
BRDA:232,17,0,0
BRDA:232,18,0,0
BRDA:232,18,1,0
BRDA:240,19,0,0
BRDA:240,20,0,0
BRDA:240,20,1,0
BRDA:251,21,0,0
BRDA:251,22,0,0
BRDA:251,22,1,0
BRDA:259,23,0,0
BRDA:300,24,0,0
BRDA:300,24,1,0
BRDA:301,25,0,0
BRDA:301,25,1,0
BRDA:306,26,0,0
BRDA:308,27,0,0
BRDA:308,27,1,0
BRDA:312,28,0,0
BRDA:331,29,0,0
BRDA:331,29,1,0
BRDA:340,30,0,0
BRDA:340,30,1,0
BRDA:347,31,0,0
BRDA:347,31,1,0
BRDA:370,32,0,0
BRDA:370,32,1,0
BRDA:380,33,0,0
BRDA:380,33,1,0
BRDA:405,34,0,0
BRDA:413,35,0,0
BRDA:413,35,1,0
BRDA:413,36,0,0
BRDA:413,36,1,0
BRDA:434,37,0,0
BRDA:453,38,0,0
BRDA:453,38,1,0
BRDA:460,39,0,0
BRDA:460,39,1,0
BRDA:470,40,0,0
BRDA:470,40,1,0
BRDA:477,41,0,0
BRDA:477,41,1,0
BRDA:484,42,0,0
BRDA:484,42,1,0
BRDA:485,43,0,0
BRDA:485,43,1,0
BRDA:490,44,0,0
BRDA:490,44,1,0
BRDA:496,45,0,0
BRDA:496,45,1,0
BRDA:497,46,0,0
BRDA:497,46,1,0
BRDA:506,47,0,0
BRDA:506,47,1,0
BRDA:507,48,0,0
BRDA:507,48,1,0
BRDA:508,49,0,0
BRDA:508,49,1,0
BRDA:513,50,0,0
BRDA:513,50,1,0
BRDA:513,51,0,0
BRDA:513,51,1,0
BRDA:516,52,0,0
BRDA:516,52,1,0
BRDA:516,53,0,0
BRDA:516,53,1,0
BRDA:520,54,0,0
BRDA:520,54,1,0
BRDA:520,55,0,0
BRDA:520,55,1,0
BRDA:535,56,0,0
BRDA:535,56,1,0
BRDA:536,57,0,0
BRDA:536,57,1,0
BRDA:545,58,0,0
BRDA:545,58,1,0
BRDA:546,59,0,0
BRDA:546,59,1,0
BRDA:547,60,0,0
BRDA:547,60,1,0
BRDA:578,61,0,0
BRDA:586,62,0,0
BRDA:602,63,0,0
BRDA:602,63,1,0
BRF:118
BRH:0
end_of_record
TN:
SF:src\local\localEmbeddingProvider.ts
FN:33,(anonymous_0)
FN:45,(anonymous_1)
FN:62,(anonymous_2)
FN:95,(anonymous_3)
FN:109,(anonymous_4)
FN:142,(anonymous_5)
FN:148,(anonymous_6)
FN:165,(anonymous_7)
FN:170,(anonymous_8)
FN:215,(anonymous_9)
FN:226,(anonymous_10)
FN:239,(anonymous_11)
FN:251,getDefaultLocalProvider
FN:297,disposeDefaultProvider
FNF:14
FNH:14
FNDA:48,(anonymous_0)
FNDA:48,(anonymous_1)
FNDA:19,(anonymous_2)
FNDA:48,(anonymous_3)
FNDA:7,(anonymous_4)
FNDA:9,(anonymous_5)
FNDA:12,(anonymous_6)
FNDA:7,(anonymous_7)
FNDA:7,(anonymous_8)
FNDA:5,(anonymous_9)
FNDA:54,(anonymous_10)
FNDA:55,(anonymous_11)
FNDA:30,getDefaultLocalProvider
FNDA:95,disposeDefaultProvider
DA:6,12
DA:7,12
DA:27,12
DA:28,48
DA:34,48
DA:41,48
DA:42,48
DA:46,48
DA:48,31
DA:53,17
DA:55,0
DA:68,19
DA:69,19
DA:71,0
DA:73,0
DA:75,0
DA:77,0
DA:79,0
DA:81,0
DA:83,0
DA:86,0
DA:89,19
DA:96,48
DA:98,4
DA:100,8
DA:102,36
DA:110,7
DA:111,0
DA:114,7
DA:115,7
DA:121,7
DA:127,6
DA:131,1
DA:135,1
DA:143,9
DA:144,1
DA:148,12
DA:150,8
DA:151,1
DA:154,7
DA:156,6
DA:157,0
DA:160,6
DA:161,6
DA:165,7
DA:170,6
DA:171,7
DA:177,6
DA:183,5
DA:185,5
DA:186,6
DA:188,6
DA:195,5
DA:201,5
DA:203,1
DA:208,1
DA:216,5
DA:217,3
DA:218,0
DA:220,3
DA:227,54
DA:240,55
DA:242,6
DA:243,6
DA:249,12
DA:251,12
DA:252,30
DA:254,28
DA:255,21
DA:261,21
DA:263,21
DA:265,5
DA:266,5
DA:268,2
DA:269,2
DA:271,1
DA:272,1
DA:274,2
DA:275,2
DA:277,7
DA:278,7
DA:280,4
DA:285,21
DA:286,21
DA:291,7
DA:294,30
DA:297,12
DA:298,95
DA:299,28
DA:300,28
LF:90
LH:78
BRDA:33,0,0,16
BRDA:35,1,0,48
BRDA:35,1,1,19
BRDA:36,2,0,48
BRDA:36,2,1,47
BRDA:37,3,0,48
BRDA:37,3,1,47
BRDA:38,4,0,48
BRDA:38,4,1,47
BRDA:46,5,0,31
BRDA:46,5,1,3
BRDA:46,5,2,5
BRDA:46,5,3,9
BRDA:46,5,4,17
BRDA:46,5,5,0
BRDA:69,6,0,0
BRDA:71,7,0,0
BRDA:71,7,1,0
BRDA:71,7,2,0
BRDA:71,7,3,0
BRDA:71,7,4,0
BRDA:71,7,5,0
BRDA:96,8,0,4
BRDA:96,8,1,8
BRDA:96,8,2,36
BRDA:110,9,0,0
BRDA:133,10,0,1
BRDA:133,10,1,0
BRDA:143,11,0,1
BRDA:148,12,0,12
BRDA:148,12,1,9
BRDA:150,13,0,1
BRDA:156,14,0,0
BRDA:171,15,0,0
BRDA:171,15,1,7
BRDA:206,16,0,1
BRDA:206,16,1,0
BRDA:217,17,0,0
BRDA:240,18,0,6
BRDA:252,19,0,28
BRDA:254,20,0,21
BRDA:254,20,1,7
BRDA:254,21,0,28
BRDA:254,21,1,26
BRDA:263,22,0,5
BRDA:263,22,1,2
BRDA:263,22,2,1
BRDA:263,22,3,2
BRDA:263,22,4,7
BRDA:263,22,5,4
BRDA:298,23,0,28
BRF:51
BRH:37
end_of_record
TN:
SF:src\local\projectIdentifier.ts
FN:44,(anonymous_9)
FN:48,(anonymous_10)
FN:58,(anonymous_11)
FN:79,(anonymous_12)
FN:96,(anonymous_13)
FN:108,(anonymous_14)
FN:143,(anonymous_15)
FN:178,(anonymous_16)
FN:201,(anonymous_17)
FN:233,(anonymous_18)
FN:245,(anonymous_19)
FN:257,(anonymous_20)
FN:269,(anonymous_21)
FN:285,(anonymous_22)
FN:292,(anonymous_23)
FN:299,(anonymous_24)
FN:330,(anonymous_25)
FN:348,(anonymous_26)
FN:363,(anonymous_27)
FN:376,(anonymous_28)
FN:387,normalizePathForId
FN:409,loadIgnorePatterns
FN:662,parseIgnoreFile
FN:665,(anonymous_32)
FN:666,(anonymous_33)
FN:672,shouldIgnoreFile
FNF:26
FNH:16
FNDA:14,(anonymous_9)
FNDA:5,(anonymous_10)
FNDA:1,(anonymous_11)
FNDA:0,(anonymous_12)
FNDA:1,(anonymous_13)
FNDA:0,(anonymous_14)
FNDA:1,(anonymous_15)
FNDA:1,(anonymous_16)
FNDA:1,(anonymous_17)
FNDA:1,(anonymous_18)
FNDA:0,(anonymous_19)
FNDA:0,(anonymous_20)
FNDA:1,(anonymous_21)
FNDA:1,(anonymous_22)
FNDA:0,(anonymous_23)
FNDA:0,(anonymous_24)
FNDA:0,(anonymous_25)
FNDA:0,(anonymous_26)
FNDA:0,(anonymous_27)
FNDA:0,(anonymous_28)
FNDA:2,normalizePathForId
FNDA:7,loadIgnorePatterns
FNDA:13,parseIgnoreFile
FNDA:54,(anonymous_32)
FNDA:54,(anonymous_33)
FNDA:247,shouldIgnoreFile
DA:17,11
DA:18,11
DA:19,11
DA:20,11
DA:44,11
DA:46,14
DA:49,5
DA:50,5
DA:52,5
DA:59,1
DA:60,1
DA:63,1
DA:64,0
DA:66,0
DA:67,0
DA:71,1
DA:72,1
DA:73,1
DA:80,0
DA:81,0
DA:83,0
DA:85,0
DA:97,1
DA:98,1
DA:99,1
DA:101,0
DA:109,0
DA:110,0
DA:114,0
DA:116,0
DA:119,0
DA:120,0
DA:128,0
DA:135,0
DA:136,0
DA:144,1
DA:145,1
DA:146,1
DA:149,1
DA:150,1
DA:152,0
DA:153,0
DA:154,0
DA:159,1
DA:162,1
DA:164,1
DA:180,1
DA:181,1
DA:185,0
DA:186,0
DA:187,0
DA:188,0
DA:189,0
DA:191,0
DA:195,0
DA:202,1
DA:221,1
DA:222,1
DA:223,1
DA:227,0
DA:234,1
DA:235,1
DA:236,1
DA:238,0
DA:246,0
DA:247,0
DA:248,0
DA:250,0
DA:258,0
DA:259,0
DA:260,0
DA:262,0
DA:270,1
DA:273,1
DA:274,0
DA:275,0
DA:279,1
DA:286,1
DA:293,0
DA:300,0
DA:302,0
DA:303,0
DA:305,0
DA:306,0
DA:307,0
DA:309,0
DA:311,0
DA:315,0
DA:316,0
DA:321,0
DA:324,0
DA:333,0
DA:334,0
DA:335,0
DA:341,0
DA:350,0
DA:351,0
DA:352,0
DA:353,0
DA:355,0
DA:357,0
DA:364,0
DA:376,0
DA:377,0
DA:378,0
DA:380,0
DA:387,11
DA:388,2
DA:390,2
DA:392,2
DA:394,2
DA:397,2
DA:398,2
DA:400,2
DA:401,2
DA:403,2
DA:409,11
DA:410,7
DA:413,7
DA:637,7
DA:640,7
DA:642,7
DA:643,28
DA:645,28
DA:646,28
DA:647,12
DA:648,8
DA:649,8
DA:652,4
DA:656,7
DA:662,11
DA:663,13
DA:665,54
DA:666,54
DA:672,11
DA:673,247
DA:675,247
DA:676,400121
DA:678,13
DA:679,13
DA:683,5
DA:687,400108
DA:688,132
DA:693,247
LF:144
LH:77
BRDA:49,0,0,5
BRDA:59,1,0,1
BRDA:59,1,1,0
BRDA:63,2,0,0
BRDA:66,3,0,0
BRDA:83,4,0,0
BRDA:83,4,1,0
BRDA:99,5,0,1
BRDA:99,5,1,1
BRDA:146,6,0,0
BRDA:146,6,1,1
BRDA:150,7,0,0
BRDA:153,8,0,0
BRDA:168,9,0,0
BRDA:168,9,1,1
BRDA:180,10,0,1
BRDA:188,11,0,0
BRDA:222,12,0,1
BRDA:273,13,0,0
BRDA:309,14,0,0
BRDA:311,15,0,0
BRDA:312,16,0,0
BRDA:312,16,1,0
BRDA:352,17,0,0
BRDA:400,18,0,2
BRDA:646,19,0,12
BRDA:666,20,0,54
BRDA:666,20,1,43
BRDA:676,21,0,13
BRDA:676,21,1,400108
BRDA:679,22,0,5
BRDA:680,23,0,13
BRDA:680,23,1,8
BRDA:687,24,0,132
BRDA:687,25,0,400108
BRDA:687,25,1,399976
BRF:36
BRH:20
end_of_record
TN:
SF:src\local\projectManager.ts
FN:36,(anonymous_9)
FN:51,(anonymous_10)
FN:70,(anonymous_11)
FN:79,(anonymous_12)
FN:85,(anonymous_13)
FN:103,(anonymous_14)
FN:105,(anonymous_15)
FN:109,(anonymous_16)
FN:116,(anonymous_17)
FN:119,(anonymous_18)
FN:128,(anonymous_19)
FN:140,(anonymous_20)
FNF:12
FNH:2
FNDA:7,(anonymous_9)
FNDA:7,(anonymous_10)
FNDA:0,(anonymous_11)
FNDA:0,(anonymous_12)
FNDA:0,(anonymous_13)
FNDA:0,(anonymous_14)
FNDA:0,(anonymous_15)
FNDA:0,(anonymous_16)
FNDA:0,(anonymous_17)
FNDA:0,(anonymous_18)
FNDA:0,(anonymous_19)
FNDA:0,(anonymous_20)
DA:16,8
DA:17,8
DA:32,8
DA:38,7
DA:39,7
DA:42,7
DA:43,0
DA:46,7
DA:47,7
DA:48,7
DA:52,7
DA:53,7
DA:54,7
DA:55,7
DA:57,7
DA:58,7
DA:66,0
DA:71,0
DA:72,0
DA:73,0
DA:75,0
DA:80,0
DA:81,0
DA:82,0
DA:85,0
DA:86,0
DA:87,0
DA:90,0
DA:97,0
DA:98,0
DA:100,0
DA:104,0
DA:105,0
DA:111,0
DA:112,0
DA:115,0
DA:116,0
DA:120,0
DA:121,0
DA:123,0
DA:124,0
DA:125,0
DA:132,0
DA:133,0
DA:134,0
DA:135,0
DA:136,0
DA:142,0
DA:143,0
DA:144,0
DA:149,8
LF:51
LH:16
BRDA:38,0,0,7
BRDA:38,0,1,0
BRDA:38,0,2,0
BRDA:42,1,0,0
BRDA:53,2,0,7
BRDA:61,3,0,7
BRDA:61,3,1,0
BRDA:81,4,0,0
BRDA:81,4,1,0
BRDA:86,5,0,0
BRDA:112,6,0,0
BRDA:121,7,0,0
BRDA:133,8,0,0
BRF:13
BRH:3
end_of_record
TN:
SF:src\local\search.ts
FN:43,(anonymous_0)
FN:47,(anonymous_1)
FN:57,(anonymous_2)
FN:65,(anonymous_3)
FN:112,(anonymous_4)
FN:115,(anonymous_5)
FN:151,(anonymous_6)
FN:155,(anonymous_7)
FN:178,(anonymous_8)
FNF:9
FNH:9
FNDA:31,(anonymous_0)
FNDA:27,(anonymous_1)
FNDA:16,(anonymous_2)
FNDA:18,(anonymous_3)
FNDA:9,(anonymous_4)
FNDA:22,(anonymous_5)
FNDA:3,(anonymous_6)
FNDA:6,(anonymous_7)
FNDA:6,(anonymous_8)
DA:40,1
DA:44,31
DA:48,27
DA:49,27
DA:50,24
DA:51,24
DA:54,27
DA:58,16
DA:59,16
DA:60,2
DA:63,14
DA:64,14
DA:65,18
DA:68,14
DA:69,1
DA:73,13
DA:75,13
DA:76,11
DA:78,11
DA:79,9
DA:93,13
DA:94,11
DA:96,11
DA:97,9
DA:112,13
DA:116,22
DA:117,22
DA:120,22
DA:121,22
DA:122,18
DA:126,22
DA:127,24
DA:128,24
DA:132,22
DA:133,22
DA:134,22
DA:135,24
DA:136,12
DA:138,24
DA:139,8
DA:145,22
DA:146,22
DA:148,22
DA:152,3
DA:158,6
DA:159,6
DA:160,1
DA:163,5
DA:164,5
DA:166,5
DA:167,7
DA:168,7
DA:171,5
DA:179,6
DA:180,6
LF:55
LH:55
BRDA:49,0,0,24
BRDA:57,1,0,14
BRDA:59,2,0,2
BRDA:68,3,0,1
BRDA:78,4,0,9
BRDA:96,5,0,9
BRDA:121,6,0,18
BRDA:127,7,0,24
BRDA:127,7,1,4
BRDA:132,8,0,22
BRDA:135,9,0,12
BRDA:138,10,0,8
BRDA:159,11,0,1
BRDA:180,12,0,6
BRDA:180,12,1,3
BRF:15
BRH:15
end_of_record
TN:
SF:src\local\treeSitterProcessor.ts
FN:68,(anonymous_0)
FN:73,(anonymous_1)
FN:114,(anonymous_2)
FN:228,(anonymous_3)
FN:232,(anonymous_4)
FN:283,(anonymous_5)
FN:312,(anonymous_6)
FN:338,(anonymous_7)
FN:342,(anonymous_8)
FN:352,(anonymous_9)
FN:387,(anonymous_10)
FN:391,(anonymous_11)
FN:395,(anonymous_12)
FN:423,(anonymous_13)
FN:450,(anonymous_14)
FN:456,(anonymous_15)
FNF:16
FNH:2
FNDA:29,(anonymous_0)
FNDA:29,(anonymous_1)
FNDA:0,(anonymous_2)
FNDA:0,(anonymous_3)
FNDA:0,(anonymous_4)
FNDA:0,(anonymous_5)
FNDA:0,(anonymous_6)
FNDA:0,(anonymous_7)
FNDA:0,(anonymous_8)
FNDA:0,(anonymous_9)
FNDA:0,(anonymous_10)
FNDA:0,(anonymous_11)
FNDA:0,(anonymous_12)
FNDA:0,(anonymous_13)
FNDA:0,(anonymous_14)
FNDA:0,(anonymous_15)
DA:18,11
DA:19,11
DA:20,11
DA:22,0
DA:30,11
DA:31,11
DA:32,11
DA:33,11
DA:35,0
DA:65,11
DA:69,29
DA:70,29
DA:74,29
DA:75,0
DA:76,0
DA:79,29
DA:80,29
DA:81,0
DA:82,0
DA:83,0
DA:84,0
DA:86,0
DA:90,29
DA:91,29
DA:92,29
DA:93,29
DA:94,29
DA:96,0
DA:100,29
DA:101,29
DA:102,29
DA:103,29
DA:104,29
DA:106,0
DA:110,0
DA:124,0
DA:125,0
DA:126,0
DA:127,0
DA:130,0
DA:131,0
DA:132,0
DA:133,0
DA:136,0
DA:137,0
DA:138,0
DA:139,0
DA:140,0
DA:143,0
DA:145,0
DA:146,0
DA:147,0
DA:148,0
DA:152,0
DA:153,0
DA:154,0
DA:156,0
DA:157,0
DA:160,0
DA:161,0
DA:165,0
DA:166,0
DA:167,0
DA:168,0
DA:169,0
DA:173,0
DA:174,0
DA:175,0
DA:176,0
DA:179,0
DA:180,0
DA:184,0
DA:186,0
DA:188,0
DA:189,0
DA:194,0
DA:195,0
DA:196,0
DA:198,0
DA:202,0
DA:203,0
DA:204,0
DA:205,0
DA:209,0
DA:210,0
DA:213,0
DA:214,0
DA:217,0
DA:218,0
DA:219,0
DA:220,0
DA:222,0
DA:223,0
DA:224,0
DA:229,0
DA:230,0
DA:232,0
DA:233,0
DA:234,0
DA:235,0
DA:236,0
DA:238,0
DA:239,0
DA:241,0
DA:242,0
DA:255,0
DA:256,0
DA:257,0
DA:258,0
DA:263,0
DA:268,0
DA:269,0
DA:270,0
DA:273,0
DA:276,0
DA:277,0
DA:280,0
DA:284,0
DA:285,0
DA:287,0
DA:288,0
DA:299,0
DA:300,0
DA:305,0
DA:307,0
DA:308,0
DA:313,0
DA:314,0
DA:315,0
DA:318,0
DA:319,0
DA:321,0
DA:328,0
DA:331,0
DA:333,0
DA:334,0
DA:339,0
DA:340,0
DA:341,0
DA:343,0
DA:345,0
DA:347,0
DA:348,0
DA:354,0
DA:355,0
DA:356,0
DA:368,0
DA:369,0
DA:370,0
DA:372,0
DA:373,0
DA:374,0
DA:376,0
DA:384,0
DA:388,0
DA:392,0
DA:393,0
DA:395,0
DA:396,0
DA:397,0
DA:398,0
DA:399,0
DA:400,0
DA:402,0
DA:403,0
DA:414,0
DA:415,0
DA:419,0
DA:420,0
DA:424,0
DA:425,0
DA:438,0
DA:439,0
DA:447,0
DA:451,0
DA:452,0
DA:453,0
DA:456,0
DA:457,0
DA:458,0
DA:459,0
DA:460,0
DA:462,0
DA:463,0
DA:464,0
DA:465,0
DA:466,0
DA:467,0
DA:479,0
DA:480,0
DA:484,0
DA:485,0
LF:192
LH:23
BRDA:74,0,0,0
BRDA:80,1,0,0
BRDA:90,2,0,29
BRDA:100,3,0,29
BRDA:124,4,0,0
BRDA:124,5,0,0
BRDA:124,5,1,0
BRDA:126,6,0,0
BRDA:126,6,1,0
BRDA:130,7,0,0
BRDA:130,8,0,0
BRDA:130,8,1,0
BRDA:137,9,0,0
BRDA:145,10,0,0
BRDA:156,11,0,0
BRDA:156,12,0,0
BRDA:156,12,1,0
BRDA:156,12,2,0
BRDA:158,13,0,0
BRDA:158,13,1,0
BRDA:158,14,0,0
BRDA:158,14,1,0
BRDA:158,15,0,0
BRDA:158,15,1,0
BRDA:166,16,0,0
BRDA:173,17,0,0
BRDA:173,17,1,0
BRDA:174,18,0,0
BRDA:174,18,1,0
BRDA:175,19,0,0
BRDA:188,20,0,0
BRDA:188,20,1,0
BRDA:189,21,0,0
BRDA:190,22,0,0
BRDA:190,22,1,0
BRDA:190,22,2,0
BRDA:202,23,0,0
BRDA:202,24,0,0
BRDA:202,24,1,0
BRDA:209,25,0,0
BRDA:209,26,0,0
BRDA:209,26,1,0
BRDA:234,27,0,0
BRDA:238,28,0,0
BRDA:238,29,0,0
BRDA:238,29,1,0
BRDA:238,29,2,0
BRDA:241,30,0,0
BRDA:241,31,0,0
BRDA:241,31,1,0
BRDA:241,31,2,0
BRDA:255,32,0,0
BRDA:255,33,0,0
BRDA:255,33,1,0
BRDA:257,34,0,0
BRDA:269,35,0,0
BRDA:276,36,0,0
BRDA:285,37,0,0
BRDA:285,38,0,0
BRDA:285,38,1,0
BRDA:287,39,0,0
BRDA:287,40,0,0
BRDA:287,40,1,0
BRDA:299,41,0,0
BRDA:314,42,0,0
BRDA:314,43,0,0
BRDA:314,43,1,0
BRDA:314,43,2,0
BRDA:314,43,3,0
BRDA:321,44,0,0
BRDA:322,45,0,0
BRDA:322,45,1,0
BRDA:322,45,2,0
BRDA:322,45,3,0
BRDA:322,45,4,0
BRDA:340,46,0,0
BRDA:340,47,0,0
BRDA:340,47,1,0
BRDA:343,48,0,0
BRDA:343,48,1,0
BRDA:343,48,2,0
BRDA:355,49,0,0
BRDA:396,50,0,0
BRDA:402,51,0,0
BRDA:424,52,0,0
BRDA:424,53,0,0
BRDA:424,53,1,0
BRDA:438,54,0,0
BRDA:452,55,0,0
BRDA:452,56,0,0
BRDA:452,56,1,0
BRDA:457,57,0,0
BRDA:457,58,0,0
BRDA:457,58,1,0
BRDA:458,59,0,0
BRDA:458,59,1,0
BRDA:463,60,0,0
BRDA:465,61,0,0
BRF:98
BRH:2
end_of_record
TN:
SF:src\tools\ambianceTools\index.ts
FN:37,(anonymous_0)
FN:38,(anonymous_1)
FN:39,(anonymous_2)
FN:40,(anonymous_3)
FN:41,(anonymous_4)
FN:42,(anonymous_5)
FN:43,(anonymous_6)
FN:44,(anonymous_7)
FN:45,(anonymous_8)
FN:46,(anonymous_9)
FN:47,(anonymous_10)
FN:48,(anonymous_11)
FN:49,(anonymous_12)
FN:50,(anonymous_13)
FN:51,(anonymous_14)
FN:52,(anonymous_15)
FN:53,(anonymous_16)
FN:54,(anonymous_17)
FNF:18
FNH:6
FNDA:0,(anonymous_0)
FNDA:0,(anonymous_1)
FNDA:0,(anonymous_2)
FNDA:0,(anonymous_3)
FNDA:0,(anonymous_4)
FNDA:0,(anonymous_5)
FNDA:0,(anonymous_6)
FNDA:0,(anonymous_7)
FNDA:0,(anonymous_8)
FNDA:0,(anonymous_9)
FNDA:0,(anonymous_10)
FNDA:0,(anonymous_11)
FNDA:3,(anonymous_12)
FNDA:7,(anonymous_13)
FNDA:4,(anonymous_14)
FNDA:3,(anonymous_15)
FNDA:3,(anonymous_16)
FNDA:5,(anonymous_17)
DA:14,1
DA:16,1
DA:18,1
DA:20,1
DA:37,1
DA:38,1
DA:39,1
DA:40,1
DA:41,1
DA:42,1
DA:43,1
DA:44,1
DA:45,1
DA:46,1
DA:47,1
DA:48,1
DA:49,4
DA:50,8
DA:51,5
DA:52,4
DA:53,4
DA:54,6
DA:58,1
DA:71,1
LF:24
LH:24
BRF:0
BRH:0
end_of_record
TN:
SF:src\tools\ambianceTools\indexing.ts
FN:22,getIndexer
FN:151,handleAutoDetectIndex
FN:177,handleIndexProject
FN:216,handleResetIndexes
FN:241,handleStartWatching
FN:266,handleStopWatching
FN:289,handleGetIndexingStatus
FN:328,(anonymous_7)
FNF:8
FNH:8
FNDA:23,getIndexer
FNDA:3,handleAutoDetectIndex
FNDA:7,handleIndexProject
FNDA:4,handleResetIndexes
FNDA:3,handleStartWatching
FNDA:3,handleStopWatching
FNDA:5,handleGetIndexingStatus
FNDA:2,(anonymous_7)
DA:17,1
DA:18,1
DA:19,1
DA:23,23
DA:27,1
DA:34,1
DA:38,1
DA:42,1
DA:47,1
DA:57,1
DA:87,1
DA:103,1
DA:119,1
DA:135,1
DA:151,1
DA:152,3
DA:154,3
DA:156,2
DA:157,1
DA:164,1
DA:177,1
DA:178,7
DA:180,5
DA:182,5
DA:183,5
DA:189,4
DA:205,1
DA:208,1
DA:216,1
DA:217,4
DA:219,4
DA:221,4
DA:222,4
DA:224,2
DA:230,2
DA:233,2
DA:241,1
DA:242,3
DA:244,3
DA:246,3
DA:247,3
DA:249,2
DA:255,1
DA:258,1
DA:266,1
DA:267,3
DA:269,3
DA:271,3
DA:272,3
DA:274,2
DA:279,1
DA:282,1
DA:289,1
DA:290,5
DA:292,5
DA:293,5
DA:294,3
DA:295,2
DA:296,1
DA:303,1
DA:323,2
DA:325,2
DA:328,2
DA:344,1
DA:347,1
LF:65
LH:65
BRDA:156,0,0,1
BRDA:206,1,0,1
BRDA:206,1,1,0
BRDA:210,2,0,1
BRDA:210,2,1,0
BRDA:231,3,0,2
BRDA:231,3,1,0
BRDA:235,4,0,2
BRDA:235,4,1,0
BRDA:256,5,0,1
BRDA:256,5,1,0
BRDA:260,6,0,1
BRDA:260,6,1,0
BRDA:280,7,0,1
BRDA:280,7,1,0
BRDA:284,8,0,1
BRDA:284,8,1,0
BRDA:293,9,0,3
BRDA:293,9,1,2
BRDA:295,10,0,1
BRDA:317,11,0,1
BRDA:317,11,1,0
BRDA:335,12,0,2
BRDA:335,12,1,0
BRDA:345,13,0,1
BRDA:345,13,1,0
BRDA:349,14,0,1
BRDA:349,14,1,0
BRF:28
BRH:16
end_of_record
TN:
SF:src\tools\ambianceTools\projectStatus.ts
FN:18,resolveBaseDir
FN:36,checkCloudConnection
FN:45,runHealthChecks
FN:100,handleProjectStatus
FNF:4
FNH:0
FNDA:0,resolveBaseDir
FNDA:0,checkCloudConnection
FNDA:0,runHealthChecks
FNDA:0,handleProjectStatus
DA:12,1
DA:13,1
DA:14,1
DA:16,1
DA:19,0
DA:20,0
DA:21,0
DA:22,0
DA:23,0
DA:24,0
DA:25,0
DA:27,0
DA:29,0
DA:30,0
DA:33,0
DA:37,0
DA:39,0
DA:41,0
DA:46,0
DA:54,0
DA:56,0
DA:57,0
DA:58,0
DA:59,0
DA:63,0
DA:66,0
DA:69,0
DA:71,0
DA:74,0
DA:77,1
DA:100,1
DA:101,0
DA:103,0
DA:105,0
DA:106,0
DA:107,0
DA:110,0
DA:129,0
DA:130,0
DA:136,0
DA:137,0
DA:140,0
DA:145,0
DA:148,0
LF:44
LH:6
BRDA:20,0,0,0
BRDA:23,1,0,0
BRDA:23,2,0,0
BRDA:23,2,1,0
BRDA:23,2,2,0
BRDA:58,3,0,0
BRDA:101,4,0,0
BRDA:101,5,0,0
BRDA:112,6,0,0
BRDA:112,6,1,0
BRDA:113,7,0,0
BRDA:113,7,1,0
BRDA:118,8,0,0
BRDA:118,8,1,0
BRDA:129,9,0,0
BRDA:131,10,0,0
BRDA:131,10,1,0
BRDA:136,11,0,0
BRDA:146,12,0,0
BRDA:146,12,1,0
BRDA:150,13,0,0
BRDA:150,13,1,0
BRF:22
BRH:0
end_of_record
TN:
SF:src\tools\ambianceTools\remoteQuery.ts
FN:47,handleRemoteQuery
FNF:1
FNH:0
FNDA:0,handleRemoteQuery
DA:11,1
DA:12,1
DA:14,1
DA:47,1
DA:48,0
DA:50,0
DA:52,0
DA:53,0
DA:60,0
DA:67,0
DA:70,0
LF:11
LH:4
BRDA:48,0,0,0
BRDA:48,1,0,0
BRDA:62,2,0,0
BRDA:62,2,1,0
BRDA:63,3,0,0
BRDA:63,3,1,0
BRDA:64,4,0,0
BRDA:64,4,1,0
BRDA:68,5,0,0
BRDA:68,5,1,0
BRDA:72,6,0,0
BRDA:72,6,1,0
BRF:12
BRH:0
end_of_record
TN:
SF:src\tools\ambianceTools\setupProject.ts
FN:24,resolveBaseDir
FN:45,pathBasename
FN:85,handleSetupProject
FNF:3
FNH:0
FNDA:0,resolveBaseDir
FNDA:0,pathBasename
FNDA:0,handleSetupProject
DA:13,1
DA:14,1
DA:15,1
DA:16,1
DA:17,1
DA:20,1
DA:21,1
DA:26,0
DA:27,0
DA:29,0
DA:30,0
DA:32,0
DA:33,0
DA:34,0
DA:36,0
DA:38,0
DA:39,0
DA:42,0
DA:46,0
DA:47,0
DA:50,1
DA:85,1
DA:86,0
DA:88,0
DA:91,0
DA:93,0
DA:95,0
DA:100,0
DA:101,0
DA:102,0
DA:105,0
DA:106,0
DA:109,0
DA:113,0
DA:120,0
DA:123,0
DA:126,0
DA:127,0
DA:128,0
DA:131,0
DA:132,0
DA:133,0
DA:134,0
DA:137,0
DA:154,0
DA:157,0
DA:166,1
LF:47
LH:10
BRDA:27,0,0,0
BRDA:32,1,0,0
BRDA:32,2,0,0
BRDA:32,2,1,0
BRDA:32,2,2,0
BRDA:47,3,0,0
BRDA:47,3,1,0
BRDA:86,4,0,0
BRDA:93,5,0,0
BRDA:93,5,1,0
BRDA:101,6,0,0
BRDA:101,6,1,0
BRDA:111,7,0,0
BRDA:111,7,1,0
BRDA:131,8,0,0
BRDA:155,9,0,0
BRDA:155,9,1,0
BRDA:159,10,0,0
BRDA:159,10,1,0
BRF:19
BRH:0
end_of_record
